2017-04-04 17:27:03,789 INFO  [Log] Test Scenario Configuration started 
2017-04-04 17:27:03,799 INFO  [Log] Initialing HTML reporting 
2017-04-04 17:27:04,395 INFO  [Log] Starting Test Suit Execution 
2017-04-04 17:27:04,395 INFO  [Log] Creating Test suit report 
2017-04-04 17:27:05,070 WARN  [Log] Browser instance value is null 
2017-04-04 17:27:05,766 INFO  [Log] Object repository is created successfully 
2017-04-04 17:27:05,930 INFO  [Log] RateGain-1_RateGain -1 
2017-04-04 17:27:06,248 INFO  [Log] RateGain-2_RateGain -2 
2017-04-04 17:27:06,424 INFO  [Log] RateGain-3_RateGain -3 
2017-04-04 17:27:06,643 INFO  [Log] **************************************************************************************** 
2017-04-04 17:27:06,643 INFO  [Log] $$$$$$$$$$$$$$$$$$$$$                 #### Executing Test case: RateGain-4; Description: RateGain -4 For Data: 1       $$$$$$$$$$$$$$$$$$$$$$$$$ 
2017-04-04 17:27:06,643 INFO  [Log] **************************************************************************************** 
2017-04-04 17:27:15,567 INFO  [Log] #### Executing Test case: RateGain-4; Description: RateGain -4 In Chrome Browser for TestData:1 
2017-04-04 17:27:17,371 INFO  [Log] RG-01: Open URL; Action: open URL 
2017-04-04 17:27:22,422 INFO  [Log] RG-02; Not Waited 5000: Milli seconds for Element; Manual Wait is disabled 
2017-04-04 17:27:22,650 INFO  [Log] RG-03: Username; Action: Submited Value 
2017-04-04 17:27:23,650 INFO  [Log] RG-04; Not Waited 1000: Milli seconds for Element; Manual Wait is disabled 
2017-04-04 17:27:23,826 INFO  [Log] RG-05: Password; Action: Submited Value 
2017-04-04 17:27:25,850 INFO  [Log] RG-06; Not Waited 2000: Milli seconds for Element; Manual Wait is disabled 
2017-04-04 17:27:26,318 INFO  [Log] RG-07: clkLogin: Action click 
2017-04-04 17:27:31,319 INFO  [Log] RG-08; Not Waited 5000: Milli seconds for Element; Manual Wait is disabled 
2017-04-04 17:27:51,883 INFO  [Log] RG-09: ClickAdd: Action click 
2017-04-04 17:27:56,910 INFO  [Log] RG-10; Not Waited 5000: Milli seconds for Element; Manual Wait is disabled 
2017-04-04 17:27:57,072 INFO  [Log] RG-11: SelectIT: Action click 
2017-04-04 17:28:02,073 INFO  [Log] RG-12; Not Waited 5000: Milli seconds for Element; Manual Wait is disabled 
2017-04-04 17:28:02,232 INFO  [Log] RG-13: SelectTDS: Action click 
2017-04-04 17:28:07,233 INFO  [Log] RG-14; Not Waited 5000: Milli seconds for Element; Manual Wait is disabled 
2017-04-04 17:28:07,496 INFO  [Log] RG-15: DropDownSelectIT; Action: Drop Down Select 
2017-04-04 17:28:12,514 INFO  [Log] RG-16; Not Waited 5000: Milli seconds for Element; Manual Wait is disabled 
2017-04-04 17:28:12,707 INFO  [Log] RG-17: Clientcodekeys; Action Clear 
2017-04-04 17:28:17,715 INFO  [Log] RG-18; Not Waited 5000: Milli seconds for Element; Manual Wait is disabled 
2017-04-04 17:28:17,836 INFO  [Log] RG-19: Clientcodekeys; Action: Submited Value 
2017-04-04 17:28:22,836 INFO  [Log] RG-20; Not Waited 5000: Milli seconds for Element; Manual Wait is disabled 
2017-04-04 17:28:23,048 INFO  [Log] RG-21: LastName; Action: Submited Value 
2017-04-04 17:28:28,048 INFO  [Log] RG-22; Not Waited 5000: Milli seconds for Element; Manual Wait is disabled 
2017-04-04 17:28:28,240 INFO  [Log] RG-23: ClkSave: Action click 
2017-04-04 17:28:33,240 INFO  [Log] RG-24; Not Waited 5000: Milli seconds for Element; Manual Wait is disabled 
2017-04-04 17:28:33,388 ERROR [Log] Error#: RateGain-1RG-25XpathClick  org.openqa.selenium.ElementNotVisibleException: element not visible
  (Session info: chrome=56.0.2924.87)
  (Driver info: chromedriver=2.28.455520 (cc17746adff54984afff480136733114c6b3704b),platform=Windows NT 6.1.7601 SP1 x86_64) (WARNING: The server did not provide any stacktrace information)
Command duration or timeout: 23 milliseconds
Build info: version: '2.48.0', revision: 'b7b081a', time: '2015-10-07 15:45:39'
System info: host: 'P-Lokesh-LP', ip: '192.168.2.172', os.name: 'Windows 7', os.arch: 'amd64', os.version: '6.1', java.version: '1.8.0_121'
Driver info: org.openqa.selenium.chrome.ChromeDriver
Capabilities [{applicationCacheEnabled=false, rotatable=false, mobileEmulationEnabled=false, networkConnectionEnabled=false, chrome={chromedriverVersion=2.28.455520 (cc17746adff54984afff480136733114c6b3704b), userDataDir=C:\Users\PD1BF~1.LOK\AppData\Local\Temp\scoped_dir10300_28803}, takesHeapSnapshot=true, pageLoadStrategy=normal, databaseEnabled=false, handlesAlerts=true, hasTouchScreen=false, version=56.0.2924.87, platform=XP, browserConnectionEnabled=false, nativeEvents=true, acceptSslCerts=true, locationContextEnabled=true, webStorageEnabled=true, browserName=chrome, takesScreenshot=true, javascriptEnabled=true, cssSelectorsEnabled=true, unexpectedAlertBehaviour=}]
Session ID: 50bbc02815ae5d3d8371fb701ae96f1bnull:Exception is not handled 
2017-04-04 17:28:38,411 INFO  [Log] Quiting all instance of Browser(Firefox) 
2017-04-04 17:28:39,243 INFO  [Log] Quiting all instance of Browser(Chrome) 
2017-04-04 17:28:40,215 INFO  [Log] Quiting all instance of Browser(Internet explorer) 
2017-04-04 17:28:40,215 INFO  [Log] XXXXXXXXXXXXXXXXXXXXXXX             -E---N---D Test Case             XXXXXXXXXXXXXXXXXXXXXX 
2017-04-04 17:28:40,215 FATAL [Log] RateGain-1RG-25XpathClick  org.openqa.selenium.ElementNotVisibleException: element not visible
  (Session info: chrome=56.0.2924.87)
  (Driver info: chromedriver=2.28.455520 (cc17746adff54984afff480136733114c6b3704b),platform=Windows NT 6.1.7601 SP1 x86_64) (WARNING: The server did not provide any stacktrace information)
Command duration or timeout: 23 milliseconds
Build info: version: '2.48.0', revision: 'b7b081a', time: '2015-10-07 15:45:39'
System info: host: 'P-Lokesh-LP', ip: '192.168.2.172', os.name: 'Windows 7', os.arch: 'amd64', os.version: '6.1', java.version: '1.8.0_121'
Driver info: org.openqa.selenium.chrome.ChromeDriver
Capabilities [{applicationCacheEnabled=false, rotatable=false, mobileEmulationEnabled=false, networkConnectionEnabled=false, chrome={chromedriverVersion=2.28.455520 (cc17746adff54984afff480136733114c6b3704b), userDataDir=C:\Users\PD1BF~1.LOK\AppData\Local\Temp\scoped_dir10300_28803}, takesHeapSnapshot=true, pageLoadStrategy=normal, databaseEnabled=false, handlesAlerts=true, hasTouchScreen=false, version=56.0.2924.87, platform=XP, browserConnectionEnabled=false, nativeEvents=true, acceptSslCerts=true, locationContextEnabled=true, webStorageEnabled=true, browserName=chrome, takesScreenshot=true, javascriptEnabled=true, cssSelectorsEnabled=true, unexpectedAlertBehaviour=}]
Session ID: 50bbc02815ae5d3d8371fb701ae96f1bnull:Exception is not handled 
2017-04-04 17:28:40,262 INFO  [Log] XXXXXXXXXXXXXXXXXXXXXXX             -E---N---D Test Case             XXXXXXXXXXXXXXXXXXXXXX 
2017-04-04 17:28:40,477 INFO  [Log] RateGain-5_RateGain -5 
2017-04-04 17:28:40,706 INFO  [Log] ####Closing Test Suite #### 
2017-04-04 17:28:40,706 INFO  [Log] XXXXXXXXXXXXXXXXXXXXXXX             -E---N---D Test Case             XXXXXXXXXXXXXXXXXXXXXX 
2017-04-04 17:28:40,706 INFO  [Log] Creating Logs backup and storing for further reference 
