2017-04-04 15:07:27,000 INFO  [Log] Test Scenario Configuration started 
2017-04-04 15:07:27,020 INFO  [Log] Initialing HTML reporting 
2017-04-04 15:07:27,670 INFO  [Log] Starting Test Suit Execution 
2017-04-04 15:07:27,670 INFO  [Log] Creating Test suit report 
2017-04-04 15:07:28,322 WARN  [Log] Browser instance value is null 
2017-04-04 15:07:28,996 INFO  [Log] Object repository is created successfully 
2017-04-04 15:07:29,158 INFO  [Log] RateGain-1_RateGain -1 
2017-04-04 15:07:29,372 INFO  [Log] RateGain-2_RateGain -2 
2017-04-04 15:07:29,612 INFO  [Log] RateGain-3_RateGain -3 
2017-04-04 15:07:29,775 INFO  [Log] **************************************************************************************** 
2017-04-04 15:07:29,775 INFO  [Log] $$$$$$$$$$$$$$$$$$$$$                 #### Executing Test case: RateGain-4; Description: RateGain -4 For Data: 1       $$$$$$$$$$$$$$$$$$$$$$$$$ 
2017-04-04 15:07:29,775 INFO  [Log] **************************************************************************************** 
2017-04-04 15:07:38,863 INFO  [Log] #### Executing Test case: RateGain-4; Description: RateGain -4 In Chrome Browser for TestData:1 
2017-04-04 15:07:40,966 INFO  [Log] RG-01: Open URL; Action: open URL 
2017-04-04 15:07:46,011 INFO  [Log] RG-02; Not Waited 5000: Milli seconds for Element; Manual Wait is disabled 
2017-04-04 15:07:46,263 INFO  [Log] RG-03: Username; Action: Submited Value 
2017-04-04 15:07:47,274 INFO  [Log] RG-04; Not Waited 1000: Milli seconds for Element; Manual Wait is disabled 
2017-04-04 15:07:47,427 INFO  [Log] RG-05: Password; Action: Submited Value 
2017-04-04 15:07:49,447 INFO  [Log] RG-06; Not Waited 2000: Milli seconds for Element; Manual Wait is disabled 
2017-04-04 15:07:50,006 INFO  [Log] RG-07: clkLogin: Action click 
2017-04-04 15:07:55,033 INFO  [Log] RG-08; Not Waited 5000: Milli seconds for Element; Manual Wait is disabled 
2017-04-04 15:07:59,115 ERROR [Log] Error#: RateGain-1RG-09XpathClick  org.openqa.selenium.WebDriverException: chrome not reachable
  (Session info: chrome=56.0.2924.87)
  (Driver info: chromedriver=2.28.455520 (cc17746adff54984afff480136733114c6b3704b),platform=Windows NT 6.1.7601 SP1 x86_64) (WARNING: The server did not provide any stacktrace information)
Command duration or timeout: 4.07 seconds
Build info: version: '2.48.0', revision: 'b7b081a', time: '2015-10-07 15:45:39'
System info: host: 'P-Lokesh-LP', ip: '192.168.2.172', os.name: 'Windows 7', os.arch: 'amd64', os.version: '6.1', java.version: '1.8.0_121'
Driver info: org.openqa.selenium.chrome.ChromeDriver
Capabilities [{applicationCacheEnabled=false, rotatable=false, mobileEmulationEnabled=false, networkConnectionEnabled=false, chrome={chromedriverVersion=2.28.455520 (cc17746adff54984afff480136733114c6b3704b), userDataDir=C:\Users\PD1BF~1.LOK\AppData\Local\Temp\scoped_dir11060_2998}, takesHeapSnapshot=true, pageLoadStrategy=normal, databaseEnabled=false, handlesAlerts=true, hasTouchScreen=false, version=56.0.2924.87, platform=XP, browserConnectionEnabled=false, nativeEvents=true, acceptSslCerts=true, locationContextEnabled=true, webStorageEnabled=true, browserName=chrome, takesScreenshot=true, javascriptEnabled=true, cssSelectorsEnabled=true, unexpectedAlertBehaviour=}]
Session ID: 0d19216f9a7e0ed228b03bdbc35ea037null:Exception is not handled 
2017-04-04 15:08:08,156 INFO  [Log] Quiting all instance of Browser(Firefox) 
2017-04-04 15:08:08,950 INFO  [Log] Quiting all instance of Browser(Chrome) 
2017-04-04 15:08:09,715 INFO  [Log] Quiting all instance of Browser(Internet explorer) 
2017-04-04 15:08:09,715 INFO  [Log] XXXXXXXXXXXXXXXXXXXXXXX             -E---N---D Test Case             XXXXXXXXXXXXXXXXXXXXXX 
2017-04-04 15:08:09,715 FATAL [Log] RateGain-1RG-09XpathClick  org.openqa.selenium.WebDriverException: chrome not reachable
  (Session info: chrome=56.0.2924.87)
  (Driver info: chromedriver=2.28.455520 (cc17746adff54984afff480136733114c6b3704b),platform=Windows NT 6.1.7601 SP1 x86_64) (WARNING: The server did not provide any stacktrace information)
Command duration or timeout: 4.07 seconds
Build info: version: '2.48.0', revision: 'b7b081a', time: '2015-10-07 15:45:39'
System info: host: 'P-Lokesh-LP', ip: '192.168.2.172', os.name: 'Windows 7', os.arch: 'amd64', os.version: '6.1', java.version: '1.8.0_121'
Driver info: org.openqa.selenium.chrome.ChromeDriver
Capabilities [{applicationCacheEnabled=false, rotatable=false, mobileEmulationEnabled=false, networkConnectionEnabled=false, chrome={chromedriverVersion=2.28.455520 (cc17746adff54984afff480136733114c6b3704b), userDataDir=C:\Users\PD1BF~1.LOK\AppData\Local\Temp\scoped_dir11060_2998}, takesHeapSnapshot=true, pageLoadStrategy=normal, databaseEnabled=false, handlesAlerts=true, hasTouchScreen=false, version=56.0.2924.87, platform=XP, browserConnectionEnabled=false, nativeEvents=true, acceptSslCerts=true, locationContextEnabled=true, webStorageEnabled=true, browserName=chrome, takesScreenshot=true, javascriptEnabled=true, cssSelectorsEnabled=true, unexpectedAlertBehaviour=}]
Session ID: 0d19216f9a7e0ed228b03bdbc35ea037null:Exception is not handled 
2017-04-04 15:08:09,766 INFO  [Log] XXXXXXXXXXXXXXXXXXXXXXX             -E---N---D Test Case             XXXXXXXXXXXXXXXXXXXXXX 
2017-04-04 15:08:09,906 INFO  [Log] RateGain-5_RateGain -5 
2017-04-04 15:08:10,113 INFO  [Log] ####Closing Test Suite #### 
2017-04-04 15:08:10,113 INFO  [Log] XXXXXXXXXXXXXXXXXXXXXXX             -E---N---D Test Case             XXXXXXXXXXXXXXXXXXXXXX 
2017-04-04 15:08:10,113 INFO  [Log] Creating Logs backup and storing for further reference 
