2017-04-04 17:23:12,589 INFO  [Log] Test Scenario Configuration started 
2017-04-04 17:23:12,599 INFO  [Log] Initialing HTML reporting 
2017-04-04 17:23:13,219 INFO  [Log] Starting Test Suit Execution 
2017-04-04 17:23:13,219 INFO  [Log] Creating Test suit report 
2017-04-04 17:23:13,870 WARN  [Log] Browser instance value is null 
2017-04-04 17:23:14,547 INFO  [Log] Object repository is created successfully 
2017-04-04 17:23:14,708 INFO  [Log] RateGain-1_RateGain -1 
2017-04-04 17:23:15,051 INFO  [Log] RateGain-2_RateGain -2 
2017-04-04 17:23:15,225 INFO  [Log] RateGain-3_RateGain -3 
2017-04-04 17:23:15,410 INFO  [Log] **************************************************************************************** 
2017-04-04 17:23:15,410 INFO  [Log] $$$$$$$$$$$$$$$$$$$$$                 #### Executing Test case: RateGain-4; Description: RateGain -4 For Data: 1       $$$$$$$$$$$$$$$$$$$$$$$$$ 
2017-04-04 17:23:15,410 INFO  [Log] **************************************************************************************** 
2017-04-04 17:23:24,545 INFO  [Log] #### Executing Test case: RateGain-4; Description: RateGain -4 In Chrome Browser for TestData:1 
2017-04-04 17:23:26,651 INFO  [Log] RG-01: Open URL; Action: open URL 
2017-04-04 17:23:31,688 INFO  [Log] RG-02; Not Waited 5000: Milli seconds for Element; Manual Wait is disabled 
2017-04-04 17:23:31,938 INFO  [Log] RG-03: Username; Action: Submited Value 
2017-04-04 17:23:32,939 INFO  [Log] RG-04; Not Waited 1000: Milli seconds for Element; Manual Wait is disabled 
2017-04-04 17:23:33,225 INFO  [Log] RG-05: Password; Action: Submited Value 
2017-04-04 17:23:35,254 INFO  [Log] RG-06; Not Waited 2000: Milli seconds for Element; Manual Wait is disabled 
2017-04-04 17:23:35,833 INFO  [Log] RG-07: clkLogin: Action click 
2017-04-04 17:23:40,834 INFO  [Log] RG-08; Not Waited 5000: Milli seconds for Element; Manual Wait is disabled 
2017-04-04 17:23:59,578 INFO  [Log] RG-09: ClickAdd: Action click 
2017-04-04 17:24:04,603 INFO  [Log] RG-10; Not Waited 5000: Milli seconds for Element; Manual Wait is disabled 
2017-04-04 17:24:04,851 INFO  [Log] RG-11: SelectIT: Action click 
2017-04-04 17:24:09,851 INFO  [Log] RG-12; Not Waited 5000: Milli seconds for Element; Manual Wait is disabled 
2017-04-04 17:24:10,034 INFO  [Log] RG-13: SelectTDS: Action click 
2017-04-04 17:24:15,035 INFO  [Log] RG-14; Not Waited 5000: Milli seconds for Element; Manual Wait is disabled 
2017-04-04 17:24:15,276 INFO  [Log] RG-15: DropDownSelectIT; Action: Drop Down Select 
2017-04-04 17:24:20,293 INFO  [Log] RG-16; Not Waited 5000: Milli seconds for Element; Manual Wait is disabled 
2017-04-04 17:24:20,425 INFO  [Log] RG-17: Clientcodekeys; Action Clear 
2017-04-04 17:24:25,451 INFO  [Log] RG-18; Not Waited 5000: Milli seconds for Element; Manual Wait is disabled 
2017-04-04 17:24:25,582 INFO  [Log] RG-19: Clientcodekeys; Action: Submited Value 
2017-04-04 17:24:30,591 INFO  [Log] RG-20; Not Waited 5000: Milli seconds for Element; Manual Wait is disabled 
2017-04-04 17:24:30,786 INFO  [Log] RG-21: LastName; Action: Submited Value 
2017-04-04 17:24:35,786 INFO  [Log] RG-22; Not Waited 5000: Milli seconds for Element; Manual Wait is disabled 
2017-04-04 17:24:35,988 INFO  [Log] RG-23: ClkSave: Action click 
2017-04-04 17:24:41,002 INFO  [Log] RG-24; Not Waited 5000: Milli seconds for Element; Manual Wait is disabled 
2017-04-04 17:24:41,101 ERROR [Log] Error#: RateGain-1RG-25XpathClick  org.openqa.selenium.ElementNotVisibleException: element not visible
  (Session info: chrome=56.0.2924.87)
  (Driver info: chromedriver=2.28.455520 (cc17746adff54984afff480136733114c6b3704b),platform=Windows NT 6.1.7601 SP1 x86_64) (WARNING: The server did not provide any stacktrace information)
Command duration or timeout: 26 milliseconds
Build info: version: '2.48.0', revision: 'b7b081a', time: '2015-10-07 15:45:39'
System info: host: 'P-Lokesh-LP', ip: '192.168.2.172', os.name: 'Windows 7', os.arch: 'amd64', os.version: '6.1', java.version: '1.8.0_121'
Driver info: org.openqa.selenium.chrome.ChromeDriver
Capabilities [{applicationCacheEnabled=false, rotatable=false, mobileEmulationEnabled=false, networkConnectionEnabled=false, chrome={chromedriverVersion=2.28.455520 (cc17746adff54984afff480136733114c6b3704b), userDataDir=C:\Users\PD1BF~1.LOK\AppData\Local\Temp\scoped_dir9416_16060}, takesHeapSnapshot=true, pageLoadStrategy=normal, databaseEnabled=false, handlesAlerts=true, hasTouchScreen=false, version=56.0.2924.87, platform=XP, browserConnectionEnabled=false, nativeEvents=true, acceptSslCerts=true, locationContextEnabled=true, webStorageEnabled=true, browserName=chrome, takesScreenshot=true, javascriptEnabled=true, cssSelectorsEnabled=true, unexpectedAlertBehaviour=}]
Session ID: 8e7138a4054ac4a41eca737d4b5aeb23null:Exception is not handled 
2017-04-04 17:24:46,217 INFO  [Log] Quiting all instance of Browser(Firefox) 
2017-04-04 17:24:46,992 INFO  [Log] Quiting all instance of Browser(Chrome) 
2017-04-04 17:24:47,851 INFO  [Log] Quiting all instance of Browser(Internet explorer) 
2017-04-04 17:24:47,852 INFO  [Log] XXXXXXXXXXXXXXXXXXXXXXX             -E---N---D Test Case             XXXXXXXXXXXXXXXXXXXXXX 
2017-04-04 17:24:47,852 FATAL [Log] RateGain-1RG-25XpathClick  org.openqa.selenium.ElementNotVisibleException: element not visible
  (Session info: chrome=56.0.2924.87)
  (Driver info: chromedriver=2.28.455520 (cc17746adff54984afff480136733114c6b3704b),platform=Windows NT 6.1.7601 SP1 x86_64) (WARNING: The server did not provide any stacktrace information)
Command duration or timeout: 26 milliseconds
Build info: version: '2.48.0', revision: 'b7b081a', time: '2015-10-07 15:45:39'
System info: host: 'P-Lokesh-LP', ip: '192.168.2.172', os.name: 'Windows 7', os.arch: 'amd64', os.version: '6.1', java.version: '1.8.0_121'
Driver info: org.openqa.selenium.chrome.ChromeDriver
Capabilities [{applicationCacheEnabled=false, rotatable=false, mobileEmulationEnabled=false, networkConnectionEnabled=false, chrome={chromedriverVersion=2.28.455520 (cc17746adff54984afff480136733114c6b3704b), userDataDir=C:\Users\PD1BF~1.LOK\AppData\Local\Temp\scoped_dir9416_16060}, takesHeapSnapshot=true, pageLoadStrategy=normal, databaseEnabled=false, handlesAlerts=true, hasTouchScreen=false, version=56.0.2924.87, platform=XP, browserConnectionEnabled=false, nativeEvents=true, acceptSslCerts=true, locationContextEnabled=true, webStorageEnabled=true, browserName=chrome, takesScreenshot=true, javascriptEnabled=true, cssSelectorsEnabled=true, unexpectedAlertBehaviour=}]
Session ID: 8e7138a4054ac4a41eca737d4b5aeb23null:Exception is not handled 
2017-04-04 17:24:47,906 INFO  [Log] XXXXXXXXXXXXXXXXXXXXXXX             -E---N---D Test Case             XXXXXXXXXXXXXXXXXXXXXX 
2017-04-04 17:24:48,155 INFO  [Log] RateGain-5_RateGain -5 
2017-04-04 17:24:48,324 INFO  [Log] ####Closing Test Suite #### 
2017-04-04 17:24:48,324 INFO  [Log] XXXXXXXXXXXXXXXXXXXXXXX             -E---N---D Test Case             XXXXXXXXXXXXXXXXXXXXXX 
2017-04-04 17:24:48,324 INFO  [Log] Creating Logs backup and storing for further reference 
