2017-04-04 17:07:16,382 INFO  [Log] Test Scenario Configuration started 
2017-04-04 17:07:16,392 INFO  [Log] Initialing HTML reporting 
2017-04-04 17:07:17,102 INFO  [Log] Starting Test Suit Execution 
2017-04-04 17:07:17,102 INFO  [Log] Creating Test suit report 
2017-04-04 17:07:17,949 WARN  [Log] Browser instance value is null 
2017-04-04 17:07:18,934 INFO  [Log] Object repository is created successfully 
2017-04-04 17:07:19,148 INFO  [Log] RateGain-1_RateGain -1 
2017-04-04 17:07:19,414 INFO  [Log] RateGain-2_RateGain -2 
2017-04-04 17:07:19,648 INFO  [Log] RateGain-3_RateGain -3 
2017-04-04 17:07:19,936 INFO  [Log] **************************************************************************************** 
2017-04-04 17:07:19,936 INFO  [Log] $$$$$$$$$$$$$$$$$$$$$                 #### Executing Test case: RateGain-4; Description: RateGain -4 For Data: 1       $$$$$$$$$$$$$$$$$$$$$$$$$ 
2017-04-04 17:07:19,936 INFO  [Log] **************************************************************************************** 
2017-04-04 17:07:21,615 INFO  [Log] Quiting all instance of Browser(Firefox) 
2017-04-04 17:07:22,712 INFO  [Log] Quiting all instance of Browser(Chrome) 
2017-04-04 17:07:23,604 INFO  [Log] Quiting all instance of Browser(Internet explorer) 
2017-04-04 17:07:23,604 INFO  [Log] XXXXXXXXXXXXXXXXXXXXXXX             -E---N---D Test Case             XXXXXXXXXXXXXXXXXXXXXX 
2017-04-04 17:07:23,604 FATAL [Log] RateGain-1RG-09XpathClick: Not able to search the Element on Active window java.util.NoSuchElementException 
2017-04-04 17:07:23,674 INFO  [Log] XXXXXXXXXXXXXXXXXXXXXXX             -E---N---D Test Case             XXXXXXXXXXXXXXXXXXXXXX 
2017-04-04 17:07:23,858 INFO  [Log] RateGain-5_RateGain -5 
2017-04-04 17:07:24,053 INFO  [Log] ####Closing Test Suite #### 
2017-04-04 17:07:24,053 INFO  [Log] XXXXXXXXXXXXXXXXXXXXXXX             -E---N---D Test Case             XXXXXXXXXXXXXXXXXXXXXX 
2017-04-04 17:07:24,053 INFO  [Log] Creating Logs backup and storing for further reference 
2017-04-04 17:07:30,383 INFO  [Log] #### Executing Test case: RateGain-4; Description: RateGain -4 In Chrome Browser for TestData:1 
2017-04-04 17:07:32,319 INFO  [Log] RG-01: Open URL; Action: open URL 
2017-04-04 17:07:37,368 INFO  [Log] RG-02; Not Waited 5000: Milli seconds for Element; Manual Wait is disabled 
2017-04-04 17:07:37,602 INFO  [Log] RG-03: Username; Action: Submited Value 
2017-04-04 17:07:38,602 INFO  [Log] RG-04; Not Waited 1000: Milli seconds for Element; Manual Wait is disabled 
2017-04-04 17:07:38,811 INFO  [Log] RG-05: Password; Action: Submited Value 
2017-04-04 17:07:40,837 INFO  [Log] RG-06; Not Waited 2000: Milli seconds for Element; Manual Wait is disabled 
2017-04-04 17:07:41,919 INFO  [Log] RG-07: clkLogin: Action click 
2017-04-04 17:07:46,939 INFO  [Log] RG-08; Not Waited 5000: Milli seconds for Element; Manual Wait is disabled 
2017-04-04 17:07:49,492 INFO  [Log] RG-09: ClickAdd: Action click 
2017-04-04 17:07:54,514 INFO  [Log] RG-10; Not Waited 5000: Milli seconds for Element; Manual Wait is disabled 
2017-04-04 17:07:54,652 INFO  [Log] RG-11: SelectIT: Action click 
2017-04-04 17:07:59,652 INFO  [Log] RG-12; Not Waited 5000: Milli seconds for Element; Manual Wait is disabled 
2017-04-04 17:07:59,882 INFO  [Log] RG-13: SelectTDS: Action click 
2017-04-04 17:08:04,883 INFO  [Log] RG-14; Not Waited 5000: Milli seconds for Element; Manual Wait is disabled 
2017-04-04 17:08:05,126 INFO  [Log] RG-15: DropDownSelectIT; Action: Drop Down Select 
2017-04-04 17:08:10,126 INFO  [Log] RG-16; Not Waited 5000: Milli seconds for Element; Manual Wait is disabled 
2017-04-04 17:08:10,252 INFO  [Log] RG-17: Clientcodekeys; Action Clear 
2017-04-04 17:08:15,281 INFO  [Log] RG-18; Not Waited 5000: Milli seconds for Element; Manual Wait is disabled 
2017-04-04 17:08:15,415 INFO  [Log] RG-19: Clientcodekeys; Action: Submited Value 
2017-04-04 17:08:20,420 INFO  [Log] RG-20; Not Waited 5000: Milli seconds for Element; Manual Wait is disabled 
2017-04-04 17:08:20,623 INFO  [Log] RG-21: LastName; Action: Submited Value 
2017-04-04 17:08:25,625 INFO  [Log] RG-22; Not Waited 5000: Milli seconds for Element; Manual Wait is disabled 
2017-04-04 17:08:25,906 INFO  [Log] RG-23: ClkSave: Action click 
2017-04-04 17:08:30,923 INFO  [Log] RG-24; Not Waited 5000: Milli seconds for Element; Manual Wait is disabled 
2017-04-04 17:08:51,943 INFO  [Log] RG-25: selctDashboard: Action click 
2017-04-04 17:08:56,951 INFO  [Log] RG-26; Not Waited 5000: Milli seconds for Element; Manual Wait is disabled 
2017-04-04 17:08:57,225 INFO  [Log] RG-27: selctDashboard; Action: Mouse Hover and Clicked 
2017-04-04 17:09:02,253 INFO  [Log] RG-28; Not Waited 5000: Milli seconds for Element; Manual Wait is disabled 
2017-04-04 17:09:02,427 ERROR [Log] Error#: RateGain-1RG-29XpathClick  org.openqa.selenium.ElementNotVisibleException: element not visible
  (Session info: chrome=56.0.2924.87)
  (Driver info: chromedriver=2.28.455520 (cc17746adff54984afff480136733114c6b3704b),platform=Windows NT 6.1.7601 SP1 x86_64) (WARNING: The server did not provide any stacktrace information)
Command duration or timeout: 20 milliseconds
Build info: version: '2.48.0', revision: 'b7b081a', time: '2015-10-07 15:45:39'
System info: host: 'P-Lokesh-LP', ip: '192.168.2.172', os.name: 'Windows 7', os.arch: 'amd64', os.version: '6.1', java.version: '1.8.0_121'
Driver info: org.openqa.selenium.chrome.ChromeDriver
Capabilities [{applicationCacheEnabled=false, rotatable=false, mobileEmulationEnabled=false, networkConnectionEnabled=false, chrome={chromedriverVersion=2.28.455520 (cc17746adff54984afff480136733114c6b3704b), userDataDir=C:\Users\PD1BF~1.LOK\AppData\Local\Temp\scoped_dir8940_8074}, takesHeapSnapshot=true, pageLoadStrategy=normal, databaseEnabled=false, handlesAlerts=true, hasTouchScreen=false, version=56.0.2924.87, platform=XP, browserConnectionEnabled=false, nativeEvents=true, acceptSslCerts=true, locationContextEnabled=true, webStorageEnabled=true, browserName=chrome, takesScreenshot=true, javascriptEnabled=true, cssSelectorsEnabled=true, unexpectedAlertBehaviour=}]
Session ID: 9a7783a47a0d45521d7a73c773dd4124null:Exception is not handled 
2017-04-04 17:09:07,287 INFO  [Log] Quiting all instance of Browser(Firefox) 
2017-04-04 17:09:08,079 INFO  [Log] Quiting all instance of Browser(Chrome) 
2017-04-04 17:09:08,849 INFO  [Log] Quiting all instance of Browser(Internet explorer) 
2017-04-04 17:09:08,849 INFO  [Log] XXXXXXXXXXXXXXXXXXXXXXX             -E---N---D Test Case             XXXXXXXXXXXXXXXXXXXXXX 
2017-04-04 17:09:08,849 FATAL [Log] RateGain-1RG-29XpathClick  org.openqa.selenium.ElementNotVisibleException: element not visible
  (Session info: chrome=56.0.2924.87)
  (Driver info: chromedriver=2.28.455520 (cc17746adff54984afff480136733114c6b3704b),platform=Windows NT 6.1.7601 SP1 x86_64) (WARNING: The server did not provide any stacktrace information)
Command duration or timeout: 20 milliseconds
Build info: version: '2.48.0', revision: 'b7b081a', time: '2015-10-07 15:45:39'
System info: host: 'P-Lokesh-LP', ip: '192.168.2.172', os.name: 'Windows 7', os.arch: 'amd64', os.version: '6.1', java.version: '1.8.0_121'
Driver info: org.openqa.selenium.chrome.ChromeDriver
Capabilities [{applicationCacheEnabled=false, rotatable=false, mobileEmulationEnabled=false, networkConnectionEnabled=false, chrome={chromedriverVersion=2.28.455520 (cc17746adff54984afff480136733114c6b3704b), userDataDir=C:\Users\PD1BF~1.LOK\AppData\Local\Temp\scoped_dir8940_8074}, takesHeapSnapshot=true, pageLoadStrategy=normal, databaseEnabled=false, handlesAlerts=true, hasTouchScreen=false, version=56.0.2924.87, platform=XP, browserConnectionEnabled=false, nativeEvents=true, acceptSslCerts=true, locationContextEnabled=true, webStorageEnabled=true, browserName=chrome, takesScreenshot=true, javascriptEnabled=true, cssSelectorsEnabled=true, unexpectedAlertBehaviour=}]
Session ID: 9a7783a47a0d45521d7a73c773dd4124null:Exception is not handled 
2017-04-04 17:09:08,869 INFO  [Log] XXXXXXXXXXXXXXXXXXXXXXX             -E---N---D Test Case             XXXXXXXXXXXXXXXXXXXXXX 
2017-04-04 17:09:09,110 INFO  [Log] RateGain-5_RateGain -5 
2017-04-04 17:09:09,262 INFO  [Log] ####Closing Test Suite #### 
2017-04-04 17:09:09,262 INFO  [Log] XXXXXXXXXXXXXXXXXXXXXXX             -E---N---D Test Case             XXXXXXXXXXXXXXXXXXXXXX 
2017-04-04 17:09:09,262 INFO  [Log] Creating Logs backup and storing for further reference 
