2017-04-04 17:25:32,619 INFO  [Log] Test Scenario Configuration started 
2017-04-04 17:25:32,629 INFO  [Log] Initialing HTML reporting 
2017-04-04 17:25:33,259 INFO  [Log] Starting Test Suit Execution 
2017-04-04 17:25:33,259 INFO  [Log] Creating Test suit report 
2017-04-04 17:25:33,930 WARN  [Log] Browser instance value is null 
2017-04-04 17:25:34,572 INFO  [Log] Object repository is created successfully 
2017-04-04 17:25:34,714 INFO  [Log] RateGain-1_RateGain -1 
2017-04-04 17:25:34,918 INFO  [Log] RateGain-2_RateGain -2 
2017-04-04 17:25:35,130 INFO  [Log] RateGain-3_RateGain -3 
2017-04-04 17:25:35,302 INFO  [Log] **************************************************************************************** 
2017-04-04 17:25:35,302 INFO  [Log] $$$$$$$$$$$$$$$$$$$$$                 #### Executing Test case: RateGain-4; Description: RateGain -4 For Data: 1       $$$$$$$$$$$$$$$$$$$$$$$$$ 
2017-04-04 17:25:35,302 INFO  [Log] **************************************************************************************** 
2017-04-04 17:25:44,276 INFO  [Log] #### Executing Test case: RateGain-4; Description: RateGain -4 In Chrome Browser for TestData:1 
2017-04-04 17:25:46,070 INFO  [Log] RG-01: Open URL; Action: open URL 
2017-04-04 17:25:51,123 INFO  [Log] RG-02; Not Waited 5000: Milli seconds for Element; Manual Wait is disabled 
2017-04-04 17:25:51,382 INFO  [Log] RG-03: Username; Action: Submited Value 
2017-04-04 17:25:52,400 INFO  [Log] RG-04; Not Waited 1000: Milli seconds for Element; Manual Wait is disabled 
2017-04-04 17:25:52,602 INFO  [Log] RG-05: Password; Action: Submited Value 
2017-04-04 17:25:54,626 INFO  [Log] RG-06; Not Waited 2000: Milli seconds for Element; Manual Wait is disabled 
2017-04-04 17:25:55,493 INFO  [Log] RG-07: clkLogin: Action click 
2017-04-04 17:26:00,511 INFO  [Log] RG-08; Not Waited 5000: Milli seconds for Element; Manual Wait is disabled 
2017-04-04 17:26:01,018 INFO  [Log] RG-09: ClickAdd: Action click 
2017-04-04 17:26:06,036 INFO  [Log] RG-10; Not Waited 5000: Milli seconds for Element; Manual Wait is disabled 
2017-04-04 17:26:06,185 INFO  [Log] RG-11: SelectIT: Action click 
2017-04-04 17:26:11,187 INFO  [Log] RG-12; Not Waited 5000: Milli seconds for Element; Manual Wait is disabled 
2017-04-04 17:26:11,406 INFO  [Log] RG-13: SelectTDS: Action click 
2017-04-04 17:26:16,410 INFO  [Log] RG-14; Not Waited 5000: Milli seconds for Element; Manual Wait is disabled 
2017-04-04 17:26:16,682 INFO  [Log] RG-15: DropDownSelectIT; Action: Drop Down Select 
2017-04-04 17:26:21,702 INFO  [Log] RG-16; Not Waited 5000: Milli seconds for Element; Manual Wait is disabled 
2017-04-04 17:26:21,852 INFO  [Log] RG-17: Clientcodekeys; Action Clear 
2017-04-04 17:26:26,843 INFO  [Log] RG-18; Not Waited 5000: Milli seconds for Element; Manual Wait is disabled 
2017-04-04 17:26:27,011 INFO  [Log] RG-19: Clientcodekeys; Action: Submited Value 
2017-04-04 17:26:32,019 INFO  [Log] RG-20; Not Waited 5000: Milli seconds for Element; Manual Wait is disabled 
2017-04-04 17:26:32,215 INFO  [Log] RG-21: LastName; Action: Submited Value 
2017-04-04 17:26:37,217 INFO  [Log] RG-22; Not Waited 5000: Milli seconds for Element; Manual Wait is disabled 
2017-04-04 17:26:37,398 INFO  [Log] RG-23: ClkSave: Action click 
2017-04-04 17:26:42,413 INFO  [Log] RG-24; Not Waited 5000: Milli seconds for Element; Manual Wait is disabled 
2017-04-04 17:26:42,548 ERROR [Log] Error#: RateGain-1RG-25XpathClick  org.openqa.selenium.ElementNotVisibleException: element not visible
  (Session info: chrome=56.0.2924.87)
  (Driver info: chromedriver=2.28.455520 (cc17746adff54984afff480136733114c6b3704b),platform=Windows NT 6.1.7601 SP1 x86_64) (WARNING: The server did not provide any stacktrace information)
Command duration or timeout: 33 milliseconds
Build info: version: '2.48.0', revision: 'b7b081a', time: '2015-10-07 15:45:39'
System info: host: 'P-Lokesh-LP', ip: '192.168.2.172', os.name: 'Windows 7', os.arch: 'amd64', os.version: '6.1', java.version: '1.8.0_121'
Driver info: org.openqa.selenium.chrome.ChromeDriver
Capabilities [{applicationCacheEnabled=false, rotatable=false, mobileEmulationEnabled=false, networkConnectionEnabled=false, chrome={chromedriverVersion=2.28.455520 (cc17746adff54984afff480136733114c6b3704b), userDataDir=C:\Users\PD1BF~1.LOK\AppData\Local\Temp\scoped_dir5944_3297}, takesHeapSnapshot=true, pageLoadStrategy=normal, databaseEnabled=false, handlesAlerts=true, hasTouchScreen=false, version=56.0.2924.87, platform=XP, browserConnectionEnabled=false, nativeEvents=true, acceptSslCerts=true, locationContextEnabled=true, webStorageEnabled=true, browserName=chrome, takesScreenshot=true, javascriptEnabled=true, cssSelectorsEnabled=true, unexpectedAlertBehaviour=}]
Session ID: fd75cc483a5288612ffeae1cd7b24786null:Exception is not handled 
2017-04-04 17:26:47,339 INFO  [Log] Quiting all instance of Browser(Firefox) 
2017-04-04 17:26:48,120 INFO  [Log] Quiting all instance of Browser(Chrome) 
2017-04-04 17:26:48,890 INFO  [Log] Quiting all instance of Browser(Internet explorer) 
2017-04-04 17:26:48,890 INFO  [Log] XXXXXXXXXXXXXXXXXXXXXXX             -E---N---D Test Case             XXXXXXXXXXXXXXXXXXXXXX 
2017-04-04 17:26:48,890 FATAL [Log] RateGain-1RG-25XpathClick  org.openqa.selenium.ElementNotVisibleException: element not visible
  (Session info: chrome=56.0.2924.87)
  (Driver info: chromedriver=2.28.455520 (cc17746adff54984afff480136733114c6b3704b),platform=Windows NT 6.1.7601 SP1 x86_64) (WARNING: The server did not provide any stacktrace information)
Command duration or timeout: 33 milliseconds
Build info: version: '2.48.0', revision: 'b7b081a', time: '2015-10-07 15:45:39'
System info: host: 'P-Lokesh-LP', ip: '192.168.2.172', os.name: 'Windows 7', os.arch: 'amd64', os.version: '6.1', java.version: '1.8.0_121'
Driver info: org.openqa.selenium.chrome.ChromeDriver
Capabilities [{applicationCacheEnabled=false, rotatable=false, mobileEmulationEnabled=false, networkConnectionEnabled=false, chrome={chromedriverVersion=2.28.455520 (cc17746adff54984afff480136733114c6b3704b), userDataDir=C:\Users\PD1BF~1.LOK\AppData\Local\Temp\scoped_dir5944_3297}, takesHeapSnapshot=true, pageLoadStrategy=normal, databaseEnabled=false, handlesAlerts=true, hasTouchScreen=false, version=56.0.2924.87, platform=XP, browserConnectionEnabled=false, nativeEvents=true, acceptSslCerts=true, locationContextEnabled=true, webStorageEnabled=true, browserName=chrome, takesScreenshot=true, javascriptEnabled=true, cssSelectorsEnabled=true, unexpectedAlertBehaviour=}]
Session ID: fd75cc483a5288612ffeae1cd7b24786null:Exception is not handled 
2017-04-04 17:26:48,941 INFO  [Log] XXXXXXXXXXXXXXXXXXXXXXX             -E---N---D Test Case             XXXXXXXXXXXXXXXXXXXXXX 
2017-04-04 17:26:49,196 INFO  [Log] RateGain-5_RateGain -5 
2017-04-04 17:26:49,385 INFO  [Log] ####Closing Test Suite #### 
2017-04-04 17:26:49,385 INFO  [Log] XXXXXXXXXXXXXXXXXXXXXXX             -E---N---D Test Case             XXXXXXXXXXXXXXXXXXXXXX 
2017-04-04 17:26:49,385 INFO  [Log] Creating Logs backup and storing for further reference 
