2017-04-07 18:11:54,546 INFO  [Log] Test Scenario Configuration started 
2017-04-07 18:11:54,566 INFO  [Log] Initialing HTML reporting 
2017-04-07 18:11:55,156 INFO  [Log] Starting Test Suit Execution 
2017-04-07 18:11:55,156 INFO  [Log] Creating Test suit report 
2017-04-07 18:11:55,827 WARN  [Log] Browser instance value is null 
2017-04-07 18:11:56,499 INFO  [Log] Object repository is created successfully 
2017-04-07 18:11:56,672 INFO  [Log] RateGain-1_RateGain -1 
2017-04-07 18:11:56,903 INFO  [Log] RateGain-2_RateGain -2 
2017-04-07 18:11:57,107 INFO  [Log] RateGain-3_RateGain -3 
2017-04-07 18:11:57,309 INFO  [Log] **************************************************************************************** 
2017-04-07 18:11:57,309 INFO  [Log] $$$$$$$$$$$$$$$$$$$$$                 #### Executing Test case: RateGain-4; Description: RateGain -4 For Data: 1       $$$$$$$$$$$$$$$$$$$$$$$$$ 
2017-04-07 18:11:57,309 INFO  [Log] **************************************************************************************** 
2017-04-07 18:12:07,742 INFO  [Log] #### Executing Test case: RateGain-4; Description: RateGain -4 In Chrome Browser for TestData:1 
2017-04-07 18:12:09,393 INFO  [Log] RG-01: Open URL; Action: open URL 
2017-04-07 18:12:14,448 INFO  [Log] RG-02; Not Waited 5000: Milli seconds for Element; Manual Wait is disabled 
2017-04-07 18:12:14,784 INFO  [Log] RG-03: Username; Action: Submited Value 
2017-04-07 18:12:15,794 INFO  [Log] RG-04; Not Waited 1000: Milli seconds for Element; Manual Wait is disabled 
2017-04-07 18:12:16,000 INFO  [Log] RG-05: Password; Action: Submited Value 
2017-04-07 18:12:18,024 INFO  [Log] RG-06; Not Waited 2000: Milli seconds for Element; Manual Wait is disabled 
2017-04-07 18:12:18,646 INFO  [Log] RG-07: clkLogin: Action click 
2017-04-07 18:12:23,666 INFO  [Log] RG-08; Not Waited 5000: Milli seconds for Element; Manual Wait is disabled 
2017-04-07 18:12:24,208 INFO  [Log] RG-09: ClickAdd: Action click 
2017-04-07 18:12:29,234 INFO  [Log] RG-10; Not Waited 5000: Milli seconds for Element; Manual Wait is disabled 
2017-04-07 18:12:29,396 INFO  [Log] RG-11: SelectIT: Action click 
2017-04-07 18:12:34,387 INFO  [Log] RG-12; Not Waited 5000: Milli seconds for Element; Manual Wait is disabled 
2017-04-07 18:12:34,604 INFO  [Log] RG-13: DropDownSelectIT; Action: Drop Down Select 
2017-04-07 18:12:39,606 INFO  [Log] RG-14; Not Waited 5000: Milli seconds for Element; Manual Wait is disabled 
2017-04-07 18:12:39,828 INFO  [Log] RG-15: Clientcodekeys; Action: Submited Value 
2017-04-07 18:12:44,829 INFO  [Log] RG-16; Not Waited 5000: Milli seconds for Element; Manual Wait is disabled 
2017-04-07 18:12:45,071 INFO  [Log] RG-17: LastName; Action: Submited Value 
2017-04-07 18:12:50,072 INFO  [Log] RG-18; Not Waited 5000: Milli seconds for Element; Manual Wait is disabled 
2017-04-07 18:12:51,104 INFO  [Log] RG-19: ClkSave: Action click 
2017-04-07 18:12:56,105 INFO  [Log] RG-20; Not Waited 5000: Milli seconds for Element; Manual Wait is disabled 
2017-04-07 18:12:56,254 INFO  [Log] RG-21: ClickRStaus: Action click 
2017-04-07 18:13:01,252 INFO  [Log] RG-22; Not Waited 5000: Milli seconds for Element; Manual Wait is disabled 
2017-04-07 18:13:01,899 INFO  [Log] RG-23: ClkSave: Action click 
2017-04-07 18:13:06,926 INFO  [Log] RG-24; Not Waited 5000: Milli seconds for Element; Manual Wait is disabled 
2017-04-07 18:13:07,358 INFO  [Log] RG-25: ClickIncome: Action click 
2017-04-07 18:13:12,385 INFO  [Log] RG-26; Not Waited 5000: Milli seconds for Element; Manual Wait is disabled 
2017-04-07 18:13:12,607 INFO  [Log] RG-27: IncomeDrpdwn; Action: Drop Down Select 
2017-04-07 18:13:17,623 INFO  [Log] RG-28; Not Waited 5000: Milli seconds for Element; Manual Wait is disabled 
2017-04-07 18:13:17,766 INFO  [Log] RG-29: ClkSave: Action click 
2017-04-07 18:13:22,767 INFO  [Log] RG-30; Not Waited 5000: Milli seconds for Element; Manual Wait is disabled 
2017-04-07 18:13:25,046 INFO  [Log] RG-31: ClkSaveconfrm: Action click 
2017-04-07 18:13:30,074 INFO  [Log] RG-32; Not Waited 5000: Milli seconds for Element; Manual Wait is disabled 
2017-04-07 18:13:30,877 INFO  [Log] RG-33: ClkIncomeDetails: Action click 
2017-04-07 18:13:35,902 INFO  [Log] RG-34; Not Waited 5000: Milli seconds for Element; Manual Wait is disabled 
2017-04-07 18:13:36,042 INFO  [Log] RG-35: CSendSalDetails; Action: Submited Value 
2017-04-07 18:13:41,062 INFO  [Log] RG-36; Not Waited 5000: Milli seconds for Element; Manual Wait is disabled 
2017-04-07 18:13:41,303 INFO  [Log] RG-37: SendOtherSouurs; Action: Submited Value 
2017-04-07 18:13:46,329 INFO  [Log] RG-38; Not Waited 5000: Milli seconds for Element; Manual Wait is disabled 
2017-04-07 18:13:46,494 INFO  [Log] RG-39: ClkSave: Action click 
2017-04-07 18:13:51,519 INFO  [Log] RG-40; Not Waited 5000: Milli seconds for Element; Manual Wait is disabled 
2017-04-07 18:13:52,003 INFO  [Log] RG-41: ClkComputation: Action click 
2017-04-07 18:13:57,025 INFO  [Log] RG-42; Not Waited 5000: Milli seconds for Element; Manual Wait is disabled 
2017-04-07 18:13:57,188 INFO  [Log] RG-43: DateSelect: Action click 
2017-04-07 18:14:02,210 INFO  [Log] RG-44; Not Waited 5000: Milli seconds for Element; Manual Wait is disabled 
2017-04-07 18:14:02,521 INFO  [Log] Failed: RG-45: CmpreSalary; Value: 50000; is Not Present in Page values: ,  
2017-04-07 18:14:07,767 INFO  [Log] RG-46; Not Waited 5000: Milli seconds for Element; Manual Wait is disabled 
2017-04-07 18:14:08,040 INFO  [Log] Failed: RG-47: Cmpreothere; Value: 10000; is Not Present in Page values: ,  
2017-04-07 18:14:13,245 INFO  [Log] RG-48; Not Waited 5000: Milli seconds for Element; Manual Wait is disabled 
2017-04-07 18:14:13,397 INFO  [Log] RG-49: ClkTax; Action: Mouse Hover 
2017-04-07 18:14:18,424 INFO  [Log] RG-50; Not Waited 5000: Milli seconds for Element; Manual Wait is disabled 
2017-04-07 18:14:19,565 INFO  [Log] RG-51: SelectSelf: Action click 
2017-04-07 18:14:24,565 INFO  [Log] RG-52; Not Waited 5000: Milli seconds for Element; Manual Wait is disabled 
2017-04-07 18:14:24,755 ERROR [Log] Error#: RateGain-1RG-53XpathSubmitValue  org.openqa.selenium.WebDriverException: unknown error: cannot focus element
  (Session info: chrome=57.0.2987.133)
  (Driver info: chromedriver=2.28.455520 (cc17746adff54984afff480136733114c6b3704b),platform=Windows NT 6.1.7601 SP1 x86_64) (WARNING: The server did not provide any stacktrace information)
Command duration or timeout: 78 milliseconds
Build info: version: '2.48.0', revision: 'b7b081a', time: '2015-10-07 15:45:39'
System info: host: 'P-Lokesh-LP', ip: '192.168.2.172', os.name: 'Windows 7', os.arch: 'amd64', os.version: '6.1', java.version: '1.8.0_121'
Driver info: org.openqa.selenium.chrome.ChromeDriver
Capabilities [{applicationCacheEnabled=false, rotatable=false, mobileEmulationEnabled=false, networkConnectionEnabled=false, chrome={chromedriverVersion=2.28.455520 (cc17746adff54984afff480136733114c6b3704b), userDataDir=C:\Users\PD1BF~1.LOK\AppData\Local\Temp\scoped_dir10020_30921}, takesHeapSnapshot=true, pageLoadStrategy=normal, databaseEnabled=false, handlesAlerts=true, hasTouchScreen=false, version=57.0.2987.133, platform=XP, browserConnectionEnabled=false, nativeEvents=true, acceptSslCerts=true, locationContextEnabled=true, webStorageEnabled=true, browserName=chrome, takesScreenshot=true, javascriptEnabled=true, cssSelectorsEnabled=true, unexpectedAlertBehaviour=}]
Session ID: 363a68a9028a5eb4c05b75bc3b11dcf9null:Exception is not handled 
2017-04-07 18:14:29,403 INFO  [Log] Quiting all instance of Browser(Firefox) 
2017-04-07 18:14:30,164 INFO  [Log] Quiting all instance of Browser(Chrome) 
2017-04-07 18:14:30,917 INFO  [Log] Quiting all instance of Browser(Internet explorer) 
2017-04-07 18:14:30,917 INFO  [Log] XXXXXXXXXXXXXXXXXXXXXXX             -E---N---D Test Case             XXXXXXXXXXXXXXXXXXXXXX 
2017-04-07 18:14:30,917 FATAL [Log] RateGain-1RG-53XpathSubmitValue  org.openqa.selenium.WebDriverException: unknown error: cannot focus element
  (Session info: chrome=57.0.2987.133)
  (Driver info: chromedriver=2.28.455520 (cc17746adff54984afff480136733114c6b3704b),platform=Windows NT 6.1.7601 SP1 x86_64) (WARNING: The server did not provide any stacktrace information)
Command duration or timeout: 78 milliseconds
Build info: version: '2.48.0', revision: 'b7b081a', time: '2015-10-07 15:45:39'
System info: host: 'P-Lokesh-LP', ip: '192.168.2.172', os.name: 'Windows 7', os.arch: 'amd64', os.version: '6.1', java.version: '1.8.0_121'
Driver info: org.openqa.selenium.chrome.ChromeDriver
Capabilities [{applicationCacheEnabled=false, rotatable=false, mobileEmulationEnabled=false, networkConnectionEnabled=false, chrome={chromedriverVersion=2.28.455520 (cc17746adff54984afff480136733114c6b3704b), userDataDir=C:\Users\PD1BF~1.LOK\AppData\Local\Temp\scoped_dir10020_30921}, takesHeapSnapshot=true, pageLoadStrategy=normal, databaseEnabled=false, handlesAlerts=true, hasTouchScreen=false, version=57.0.2987.133, platform=XP, browserConnectionEnabled=false, nativeEvents=true, acceptSslCerts=true, locationContextEnabled=true, webStorageEnabled=true, browserName=chrome, takesScreenshot=true, javascriptEnabled=true, cssSelectorsEnabled=true, unexpectedAlertBehaviour=}]
Session ID: 363a68a9028a5eb4c05b75bc3b11dcf9null:Exception is not handled 
2017-04-07 18:14:30,932 INFO  [Log] XXXXXXXXXXXXXXXXXXXXXXX             -E---N---D Test Case             XXXXXXXXXXXXXXXXXXXXXX 
2017-04-07 18:14:31,046 INFO  [Log] RateGain-5_RateGain -5 
2017-04-07 18:14:31,208 INFO  [Log] ####Closing Test Suite #### 
2017-04-07 18:14:31,208 INFO  [Log] XXXXXXXXXXXXXXXXXXXXXXX             -E---N---D Test Case             XXXXXXXXXXXXXXXXXXXXXX 
2017-04-07 18:14:31,208 INFO  [Log] Creating Logs backup and storing for further reference 
