2017-04-08 22:58:58,262 INFO  [Log] Test Scenario Configuration started 
2017-04-08 22:58:58,277 INFO  [Log] Initialing HTML reporting 
2017-04-08 22:58:58,901 INFO  [Log] Starting Test Suit Execution 
2017-04-08 22:58:58,901 INFO  [Log] Creating Test suit report 
2017-04-08 22:58:59,516 WARN  [Log] Browser instance value is null 
2017-04-08 22:59:00,265 INFO  [Log] Object repository is created successfully 
2017-04-08 22:59:00,437 INFO  [Log] RateGain-1_RateGain -1 
2017-04-08 22:59:00,687 INFO  [Log] RateGain-2_RateGain -2 
2017-04-08 22:59:00,874 INFO  [Log] RateGain-3_RateGain -3 
2017-04-08 22:59:01,014 INFO  [Log] **************************************************************************************** 
2017-04-08 22:59:01,014 INFO  [Log] $$$$$$$$$$$$$$$$$$$$$                 #### Executing Test case: RateGain-4; Description: RateGain -4 For Data: 1       $$$$$$$$$$$$$$$$$$$$$$$$$ 
2017-04-08 22:59:01,014 INFO  [Log] **************************************************************************************** 
2017-04-08 22:59:09,923 INFO  [Log] #### Executing Test case: RateGain-4; Description: RateGain -4 In Chrome Browser for TestData:1 
2017-04-08 22:59:11,747 INFO  [Log] RG-01: Open URL; Action: open URL 
2017-04-08 22:59:16,771 INFO  [Log] RG-02; Not Waited 5000: Milli seconds for Element; Manual Wait is disabled 
2017-04-08 22:59:17,072 INFO  [Log] RG-03: Username; Action: Submited Value 
2017-04-08 22:59:18,078 INFO  [Log] RG-04; Not Waited 1000: Milli seconds for Element; Manual Wait is disabled 
2017-04-08 22:59:18,271 INFO  [Log] RG-05: Password; Action: Submited Value 
2017-04-08 22:59:20,281 INFO  [Log] RG-06; Not Waited 2000: Milli seconds for Element; Manual Wait is disabled 
2017-04-08 22:59:20,940 INFO  [Log] RG-07: clkLogin: Action click 
2017-04-08 22:59:25,954 INFO  [Log] RG-08; Not Waited 5000: Milli seconds for Element; Manual Wait is disabled 
2017-04-08 22:59:26,569 INFO  [Log] RG-09: ClickAdd: Action click 
2017-04-08 22:59:31,574 INFO  [Log] RG-10; Not Waited 5000: Milli seconds for Element; Manual Wait is disabled 
2017-04-08 22:59:31,731 INFO  [Log] RG-11: SelectIT: Action click 
2017-04-08 22:59:36,732 INFO  [Log] RG-12; Not Waited 5000: Milli seconds for Element; Manual Wait is disabled 
2017-04-08 22:59:36,945 INFO  [Log] RG-13: DropDownSelectIT; Action: Drop Down Select 
2017-04-08 22:59:41,947 INFO  [Log] RG-14; Not Waited 5000: Milli seconds for Element; Manual Wait is disabled 
2017-04-08 22:59:42,181 INFO  [Log] RG-15: Clientcodekeys; Action: Submited Value 
2017-04-08 22:59:47,181 INFO  [Log] RG-16; Not Waited 5000: Milli seconds for Element; Manual Wait is disabled 
2017-04-08 22:59:47,441 INFO  [Log] RG-17: LastName; Action: Submited Value 
2017-04-08 22:59:52,443 INFO  [Log] RG-18; Not Waited 5000: Milli seconds for Element; Manual Wait is disabled 
2017-04-08 23:00:02,244 INFO  [Log] RG-19: ClkSave: Action click 
2017-04-08 23:00:07,245 INFO  [Log] RG-20; Not Waited 5000: Milli seconds for Element; Manual Wait is disabled 
2017-04-08 23:00:07,387 INFO  [Log] RG-21: ClickRStaus: Action click 
2017-04-08 23:00:12,399 INFO  [Log] RG-22; Not Waited 5000: Milli seconds for Element; Manual Wait is disabled 
2017-04-08 23:00:14,409 INFO  [Log] RG-23: ClkSave: Action click 
2017-04-08 23:00:19,412 INFO  [Log] RG-24; Not Waited 5000: Milli seconds for Element; Manual Wait is disabled 
2017-04-08 23:00:20,241 INFO  [Log] RG-25: ClickIncome: Action click 
2017-04-08 23:00:25,256 INFO  [Log] RG-26; Not Waited 5000: Milli seconds for Element; Manual Wait is disabled 
2017-04-08 23:00:25,444 INFO  [Log] RG-27: IncomeDrpdwn; Action: Drop Down Select 
2017-04-08 23:00:30,452 INFO  [Log] RG-28; Not Waited 5000: Milli seconds for Element; Manual Wait is disabled 
2017-04-08 23:00:30,627 INFO  [Log] RG-29: ClkSave: Action click 
2017-04-08 23:00:35,636 INFO  [Log] RG-30; Not Waited 5000: Milli seconds for Element; Manual Wait is disabled 
2017-04-08 23:00:40,702 INFO  [Log] RG-31: ClkSaveconfrm: Action click 
2017-04-08 23:00:45,717 INFO  [Log] RG-32; Not Waited 5000: Milli seconds for Element; Manual Wait is disabled 
2017-04-08 23:00:56,900 INFO  [Log] RG-33: ClkIncomeDetails: Action click 
2017-04-08 23:01:01,906 INFO  [Log] RG-34; Not Waited 5000: Milli seconds for Element; Manual Wait is disabled 
2017-04-08 23:01:02,125 INFO  [Log] RG-35: CSendSalDetails; Action: Submited Value 
2017-04-08 23:01:07,141 INFO  [Log] RG-36; Not Waited 5000: Milli seconds for Element; Manual Wait is disabled 
2017-04-08 23:01:07,329 INFO  [Log] RG-37: SendOtherSouurs; Action: Submited Value 
2017-04-08 23:01:12,336 INFO  [Log] RG-38; Not Waited 5000: Milli seconds for Element; Manual Wait is disabled 
2017-04-08 23:01:14,545 INFO  [Log] RG-39: ClkSave: Action click 
2017-04-08 23:01:19,553 INFO  [Log] RG-40; Not Waited 5000: Milli seconds for Element; Manual Wait is disabled 
2017-04-08 23:01:20,452 INFO  [Log] RG-41: ClkComputation: Action click 
2017-04-08 23:01:25,465 INFO  [Log] RG-42; Not Waited 5000: Milli seconds for Element; Manual Wait is disabled 
2017-04-08 23:01:25,637 INFO  [Log] RG-43: DateSelect: Action click 
2017-04-08 23:01:30,643 INFO  [Log] RG-44; Not Waited 5000: Milli seconds for Element; Manual Wait is disabled 
2017-04-08 23:01:30,934 INFO  [Log] Failed: RG-45: CmpreSalary; Value: 50000; is Not Present in Page values: ,  
2017-04-08 23:01:36,220 INFO  [Log] RG-46; Not Waited 5000: Milli seconds for Element; Manual Wait is disabled 
2017-04-08 23:01:36,814 INFO  [Log] Failed: RG-47: Cmpreothere; Value: 10000; is Not Present in Page values: ,  
2017-04-08 23:01:41,977 INFO  [Log] RG-48; Not Waited 5000: Milli seconds for Element; Manual Wait is disabled 
2017-04-08 23:01:42,103 INFO  [Log] RG-49: ClkTax; Action: Mouse Hover 
2017-04-08 23:01:47,112 INFO  [Log] RG-50; Not Waited 5000: Milli seconds for Element; Manual Wait is disabled 
2017-04-08 23:01:47,269 INFO  [Log] RG-51: SelectSelf: Action click 
2017-04-08 23:01:52,270 INFO  [Log] RG-52; Not Waited 5000: Milli seconds for Element; Manual Wait is disabled 
2017-04-08 23:01:52,485 INFO  [Log] RG-51: SendBSRcode: Action click 
2017-04-08 23:01:57,487 INFO  [Log] RG-52; Not Waited 5000: Milli seconds for Element; Manual Wait is disabled 
2017-04-08 23:01:57,639 ERROR [Log] Error#: RateGain-1RG-53XpathSubmitValue  org.openqa.selenium.WebDriverException: unknown error: cannot focus element
  (Session info: chrome=57.0.2987.133)
  (Driver info: chromedriver=2.29.461591 (62ebf098771772160f391d75e589dc567915b233),platform=Windows NT 6.1.7601 SP1 x86_64) (WARNING: The server did not provide any stacktrace information)
Command duration or timeout: 35 milliseconds
Build info: version: '2.53.0', revision: '35ae25b', time: '2016-03-15 17:00:58'
System info: host: 'P-Lokesh-LP', ip: '192.168.1.16', os.name: 'Windows 7', os.arch: 'amd64', os.version: '6.1', java.version: '1.8.0_121'
Driver info: org.openqa.selenium.chrome.ChromeDriver
Capabilities [{applicationCacheEnabled=false, rotatable=false, mobileEmulationEnabled=false, networkConnectionEnabled=false, chrome={chromedriverVersion=2.29.461591 (62ebf098771772160f391d75e589dc567915b233), userDataDir=C:\Users\PD1BF~1.LOK\AppData\Local\Temp\scoped_dir4428_26080}, takesHeapSnapshot=true, pageLoadStrategy=normal, databaseEnabled=false, handlesAlerts=true, hasTouchScreen=false, version=57.0.2987.133, platform=XP, browserConnectionEnabled=false, nativeEvents=true, acceptSslCerts=true, locationContextEnabled=true, webStorageEnabled=true, browserName=chrome, takesScreenshot=true, javascriptEnabled=true, cssSelectorsEnabled=true, unexpectedAlertBehaviour=}]
Session ID: c98bb101df9265e2eb2c3b155dc52b74null:Exception is not handled 
2017-04-08 23:02:03,331 INFO  [Log] Quiting all instance of Browser(Firefox) 
2017-04-08 23:02:04,081 INFO  [Log] Quiting all instance of Browser(Chrome) 
2017-04-08 23:02:04,861 INFO  [Log] Quiting all instance of Browser(Internet explorer) 
2017-04-08 23:02:04,861 INFO  [Log] XXXXXXXXXXXXXXXXXXXXXXX             -E---N---D Test Case             XXXXXXXXXXXXXXXXXXXXXX 
2017-04-08 23:02:04,876 FATAL [Log] RateGain-1RG-53XpathSubmitValue  org.openqa.selenium.WebDriverException: unknown error: cannot focus element
  (Session info: chrome=57.0.2987.133)
  (Driver info: chromedriver=2.29.461591 (62ebf098771772160f391d75e589dc567915b233),platform=Windows NT 6.1.7601 SP1 x86_64) (WARNING: The server did not provide any stacktrace information)
Command duration or timeout: 35 milliseconds
Build info: version: '2.53.0', revision: '35ae25b', time: '2016-03-15 17:00:58'
System info: host: 'P-Lokesh-LP', ip: '192.168.1.16', os.name: 'Windows 7', os.arch: 'amd64', os.version: '6.1', java.version: '1.8.0_121'
Driver info: org.openqa.selenium.chrome.ChromeDriver
Capabilities [{applicationCacheEnabled=false, rotatable=false, mobileEmulationEnabled=false, networkConnectionEnabled=false, chrome={chromedriverVersion=2.29.461591 (62ebf098771772160f391d75e589dc567915b233), userDataDir=C:\Users\PD1BF~1.LOK\AppData\Local\Temp\scoped_dir4428_26080}, takesHeapSnapshot=true, pageLoadStrategy=normal, databaseEnabled=false, handlesAlerts=true, hasTouchScreen=false, version=57.0.2987.133, platform=XP, browserConnectionEnabled=false, nativeEvents=true, acceptSslCerts=true, locationContextEnabled=true, webStorageEnabled=true, browserName=chrome, takesScreenshot=true, javascriptEnabled=true, cssSelectorsEnabled=true, unexpectedAlertBehaviour=}]
Session ID: c98bb101df9265e2eb2c3b155dc52b74null:Exception is not handled 
2017-04-08 23:02:04,923 INFO  [Log] XXXXXXXXXXXXXXXXXXXXXXX             -E---N---D Test Case             XXXXXXXXXXXXXXXXXXXXXX 
2017-04-08 23:02:05,065 INFO  [Log] RateGain-5_RateGain -5 
2017-04-08 23:02:05,221 INFO  [Log] ####Closing Test Suite #### 
2017-04-08 23:02:05,221 INFO  [Log] XXXXXXXXXXXXXXXXXXXXXXX             -E---N---D Test Case             XXXXXXXXXXXXXXXXXXXXXX 
2017-04-08 23:02:05,221 INFO  [Log] Creating Logs backup and storing for further reference 
