2017-04-09 08:58:06,381 INFO  [Log] Test Scenario Configuration started 
2017-04-09 08:58:06,434 INFO  [Log] Initialing HTML reporting 
2017-04-09 08:58:07,412 INFO  [Log] Starting Test Suit Execution 
2017-04-09 08:58:07,412 INFO  [Log] Creating Test suit report 
2017-04-09 08:58:08,432 WARN  [Log] Browser instance value is null 
2017-04-09 08:58:09,431 INFO  [Log] Object repository is created successfully 
2017-04-09 08:58:09,612 INFO  [Log] RateGain-1_RateGain -1 
2017-04-09 08:58:09,926 INFO  [Log] RateGain-2_RateGain -2 
2017-04-09 08:58:10,130 INFO  [Log] RateGain-3_RateGain -3 
2017-04-09 08:58:10,309 INFO  [Log] **************************************************************************************** 
2017-04-09 08:58:10,309 INFO  [Log] $$$$$$$$$$$$$$$$$$$$$                 #### Executing Test case: RateGain-4; Description: RateGain -4 For Data: 1       $$$$$$$$$$$$$$$$$$$$$$$$$ 
2017-04-09 08:58:10,309 INFO  [Log] **************************************************************************************** 
2017-04-09 08:58:22,231 INFO  [Log] #### Executing Test case: RateGain-4; Description: RateGain -4 In Chrome Browser for TestData:1 
2017-04-09 08:59:24,144 INFO  [Log] RG-01: Open URL; Action: open URL 
2017-04-09 08:59:29,189 INFO  [Log] RG-02; Not Waited 5000: Milli seconds for Element; Manual Wait is disabled 
2017-04-09 08:59:29,975 INFO  [Log] RG-03: Username; Action: Submited Value 
2017-04-09 08:59:30,976 INFO  [Log] RG-04; Not Waited 1000: Milli seconds for Element; Manual Wait is disabled 
2017-04-09 08:59:31,283 INFO  [Log] RG-05: Password; Action: Submited Value 
2017-04-09 08:59:33,284 INFO  [Log] RG-06; Not Waited 2000: Milli seconds for Element; Manual Wait is disabled 
2017-04-09 08:59:37,420 INFO  [Log] RG-07: clkLogin: Action click 
2017-04-09 08:59:42,422 INFO  [Log] RG-08; Not Waited 5000: Milli seconds for Element; Manual Wait is disabled 
2017-04-09 08:59:43,981 INFO  [Log] RG-09: ClickAdd: Action click 
2017-04-09 08:59:48,982 INFO  [Log] RG-10; Not Waited 5000: Milli seconds for Element; Manual Wait is disabled 
2017-04-09 08:59:49,151 INFO  [Log] RG-11: SelectIT: Action click 
2017-04-09 08:59:54,152 INFO  [Log] RG-12; Not Waited 5000: Milli seconds for Element; Manual Wait is disabled 
2017-04-09 08:59:54,373 INFO  [Log] RG-13: DropDownSelectIT; Action: Drop Down Select 
2017-04-09 08:59:59,374 INFO  [Log] RG-14; Not Waited 5000: Milli seconds for Element; Manual Wait is disabled 
2017-04-09 08:59:59,763 INFO  [Log] RG-15: Clientcodekeys; Action: Submited Value 
2017-04-09 09:00:04,763 INFO  [Log] RG-16; Not Waited 5000: Milli seconds for Element; Manual Wait is disabled 
2017-04-09 09:00:05,069 INFO  [Log] RG-17: LastName; Action: Submited Value 
2017-04-09 09:00:10,071 INFO  [Log] RG-18; Not Waited 5000: Milli seconds for Element; Manual Wait is disabled 
2017-04-09 09:00:38,828 INFO  [Log] RG-19: ClkSave: Action click 
2017-04-09 09:00:43,828 INFO  [Log] RG-20; Not Waited 5000: Milli seconds for Element; Manual Wait is disabled 
2017-04-09 09:00:43,980 INFO  [Log] RG-21: ClickRStaus: Action click 
2017-04-09 09:00:48,981 INFO  [Log] RG-22; Not Waited 5000: Milli seconds for Element; Manual Wait is disabled 
2017-04-09 09:00:50,511 INFO  [Log] RG-23: ClkSave: Action click 
2017-04-09 09:00:55,511 INFO  [Log] RG-24; Not Waited 5000: Milli seconds for Element; Manual Wait is disabled 
2017-04-09 09:00:56,175 INFO  [Log] RG-25: ClickIncome: Action click 
2017-04-09 09:01:01,176 INFO  [Log] RG-26; Not Waited 5000: Milli seconds for Element; Manual Wait is disabled 
2017-04-09 09:01:01,455 INFO  [Log] RG-27: IncomeDrpdwn; Action: Drop Down Select 
2017-04-09 09:01:06,457 INFO  [Log] RG-28; Not Waited 5000: Milli seconds for Element; Manual Wait is disabled 
2017-04-09 09:01:07,186 INFO  [Log] RG-29: ClkSave: Action click 
2017-04-09 09:01:12,188 INFO  [Log] RG-30; Not Waited 5000: Milli seconds for Element; Manual Wait is disabled 
2017-04-09 09:01:15,868 INFO  [Log] RG-31: ClkSaveconfrm: Action click 
2017-04-09 09:01:20,869 INFO  [Log] RG-32; Not Waited 5000: Milli seconds for Element; Manual Wait is disabled 
2017-04-09 09:01:30,609 INFO  [Log] RG-33: ClkIncomeDetails: Action click 
2017-04-09 09:01:35,609 INFO  [Log] RG-34; Not Waited 5000: Milli seconds for Element; Manual Wait is disabled 
2017-04-09 09:01:35,818 INFO  [Log] RG-35: CSendSalDetails; Action: Submited Value 
2017-04-09 09:01:40,820 INFO  [Log] RG-36; Not Waited 5000: Milli seconds for Element; Manual Wait is disabled 
2017-04-09 09:01:41,068 INFO  [Log] RG-37: SendOtherSouurs; Action: Submited Value 
2017-04-09 09:01:46,068 INFO  [Log] RG-38; Not Waited 5000: Milli seconds for Element; Manual Wait is disabled 
2017-04-09 09:01:48,322 INFO  [Log] RG-39: ClkSave: Action click 
2017-04-09 09:01:53,322 INFO  [Log] RG-40; Not Waited 5000: Milli seconds for Element; Manual Wait is disabled 
2017-04-09 09:01:54,247 INFO  [Log] RG-41: ClkComputation: Action click 
2017-04-09 09:01:59,248 INFO  [Log] RG-42; Not Waited 5000: Milli seconds for Element; Manual Wait is disabled 
2017-04-09 09:01:59,450 INFO  [Log] RG-43: DateSelect: Action click 
2017-04-09 09:02:04,451 INFO  [Log] RG-44; Not Waited 5000: Milli seconds for Element; Manual Wait is disabled 
2017-04-09 09:02:05,010 INFO  [Log] Failed: RG-45: CmpreSalary; Value: 50000; is Not Present in Page values: ,  
2017-04-09 09:02:10,386 INFO  [Log] RG-46; Not Waited 5000: Milli seconds for Element; Manual Wait is disabled 
2017-04-09 09:02:10,697 INFO  [Log] Failed: RG-47: Cmpreothere; Value: 10000; is Not Present in Page values: ,  
2017-04-09 09:02:15,841 INFO  [Log] RG-48; Not Waited 5000: Milli seconds for Element; Manual Wait is disabled 
2017-04-09 09:02:16,086 INFO  [Log] RG-49: ClkTax; Action: Mouse Hover 
2017-04-09 09:02:21,087 INFO  [Log] RG-50; Not Waited 5000: Milli seconds for Element; Manual Wait is disabled 
2017-04-09 09:02:24,558 INFO  [Log] RG-51: SelectSelf: Action click 
2017-04-09 09:02:29,558 INFO  [Log] RG-52; Not Waited 5000: Milli seconds for Element; Manual Wait is disabled 
2017-04-09 09:02:29,824 INFO  [Log] RG-53: SendBSRcode: Action click 
2017-04-09 09:02:34,826 INFO  [Log] RG-54; Not Waited 5000: Milli seconds for Element; Manual Wait is disabled 
2017-04-09 09:02:34,980 ERROR [Log] Error#: RateGain-1RG-55XpathSubmitValue  org.openqa.selenium.WebDriverException: unknown error: cannot focus element
  (Session info: chrome=57.0.2987.133)
  (Driver info: chromedriver=2.29.461591 (62ebf098771772160f391d75e589dc567915b233),platform=Windows NT 6.1.7601 SP1 x86_64) (WARNING: The server did not provide any stacktrace information)
Command duration or timeout: 49 milliseconds
Build info: version: '2.53.0', revision: '35ae25b', time: '2016-03-15 17:00:58'
System info: host: 'P-Lokesh-LP', ip: '192.168.1.16', os.name: 'Windows 7', os.arch: 'amd64', os.version: '6.1', java.version: '1.8.0_121'
Driver info: org.openqa.selenium.chrome.ChromeDriver
Capabilities [{applicationCacheEnabled=false, rotatable=false, mobileEmulationEnabled=false, networkConnectionEnabled=false, chrome={chromedriverVersion=2.29.461591 (62ebf098771772160f391d75e589dc567915b233), userDataDir=C:\Users\PD1BF~1.LOK\AppData\Local\Temp\scoped_dir7732_8292}, takesHeapSnapshot=true, pageLoadStrategy=normal, databaseEnabled=false, handlesAlerts=true, hasTouchScreen=false, version=57.0.2987.133, platform=XP, browserConnectionEnabled=false, nativeEvents=true, acceptSslCerts=true, locationContextEnabled=true, webStorageEnabled=true, browserName=chrome, takesScreenshot=true, javascriptEnabled=true, cssSelectorsEnabled=true, unexpectedAlertBehaviour=}]
Session ID: 02ef3c0b2951291956eb5874990b62c4null:Exception is not handled 
2017-04-09 09:02:40,979 INFO  [Log] Quiting all instance of Browser(Firefox) 
2017-04-09 09:02:41,722 INFO  [Log] Quiting all instance of Browser(Chrome) 
2017-04-09 09:02:42,465 INFO  [Log] Quiting all instance of Browser(Internet explorer) 
2017-04-09 09:02:42,465 INFO  [Log] XXXXXXXXXXXXXXXXXXXXXXX             -E---N---D Test Case             XXXXXXXXXXXXXXXXXXXXXX 
2017-04-09 09:02:42,465 FATAL [Log] RateGain-1RG-55XpathSubmitValue  org.openqa.selenium.WebDriverException: unknown error: cannot focus element
  (Session info: chrome=57.0.2987.133)
  (Driver info: chromedriver=2.29.461591 (62ebf098771772160f391d75e589dc567915b233),platform=Windows NT 6.1.7601 SP1 x86_64) (WARNING: The server did not provide any stacktrace information)
Command duration or timeout: 49 milliseconds
Build info: version: '2.53.0', revision: '35ae25b', time: '2016-03-15 17:00:58'
System info: host: 'P-Lokesh-LP', ip: '192.168.1.16', os.name: 'Windows 7', os.arch: 'amd64', os.version: '6.1', java.version: '1.8.0_121'
Driver info: org.openqa.selenium.chrome.ChromeDriver
Capabilities [{applicationCacheEnabled=false, rotatable=false, mobileEmulationEnabled=false, networkConnectionEnabled=false, chrome={chromedriverVersion=2.29.461591 (62ebf098771772160f391d75e589dc567915b233), userDataDir=C:\Users\PD1BF~1.LOK\AppData\Local\Temp\scoped_dir7732_8292}, takesHeapSnapshot=true, pageLoadStrategy=normal, databaseEnabled=false, handlesAlerts=true, hasTouchScreen=false, version=57.0.2987.133, platform=XP, browserConnectionEnabled=false, nativeEvents=true, acceptSslCerts=true, locationContextEnabled=true, webStorageEnabled=true, browserName=chrome, takesScreenshot=true, javascriptEnabled=true, cssSelectorsEnabled=true, unexpectedAlertBehaviour=}]
Session ID: 02ef3c0b2951291956eb5874990b62c4null:Exception is not handled 
2017-04-09 09:02:42,491 INFO  [Log] XXXXXXXXXXXXXXXXXXXXXXX             -E---N---D Test Case             XXXXXXXXXXXXXXXXXXXXXX 
2017-04-09 09:02:42,762 INFO  [Log] RateGain-5_RateGain -5 
2017-04-09 09:02:42,911 INFO  [Log] ####Closing Test Suite #### 
2017-04-09 09:02:42,912 INFO  [Log] XXXXXXXXXXXXXXXXXXXXXXX             -E---N---D Test Case             XXXXXXXXXXXXXXXXXXXXXX 
2017-04-09 09:02:42,912 INFO  [Log] Creating Logs backup and storing for further reference 
