2017-04-09 09:37:05,384 INFO  [Log] Test Scenario Configuration started 
2017-04-09 09:37:05,415 INFO  [Log] Initialing HTML reporting 
2017-04-09 09:37:06,036 INFO  [Log] Starting Test Suit Execution 
2017-04-09 09:37:06,036 INFO  [Log] Creating Test suit report 
2017-04-09 09:37:06,661 WARN  [Log] Browser instance value is null 
2017-04-09 09:37:07,347 INFO  [Log] Object repository is created successfully 
2017-04-09 09:37:07,504 INFO  [Log] RateGain-1_RateGain -1 
2017-04-09 09:37:07,754 INFO  [Log] RateGain-2_RateGain -2 
2017-04-09 09:37:07,941 INFO  [Log] RateGain-3_RateGain -3 
2017-04-09 09:37:08,097 INFO  [Log] **************************************************************************************** 
2017-04-09 09:37:08,097 INFO  [Log] $$$$$$$$$$$$$$$$$$$$$                 #### Executing Test case: RateGain-4; Description: RateGain -4 For Data: 1       $$$$$$$$$$$$$$$$$$$$$$$$$ 
2017-04-09 09:37:08,097 INFO  [Log] **************************************************************************************** 
2017-04-09 09:37:16,972 INFO  [Log] #### Executing Test case: RateGain-4; Description: RateGain -4 In Chrome Browser for TestData:1 
2017-04-09 09:37:18,651 INFO  [Log] RG-01: Open URL; Action: open URL 
2017-04-09 09:37:23,687 INFO  [Log] RG-02; Not Waited 5000: Milli seconds for Element; Manual Wait is disabled 
2017-04-09 09:37:24,008 INFO  [Log] RG-03: Username; Action: Submited Value 
2017-04-09 09:37:25,008 INFO  [Log] RG-04; Not Waited 1000: Milli seconds for Element; Manual Wait is disabled 
2017-04-09 09:37:25,215 INFO  [Log] RG-05: Password; Action: Submited Value 
2017-04-09 09:37:27,226 INFO  [Log] RG-06; Not Waited 2000: Milli seconds for Element; Manual Wait is disabled 
2017-04-09 09:37:28,002 INFO  [Log] RG-07: clkLogin: Action click 
2017-04-09 09:37:33,013 INFO  [Log] RG-08; Not Waited 5000: Milli seconds for Element; Manual Wait is disabled 
2017-04-09 09:37:33,610 INFO  [Log] RG-09: ClickAdd: Action click 
2017-04-09 09:37:38,615 INFO  [Log] RG-10; Not Waited 5000: Milli seconds for Element; Manual Wait is disabled 
2017-04-09 09:37:38,835 INFO  [Log] RG-11: SelectIT: Action click 
2017-04-09 09:37:43,835 INFO  [Log] RG-12; Not Waited 5000: Milli seconds for Element; Manual Wait is disabled 
2017-04-09 09:37:44,129 INFO  [Log] RG-13: DropDownSelectIT; Action: Drop Down Select 
2017-04-09 09:37:49,129 INFO  [Log] RG-14; Not Waited 5000: Milli seconds for Element; Manual Wait is disabled 
2017-04-09 09:37:49,460 INFO  [Log] RG-15: Clientcodekeys; Action: Submited Value 
2017-04-09 09:37:54,460 INFO  [Log] RG-16; Not Waited 5000: Milli seconds for Element; Manual Wait is disabled 
2017-04-09 09:37:54,771 INFO  [Log] RG-17: LastName; Action: Submited Value 
2017-04-09 09:37:59,771 INFO  [Log] RG-18; Not Waited 5000: Milli seconds for Element; Manual Wait is disabled 
2017-04-09 09:38:00,624 INFO  [Log] RG-19: ClkSave: Action click 
2017-04-09 09:38:05,626 INFO  [Log] RG-20; Not Waited 5000: Milli seconds for Element; Manual Wait is disabled 
2017-04-09 09:38:05,939 INFO  [Log] RG-21: ClickRStaus: Action click 
2017-04-09 09:38:10,950 INFO  [Log] RG-22; Not Waited 5000: Milli seconds for Element; Manual Wait is disabled 
2017-04-09 09:38:11,616 INFO  [Log] RG-23: ClkSave: Action click 
2017-04-09 09:38:16,619 INFO  [Log] RG-24; Not Waited 5000: Milli seconds for Element; Manual Wait is disabled 
2017-04-09 09:38:17,107 INFO  [Log] RG-25: ClickIncome: Action click 
2017-04-09 09:38:22,118 INFO  [Log] RG-26; Not Waited 5000: Milli seconds for Element; Manual Wait is disabled 
2017-04-09 09:38:22,369 INFO  [Log] RG-27: IncomeDrpdwn; Action: Drop Down Select 
2017-04-09 09:38:27,380 INFO  [Log] RG-28; Not Waited 5000: Milli seconds for Element; Manual Wait is disabled 
2017-04-09 09:38:27,676 INFO  [Log] RG-29: ClkSave: Action click 
2017-04-09 09:38:32,681 INFO  [Log] RG-30; Not Waited 5000: Milli seconds for Element; Manual Wait is disabled 
2017-04-09 09:38:33,302 INFO  [Log] RG-31: ClkSaveconfrm: Action click 
2017-04-09 09:38:38,302 INFO  [Log] RG-32; Not Waited 5000: Milli seconds for Element; Manual Wait is disabled 
2017-04-09 09:38:38,994 INFO  [Log] RG-33: ClkIncomeDetails: Action click 
2017-04-09 09:38:44,002 INFO  [Log] RG-34; Not Waited 5000: Milli seconds for Element; Manual Wait is disabled 
2017-04-09 09:38:44,252 INFO  [Log] RG-35: CSendSalDetails; Action: Submited Value 
2017-04-09 09:38:49,268 INFO  [Log] RG-36; Not Waited 5000: Milli seconds for Element; Manual Wait is disabled 
2017-04-09 09:38:49,538 INFO  [Log] RG-37: SendOtherSouurs; Action: Submited Value 
2017-04-09 09:38:54,542 INFO  [Log] RG-38; Not Waited 5000: Milli seconds for Element; Manual Wait is disabled 
2017-04-09 09:38:54,875 INFO  [Log] RG-39: ClkSave: Action click 
2017-04-09 09:38:59,880 INFO  [Log] RG-40; Not Waited 5000: Milli seconds for Element; Manual Wait is disabled 
2017-04-09 09:39:00,371 INFO  [Log] RG-41: ClkComputation: Action click 
2017-04-09 09:39:05,378 INFO  [Log] RG-42; Not Waited 5000: Milli seconds for Element; Manual Wait is disabled 
2017-04-09 09:39:05,631 INFO  [Log] RG-43: DateSelect: Action click 
2017-04-09 09:39:10,638 INFO  [Log] RG-44; Not Waited 5000: Milli seconds for Element; Manual Wait is disabled 
2017-04-09 09:39:11,047 INFO  [Log] Failed: RG-45: CmpreSalary; Value: 50000; is Not Present in Page values: ,  
2017-04-09 09:39:16,226 INFO  [Log] RG-46; Not Waited 5000: Milli seconds for Element; Manual Wait is disabled 
2017-04-09 09:39:16,508 INFO  [Log] Failed: RG-47: Cmpreothere; Value: 10000; is Not Present in Page values: ,  
2017-04-09 09:39:21,659 INFO  [Log] RG-48; Not Waited 5000: Milli seconds for Element; Manual Wait is disabled 
2017-04-09 09:39:21,849 INFO  [Log] RG-49: ClkTax; Action: Mouse Hover 
2017-04-09 09:39:26,849 INFO  [Log] RG-50; Not Waited 5000: Milli seconds for Element; Manual Wait is disabled 
2017-04-09 09:39:27,966 INFO  [Log] RG-51: SelectSelf: Action click 
2017-04-09 09:39:32,967 INFO  [Log] RG-52; Not Waited 5000: Milli seconds for Element; Manual Wait is disabled 
2017-04-09 09:39:33,296 INFO  [Log] RG-53: Clkdate: Action click 
2017-04-09 09:39:38,298 INFO  [Log] RG-54; Not Waited 5000: Milli seconds for Element; Manual Wait is disabled 
2017-04-09 09:39:38,710 INFO  [Log] RG-55: choosedate: Action click 
2017-04-09 09:39:43,713 INFO  [Log] RG-56; Not Waited 5000: Milli seconds for Element; Manual Wait is disabled 
2017-04-09 09:39:44,019 INFO  [Log] RG-57: SendBSRcode: Action click 
2017-04-09 09:39:49,022 INFO  [Log] RG-58; Not Waited 5000: Milli seconds for Element; Manual Wait is disabled 
2017-04-09 09:39:49,228 ERROR [Log] Error#: RateGain-1RG-59XpathSubmitValue  org.openqa.selenium.WebDriverException: unknown error: cannot focus element
  (Session info: chrome=57.0.2987.133)
  (Driver info: chromedriver=2.29.461591 (62ebf098771772160f391d75e589dc567915b233),platform=Windows NT 6.1.7601 SP1 x86_64) (WARNING: The server did not provide any stacktrace information)
Command duration or timeout: 55 milliseconds
Build info: version: '2.53.0', revision: '35ae25b', time: '2016-03-15 17:00:58'
System info: host: 'P-Lokesh-LP', ip: '192.168.1.16', os.name: 'Windows 7', os.arch: 'amd64', os.version: '6.1', java.version: '1.8.0_121'
Driver info: org.openqa.selenium.chrome.ChromeDriver
Capabilities [{applicationCacheEnabled=false, rotatable=false, mobileEmulationEnabled=false, networkConnectionEnabled=false, chrome={chromedriverVersion=2.29.461591 (62ebf098771772160f391d75e589dc567915b233), userDataDir=C:\Users\PD1BF~1.LOK\AppData\Local\Temp\scoped_dir8384_26317}, takesHeapSnapshot=true, pageLoadStrategy=normal, databaseEnabled=false, handlesAlerts=true, hasTouchScreen=false, version=57.0.2987.133, platform=XP, browserConnectionEnabled=false, nativeEvents=true, acceptSslCerts=true, locationContextEnabled=true, webStorageEnabled=true, browserName=chrome, takesScreenshot=true, javascriptEnabled=true, cssSelectorsEnabled=true, unexpectedAlertBehaviour=}]
Session ID: b4e731230d3f9ab87937545b634af560null:Exception is not handled 
2017-04-09 09:39:54,020 INFO  [Log] Quiting all instance of Browser(Firefox) 
2017-04-09 09:39:54,754 INFO  [Log] Quiting all instance of Browser(Chrome) 
2017-04-09 09:39:55,488 INFO  [Log] Quiting all instance of Browser(Internet explorer) 
2017-04-09 09:39:55,488 INFO  [Log] XXXXXXXXXXXXXXXXXXXXXXX             -E---N---D Test Case             XXXXXXXXXXXXXXXXXXXXXX 
2017-04-09 09:39:55,488 FATAL [Log] RateGain-1RG-59XpathSubmitValue  org.openqa.selenium.WebDriverException: unknown error: cannot focus element
  (Session info: chrome=57.0.2987.133)
  (Driver info: chromedriver=2.29.461591 (62ebf098771772160f391d75e589dc567915b233),platform=Windows NT 6.1.7601 SP1 x86_64) (WARNING: The server did not provide any stacktrace information)
Command duration or timeout: 55 milliseconds
Build info: version: '2.53.0', revision: '35ae25b', time: '2016-03-15 17:00:58'
System info: host: 'P-Lokesh-LP', ip: '192.168.1.16', os.name: 'Windows 7', os.arch: 'amd64', os.version: '6.1', java.version: '1.8.0_121'
Driver info: org.openqa.selenium.chrome.ChromeDriver
Capabilities [{applicationCacheEnabled=false, rotatable=false, mobileEmulationEnabled=false, networkConnectionEnabled=false, chrome={chromedriverVersion=2.29.461591 (62ebf098771772160f391d75e589dc567915b233), userDataDir=C:\Users\PD1BF~1.LOK\AppData\Local\Temp\scoped_dir8384_26317}, takesHeapSnapshot=true, pageLoadStrategy=normal, databaseEnabled=false, handlesAlerts=true, hasTouchScreen=false, version=57.0.2987.133, platform=XP, browserConnectionEnabled=false, nativeEvents=true, acceptSslCerts=true, locationContextEnabled=true, webStorageEnabled=true, browserName=chrome, takesScreenshot=true, javascriptEnabled=true, cssSelectorsEnabled=true, unexpectedAlertBehaviour=}]
Session ID: b4e731230d3f9ab87937545b634af560null:Exception is not handled 
2017-04-09 09:39:55,534 INFO  [Log] XXXXXXXXXXXXXXXXXXXXXXX             -E---N---D Test Case             XXXXXXXXXXXXXXXXXXXXXX 
2017-04-09 09:39:55,738 INFO  [Log] RateGain-5_RateGain -5 
2017-04-09 09:39:55,910 INFO  [Log] ####Closing Test Suite #### 
2017-04-09 09:39:55,910 INFO  [Log] XXXXXXXXXXXXXXXXXXXXXXX             -E---N---D Test Case             XXXXXXXXXXXXXXXXXXXXXX 
2017-04-09 09:39:55,910 INFO  [Log] Creating Logs backup and storing for further reference 
