2017-04-10 12:02:12,947 INFO  [Log] Test Scenario Configuration started 
2017-04-10 12:02:12,968 INFO  [Log] Initialing HTML reporting 
2017-04-10 12:02:13,650 INFO  [Log] Starting Test Suit Execution 
2017-04-10 12:02:13,650 INFO  [Log] Creating Test suit report 
2017-04-10 12:02:14,711 WARN  [Log] Browser instance value is null 
2017-04-10 12:02:15,489 INFO  [Log] Object repository is created successfully 
2017-04-10 12:02:15,631 INFO  [Log] RateGain-1_RateGain -1 
2017-04-10 12:02:15,861 INFO  [Log] RateGain-2_RateGain -2 
2017-04-10 12:02:16,043 INFO  [Log] RateGain-3_RateGain -3 
2017-04-10 12:02:16,274 INFO  [Log] RateGain-4_RateGain -4 
2017-04-10 12:02:16,496 INFO  [Log] RateGain-5_RateGain -5 
2017-04-10 12:02:16,658 INFO  [Log] **************************************************************************************** 
2017-04-10 12:02:16,658 INFO  [Log] $$$$$$$$$$$$$$$$$$$$$                 #### Executing Test case: RateGain-6; Description: RateGain -6 For Data: 1       $$$$$$$$$$$$$$$$$$$$$$$$$ 
2017-04-10 12:02:16,658 INFO  [Log] **************************************************************************************** 
2017-04-10 12:02:27,398 INFO  [Log] #### Executing Test case: RateGain-6; Description: RateGain -6 In Chrome Browser for TestData:1 
2017-04-10 12:02:29,586 INFO  [Log] RG-01: Open URL; Action: open URL 
2017-04-10 12:02:34,635 INFO  [Log] RG-02; Not Waited 5000: Milli seconds for Element; Manual Wait is disabled 
2017-04-10 12:02:34,981 INFO  [Log] RG-03: Username; Action: Submited Value 
2017-04-10 12:02:35,991 INFO  [Log] RG-04; Not Waited 1000: Milli seconds for Element; Manual Wait is disabled 
2017-04-10 12:02:36,184 INFO  [Log] RG-05: Password; Action: Submited Value 
2017-04-10 12:02:38,207 INFO  [Log] RG-06; Not Waited 2000: Milli seconds for Element; Manual Wait is disabled 
2017-04-10 12:02:38,825 INFO  [Log] RG-07: clkLogin: Action click 
2017-04-10 12:02:43,849 INFO  [Log] RG-08; Not Waited 5000: Milli seconds for Element; Manual Wait is disabled 
2017-04-10 12:02:44,515 INFO  [Log] RG-09: ClickAdd: Action click 
2017-04-10 12:02:49,542 INFO  [Log] RG-10; Not Waited 5000: Milli seconds for Element; Manual Wait is disabled 
2017-04-10 12:02:49,709 INFO  [Log] RG-11: SelectIT: Action click 
2017-04-10 12:02:54,709 INFO  [Log] RG-12; Not Waited 5000: Milli seconds for Element; Manual Wait is disabled 
2017-04-10 12:02:54,935 INFO  [Log] RG-13: DropDownSelectIT; Action: Drop Down Select 
2017-04-10 12:02:59,935 INFO  [Log] RG-14; Not Waited 5000: Milli seconds for Element; Manual Wait is disabled 
2017-04-10 12:03:00,157 INFO  [Log] RG-15: Clientcodekeys; Action: Submited Value 
2017-04-10 12:03:05,157 INFO  [Log] RG-16; Not Waited 5000: Milli seconds for Element; Manual Wait is disabled 
2017-04-10 12:03:05,413 INFO  [Log] RG-17: LastName; Action: Submited Value 
2017-04-10 12:03:10,413 INFO  [Log] RG-18; Not Waited 5000: Milli seconds for Element; Manual Wait is disabled 
2017-04-10 12:03:11,275 INFO  [Log] RG-19: ClkSave: Action click 
2017-04-10 12:03:16,276 INFO  [Log] RG-20; Not Waited 5000: Milli seconds for Element; Manual Wait is disabled 
2017-04-10 12:03:16,413 INFO  [Log] RG-21: ClickRStaus: Action click 
2017-04-10 12:03:21,425 INFO  [Log] RG-22; Not Waited 5000: Milli seconds for Element; Manual Wait is disabled 
2017-04-10 12:03:21,996 INFO  [Log] RG-23: ClkSave: Action click 
2017-04-10 12:03:27,023 INFO  [Log] RG-24; Not Waited 5000: Milli seconds for Element; Manual Wait is disabled 
2017-04-10 12:03:27,418 INFO  [Log] RG-25: ClickIncome: Action click 
2017-04-10 12:03:32,439 INFO  [Log] RG-26; Not Waited 5000: Milli seconds for Element; Manual Wait is disabled 
2017-04-10 12:03:32,651 INFO  [Log] RG-27: IncomeDrpdwn; Action: Drop Down Select 
2017-04-10 12:03:37,643 INFO  [Log] RG-28; Not Waited 5000: Milli seconds for Element; Manual Wait is disabled 
2017-04-10 12:03:37,827 INFO  [Log] RG-29: ClkSave: Action click 
2017-04-10 12:03:42,845 INFO  [Log] RG-30; Not Waited 5000: Milli seconds for Element; Manual Wait is disabled 
2017-04-10 12:03:44,995 INFO  [Log] RG-31: ClkSaveconfrm: Action click 
2017-04-10 12:03:50,014 INFO  [Log] RG-32; Not Waited 5000: Milli seconds for Element; Manual Wait is disabled 
2017-04-10 12:03:50,618 INFO  [Log] RG-33: ClickSalary: Action click 
2017-04-10 12:03:55,637 INFO  [Log] RG-34; Not Waited 5000: Milli seconds for Element; Manual Wait is disabled 
2017-04-10 12:03:55,768 INFO  [Log] RG-35: NameOfEmployer: Action click 
2017-04-10 12:03:57,768 INFO  [Log] RG-36; Not Waited 2000: Milli seconds for Element; Manual Wait is disabled 
2017-04-10 12:03:57,951 INFO  [Log] RG-37: NameOfEmployer: Action Submit If 
2017-04-10 12:03:59,971 INFO  [Log] RG-38; Not Waited 2000: Milli seconds for Element; Manual Wait is disabled 
2017-04-10 12:04:00,149 INFO  [Log] RG-39: EmployerType: Action click 
2017-04-10 12:04:02,149 INFO  [Log] RG-40; Not Waited 2000: Milli seconds for Element; Manual Wait is disabled 
2017-04-10 12:04:02,337 INFO  [Log] RG-41: ClkSaveconfrm: Action click 
2017-04-10 12:04:07,346 INFO  [Log] RG-42; Not Waited 5000: Milli seconds for Element; Manual Wait is disabled 
2017-04-10 12:04:08,804 INFO  [Log] RG-43: ClkSave: Action click 
2017-04-10 12:04:13,805 INFO  [Log] RG-44; Not Waited 5000: Milli seconds for Element; Manual Wait is disabled 
2017-04-10 12:04:14,451 INFO  [Log] RG-45: ClickHP: Action click 
2017-04-10 12:04:19,477 INFO  [Log] RG-46; Not Waited 5000: Milli seconds for Element; Manual Wait is disabled 
2017-04-10 12:04:19,709 INFO  [Log] RG-47: EnterPropValue: Action Submit If 
2017-04-10 12:04:21,733 INFO  [Log] RG-48; Not Waited 2000: Milli seconds for Element; Manual Wait is disabled 
2017-04-10 12:04:21,918 INFO  [Log] RG-49: ClkSave: Action click 
2017-04-10 12:04:26,943 INFO  [Log] RG-50; Not Waited 5000: Milli seconds for Element; Manual Wait is disabled 
2017-04-10 12:04:27,811 INFO  [Log] RG-51: ClkSaveconfrm: Action click 
2017-04-10 12:04:29,836 INFO  [Log] RG-52; Not Waited 2000: Milli seconds for Element; Manual Wait is disabled 
2017-04-10 12:04:30,324 INFO  [Log] RG-53: OtherSoruce: Action click 
2017-04-10 12:04:35,349 INFO  [Log] RG-54; Not Waited 5000: Milli seconds for Element; Manual Wait is disabled 
2017-04-10 12:04:35,557 INFO  [Log] RG-55: racesource: Action Submit If 
2017-04-10 12:04:40,584 INFO  [Log] RG-56; Not Waited 5000: Milli seconds for Element; Manual Wait is disabled 
2017-04-10 12:04:41,297 INFO  [Log] RG-57: ClkSave: Action click 
2017-04-10 12:04:46,302 INFO  [Log] RG-58; Not Waited 5000: Milli seconds for Element; Manual Wait is disabled 
2017-04-10 12:04:46,473 INFO  [Log] RG-59: Deduction: Action click 
2017-04-10 12:04:51,492 INFO  [Log] RG-60; Not Waited 5000: Milli seconds for Element; Manual Wait is disabled 
2017-04-10 12:04:51,705 INFO  [Log] RG-61: entervalue: Action Submit If 
2017-04-10 12:04:56,732 INFO  [Log] RG-62; Not Waited 5000: Milli seconds for Element; Manual Wait is disabled 
2017-04-10 12:04:56,940 INFO  [Log] RG-63: ClkSave: Action click 
2017-04-10 12:05:01,941 INFO  [Log] RG-64; Not Waited 5000: Milli seconds for Element; Manual Wait is disabled 
2017-04-10 12:05:02,103 INFO  [Log] RG-65: ClkTax: ToolTipNavigation 
2017-04-10 12:05:09,112 INFO  [Log] RG-66; Not Waited 7000: Milli seconds for Element; Manual Wait is disabled 
2017-04-10 12:05:10,183 INFO  [Log] RG-67: SelectSelf: Action click 
2017-04-10 12:05:15,184 INFO  [Log] RG-68; Not Waited 5000: Milli seconds for Element; Manual Wait is disabled 
2017-04-10 12:05:15,364 INFO  [Log] RG-69: ClkBSRCode: Action click 
2017-04-10 12:05:20,364 INFO  [Log] RG-70; Not Waited 5000: Milli seconds for Element; Manual Wait is disabled 
2017-04-10 12:05:20,501 ERROR [Log] Error#: RateGain-1RG-71XpathSubmitIfValue  org.openqa.selenium.WebDriverException: unknown error: cannot focus element
  (Session info: chrome=57.0.2987.133)
  (Driver info: chromedriver=2.29.461591 (62ebf098771772160f391d75e589dc567915b233),platform=Windows NT 6.1.7601 SP1 x86_64) (WARNING: The server did not provide any stacktrace information)
Command duration or timeout: 43 milliseconds
Build info: version: '2.53.0', revision: '35ae25b', time: '2016-03-15 17:00:58'
System info: host: 'P-Lokesh-LP', ip: '192.168.2.147', os.name: 'Windows 7', os.arch: 'amd64', os.version: '6.1', java.version: '1.8.0_121'
Driver info: org.openqa.selenium.chrome.ChromeDriver
Capabilities [{applicationCacheEnabled=false, rotatable=false, mobileEmulationEnabled=false, networkConnectionEnabled=false, chrome={chromedriverVersion=2.29.461591 (62ebf098771772160f391d75e589dc567915b233), userDataDir=C:\Users\PD1BF~1.LOK\AppData\Local\Temp\scoped_dir3108_31910}, takesHeapSnapshot=true, pageLoadStrategy=normal, databaseEnabled=false, handlesAlerts=true, hasTouchScreen=false, version=57.0.2987.133, platform=XP, browserConnectionEnabled=false, nativeEvents=true, acceptSslCerts=true, locationContextEnabled=true, webStorageEnabled=true, browserName=chrome, takesScreenshot=true, javascriptEnabled=true, cssSelectorsEnabled=true, unexpectedAlertBehaviour=}]
Session ID: 49e35cbd9c49ea31cfe9e4504feb6bdanull:Exception is not handled 
2017-04-10 12:05:29,367 INFO  [Log] Quiting all instance of Browser(Firefox) 
2017-04-10 12:05:30,188 INFO  [Log] Quiting all instance of Browser(Chrome) 
2017-04-10 12:05:30,991 INFO  [Log] Quiting all instance of Browser(Internet explorer) 
2017-04-10 12:05:30,991 INFO  [Log] XXXXXXXXXXXXXXXXXXXXXXX             -E---N---D Test Case             XXXXXXXXXXXXXXXXXXXXXX 
2017-04-10 12:05:30,991 FATAL [Log] RateGain-1RG-71XpathSubmitIfValue  org.openqa.selenium.WebDriverException: unknown error: cannot focus element
  (Session info: chrome=57.0.2987.133)
  (Driver info: chromedriver=2.29.461591 (62ebf098771772160f391d75e589dc567915b233),platform=Windows NT 6.1.7601 SP1 x86_64) (WARNING: The server did not provide any stacktrace information)
Command duration or timeout: 43 milliseconds
Build info: version: '2.53.0', revision: '35ae25b', time: '2016-03-15 17:00:58'
System info: host: 'P-Lokesh-LP', ip: '192.168.2.147', os.name: 'Windows 7', os.arch: 'amd64', os.version: '6.1', java.version: '1.8.0_121'
Driver info: org.openqa.selenium.chrome.ChromeDriver
Capabilities [{applicationCacheEnabled=false, rotatable=false, mobileEmulationEnabled=false, networkConnectionEnabled=false, chrome={chromedriverVersion=2.29.461591 (62ebf098771772160f391d75e589dc567915b233), userDataDir=C:\Users\PD1BF~1.LOK\AppData\Local\Temp\scoped_dir3108_31910}, takesHeapSnapshot=true, pageLoadStrategy=normal, databaseEnabled=false, handlesAlerts=true, hasTouchScreen=false, version=57.0.2987.133, platform=XP, browserConnectionEnabled=false, nativeEvents=true, acceptSslCerts=true, locationContextEnabled=true, webStorageEnabled=true, browserName=chrome, takesScreenshot=true, javascriptEnabled=true, cssSelectorsEnabled=true, unexpectedAlertBehaviour=}]
Session ID: 49e35cbd9c49ea31cfe9e4504feb6bdanull:Exception is not handled 
2017-04-10 12:05:31,021 INFO  [Log] XXXXXXXXXXXXXXXXXXXXXXX             -E---N---D Test Case             XXXXXXXXXXXXXXXXXXXXXX 
2017-04-10 12:05:31,285 INFO  [Log] ####Closing Test Suite #### 
2017-04-10 12:05:31,285 INFO  [Log] XXXXXXXXXXXXXXXXXXXXXXX             -E---N---D Test Case             XXXXXXXXXXXXXXXXXXXXXX 
2017-04-10 12:05:31,285 INFO  [Log] Creating Logs backup and storing for further reference 
