2017-04-10 11:49:57,629 INFO  [Log] Test Scenario Configuration started 
2017-04-10 11:49:57,653 INFO  [Log] Initialing HTML reporting 
2017-04-10 11:49:58,568 INFO  [Log] Starting Test Suit Execution 
2017-04-10 11:49:58,568 INFO  [Log] Creating Test suit report 
2017-04-10 11:49:59,443 WARN  [Log] Browser instance value is null 
2017-04-10 11:50:00,108 INFO  [Log] Object repository is created successfully 
2017-04-10 11:50:00,238 INFO  [Log] RateGain-1_RateGain -1 
2017-04-10 11:50:00,542 INFO  [Log] RateGain-2_RateGain -2 
2017-04-10 11:50:00,746 INFO  [Log] RateGain-3_RateGain -3 
2017-04-10 11:50:00,935 INFO  [Log] RateGain-4_RateGain -4 
2017-04-10 11:50:01,183 INFO  [Log] RateGain-5_RateGain -5 
2017-04-10 11:50:01,349 INFO  [Log] **************************************************************************************** 
2017-04-10 11:50:01,349 INFO  [Log] $$$$$$$$$$$$$$$$$$$$$                 #### Executing Test case: RateGain-6; Description: RateGain -6 For Data: 1       $$$$$$$$$$$$$$$$$$$$$$$$$ 
2017-04-10 11:50:01,350 INFO  [Log] **************************************************************************************** 
2017-04-10 11:50:15,663 INFO  [Log] #### Executing Test case: RateGain-6; Description: RateGain -6 In Chrome Browser for TestData:1 
2017-04-10 11:50:19,261 INFO  [Log] RG-01: Open URL; Action: open URL 
2017-04-10 11:50:24,329 INFO  [Log] RG-02; Not Waited 5000: Milli seconds for Element; Manual Wait is disabled 
2017-04-10 11:50:25,069 INFO  [Log] RG-03: Username; Action: Submited Value 
2017-04-10 11:50:26,072 INFO  [Log] RG-04; Not Waited 1000: Milli seconds for Element; Manual Wait is disabled 
2017-04-10 11:50:26,285 INFO  [Log] RG-05: Password; Action: Submited Value 
2017-04-10 11:50:28,298 INFO  [Log] RG-06; Not Waited 2000: Milli seconds for Element; Manual Wait is disabled 
2017-04-10 11:50:28,481 INFO  [Log] RG-07: clkLogin: Action click 
2017-04-10 11:50:33,495 INFO  [Log] RG-08; Not Waited 5000: Milli seconds for Element; Manual Wait is disabled 
2017-04-10 11:50:34,147 INFO  [Log] RG-09: ClickAdd: Action click 
2017-04-10 11:50:39,173 INFO  [Log] RG-10; Not Waited 5000: Milli seconds for Element; Manual Wait is disabled 
2017-04-10 11:50:39,316 INFO  [Log] RG-11: SelectIT: Action click 
2017-04-10 11:50:44,317 INFO  [Log] RG-12; Not Waited 5000: Milli seconds for Element; Manual Wait is disabled 
2017-04-10 11:50:44,564 INFO  [Log] RG-13: DropDownSelectIT; Action: Drop Down Select 
2017-04-10 11:50:49,564 INFO  [Log] RG-14; Not Waited 5000: Milli seconds for Element; Manual Wait is disabled 
2017-04-10 11:50:49,858 INFO  [Log] RG-15: Clientcodekeys; Action: Submited Value 
2017-04-10 11:50:54,860 INFO  [Log] RG-16; Not Waited 5000: Milli seconds for Element; Manual Wait is disabled 
2017-04-10 11:50:55,217 INFO  [Log] RG-17: LastName; Action: Submited Value 
2017-04-10 11:51:00,218 INFO  [Log] RG-18; Not Waited 5000: Milli seconds for Element; Manual Wait is disabled 
2017-04-10 11:51:01,218 INFO  [Log] RG-19: ClkSave: Action click 
2017-04-10 11:51:06,219 INFO  [Log] RG-20; Not Waited 5000: Milli seconds for Element; Manual Wait is disabled 
2017-04-10 11:51:06,378 INFO  [Log] RG-21: ClickRStaus: Action click 
2017-04-10 11:51:11,369 INFO  [Log] RG-22; Not Waited 5000: Milli seconds for Element; Manual Wait is disabled 
2017-04-10 11:51:12,023 INFO  [Log] RG-23: ClkSave: Action click 
2017-04-10 11:51:17,046 INFO  [Log] RG-24; Not Waited 5000: Milli seconds for Element; Manual Wait is disabled 
2017-04-10 11:51:17,660 INFO  [Log] RG-25: ClickIncome: Action click 
2017-04-10 11:51:22,687 INFO  [Log] RG-26; Not Waited 5000: Milli seconds for Element; Manual Wait is disabled 
2017-04-10 11:51:22,879 INFO  [Log] RG-27: IncomeDrpdwn; Action: Drop Down Select 
2017-04-10 11:51:27,880 INFO  [Log] RG-28; Not Waited 5000: Milli seconds for Element; Manual Wait is disabled 
2017-04-10 11:51:28,043 INFO  [Log] RG-29: ClkSave: Action click 
2017-04-10 11:51:33,063 INFO  [Log] RG-30; Not Waited 5000: Milli seconds for Element; Manual Wait is disabled 
2017-04-10 11:51:36,406 INFO  [Log] RG-31: ClkSaveconfrm: Action click 
2017-04-10 11:51:41,434 INFO  [Log] RG-32; Not Waited 5000: Milli seconds for Element; Manual Wait is disabled 
2017-04-10 11:51:41,556 INFO  [Log] RG-33: ClickSalary: Action click 
2017-04-10 11:51:46,569 INFO  [Log] RG-34; Not Waited 5000: Milli seconds for Element; Manual Wait is disabled 
2017-04-10 11:51:46,691 INFO  [Log] RG-35: NameOfEmployer: Action click 
2017-04-10 11:51:48,706 INFO  [Log] RG-36; Not Waited 2000: Milli seconds for Element; Manual Wait is disabled 
2017-04-10 11:51:48,897 INFO  [Log] RG-37: NameOfEmployer: Action Submit If 
2017-04-10 11:51:50,916 INFO  [Log] RG-38; Not Waited 2000: Milli seconds for Element; Manual Wait is disabled 
2017-04-10 11:51:51,133 INFO  [Log] RG-39: EmployerType: Action click 
2017-04-10 11:51:53,152 INFO  [Log] RG-40; Not Waited 2000: Milli seconds for Element; Manual Wait is disabled 
2017-04-10 11:51:53,312 INFO  [Log] RG-41: ClkSaveconfrm: Action click 
2017-04-10 11:51:58,321 INFO  [Log] RG-42; Not Waited 5000: Milli seconds for Element; Manual Wait is disabled 
2017-04-10 11:51:59,717 INFO  [Log] RG-43: ClkSave: Action click 
2017-04-10 11:52:04,717 INFO  [Log] RG-44; Not Waited 5000: Milli seconds for Element; Manual Wait is disabled 
2017-04-10 11:52:05,482 INFO  [Log] RG-45: ClickHP: Action click 
2017-04-10 11:52:10,500 INFO  [Log] RG-46; Not Waited 5000: Milli seconds for Element; Manual Wait is disabled 
2017-04-10 11:52:10,739 INFO  [Log] RG-47: EnterPropValue: Action Submit If 
2017-04-10 11:52:12,762 INFO  [Log] RG-48; Not Waited 2000: Milli seconds for Element; Manual Wait is disabled 
2017-04-10 11:52:12,957 INFO  [Log] RG-49: ClkSave: Action click 
2017-04-10 11:52:17,962 INFO  [Log] RG-50; Not Waited 5000: Milli seconds for Element; Manual Wait is disabled 
2017-04-10 11:52:18,965 INFO  [Log] RG-51: ClkSaveconfrm: Action click 
2017-04-10 11:52:20,986 INFO  [Log] RG-52; Not Waited 2000: Milli seconds for Element; Manual Wait is disabled 
2017-04-10 11:52:21,529 INFO  [Log] RG-53: OtherSoruce: Action click 
2017-04-10 11:52:26,553 INFO  [Log] RG-54; Not Waited 5000: Milli seconds for Element; Manual Wait is disabled 
2017-04-10 11:52:26,787 INFO  [Log] RG-55: racesource: Action Submit If 
2017-04-10 11:52:31,815 INFO  [Log] RG-56; Not Waited 5000: Milli seconds for Element; Manual Wait is disabled 
2017-04-10 11:52:32,767 INFO  [Log] RG-57: ClkSave: Action click 
2017-04-10 11:52:37,769 INFO  [Log] RG-58; Not Waited 5000: Milli seconds for Element; Manual Wait is disabled 
2017-04-10 11:52:38,996 INFO  [Log] RG-59: Deduction: Action click 
2017-04-10 11:52:44,021 INFO  [Log] RG-60; Not Waited 5000: Milli seconds for Element; Manual Wait is disabled 
2017-04-10 11:52:44,211 INFO  [Log] RG-61: entervalue: Action Submit If 
2017-04-10 11:52:49,211 INFO  [Log] RG-62; Not Waited 5000: Milli seconds for Element; Manual Wait is disabled 
2017-04-10 11:52:49,427 INFO  [Log] RG-63: ClkSave: Action click 
2017-04-10 11:52:54,446 INFO  [Log] RG-64; Not Waited 5000: Milli seconds for Element; Manual Wait is disabled 
2017-04-10 11:52:54,561 INFO  [Log] RG-65: ClkTax: ToolTipNavigation 
2017-04-10 11:53:01,561 INFO  [Log] RG-66; Not Waited 7000: Milli seconds for Element; Manual Wait is disabled 
2017-04-10 11:53:02,973 INFO  [Log] RG-67: SelectSelf: Action click 
2017-04-10 11:53:07,973 INFO  [Log] RG-68; Not Waited 5000: Milli seconds for Element; Manual Wait is disabled 
2017-04-10 11:53:08,113 ERROR [Log] Error#: RateGain-1RG-69XpathSubmitIfValue  org.openqa.selenium.WebDriverException: unknown error: cannot focus element
  (Session info: chrome=57.0.2987.133)
  (Driver info: chromedriver=2.29.461591 (62ebf098771772160f391d75e589dc567915b233),platform=Windows NT 6.1.7601 SP1 x86_64) (WARNING: The server did not provide any stacktrace information)
Command duration or timeout: 49 milliseconds
Build info: version: '2.53.0', revision: '35ae25b', time: '2016-03-15 17:00:58'
System info: host: 'P-Lokesh-LP', ip: '192.168.2.147', os.name: 'Windows 7', os.arch: 'amd64', os.version: '6.1', java.version: '1.8.0_121'
Driver info: org.openqa.selenium.chrome.ChromeDriver
Capabilities [{applicationCacheEnabled=false, rotatable=false, mobileEmulationEnabled=false, networkConnectionEnabled=false, chrome={chromedriverVersion=2.29.461591 (62ebf098771772160f391d75e589dc567915b233), userDataDir=C:\Users\PD1BF~1.LOK\AppData\Local\Temp\scoped_dir7936_21866}, takesHeapSnapshot=true, pageLoadStrategy=normal, databaseEnabled=false, handlesAlerts=true, hasTouchScreen=false, version=57.0.2987.133, platform=XP, browserConnectionEnabled=false, nativeEvents=true, acceptSslCerts=true, locationContextEnabled=true, webStorageEnabled=true, browserName=chrome, takesScreenshot=true, javascriptEnabled=true, cssSelectorsEnabled=true, unexpectedAlertBehaviour=}]
Session ID: 0f814d459b9978f23428a991cc057fc0null:Exception is not handled 
2017-04-10 11:53:14,285 INFO  [Log] Quiting all instance of Browser(Firefox) 
2017-04-10 11:53:15,471 INFO  [Log] Quiting all instance of Browser(Chrome) 
2017-04-10 11:53:16,484 INFO  [Log] Quiting all instance of Browser(Internet explorer) 
2017-04-10 11:53:16,484 INFO  [Log] XXXXXXXXXXXXXXXXXXXXXXX             -E---N---D Test Case             XXXXXXXXXXXXXXXXXXXXXX 
2017-04-10 11:53:16,484 FATAL [Log] RateGain-1RG-69XpathSubmitIfValue  org.openqa.selenium.WebDriverException: unknown error: cannot focus element
  (Session info: chrome=57.0.2987.133)
  (Driver info: chromedriver=2.29.461591 (62ebf098771772160f391d75e589dc567915b233),platform=Windows NT 6.1.7601 SP1 x86_64) (WARNING: The server did not provide any stacktrace information)
Command duration or timeout: 49 milliseconds
Build info: version: '2.53.0', revision: '35ae25b', time: '2016-03-15 17:00:58'
System info: host: 'P-Lokesh-LP', ip: '192.168.2.147', os.name: 'Windows 7', os.arch: 'amd64', os.version: '6.1', java.version: '1.8.0_121'
Driver info: org.openqa.selenium.chrome.ChromeDriver
Capabilities [{applicationCacheEnabled=false, rotatable=false, mobileEmulationEnabled=false, networkConnectionEnabled=false, chrome={chromedriverVersion=2.29.461591 (62ebf098771772160f391d75e589dc567915b233), userDataDir=C:\Users\PD1BF~1.LOK\AppData\Local\Temp\scoped_dir7936_21866}, takesHeapSnapshot=true, pageLoadStrategy=normal, databaseEnabled=false, handlesAlerts=true, hasTouchScreen=false, version=57.0.2987.133, platform=XP, browserConnectionEnabled=false, nativeEvents=true, acceptSslCerts=true, locationContextEnabled=true, webStorageEnabled=true, browserName=chrome, takesScreenshot=true, javascriptEnabled=true, cssSelectorsEnabled=true, unexpectedAlertBehaviour=}]
Session ID: 0f814d459b9978f23428a991cc057fc0null:Exception is not handled 
2017-04-10 11:53:16,525 INFO  [Log] XXXXXXXXXXXXXXXXXXXXXXX             -E---N---D Test Case             XXXXXXXXXXXXXXXXXXXXXX 
2017-04-10 11:53:16,997 INFO  [Log] ####Closing Test Suite #### 
2017-04-10 11:53:16,997 INFO  [Log] XXXXXXXXXXXXXXXXXXXXXXX             -E---N---D Test Case             XXXXXXXXXXXXXXXXXXXXXX 
2017-04-10 11:53:16,998 INFO  [Log] Creating Logs backup and storing for further reference 
