2017-04-11 15:49:21,412 INFO  [Log] Test Scenario Configuration started 
2017-04-11 15:49:21,436 INFO  [Log] Initialing HTML reporting 
2017-04-11 15:49:22,583 INFO  [Log] Starting Test Suit Execution 
2017-04-11 15:49:22,583 INFO  [Log] Creating Test suit report 
2017-04-11 15:49:23,802 WARN  [Log] Browser instance value is null 
2017-04-11 15:49:25,020 INFO  [Log] Object repository is created successfully 
2017-04-11 15:49:25,411 INFO  [Log] RateGain-1_RateGain -1 
2017-04-11 15:49:25,774 INFO  [Log] RateGain-2_RateGain -2 
2017-04-11 15:49:26,202 INFO  [Log] RateGain-3_RateGain -3 
2017-04-11 15:49:26,562 INFO  [Log] **************************************************************************************** 
2017-04-11 15:49:26,563 INFO  [Log] $$$$$$$$$$$$$$$$$$$$$                 #### Executing Test case: RateGain-4; Description: RateGain -4 For Data: 1       $$$$$$$$$$$$$$$$$$$$$$$$$ 
2017-04-11 15:49:26,563 INFO  [Log] **************************************************************************************** 
2017-04-11 15:49:39,886 INFO  [Log] #### Executing Test case: RateGain-4; Description: RateGain -4 In Chrome Browser for TestData:1 
2017-04-11 15:49:42,811 INFO  [Log] RG-01: Open URL; Action: open URL 
2017-04-11 15:49:47,885 INFO  [Log] RG-02; Not Waited 5000: Milli seconds for Element; Manual Wait is disabled 
2017-04-11 15:49:48,395 INFO  [Log] RG-03: Username; Action: Submited Value 
2017-04-11 15:49:49,395 INFO  [Log] RG-04; Not Waited 1000: Milli seconds for Element; Manual Wait is disabled 
2017-04-11 15:49:49,800 INFO  [Log] RG-05: Password; Action: Submited Value 
2017-04-11 15:49:51,802 INFO  [Log] RG-06; Not Waited 2000: Milli seconds for Element; Manual Wait is disabled 
2017-04-11 15:49:52,696 INFO  [Log] RG-07: clkLogin: Action click 
2017-04-11 15:49:53,698 INFO  [Log] RG-08; Not Waited 1000: Milli seconds for Element; Manual Wait is disabled 
2017-04-11 15:49:56,951 INFO  [Log] RG-09: clkLogin: Action click If 
2017-04-11 15:49:57,956 INFO  [Log] RG-10; Not Waited 1000: Milli seconds for Element; Manual Wait is disabled 
2017-04-11 15:49:58,177 INFO  [Log] RG-11: Username: Action Submit If 
2017-04-11 15:49:59,178 INFO  [Log] RG-12; Not Waited 1000: Milli seconds for Element; Manual Wait is disabled 
2017-04-11 15:49:59,358 INFO  [Log] RG-13: Password: Action Submit If 
2017-04-11 15:50:01,358 INFO  [Log] RG-14; Not Waited 2000: Milli seconds for Element; Manual Wait is disabled 
2017-04-11 15:50:05,017 INFO  [Log] RG-15: clkLogin: Action click If 
2017-04-11 15:50:08,017 INFO  [Log] RG-16; Not Waited 3000: Milli seconds for Element; Manual Wait is disabled 
2017-04-11 15:50:08,621 INFO  [Log] RG-17: ClickAdd: Action click 
2017-04-11 15:50:11,622 INFO  [Log] RG-18; Not Waited 3000: Milli seconds for Element; Manual Wait is disabled 
2017-04-11 15:50:11,787 INFO  [Log] RG-19: SelectIT: Action click 
2017-04-11 15:50:16,789 INFO  [Log] RG-20; Not Waited 5000: Milli seconds for Element; Manual Wait is disabled 
2017-04-11 15:50:17,005 INFO  [Log] RG-21: DropDownSelectIT; Action: Drop Down Select 
2017-04-11 15:50:22,005 INFO  [Log] RG-22; Not Waited 5000: Milli seconds for Element; Manual Wait is disabled 
2017-04-11 15:50:22,275 INFO  [Log] RG-23: Clientcodekeys; Action: Submit Random Value: sJXrC; Index No is0 
2017-04-11 15:50:27,277 INFO  [Log] RG-24; Not Waited 5000: Milli seconds for Element; Manual Wait is disabled 
2017-04-11 15:50:27,564 INFO  [Log] RG-25: LastName; Action: Submited Value 
2017-04-11 15:50:30,565 INFO  [Log] RG-26; Not Waited 3000: Milli seconds for Element; Manual Wait is disabled 
2017-04-11 15:50:30,764 INFO  [Log] RG-27: ClkSave: Action click 
2017-04-11 15:50:33,765 INFO  [Log] RG-28; Not Waited 3000: Milli seconds for Element; Manual Wait is disabled 
2017-04-11 15:50:33,931 INFO  [Log] RG-29: ClickRStaus: Action click 
2017-04-11 15:50:36,931 INFO  [Log] RG-30; Not Waited 3000: Milli seconds for Element; Manual Wait is disabled 
2017-04-11 15:50:37,517 INFO  [Log] RG-31: ClkSave: Action click 
2017-04-11 15:50:40,518 INFO  [Log] RG-32; Not Waited 3000: Milli seconds for Element; Manual Wait is disabled 
2017-04-11 15:50:40,946 INFO  [Log] RG-33: ClickIncome: Action click 
2017-04-11 15:50:43,947 INFO  [Log] RG-34; Not Waited 3000: Milli seconds for Element; Manual Wait is disabled 
2017-04-11 15:50:44,128 INFO  [Log] RG-35: IncomeDrpdwn; Action: Drop Down Select 
2017-04-11 15:50:49,129 INFO  [Log] RG-36; Not Waited 5000: Milli seconds for Element; Manual Wait is disabled 
2017-04-11 15:50:49,285 INFO  [Log] RG-37: ClkSave: Action click 
2017-04-11 15:50:54,285 INFO  [Log] RG-38; Not Waited 5000: Milli seconds for Element; Manual Wait is disabled 
2017-04-11 15:50:54,839 INFO  [Log] RG-39: ClkSaveconfrm: Action click 
2017-04-11 15:50:59,840 INFO  [Log] RG-40; Not Waited 5000: Milli seconds for Element; Manual Wait is disabled 
2017-04-11 15:51:00,394 INFO  [Log] RG-41: ClkIncomeDetails: Action click 
2017-04-11 15:51:02,394 INFO  [Log] RG-42; Not Waited 2000: Milli seconds for Element; Manual Wait is disabled 
2017-04-11 15:51:02,562 INFO  [Log] RG-43: CSendSalDetails; Action: Submited Value 
2017-04-11 15:51:04,563 INFO  [Log] RG-44; Not Waited 2000: Milli seconds for Element; Manual Wait is disabled 
2017-04-11 15:51:04,769 INFO  [Log] RG-45: SendOtherSouurs; Action: Submited Value 
2017-04-11 15:51:06,769 INFO  [Log] RG-46; Not Waited 2000: Milli seconds for Element; Manual Wait is disabled 
2017-04-11 15:51:06,920 INFO  [Log] RG-47: ClkExcept; Action: Submited Value 
2017-04-11 15:51:08,921 INFO  [Log] RG-48; Not Waited 2000: Milli seconds for Element; Manual Wait is disabled 
2017-04-11 15:51:09,820 INFO  [Log] RG-49: ClkSave: Action click 
2017-04-11 15:51:14,822 INFO  [Log] RG-50; Not Waited 5000: Milli seconds for Element; Manual Wait is disabled 
2017-04-11 15:51:15,260 INFO  [Log] RG-51: ClkComputation: Action click 
2017-04-11 15:51:20,261 INFO  [Log] RG-52; Not Waited 5000: Milli seconds for Element; Manual Wait is disabled 
2017-04-11 15:51:20,439 INFO  [Log] RG-53: DateSelect: Action click 
2017-04-11 15:51:22,439 INFO  [Log] RG-54; Not Waited 2000: Milli seconds for Element; Manual Wait is disabled 
2017-04-11 15:51:22,817 INFO  [Log] Failed: RG-55: CmpreSalary; Value: 50000; is Not Present in Page values: ,  
2017-04-11 15:51:25,045 INFO  [Log] RG-56; Not Waited 2000: Milli seconds for Element; Manual Wait is disabled 
2017-04-11 15:51:25,295 INFO  [Log] Failed: RG-57: Cmpreothere; Value: 10000; is Not Present in Page values: ,  
2017-04-11 15:51:30,466 INFO  [Log] RG-58; Not Waited 5000: Milli seconds for Element; Manual Wait is disabled 
2017-04-11 15:51:30,638 INFO  [Log] RG-59: Dropdown click: Action click 
2017-04-11 15:51:35,639 INFO  [Log] RG-60; Not Waited 5000: Milli seconds for Element; Manual Wait is disabled 
2017-04-11 15:51:35,800 INFO  [Log] RG-61: ClkTax: Action click 
2017-04-11 15:51:40,801 INFO  [Log] RG-62; Not Waited 5000: Milli seconds for Element; Manual Wait is disabled 
2017-04-11 15:51:49,409 INFO  [Log] RG-63: Clkdate: Action click 
2017-04-11 15:51:54,413 INFO  [Log] RG-64; Not Waited 5000: Milli seconds for Element; Manual Wait is disabled 
2017-04-11 15:51:54,587 INFO  [Log] RG-65: choosedate: Action click 
2017-04-11 15:51:59,588 INFO  [Log] RG-66; Not Waited 5000: Milli seconds for Element; Manual Wait is disabled 
2017-04-11 15:51:59,774 INFO  [Log] RG-67: ClkDouble: Action click 
2017-04-11 15:51:59,872 INFO  [Log] RG-68: ClkDouble: Action click 
2017-04-11 15:52:04,872 INFO  [Log] RG-69; Not Waited 5000: Milli seconds for Element; Manual Wait is disabled 
2017-04-11 15:52:05,034 ERROR [Log] Error#: RateGain-1RG-70XpathSubmitValue  org.openqa.selenium.ElementNotVisibleException: element not visible
  (Session info: chrome=57.0.2987.133)
  (Driver info: chromedriver=2.29.461591 (62ebf098771772160f391d75e589dc567915b233),platform=Windows NT 6.1.7601 SP1 x86_64) (WARNING: The server did not provide any stacktrace information)
Command duration or timeout: 29 milliseconds
Build info: version: '2.53.0', revision: '35ae25b', time: '2016-03-15 17:00:58'
System info: host: 'P-Lokesh-LP', ip: '192.168.2.147', os.name: 'Windows 7', os.arch: 'amd64', os.version: '6.1', java.version: '1.8.0_121'
Driver info: org.openqa.selenium.chrome.ChromeDriver
Capabilities [{applicationCacheEnabled=false, rotatable=false, mobileEmulationEnabled=false, networkConnectionEnabled=false, chrome={chromedriverVersion=2.29.461591 (62ebf098771772160f391d75e589dc567915b233), userDataDir=C:\Users\PD1BF~1.LOK\AppData\Local\Temp\scoped_dir5624_25463}, takesHeapSnapshot=true, pageLoadStrategy=normal, databaseEnabled=false, handlesAlerts=true, hasTouchScreen=false, version=57.0.2987.133, platform=XP, browserConnectionEnabled=false, nativeEvents=true, acceptSslCerts=true, locationContextEnabled=true, webStorageEnabled=true, browserName=chrome, takesScreenshot=true, javascriptEnabled=true, cssSelectorsEnabled=true, unexpectedAlertBehaviour=}]
Session ID: 6eaebccb93e35ebcfc9a565aacfc196cnull:Exception is not handled 
2017-04-11 15:52:09,376 INFO  [Log] Quiting all instance of Browser(Firefox) 
2017-04-11 15:52:10,160 INFO  [Log] Quiting all instance of Browser(Chrome) 
2017-04-11 15:52:10,948 INFO  [Log] Quiting all instance of Browser(Internet explorer) 
2017-04-11 15:52:10,948 INFO  [Log] XXXXXXXXXXXXXXXXXXXXXXX             -E---N---D Test Case             XXXXXXXXXXXXXXXXXXXXXX 
2017-04-11 15:52:10,948 FATAL [Log] RateGain-1RG-70XpathSubmitValue  org.openqa.selenium.ElementNotVisibleException: element not visible
  (Session info: chrome=57.0.2987.133)
  (Driver info: chromedriver=2.29.461591 (62ebf098771772160f391d75e589dc567915b233),platform=Windows NT 6.1.7601 SP1 x86_64) (WARNING: The server did not provide any stacktrace information)
Command duration or timeout: 29 milliseconds
Build info: version: '2.53.0', revision: '35ae25b', time: '2016-03-15 17:00:58'
System info: host: 'P-Lokesh-LP', ip: '192.168.2.147', os.name: 'Windows 7', os.arch: 'amd64', os.version: '6.1', java.version: '1.8.0_121'
Driver info: org.openqa.selenium.chrome.ChromeDriver
Capabilities [{applicationCacheEnabled=false, rotatable=false, mobileEmulationEnabled=false, networkConnectionEnabled=false, chrome={chromedriverVersion=2.29.461591 (62ebf098771772160f391d75e589dc567915b233), userDataDir=C:\Users\PD1BF~1.LOK\AppData\Local\Temp\scoped_dir5624_25463}, takesHeapSnapshot=true, pageLoadStrategy=normal, databaseEnabled=false, handlesAlerts=true, hasTouchScreen=false, version=57.0.2987.133, platform=XP, browserConnectionEnabled=false, nativeEvents=true, acceptSslCerts=true, locationContextEnabled=true, webStorageEnabled=true, browserName=chrome, takesScreenshot=true, javascriptEnabled=true, cssSelectorsEnabled=true, unexpectedAlertBehaviour=}]
Session ID: 6eaebccb93e35ebcfc9a565aacfc196cnull:Exception is not handled 
2017-04-11 15:52:10,961 INFO  [Log] XXXXXXXXXXXXXXXXXXXXXXX             -E---N---D Test Case             XXXXXXXXXXXXXXXXXXXXXX 
2017-04-11 15:52:11,146 INFO  [Log] RateGain-5_RateGain -5 
2017-04-11 15:52:11,296 INFO  [Log] RateGain-6_RateGain -6 
2017-04-11 15:52:11,474 INFO  [Log] ####Closing Test Suite #### 
2017-04-11 15:52:11,474 INFO  [Log] XXXXXXXXXXXXXXXXXXXXXXX             -E---N---D Test Case             XXXXXXXXXXXXXXXXXXXXXX 
2017-04-11 15:52:11,474 INFO  [Log] Creating Logs backup and storing for further reference 
