2017-04-11 15:45:49,542 INFO  [Log] Test Scenario Configuration started 
2017-04-11 15:45:49,557 INFO  [Log] Initialing HTML reporting 
2017-04-11 15:45:50,261 INFO  [Log] Starting Test Suit Execution 
2017-04-11 15:45:50,261 INFO  [Log] Creating Test suit report 
2017-04-11 15:45:50,922 WARN  [Log] Browser instance value is null 
2017-04-11 15:45:51,607 INFO  [Log] Object repository is created successfully 
2017-04-11 15:45:51,753 INFO  [Log] RateGain-1_RateGain -1 
2017-04-11 15:45:52,002 INFO  [Log] RateGain-2_RateGain -2 
2017-04-11 15:45:52,183 INFO  [Log] RateGain-3_RateGain -3 
2017-04-11 15:45:52,358 INFO  [Log] **************************************************************************************** 
2017-04-11 15:45:52,358 INFO  [Log] $$$$$$$$$$$$$$$$$$$$$                 #### Executing Test case: RateGain-4; Description: RateGain -4 For Data: 1       $$$$$$$$$$$$$$$$$$$$$$$$$ 
2017-04-11 15:45:52,358 INFO  [Log] **************************************************************************************** 
2017-04-11 15:46:01,395 INFO  [Log] #### Executing Test case: RateGain-4; Description: RateGain -4 In Chrome Browser for TestData:1 
2017-04-11 15:46:03,223 INFO  [Log] RG-01: Open URL; Action: open URL 
2017-04-11 15:46:08,254 INFO  [Log] RG-02; Not Waited 5000: Milli seconds for Element; Manual Wait is disabled 
2017-04-11 15:46:08,536 INFO  [Log] RG-03: Username; Action: Submited Value 
2017-04-11 15:46:09,537 INFO  [Log] RG-04; Not Waited 1000: Milli seconds for Element; Manual Wait is disabled 
2017-04-11 15:46:09,768 INFO  [Log] RG-05: Password; Action: Submited Value 
2017-04-11 15:46:11,768 INFO  [Log] RG-06; Not Waited 2000: Milli seconds for Element; Manual Wait is disabled 
2017-04-11 15:46:12,230 INFO  [Log] RG-07: clkLogin: Action click 
2017-04-11 15:46:13,232 INFO  [Log] RG-08; Not Waited 1000: Milli seconds for Element; Manual Wait is disabled 
2017-04-11 15:46:16,407 INFO  [Log] RG-09: clkLogin: Action click If 
2017-04-11 15:46:17,408 INFO  [Log] RG-10; Not Waited 1000: Milli seconds for Element; Manual Wait is disabled 
2017-04-11 15:46:17,597 INFO  [Log] RG-11: Username: Action Submit If 
2017-04-11 15:46:18,597 INFO  [Log] RG-12; Not Waited 1000: Milli seconds for Element; Manual Wait is disabled 
2017-04-11 15:46:18,762 INFO  [Log] RG-13: Password: Action Submit If 
2017-04-11 15:46:20,762 INFO  [Log] RG-14; Not Waited 2000: Milli seconds for Element; Manual Wait is disabled 
2017-04-11 15:46:24,296 INFO  [Log] RG-15: clkLogin: Action click If 
2017-04-11 15:46:27,297 INFO  [Log] RG-16; Not Waited 3000: Milli seconds for Element; Manual Wait is disabled 
2017-04-11 15:46:27,759 INFO  [Log] RG-17: ClickAdd: Action click 
2017-04-11 15:46:30,760 INFO  [Log] RG-18; Not Waited 3000: Milli seconds for Element; Manual Wait is disabled 
2017-04-11 15:46:30,916 INFO  [Log] RG-19: SelectIT: Action click 
2017-04-11 15:46:35,918 INFO  [Log] RG-20; Not Waited 5000: Milli seconds for Element; Manual Wait is disabled 
2017-04-11 15:46:36,156 INFO  [Log] RG-21: DropDownSelectIT; Action: Drop Down Select 
2017-04-11 15:46:41,158 INFO  [Log] RG-22; Not Waited 5000: Milli seconds for Element; Manual Wait is disabled 
2017-04-11 15:46:41,442 INFO  [Log] RG-23: Clientcodekeys; Action: Submit Random Value: nwfcB; Index No is0 
2017-04-11 15:46:46,443 INFO  [Log] RG-24; Not Waited 5000: Milli seconds for Element; Manual Wait is disabled 
2017-04-11 15:46:46,656 INFO  [Log] RG-25: LastName; Action: Submited Value 
2017-04-11 15:46:49,657 INFO  [Log] RG-26; Not Waited 3000: Milli seconds for Element; Manual Wait is disabled 
2017-04-11 15:46:50,409 INFO  [Log] RG-27: ClkSave: Action click 
2017-04-11 15:46:53,410 INFO  [Log] RG-28; Not Waited 3000: Milli seconds for Element; Manual Wait is disabled 
2017-04-11 15:46:53,558 INFO  [Log] RG-29: ClickRStaus: Action click 
2017-04-11 15:46:56,558 INFO  [Log] RG-30; Not Waited 3000: Milli seconds for Element; Manual Wait is disabled 
2017-04-11 15:46:57,161 INFO  [Log] RG-31: ClkSave: Action click 
2017-04-11 15:47:00,162 INFO  [Log] RG-32; Not Waited 3000: Milli seconds for Element; Manual Wait is disabled 
2017-04-11 15:47:00,575 INFO  [Log] RG-33: ClickIncome: Action click 
2017-04-11 15:47:03,577 INFO  [Log] RG-34; Not Waited 3000: Milli seconds for Element; Manual Wait is disabled 
2017-04-11 15:47:03,765 INFO  [Log] RG-35: IncomeDrpdwn; Action: Drop Down Select 
2017-04-11 15:47:08,766 INFO  [Log] RG-36; Not Waited 5000: Milli seconds for Element; Manual Wait is disabled 
2017-04-11 15:47:08,921 INFO  [Log] RG-37: ClkSave: Action click 
2017-04-11 15:47:13,923 INFO  [Log] RG-38; Not Waited 5000: Milli seconds for Element; Manual Wait is disabled 
2017-04-11 15:47:14,527 INFO  [Log] RG-39: ClkSaveconfrm: Action click 
2017-04-11 15:47:19,529 INFO  [Log] RG-40; Not Waited 5000: Milli seconds for Element; Manual Wait is disabled 
2017-04-11 15:47:20,071 INFO  [Log] RG-41: ClkIncomeDetails: Action click 
2017-04-11 15:47:22,071 INFO  [Log] RG-42; Not Waited 2000: Milli seconds for Element; Manual Wait is disabled 
2017-04-11 15:47:22,226 INFO  [Log] RG-43: CSendSalDetails; Action: Submited Value 
2017-04-11 15:47:24,229 INFO  [Log] RG-44; Not Waited 2000: Milli seconds for Element; Manual Wait is disabled 
2017-04-11 15:47:24,388 INFO  [Log] RG-45: SendOtherSouurs; Action: Submited Value 
2017-04-11 15:47:26,388 INFO  [Log] RG-46; Not Waited 2000: Milli seconds for Element; Manual Wait is disabled 
2017-04-11 15:47:26,542 INFO  [Log] RG-47: ClkExcept; Action: Submited Value 
2017-04-11 15:47:28,543 INFO  [Log] RG-48; Not Waited 2000: Milli seconds for Element; Manual Wait is disabled 
2017-04-11 15:47:29,575 INFO  [Log] RG-49: ClkSave: Action click 
2017-04-11 15:47:34,576 INFO  [Log] RG-50; Not Waited 5000: Milli seconds for Element; Manual Wait is disabled 
2017-04-11 15:47:35,026 INFO  [Log] RG-51: ClkComputation: Action click 
2017-04-11 15:47:40,026 INFO  [Log] RG-52; Not Waited 5000: Milli seconds for Element; Manual Wait is disabled 
2017-04-11 15:47:40,199 INFO  [Log] RG-53: DateSelect: Action click 
2017-04-11 15:47:42,199 INFO  [Log] RG-54; Not Waited 2000: Milli seconds for Element; Manual Wait is disabled 
2017-04-11 15:47:42,540 INFO  [Log] Failed: RG-55: CmpreSalary; Value: 50000; is Not Present in Page values: ,  
2017-04-11 15:47:44,750 INFO  [Log] RG-56; Not Waited 2000: Milli seconds for Element; Manual Wait is disabled 
2017-04-11 15:47:44,988 INFO  [Log] Failed: RG-57: Cmpreothere; Value: 10000; is Not Present in Page values: ,  
2017-04-11 15:47:50,167 INFO  [Log] RG-58; Not Waited 5000: Milli seconds for Element; Manual Wait is disabled 
2017-04-11 15:47:50,344 INFO  [Log] RG-59: Dropdown click: Action click 
2017-04-11 15:47:55,346 INFO  [Log] RG-60; Not Waited 5000: Milli seconds for Element; Manual Wait is disabled 
2017-04-11 15:47:56,338 INFO  [Log] RG-61: ClkTax: Action click 
2017-04-11 15:48:01,339 INFO  [Log] RG-62; Not Waited 5000: Milli seconds for Element; Manual Wait is disabled 
2017-04-11 15:48:01,500 INFO  [Log] RG-63: Clkdate: Action click 
2017-04-11 15:48:06,502 INFO  [Log] RG-64; Not Waited 5000: Milli seconds for Element; Manual Wait is disabled 
2017-04-11 15:48:06,618 ERROR [Log] Error#: RateGain-1RG-65XpathClick  org.openqa.selenium.ElementNotVisibleException: element not visible
  (Session info: chrome=57.0.2987.133)
  (Driver info: chromedriver=2.29.461591 (62ebf098771772160f391d75e589dc567915b233),platform=Windows NT 6.1.7601 SP1 x86_64) (WARNING: The server did not provide any stacktrace information)
Command duration or timeout: 22 milliseconds
Build info: version: '2.53.0', revision: '35ae25b', time: '2016-03-15 17:00:58'
System info: host: 'P-Lokesh-LP', ip: '192.168.2.147', os.name: 'Windows 7', os.arch: 'amd64', os.version: '6.1', java.version: '1.8.0_121'
Driver info: org.openqa.selenium.chrome.ChromeDriver
Capabilities [{applicationCacheEnabled=false, rotatable=false, mobileEmulationEnabled=false, networkConnectionEnabled=false, chrome={chromedriverVersion=2.29.461591 (62ebf098771772160f391d75e589dc567915b233), userDataDir=C:\Users\PD1BF~1.LOK\AppData\Local\Temp\scoped_dir10992_14493}, takesHeapSnapshot=true, pageLoadStrategy=normal, databaseEnabled=false, handlesAlerts=true, hasTouchScreen=false, version=57.0.2987.133, platform=XP, browserConnectionEnabled=false, nativeEvents=true, acceptSslCerts=true, locationContextEnabled=true, webStorageEnabled=true, browserName=chrome, takesScreenshot=true, javascriptEnabled=true, cssSelectorsEnabled=true, unexpectedAlertBehaviour=}]
Session ID: d1ba9cb2e561313f2920dfe1780742e3null:Exception is not handled 
2017-04-11 15:48:11,388 INFO  [Log] Quiting all instance of Browser(Firefox) 
2017-04-11 15:48:12,347 INFO  [Log] Quiting all instance of Browser(Chrome) 
2017-04-11 15:48:13,336 INFO  [Log] Quiting all instance of Browser(Internet explorer) 
2017-04-11 15:48:13,336 INFO  [Log] XXXXXXXXXXXXXXXXXXXXXXX             -E---N---D Test Case             XXXXXXXXXXXXXXXXXXXXXX 
2017-04-11 15:48:13,336 FATAL [Log] RateGain-1RG-65XpathClick  org.openqa.selenium.ElementNotVisibleException: element not visible
  (Session info: chrome=57.0.2987.133)
  (Driver info: chromedriver=2.29.461591 (62ebf098771772160f391d75e589dc567915b233),platform=Windows NT 6.1.7601 SP1 x86_64) (WARNING: The server did not provide any stacktrace information)
Command duration or timeout: 22 milliseconds
Build info: version: '2.53.0', revision: '35ae25b', time: '2016-03-15 17:00:58'
System info: host: 'P-Lokesh-LP', ip: '192.168.2.147', os.name: 'Windows 7', os.arch: 'amd64', os.version: '6.1', java.version: '1.8.0_121'
Driver info: org.openqa.selenium.chrome.ChromeDriver
Capabilities [{applicationCacheEnabled=false, rotatable=false, mobileEmulationEnabled=false, networkConnectionEnabled=false, chrome={chromedriverVersion=2.29.461591 (62ebf098771772160f391d75e589dc567915b233), userDataDir=C:\Users\PD1BF~1.LOK\AppData\Local\Temp\scoped_dir10992_14493}, takesHeapSnapshot=true, pageLoadStrategy=normal, databaseEnabled=false, handlesAlerts=true, hasTouchScreen=false, version=57.0.2987.133, platform=XP, browserConnectionEnabled=false, nativeEvents=true, acceptSslCerts=true, locationContextEnabled=true, webStorageEnabled=true, browserName=chrome, takesScreenshot=true, javascriptEnabled=true, cssSelectorsEnabled=true, unexpectedAlertBehaviour=}]
Session ID: d1ba9cb2e561313f2920dfe1780742e3null:Exception is not handled 
2017-04-11 15:48:13,382 INFO  [Log] XXXXXXXXXXXXXXXXXXXXXXX             -E---N---D Test Case             XXXXXXXXXXXXXXXXXXXXXX 
2017-04-11 15:48:13,633 INFO  [Log] RateGain-5_RateGain -5 
2017-04-11 15:48:13,891 INFO  [Log] RateGain-6_RateGain -6 
2017-04-11 15:48:14,055 INFO  [Log] ####Closing Test Suite #### 
2017-04-11 15:48:14,055 INFO  [Log] XXXXXXXXXXXXXXXXXXXXXXX             -E---N---D Test Case             XXXXXXXXXXXXXXXXXXXXXX 
2017-04-11 15:48:14,055 INFO  [Log] Creating Logs backup and storing for further reference 
