2017-04-11 11:55:50,512 INFO  [Log] Test Scenario Configuration started 
2017-04-11 11:55:50,622 INFO  [Log] Initialing HTML reporting 
2017-04-11 11:55:52,365 INFO  [Log] Starting Test Suit Execution 
2017-04-11 11:55:52,365 INFO  [Log] Creating Test suit report 
2017-04-11 11:55:53,696 WARN  [Log] Browser instance value is null 
2017-04-11 11:55:54,868 INFO  [Log] Object repository is created successfully 
2017-04-11 11:55:55,012 INFO  [Log] RateGain-1_RateGain -1 
2017-04-11 11:55:55,277 INFO  [Log] RateGain-2_RateGain -2 
2017-04-11 11:55:55,520 INFO  [Log] RateGain-3_RateGain -3 
2017-04-11 11:55:55,680 INFO  [Log] **************************************************************************************** 
2017-04-11 11:55:55,680 INFO  [Log] $$$$$$$$$$$$$$$$$$$$$                 #### Executing Test case: RateGain-4; Description: RateGain -4 For Data: 1       $$$$$$$$$$$$$$$$$$$$$$$$$ 
2017-04-11 11:55:55,680 INFO  [Log] **************************************************************************************** 
2017-04-11 11:56:16,553 INFO  [Log] #### Executing Test case: RateGain-4; Description: RateGain -4 In Chrome Browser for TestData:1 
2017-04-11 11:56:18,611 INFO  [Log] RG-01: Open URL; Action: open URL 
2017-04-11 11:56:23,665 INFO  [Log] RG-02; Not Waited 5000: Milli seconds for Element; Manual Wait is disabled 
2017-04-11 11:56:24,013 INFO  [Log] RG-03: Username; Action: Submited Value 
2017-04-11 11:56:25,039 INFO  [Log] RG-04; Not Waited 1000: Milli seconds for Element; Manual Wait is disabled 
2017-04-11 11:56:25,258 INFO  [Log] RG-05: Password; Action: Submited Value 
2017-04-11 11:56:27,279 INFO  [Log] RG-06; Not Waited 2000: Milli seconds for Element; Manual Wait is disabled 
2017-04-11 11:56:27,738 INFO  [Log] RG-07: clkLogin: Action click 
2017-04-11 11:56:32,748 INFO  [Log] RG-08; Not Waited 5000: Milli seconds for Element; Manual Wait is disabled 
2017-04-11 11:56:35,961 INFO  [Log] RG-09: clkLogin: Action click If 
2017-04-11 11:56:40,973 INFO  [Log] RG-10; Not Waited 5000: Milli seconds for Element; Manual Wait is disabled 
2017-04-11 11:56:41,185 INFO  [Log] RG-11: Username: Action Submit If 
2017-04-11 11:56:42,204 INFO  [Log] RG-12; Not Waited 1000: Milli seconds for Element; Manual Wait is disabled 
2017-04-11 11:56:42,408 INFO  [Log] RG-13: Password: Action Submit If 
2017-04-11 11:56:44,429 INFO  [Log] RG-14; Not Waited 2000: Milli seconds for Element; Manual Wait is disabled 
2017-04-11 11:56:48,009 INFO  [Log] RG-15: clkLogin: Action click If 
2017-04-11 11:56:53,034 INFO  [Log] RG-16; Not Waited 5000: Milli seconds for Element; Manual Wait is disabled 
2017-04-11 11:57:01,573 INFO  [Log] RG-17: ClickAdd: Action click 
2017-04-11 11:57:06,595 INFO  [Log] RG-18; Not Waited 5000: Milli seconds for Element; Manual Wait is disabled 
2017-04-11 11:57:06,797 INFO  [Log] RG-19: SelectIT: Action click 
2017-04-11 11:57:11,798 INFO  [Log] RG-20; Not Waited 5000: Milli seconds for Element; Manual Wait is disabled 
2017-04-11 11:57:12,026 INFO  [Log] RG-21: DropDownSelectIT; Action: Drop Down Select 
2017-04-11 11:57:17,027 INFO  [Log] RG-22; Not Waited 5000: Milli seconds for Element; Manual Wait is disabled 
2017-04-11 11:57:17,316 INFO  [Log] RG-23: Clientcodekeys; Action: Submit Random Value: NVaTt; Index No is0 
2017-04-11 11:57:22,316 INFO  [Log] RG-24; Not Waited 5000: Milli seconds for Element; Manual Wait is disabled 
2017-04-11 11:57:22,522 INFO  [Log] RG-25: LastName; Action: Submited Value 
2017-04-11 11:57:27,524 INFO  [Log] RG-26; Not Waited 5000: Milli seconds for Element; Manual Wait is disabled 
2017-04-11 11:57:36,512 INFO  [Log] RG-27: ClkSave: Action click 
2017-04-11 11:57:41,513 INFO  [Log] RG-28; Not Waited 5000: Milli seconds for Element; Manual Wait is disabled 
2017-04-11 11:57:41,668 INFO  [Log] RG-29: ClickRStaus: Action click 
2017-04-11 11:57:46,659 INFO  [Log] RG-30; Not Waited 5000: Milli seconds for Element; Manual Wait is disabled 
2017-04-11 11:57:48,871 INFO  [Log] RG-31: ClkSave: Action click 
2017-04-11 11:57:53,897 INFO  [Log] RG-32; Not Waited 5000: Milli seconds for Element; Manual Wait is disabled 
2017-04-11 11:57:54,581 INFO  [Log] RG-33: ClickIncome: Action click 
2017-04-11 11:57:59,609 INFO  [Log] RG-34; Not Waited 5000: Milli seconds for Element; Manual Wait is disabled 
2017-04-11 11:57:59,804 INFO  [Log] RG-35: IncomeDrpdwn; Action: Drop Down Select 
2017-04-11 11:58:04,827 INFO  [Log] RG-36; Not Waited 5000: Milli seconds for Element; Manual Wait is disabled 
2017-04-11 11:58:04,997 INFO  [Log] RG-37: ClkSave: Action click 
2017-04-11 11:58:10,014 INFO  [Log] RG-38; Not Waited 5000: Milli seconds for Element; Manual Wait is disabled 
2017-04-11 11:58:13,655 INFO  [Log] RG-39: ClkSaveconfrm: Action click 
2017-04-11 11:58:18,673 INFO  [Log] RG-40; Not Waited 5000: Milli seconds for Element; Manual Wait is disabled 
2017-04-11 11:58:34,245 INFO  [Log] RG-41: ClkIncomeDetails: Action click 
2017-04-11 11:58:39,264 INFO  [Log] RG-42; Not Waited 5000: Milli seconds for Element; Manual Wait is disabled 
2017-04-11 11:58:39,465 INFO  [Log] RG-43: CSendSalDetails; Action: Submited Value 
2017-04-11 11:58:44,485 INFO  [Log] RG-44; Not Waited 5000: Milli seconds for Element; Manual Wait is disabled 
2017-04-11 11:58:44,647 INFO  [Log] RG-45: SendOtherSouurs; Action: Submited Value 
2017-04-11 11:58:49,647 INFO  [Log] RG-46; Not Waited 5000: Milli seconds for Element; Manual Wait is disabled 
2017-04-11 11:58:52,854 INFO  [Log] RG-47: ClkSave: Action click 
2017-04-11 11:58:57,854 INFO  [Log] RG-48; Not Waited 5000: Milli seconds for Element; Manual Wait is disabled 
2017-04-11 11:58:58,653 INFO  [Log] RG-49: ClkComputation: Action click 
2017-04-11 11:59:03,672 INFO  [Log] RG-50; Not Waited 5000: Milli seconds for Element; Manual Wait is disabled 
2017-04-11 11:59:03,844 INFO  [Log] RG-51: DateSelect: Action click 
2017-04-11 11:59:08,869 INFO  [Log] RG-52; Not Waited 5000: Milli seconds for Element; Manual Wait is disabled 
2017-04-11 11:59:09,274 INFO  [Log] Failed: RG-53: CmpreSalary; Value: 50000; is Not Present in Page values: ,  
2017-04-11 11:59:14,582 INFO  [Log] RG-54; Not Waited 5000: Milli seconds for Element; Manual Wait is disabled 
2017-04-11 11:59:14,856 INFO  [Log] Failed: RG-55: Cmpreothere; Value: 10000; is Not Present in Page values: ,  
2017-04-11 11:59:20,077 INFO  [Log] RG-56; Not Waited 5000: Milli seconds for Element; Manual Wait is disabled 
2017-04-11 11:59:20,191 INFO  [Log] RG-57: Dropdown click: Action click 
2017-04-11 11:59:25,218 INFO  [Log] RG-58; Not Waited 5000: Milli seconds for Element; Manual Wait is disabled 
2017-04-11 11:59:25,339 ERROR [Log] Error#: RateGain-1RG-59XpathClick  org.openqa.selenium.ElementNotVisibleException: element not visible
  (Session info: chrome=57.0.2987.133)
  (Driver info: chromedriver=2.29.461591 (62ebf098771772160f391d75e589dc567915b233),platform=Windows NT 6.1.7601 SP1 x86_64) (WARNING: The server did not provide any stacktrace information)
Command duration or timeout: 20 milliseconds
Build info: version: '2.53.0', revision: '35ae25b', time: '2016-03-15 17:00:58'
System info: host: 'P-Lokesh-LP', ip: '192.168.2.147', os.name: 'Windows 7', os.arch: 'amd64', os.version: '6.1', java.version: '1.8.0_121'
Driver info: org.openqa.selenium.chrome.ChromeDriver
Capabilities [{applicationCacheEnabled=false, rotatable=false, mobileEmulationEnabled=false, networkConnectionEnabled=false, chrome={chromedriverVersion=2.29.461591 (62ebf098771772160f391d75e589dc567915b233), userDataDir=C:\Users\PD1BF~1.LOK\AppData\Local\Temp\scoped_dir9928_18037}, takesHeapSnapshot=true, pageLoadStrategy=normal, databaseEnabled=false, handlesAlerts=true, hasTouchScreen=false, version=57.0.2987.133, platform=XP, browserConnectionEnabled=false, nativeEvents=true, acceptSslCerts=true, locationContextEnabled=true, webStorageEnabled=true, browserName=chrome, takesScreenshot=true, javascriptEnabled=true, cssSelectorsEnabled=true, unexpectedAlertBehaviour=}]
Session ID: 20073ddc36a88cbb3b61a275e83a4e6enull:Exception is not handled 
2017-04-11 11:59:30,571 INFO  [Log] Quiting all instance of Browser(Firefox) 
2017-04-11 11:59:31,542 INFO  [Log] Quiting all instance of Browser(Chrome) 
2017-04-11 11:59:32,554 INFO  [Log] Quiting all instance of Browser(Internet explorer) 
2017-04-11 11:59:32,554 INFO  [Log] XXXXXXXXXXXXXXXXXXXXXXX             -E---N---D Test Case             XXXXXXXXXXXXXXXXXXXXXX 
2017-04-11 11:59:32,554 FATAL [Log] RateGain-1RG-59XpathClick  org.openqa.selenium.ElementNotVisibleException: element not visible
  (Session info: chrome=57.0.2987.133)
  (Driver info: chromedriver=2.29.461591 (62ebf098771772160f391d75e589dc567915b233),platform=Windows NT 6.1.7601 SP1 x86_64) (WARNING: The server did not provide any stacktrace information)
Command duration or timeout: 20 milliseconds
Build info: version: '2.53.0', revision: '35ae25b', time: '2016-03-15 17:00:58'
System info: host: 'P-Lokesh-LP', ip: '192.168.2.147', os.name: 'Windows 7', os.arch: 'amd64', os.version: '6.1', java.version: '1.8.0_121'
Driver info: org.openqa.selenium.chrome.ChromeDriver
Capabilities [{applicationCacheEnabled=false, rotatable=false, mobileEmulationEnabled=false, networkConnectionEnabled=false, chrome={chromedriverVersion=2.29.461591 (62ebf098771772160f391d75e589dc567915b233), userDataDir=C:\Users\PD1BF~1.LOK\AppData\Local\Temp\scoped_dir9928_18037}, takesHeapSnapshot=true, pageLoadStrategy=normal, databaseEnabled=false, handlesAlerts=true, hasTouchScreen=false, version=57.0.2987.133, platform=XP, browserConnectionEnabled=false, nativeEvents=true, acceptSslCerts=true, locationContextEnabled=true, webStorageEnabled=true, browserName=chrome, takesScreenshot=true, javascriptEnabled=true, cssSelectorsEnabled=true, unexpectedAlertBehaviour=}]
Session ID: 20073ddc36a88cbb3b61a275e83a4e6enull:Exception is not handled 
2017-04-11 11:59:32,584 INFO  [Log] XXXXXXXXXXXXXXXXXXXXXXX             -E---N---D Test Case             XXXXXXXXXXXXXXXXXXXXXX 
2017-04-11 11:59:32,832 INFO  [Log] RateGain-5_RateGain -5 
2017-04-11 11:59:33,034 INFO  [Log] RateGain-6_RateGain -6 
2017-04-11 11:59:33,380 INFO  [Log] ####Closing Test Suite #### 
2017-04-11 11:59:33,380 INFO  [Log] XXXXXXXXXXXXXXXXXXXXXXX             -E---N---D Test Case             XXXXXXXXXXXXXXXXXXXXXX 
2017-04-11 11:59:33,381 INFO  [Log] Creating Logs backup and storing for further reference 
