2017-04-11 14:02:23,048 INFO  [Log] Test Scenario Configuration started 
2017-04-11 14:02:23,398 INFO  [Log] Initialing HTML reporting 
2017-04-11 14:02:25,357 INFO  [Log] Starting Test Suit Execution 
2017-04-11 14:02:25,357 INFO  [Log] Creating Test suit report 
2017-04-11 14:02:28,092 WARN  [Log] Browser instance value is null 
2017-04-11 14:02:29,113 INFO  [Log] Object repository is created successfully 
2017-04-11 14:02:29,294 INFO  [Log] RateGain-1_RateGain -1 
2017-04-11 14:02:29,498 INFO  [Log] RateGain-2_RateGain -2 
2017-04-11 14:02:29,700 INFO  [Log] RateGain-3_RateGain -3 
2017-04-11 14:02:29,852 INFO  [Log] **************************************************************************************** 
2017-04-11 14:02:29,852 INFO  [Log] $$$$$$$$$$$$$$$$$$$$$                 #### Executing Test case: RateGain-4; Description: RateGain -4 For Data: 1       $$$$$$$$$$$$$$$$$$$$$$$$$ 
2017-04-11 14:02:29,852 INFO  [Log] **************************************************************************************** 
2017-04-11 14:02:44,194 INFO  [Log] #### Executing Test case: RateGain-4; Description: RateGain -4 In Chrome Browser for TestData:1 
2017-04-11 14:02:46,505 INFO  [Log] RG-01: Open URL; Action: open URL 
2017-04-11 14:02:51,547 INFO  [Log] RG-02; Not Waited 5000: Milli seconds for Element; Manual Wait is disabled 
2017-04-11 14:02:51,957 INFO  [Log] RG-03: Username; Action: Submited Value 
2017-04-11 14:02:52,986 INFO  [Log] RG-04; Not Waited 1000: Milli seconds for Element; Manual Wait is disabled 
2017-04-11 14:02:53,196 INFO  [Log] RG-05: Password; Action: Submited Value 
2017-04-11 14:02:55,217 INFO  [Log] RG-06; Not Waited 2000: Milli seconds for Element; Manual Wait is disabled 
2017-04-11 14:02:55,724 INFO  [Log] RG-07: clkLogin: Action click 
2017-04-11 14:03:00,742 INFO  [Log] RG-08; Not Waited 5000: Milli seconds for Element; Manual Wait is disabled 
2017-04-11 14:03:03,908 INFO  [Log] RG-09: clkLogin: Action click If 
2017-04-11 14:03:08,921 INFO  [Log] RG-10; Not Waited 5000: Milli seconds for Element; Manual Wait is disabled 
2017-04-11 14:03:09,169 INFO  [Log] RG-11: Username: Action Submit If 
2017-04-11 14:03:10,188 INFO  [Log] RG-12; Not Waited 1000: Milli seconds for Element; Manual Wait is disabled 
2017-04-11 14:03:10,364 INFO  [Log] RG-13: Password: Action Submit If 
2017-04-11 14:03:12,387 INFO  [Log] RG-14; Not Waited 2000: Milli seconds for Element; Manual Wait is disabled 
2017-04-11 14:03:16,596 INFO  [Log] RG-15: clkLogin: Action click If 
2017-04-11 14:03:21,618 INFO  [Log] RG-16; Not Waited 5000: Milli seconds for Element; Manual Wait is disabled 
2017-04-11 14:03:22,654 INFO  [Log] RG-17: ClickAdd: Action click 
2017-04-11 14:03:27,681 INFO  [Log] RG-18; Not Waited 5000: Milli seconds for Element; Manual Wait is disabled 
2017-04-11 14:03:27,836 INFO  [Log] RG-19: SelectIT: Action click 
2017-04-11 14:03:32,836 INFO  [Log] RG-20; Not Waited 5000: Milli seconds for Element; Manual Wait is disabled 
2017-04-11 14:03:33,148 INFO  [Log] RG-21: DropDownSelectIT; Action: Drop Down Select 
2017-04-11 14:03:38,148 INFO  [Log] RG-22; Not Waited 5000: Milli seconds for Element; Manual Wait is disabled 
2017-04-11 14:03:38,442 INFO  [Log] RG-23: Clientcodekeys; Action: Submit Random Value: KKard; Index No is0 
2017-04-11 14:03:43,443 INFO  [Log] RG-24; Not Waited 5000: Milli seconds for Element; Manual Wait is disabled 
2017-04-11 14:03:43,675 INFO  [Log] RG-25: LastName; Action: Submited Value 
2017-04-11 14:03:48,677 INFO  [Log] RG-26; Not Waited 5000: Milli seconds for Element; Manual Wait is disabled 
2017-04-11 14:03:48,857 INFO  [Log] RG-27: ClkSave: Action click 
2017-04-11 14:03:53,878 INFO  [Log] RG-28; Not Waited 5000: Milli seconds for Element; Manual Wait is disabled 
2017-04-11 14:03:54,070 INFO  [Log] RG-29: ClickRStaus: Action click 
2017-04-11 14:03:59,085 INFO  [Log] RG-30; Not Waited 5000: Milli seconds for Element; Manual Wait is disabled 
2017-04-11 14:03:59,774 INFO  [Log] RG-31: ClkSave: Action click 
2017-04-11 14:04:04,795 INFO  [Log] RG-32; Not Waited 5000: Milli seconds for Element; Manual Wait is disabled 
2017-04-11 14:04:05,406 INFO  [Log] RG-33: ClickIncome: Action click 
2017-04-11 14:04:10,427 INFO  [Log] RG-34; Not Waited 5000: Milli seconds for Element; Manual Wait is disabled 
2017-04-11 14:04:10,619 INFO  [Log] RG-35: IncomeDrpdwn; Action: Drop Down Select 
2017-04-11 14:04:15,609 INFO  [Log] RG-36; Not Waited 5000: Milli seconds for Element; Manual Wait is disabled 
2017-04-11 14:04:15,800 INFO  [Log] RG-37: ClkSave: Action click 
2017-04-11 14:04:20,800 INFO  [Log] RG-38; Not Waited 5000: Milli seconds for Element; Manual Wait is disabled 
2017-04-11 14:04:23,354 INFO  [Log] RG-39: ClkSaveconfrm: Action click 
2017-04-11 14:04:28,373 INFO  [Log] RG-40; Not Waited 5000: Milli seconds for Element; Manual Wait is disabled 
2017-04-11 14:04:29,567 INFO  [Log] RG-41: ClkIncomeDetails: Action click 
2017-04-11 14:04:34,591 INFO  [Log] RG-42; Not Waited 5000: Milli seconds for Element; Manual Wait is disabled 
2017-04-11 14:04:34,756 INFO  [Log] RG-43: CSendSalDetails; Action: Submited Value 
2017-04-11 14:04:39,783 INFO  [Log] RG-44; Not Waited 5000: Milli seconds for Element; Manual Wait is disabled 
2017-04-11 14:04:39,951 INFO  [Log] RG-45: SendOtherSouurs; Action: Submited Value 
2017-04-11 14:04:44,970 INFO  [Log] RG-46; Not Waited 5000: Milli seconds for Element; Manual Wait is disabled 
2017-04-11 14:04:45,153 INFO  [Log] RG-47: ClkExcept; Action: Submited Value 
2017-04-11 14:04:50,166 INFO  [Log] RG-48; Not Waited 5000: Milli seconds for Element; Manual Wait is disabled 
2017-04-11 14:04:52,615 INFO  [Log] RG-49: ClkSave: Action click 
2017-04-11 14:04:57,616 INFO  [Log] RG-50; Not Waited 5000: Milli seconds for Element; Manual Wait is disabled 
2017-04-11 14:04:58,112 INFO  [Log] RG-51: ClkComputation: Action click 
2017-04-11 14:05:03,136 INFO  [Log] RG-52; Not Waited 5000: Milli seconds for Element; Manual Wait is disabled 
2017-04-11 14:05:03,285 INFO  [Log] RG-53: DateSelect: Action click 
2017-04-11 14:05:08,306 INFO  [Log] RG-54; Not Waited 5000: Milli seconds for Element; Manual Wait is disabled 
2017-04-11 14:05:08,701 INFO  [Log] Failed: RG-55: CmpreSalary; Value: 50000; is Not Present in Page values: ,  
2017-04-11 14:05:14,013 INFO  [Log] RG-56; Not Waited 5000: Milli seconds for Element; Manual Wait is disabled 
2017-04-11 14:05:14,313 INFO  [Log] Failed: RG-57: Cmpreothere; Value: 10000; is Not Present in Page values: ,  
2017-04-11 14:05:19,450 INFO  [Log] RG-58; Not Waited 5000: Milli seconds for Element; Manual Wait is disabled 
2017-04-11 14:05:19,597 INFO  [Log] RG-59: Dropdown click: Action click 
2017-04-11 14:05:24,624 INFO  [Log] RG-60; Not Waited 5000: Milli seconds for Element; Manual Wait is disabled 
2017-04-11 14:05:25,762 INFO  [Log] RG-61: ClkTax: Action click 
2017-04-11 14:05:30,762 INFO  [Log] RG-62; Not Waited 5000: Milli seconds for Element; Manual Wait is disabled 
2017-04-11 14:05:30,929 INFO  [Log] RG-63: ClkDouble; Action: Mouse Hover and Double Clicked 
2017-04-11 14:05:35,929 INFO  [Log] RG-64; Not Waited 5000: Milli seconds for Element; Manual Wait is disabled 
2017-04-11 14:05:36,076 ERROR [Log] Error#: RateGain-1RG-65XpathSubmitRandom  org.openqa.selenium.WebDriverException: unknown error: cannot focus element
  (Session info: chrome=57.0.2987.133)
  (Driver info: chromedriver=2.29.461591 (62ebf098771772160f391d75e589dc567915b233),platform=Windows NT 6.1.7601 SP1 x86_64) (WARNING: The server did not provide any stacktrace information)
Command duration or timeout: 39 milliseconds
Build info: version: '2.53.0', revision: '35ae25b', time: '2016-03-15 17:00:58'
System info: host: 'P-Lokesh-LP', ip: '192.168.2.147', os.name: 'Windows 7', os.arch: 'amd64', os.version: '6.1', java.version: '1.8.0_121'
Driver info: org.openqa.selenium.chrome.ChromeDriver
Capabilities [{applicationCacheEnabled=false, rotatable=false, mobileEmulationEnabled=false, networkConnectionEnabled=false, chrome={chromedriverVersion=2.29.461591 (62ebf098771772160f391d75e589dc567915b233), userDataDir=C:\Users\PD1BF~1.LOK\AppData\Local\Temp\scoped_dir8168_8746}, takesHeapSnapshot=true, pageLoadStrategy=normal, databaseEnabled=false, handlesAlerts=true, hasTouchScreen=false, version=57.0.2987.133, platform=XP, browserConnectionEnabled=false, nativeEvents=true, acceptSslCerts=true, locationContextEnabled=true, webStorageEnabled=true, browserName=chrome, takesScreenshot=true, javascriptEnabled=true, cssSelectorsEnabled=true, unexpectedAlertBehaviour=}]
Session ID: ee59f21439b4e216acf6009d86653725null:Exception is not handled 
2017-04-11 14:05:40,783 INFO  [Log] Quiting all instance of Browser(Firefox) 
2017-04-11 14:05:41,554 INFO  [Log] Quiting all instance of Browser(Chrome) 
2017-04-11 14:05:42,313 INFO  [Log] Quiting all instance of Browser(Internet explorer) 
2017-04-11 14:05:42,313 INFO  [Log] XXXXXXXXXXXXXXXXXXXXXXX             -E---N---D Test Case             XXXXXXXXXXXXXXXXXXXXXX 
2017-04-11 14:05:42,313 FATAL [Log] RateGain-1RG-65XpathSubmitRandom  org.openqa.selenium.WebDriverException: unknown error: cannot focus element
  (Session info: chrome=57.0.2987.133)
  (Driver info: chromedriver=2.29.461591 (62ebf098771772160f391d75e589dc567915b233),platform=Windows NT 6.1.7601 SP1 x86_64) (WARNING: The server did not provide any stacktrace information)
Command duration or timeout: 39 milliseconds
Build info: version: '2.53.0', revision: '35ae25b', time: '2016-03-15 17:00:58'
System info: host: 'P-Lokesh-LP', ip: '192.168.2.147', os.name: 'Windows 7', os.arch: 'amd64', os.version: '6.1', java.version: '1.8.0_121'
Driver info: org.openqa.selenium.chrome.ChromeDriver
Capabilities [{applicationCacheEnabled=false, rotatable=false, mobileEmulationEnabled=false, networkConnectionEnabled=false, chrome={chromedriverVersion=2.29.461591 (62ebf098771772160f391d75e589dc567915b233), userDataDir=C:\Users\PD1BF~1.LOK\AppData\Local\Temp\scoped_dir8168_8746}, takesHeapSnapshot=true, pageLoadStrategy=normal, databaseEnabled=false, handlesAlerts=true, hasTouchScreen=false, version=57.0.2987.133, platform=XP, browserConnectionEnabled=false, nativeEvents=true, acceptSslCerts=true, locationContextEnabled=true, webStorageEnabled=true, browserName=chrome, takesScreenshot=true, javascriptEnabled=true, cssSelectorsEnabled=true, unexpectedAlertBehaviour=}]
Session ID: ee59f21439b4e216acf6009d86653725null:Exception is not handled 
2017-04-11 14:05:42,360 INFO  [Log] XXXXXXXXXXXXXXXXXXXXXXX             -E---N---D Test Case             XXXXXXXXXXXXXXXXXXXXXX 
2017-04-11 14:05:42,490 INFO  [Log] RateGain-5_RateGain -5 
2017-04-11 14:05:42,630 INFO  [Log] RateGain-6_RateGain -6 
2017-04-11 14:05:42,802 INFO  [Log] ####Closing Test Suite #### 
2017-04-11 14:05:42,802 INFO  [Log] XXXXXXXXXXXXXXXXXXXXXXX             -E---N---D Test Case             XXXXXXXXXXXXXXXXXXXXXX 
2017-04-11 14:05:42,802 INFO  [Log] Creating Logs backup and storing for further reference 
