2017-04-11 14:24:55,189 INFO  [Log] Test Scenario Configuration started 
2017-04-11 14:24:55,214 INFO  [Log] Initialing HTML reporting 
2017-04-11 14:24:56,339 INFO  [Log] Starting Test Suit Execution 
2017-04-11 14:24:56,339 INFO  [Log] Creating Test suit report 
2017-04-11 14:24:57,563 WARN  [Log] Browser instance value is null 
2017-04-11 14:24:58,588 INFO  [Log] Object repository is created successfully 
2017-04-11 14:24:58,880 INFO  [Log] RateGain-1_RateGain -1 
2017-04-11 14:24:59,214 INFO  [Log] RateGain-2_RateGain -2 
2017-04-11 14:24:59,538 INFO  [Log] RateGain-3_RateGain -3 
2017-04-11 14:24:59,928 INFO  [Log] **************************************************************************************** 
2017-04-11 14:24:59,928 INFO  [Log] $$$$$$$$$$$$$$$$$$$$$                 #### Executing Test case: RateGain-4; Description: RateGain -4 For Data: 1       $$$$$$$$$$$$$$$$$$$$$$$$$ 
2017-04-11 14:24:59,928 INFO  [Log] **************************************************************************************** 
2017-04-11 14:25:12,582 INFO  [Log] #### Executing Test case: RateGain-4; Description: RateGain -4 In Chrome Browser for TestData:1 
2017-04-11 14:25:15,577 INFO  [Log] RG-01: Open URL; Action: open URL 
2017-04-11 14:25:20,610 INFO  [Log] RG-02; Not Waited 5000: Milli seconds for Element; Manual Wait is disabled 
2017-04-11 14:25:21,354 INFO  [Log] RG-03: Username; Action: Submited Value 
2017-04-11 14:25:22,355 INFO  [Log] RG-04; Not Waited 1000: Milli seconds for Element; Manual Wait is disabled 
2017-04-11 14:25:23,079 INFO  [Log] RG-05: Password; Action: Submited Value 
2017-04-11 14:25:25,081 INFO  [Log] RG-06; Not Waited 2000: Milli seconds for Element; Manual Wait is disabled 
2017-04-11 14:25:26,860 INFO  [Log] RG-07: clkLogin: Action click 
2017-04-11 14:25:31,861 INFO  [Log] RG-08; Not Waited 5000: Milli seconds for Element; Manual Wait is disabled 
2017-04-11 14:25:35,076 INFO  [Log] RG-09: clkLogin: Action click If 
2017-04-11 14:25:40,076 INFO  [Log] RG-10; Not Waited 5000: Milli seconds for Element; Manual Wait is disabled 
2017-04-11 14:25:40,291 INFO  [Log] RG-11: Username: Action Submit If 
2017-04-11 14:25:41,292 INFO  [Log] RG-12; Not Waited 1000: Milli seconds for Element; Manual Wait is disabled 
2017-04-11 14:25:41,506 INFO  [Log] RG-13: Password: Action Submit If 
2017-04-11 14:25:43,507 INFO  [Log] RG-14; Not Waited 2000: Milli seconds for Element; Manual Wait is disabled 
2017-04-11 14:25:47,167 INFO  [Log] RG-15: clkLogin: Action click If 
2017-04-11 14:25:52,168 INFO  [Log] RG-16; Not Waited 5000: Milli seconds for Element; Manual Wait is disabled 
2017-04-11 14:25:52,719 INFO  [Log] RG-17: ClickAdd: Action click 
2017-04-11 14:25:57,719 INFO  [Log] RG-18; Not Waited 5000: Milli seconds for Element; Manual Wait is disabled 
2017-04-11 14:25:57,886 INFO  [Log] RG-19: SelectIT: Action click 
2017-04-11 14:26:02,886 INFO  [Log] RG-20; Not Waited 5000: Milli seconds for Element; Manual Wait is disabled 
2017-04-11 14:26:03,111 INFO  [Log] RG-21: DropDownSelectIT; Action: Drop Down Select 
2017-04-11 14:26:08,112 INFO  [Log] RG-22; Not Waited 5000: Milli seconds for Element; Manual Wait is disabled 
2017-04-11 14:26:08,355 INFO  [Log] RG-23: Clientcodekeys; Action: Submit Random Value: QJsbx; Index No is0 
2017-04-11 14:26:13,355 INFO  [Log] RG-24; Not Waited 5000: Milli seconds for Element; Manual Wait is disabled 
2017-04-11 14:26:13,575 INFO  [Log] RG-25: LastName; Action: Submited Value 
2017-04-11 14:26:18,575 INFO  [Log] RG-26; Not Waited 5000: Milli seconds for Element; Manual Wait is disabled 
2017-04-11 14:26:19,350 INFO  [Log] RG-27: ClkSave: Action click 
2017-04-11 14:26:24,351 INFO  [Log] RG-28; Not Waited 5000: Milli seconds for Element; Manual Wait is disabled 
2017-04-11 14:26:24,498 INFO  [Log] RG-29: ClickRStaus: Action click 
2017-04-11 14:26:29,498 INFO  [Log] RG-30; Not Waited 5000: Milli seconds for Element; Manual Wait is disabled 
2017-04-11 14:26:30,133 INFO  [Log] RG-31: ClkSave: Action click 
2017-04-11 14:26:35,133 INFO  [Log] RG-32; Not Waited 5000: Milli seconds for Element; Manual Wait is disabled 
2017-04-11 14:26:35,543 INFO  [Log] RG-33: ClickIncome: Action click 
2017-04-11 14:26:40,544 INFO  [Log] RG-34; Not Waited 5000: Milli seconds for Element; Manual Wait is disabled 
2017-04-11 14:26:40,731 INFO  [Log] RG-35: IncomeDrpdwn; Action: Drop Down Select 
2017-04-11 14:26:45,731 INFO  [Log] RG-36; Not Waited 5000: Milli seconds for Element; Manual Wait is disabled 
2017-04-11 14:26:45,917 INFO  [Log] RG-37: ClkSave: Action click 
2017-04-11 14:26:50,917 INFO  [Log] RG-38; Not Waited 5000: Milli seconds for Element; Manual Wait is disabled 
2017-04-11 14:26:51,503 INFO  [Log] RG-39: ClkSaveconfrm: Action click 
2017-04-11 14:26:56,503 INFO  [Log] RG-40; Not Waited 5000: Milli seconds for Element; Manual Wait is disabled 
2017-04-11 14:26:57,302 INFO  [Log] RG-41: ClkIncomeDetails: Action click 
2017-04-11 14:27:02,302 INFO  [Log] RG-42; Not Waited 5000: Milli seconds for Element; Manual Wait is disabled 
2017-04-11 14:27:02,456 INFO  [Log] RG-43: CSendSalDetails; Action: Submited Value 
2017-04-11 14:27:07,456 INFO  [Log] RG-44; Not Waited 5000: Milli seconds for Element; Manual Wait is disabled 
2017-04-11 14:27:07,648 INFO  [Log] RG-45: SendOtherSouurs; Action: Submited Value 
2017-04-11 14:27:12,648 INFO  [Log] RG-46; Not Waited 5000: Milli seconds for Element; Manual Wait is disabled 
2017-04-11 14:27:12,849 INFO  [Log] RG-47: ClkExcept; Action: Submited Value 
2017-04-11 14:27:17,850 INFO  [Log] RG-48; Not Waited 5000: Milli seconds for Element; Manual Wait is disabled 
2017-04-11 14:27:18,748 INFO  [Log] RG-49: ClkSave: Action click 
2017-04-11 14:27:23,749 INFO  [Log] RG-50; Not Waited 5000: Milli seconds for Element; Manual Wait is disabled 
2017-04-11 14:27:24,213 INFO  [Log] RG-51: ClkComputation: Action click 
2017-04-11 14:27:29,213 INFO  [Log] RG-52; Not Waited 5000: Milli seconds for Element; Manual Wait is disabled 
2017-04-11 14:27:29,396 INFO  [Log] RG-53: DateSelect: Action click 
2017-04-11 14:27:34,397 INFO  [Log] RG-54; Not Waited 5000: Milli seconds for Element; Manual Wait is disabled 
2017-04-11 14:27:34,719 INFO  [Log] Failed: RG-55: CmpreSalary; Value: 50000; is Not Present in Page values: ,  
2017-04-11 14:27:39,918 INFO  [Log] RG-56; Not Waited 5000: Milli seconds for Element; Manual Wait is disabled 
2017-04-11 14:27:40,193 INFO  [Log] Failed: RG-57: Cmpreothere; Value: 10000; is Not Present in Page values: ,  
2017-04-11 14:27:45,343 INFO  [Log] RG-58; Not Waited 5000: Milli seconds for Element; Manual Wait is disabled 
2017-04-11 14:27:45,488 INFO  [Log] RG-59: Dropdown click: Action click 
2017-04-11 14:27:50,489 INFO  [Log] RG-60; Not Waited 5000: Milli seconds for Element; Manual Wait is disabled 
2017-04-11 14:27:50,627 ERROR [Log] Error#: RateGain-1RG-61XpathClick  org.openqa.selenium.ElementNotVisibleException: element not visible
  (Session info: chrome=57.0.2987.133)
  (Driver info: chromedriver=2.29.461591 (62ebf098771772160f391d75e589dc567915b233),platform=Windows NT 6.1.7601 SP1 x86_64) (WARNING: The server did not provide any stacktrace information)
Command duration or timeout: 21 milliseconds
Build info: version: '2.53.0', revision: '35ae25b', time: '2016-03-15 17:00:58'
System info: host: 'P-Lokesh-LP', ip: '192.168.2.147', os.name: 'Windows 7', os.arch: 'amd64', os.version: '6.1', java.version: '1.8.0_121'
Driver info: org.openqa.selenium.chrome.ChromeDriver
Capabilities [{applicationCacheEnabled=false, rotatable=false, mobileEmulationEnabled=false, networkConnectionEnabled=false, chrome={chromedriverVersion=2.29.461591 (62ebf098771772160f391d75e589dc567915b233), userDataDir=C:\Users\PD1BF~1.LOK\AppData\Local\Temp\scoped_dir6808_11352}, takesHeapSnapshot=true, pageLoadStrategy=normal, databaseEnabled=false, handlesAlerts=true, hasTouchScreen=false, version=57.0.2987.133, platform=XP, browserConnectionEnabled=false, nativeEvents=true, acceptSslCerts=true, locationContextEnabled=true, webStorageEnabled=true, browserName=chrome, takesScreenshot=true, javascriptEnabled=true, cssSelectorsEnabled=true, unexpectedAlertBehaviour=}]
Session ID: 40338e5b557729bfcbca0d9b42648466null:Exception is not handled 
2017-04-11 14:27:54,985 INFO  [Log] Quiting all instance of Browser(Firefox) 
2017-04-11 14:27:55,767 INFO  [Log] Quiting all instance of Browser(Chrome) 
2017-04-11 14:27:56,566 INFO  [Log] Quiting all instance of Browser(Internet explorer) 
2017-04-11 14:27:56,566 INFO  [Log] XXXXXXXXXXXXXXXXXXXXXXX             -E---N---D Test Case             XXXXXXXXXXXXXXXXXXXXXX 
2017-04-11 14:27:56,567 FATAL [Log] RateGain-1RG-61XpathClick  org.openqa.selenium.ElementNotVisibleException: element not visible
  (Session info: chrome=57.0.2987.133)
  (Driver info: chromedriver=2.29.461591 (62ebf098771772160f391d75e589dc567915b233),platform=Windows NT 6.1.7601 SP1 x86_64) (WARNING: The server did not provide any stacktrace information)
Command duration or timeout: 21 milliseconds
Build info: version: '2.53.0', revision: '35ae25b', time: '2016-03-15 17:00:58'
System info: host: 'P-Lokesh-LP', ip: '192.168.2.147', os.name: 'Windows 7', os.arch: 'amd64', os.version: '6.1', java.version: '1.8.0_121'
Driver info: org.openqa.selenium.chrome.ChromeDriver
Capabilities [{applicationCacheEnabled=false, rotatable=false, mobileEmulationEnabled=false, networkConnectionEnabled=false, chrome={chromedriverVersion=2.29.461591 (62ebf098771772160f391d75e589dc567915b233), userDataDir=C:\Users\PD1BF~1.LOK\AppData\Local\Temp\scoped_dir6808_11352}, takesHeapSnapshot=true, pageLoadStrategy=normal, databaseEnabled=false, handlesAlerts=true, hasTouchScreen=false, version=57.0.2987.133, platform=XP, browserConnectionEnabled=false, nativeEvents=true, acceptSslCerts=true, locationContextEnabled=true, webStorageEnabled=true, browserName=chrome, takesScreenshot=true, javascriptEnabled=true, cssSelectorsEnabled=true, unexpectedAlertBehaviour=}]
Session ID: 40338e5b557729bfcbca0d9b42648466null:Exception is not handled 
2017-04-11 14:27:56,580 INFO  [Log] XXXXXXXXXXXXXXXXXXXXXXX             -E---N---D Test Case             XXXXXXXXXXXXXXXXXXXXXX 
2017-04-11 14:27:56,687 INFO  [Log] RateGain-5_RateGain -5 
2017-04-11 14:27:56,843 INFO  [Log] RateGain-6_RateGain -6 
2017-04-11 14:27:57,006 INFO  [Log] ####Closing Test Suite #### 
2017-04-11 14:27:57,006 INFO  [Log] XXXXXXXXXXXXXXXXXXXXXXX             -E---N---D Test Case             XXXXXXXXXXXXXXXXXXXXXX 
2017-04-11 14:27:57,007 INFO  [Log] Creating Logs backup and storing for further reference 
