2017-04-11 14:44:05,972 INFO  [Log] Test Scenario Configuration started 
2017-04-11 14:44:05,989 INFO  [Log] Initialing HTML reporting 
2017-04-11 14:44:06,667 INFO  [Log] Starting Test Suit Execution 
2017-04-11 14:44:06,667 INFO  [Log] Creating Test suit report 
2017-04-11 14:44:07,355 WARN  [Log] Browser instance value is null 
2017-04-11 14:44:08,025 INFO  [Log] Object repository is created successfully 
2017-04-11 14:44:08,180 INFO  [Log] RateGain-1_RateGain -1 
2017-04-11 14:44:08,475 INFO  [Log] RateGain-2_RateGain -2 
2017-04-11 14:44:08,656 INFO  [Log] RateGain-3_RateGain -3 
2017-04-11 14:44:08,824 INFO  [Log] **************************************************************************************** 
2017-04-11 14:44:08,824 INFO  [Log] $$$$$$$$$$$$$$$$$$$$$                 #### Executing Test case: RateGain-4; Description: RateGain -4 For Data: 1       $$$$$$$$$$$$$$$$$$$$$$$$$ 
2017-04-11 14:44:08,824 INFO  [Log] **************************************************************************************** 
2017-04-11 14:44:17,987 INFO  [Log] #### Executing Test case: RateGain-4; Description: RateGain -4 In Chrome Browser for TestData:1 
2017-04-11 14:44:19,828 INFO  [Log] RG-01: Open URL; Action: open URL 
2017-04-11 14:44:24,860 INFO  [Log] RG-02; Not Waited 5000: Milli seconds for Element; Manual Wait is disabled 
2017-04-11 14:44:25,163 INFO  [Log] RG-03: Username; Action: Submited Value 
2017-04-11 14:44:26,163 INFO  [Log] RG-04; Not Waited 1000: Milli seconds for Element; Manual Wait is disabled 
2017-04-11 14:44:26,385 INFO  [Log] RG-05: Password; Action: Submited Value 
2017-04-11 14:44:28,386 INFO  [Log] RG-06; Not Waited 2000: Milli seconds for Element; Manual Wait is disabled 
2017-04-11 14:44:28,830 INFO  [Log] RG-07: clkLogin: Action click 
2017-04-11 14:44:33,832 INFO  [Log] RG-08; Not Waited 5000: Milli seconds for Element; Manual Wait is disabled 
2017-04-11 14:44:37,037 INFO  [Log] RG-09: clkLogin: Action click If 
2017-04-11 14:44:42,037 INFO  [Log] RG-10; Not Waited 5000: Milli seconds for Element; Manual Wait is disabled 
2017-04-11 14:44:42,274 INFO  [Log] RG-11: Username: Action Submit If 
2017-04-11 14:44:43,275 INFO  [Log] RG-12; Not Waited 1000: Milli seconds for Element; Manual Wait is disabled 
2017-04-11 14:44:43,482 INFO  [Log] RG-13: Password: Action Submit If 
2017-04-11 14:44:45,482 INFO  [Log] RG-14; Not Waited 2000: Milli seconds for Element; Manual Wait is disabled 
2017-04-11 14:44:49,050 INFO  [Log] RG-15: clkLogin: Action click If 
2017-04-11 14:44:54,052 INFO  [Log] RG-16; Not Waited 5000: Milli seconds for Element; Manual Wait is disabled 
2017-04-11 14:44:54,561 INFO  [Log] RG-17: ClickAdd: Action click 
2017-04-11 14:44:59,561 INFO  [Log] RG-18; Not Waited 5000: Milli seconds for Element; Manual Wait is disabled 
2017-04-11 14:44:59,716 INFO  [Log] RG-19: SelectIT: Action click 
2017-04-11 14:45:04,718 INFO  [Log] RG-20; Not Waited 5000: Milli seconds for Element; Manual Wait is disabled 
2017-04-11 14:45:04,925 INFO  [Log] RG-21: DropDownSelectIT; Action: Drop Down Select 
2017-04-11 14:45:09,927 INFO  [Log] RG-22; Not Waited 5000: Milli seconds for Element; Manual Wait is disabled 
2017-04-11 14:45:10,178 INFO  [Log] RG-23: Clientcodekeys; Action: Submit Random Value: svwqt; Index No is0 
2017-04-11 14:45:15,181 INFO  [Log] RG-24; Not Waited 5000: Milli seconds for Element; Manual Wait is disabled 
2017-04-11 14:45:15,417 INFO  [Log] RG-25: LastName; Action: Submited Value 
2017-04-11 14:45:20,417 INFO  [Log] RG-26; Not Waited 5000: Milli seconds for Element; Manual Wait is disabled 
2017-04-11 14:45:21,265 INFO  [Log] RG-27: ClkSave: Action click 
2017-04-11 14:45:26,267 INFO  [Log] RG-28; Not Waited 5000: Milli seconds for Element; Manual Wait is disabled 
2017-04-11 14:45:26,437 INFO  [Log] RG-29: ClickRStaus: Action click 
2017-04-11 14:45:31,437 INFO  [Log] RG-30; Not Waited 5000: Milli seconds for Element; Manual Wait is disabled 
2017-04-11 14:45:31,996 INFO  [Log] RG-31: ClkSave: Action click 
2017-04-11 14:45:36,998 INFO  [Log] RG-32; Not Waited 5000: Milli seconds for Element; Manual Wait is disabled 
2017-04-11 14:45:37,484 INFO  [Log] RG-33: ClickIncome: Action click 
2017-04-11 14:45:42,484 INFO  [Log] RG-34; Not Waited 5000: Milli seconds for Element; Manual Wait is disabled 
2017-04-11 14:45:42,666 INFO  [Log] RG-35: IncomeDrpdwn; Action: Drop Down Select 
2017-04-11 14:45:47,667 INFO  [Log] RG-36; Not Waited 5000: Milli seconds for Element; Manual Wait is disabled 
2017-04-11 14:45:47,855 INFO  [Log] RG-37: ClkSave: Action click 
2017-04-11 14:45:52,858 INFO  [Log] RG-38; Not Waited 5000: Milli seconds for Element; Manual Wait is disabled 
2017-04-11 14:45:53,404 INFO  [Log] RG-39: ClkSaveconfrm: Action click 
2017-04-11 14:45:58,405 INFO  [Log] RG-40; Not Waited 5000: Milli seconds for Element; Manual Wait is disabled 
2017-04-11 14:45:58,969 INFO  [Log] RG-41: ClkIncomeDetails: Action click 
2017-04-11 14:46:03,971 INFO  [Log] RG-42; Not Waited 5000: Milli seconds for Element; Manual Wait is disabled 
2017-04-11 14:46:04,139 INFO  [Log] RG-43: CSendSalDetails; Action: Submited Value 
2017-04-11 14:46:09,139 INFO  [Log] RG-44; Not Waited 5000: Milli seconds for Element; Manual Wait is disabled 
2017-04-11 14:46:09,347 INFO  [Log] RG-45: SendOtherSouurs; Action: Submited Value 
2017-04-11 14:46:14,348 INFO  [Log] RG-46; Not Waited 5000: Milli seconds for Element; Manual Wait is disabled 
2017-04-11 14:46:14,550 INFO  [Log] RG-47: ClkExcept; Action: Submited Value 
2017-04-11 14:46:19,550 INFO  [Log] RG-48; Not Waited 5000: Milli seconds for Element; Manual Wait is disabled 
2017-04-11 14:46:20,667 INFO  [Log] RG-49: ClkSave: Action click 
2017-04-11 14:46:25,669 INFO  [Log] RG-50; Not Waited 5000: Milli seconds for Element; Manual Wait is disabled 
2017-04-11 14:46:26,135 INFO  [Log] RG-51: ClkComputation: Action click 
2017-04-11 14:46:31,136 INFO  [Log] RG-52; Not Waited 5000: Milli seconds for Element; Manual Wait is disabled 
2017-04-11 14:46:31,333 INFO  [Log] RG-53: DateSelect: Action click 
2017-04-11 14:46:36,336 INFO  [Log] RG-54; Not Waited 5000: Milli seconds for Element; Manual Wait is disabled 
2017-04-11 14:46:36,636 INFO  [Log] Failed: RG-55: CmpreSalary; Value: 50000; is Not Present in Page values: ,  
2017-04-11 14:46:41,860 INFO  [Log] RG-56; Not Waited 5000: Milli seconds for Element; Manual Wait is disabled 
2017-04-11 14:46:42,100 INFO  [Log] Failed: RG-57: Cmpreothere; Value: 10000; is Not Present in Page values: ,  
2017-04-11 14:46:47,303 INFO  [Log] RG-58; Not Waited 5000: Milli seconds for Element; Manual Wait is disabled 
2017-04-11 14:46:47,464 INFO  [Log] RG-59: Dropdown click: Action click 
2017-04-11 14:46:52,464 INFO  [Log] RG-60; Not Waited 5000: Milli seconds for Element; Manual Wait is disabled 
2017-04-11 14:46:53,533 INFO  [Log] RG-61: ClkTax: Action click 
2017-04-11 14:46:58,534 INFO  [Log] RG-62; Not Waited 5000: Milli seconds for Element; Manual Wait is disabled 
2017-04-11 14:46:58,702 INFO  [Log] RG-63: ClkDouble: Action click 
2017-04-11 14:46:58,783 INFO  [Log] RG-64: ClkDouble: Action click 
2017-04-11 14:47:03,785 INFO  [Log] RG-65; Not Waited 5000: Milli seconds for Element; Manual Wait is disabled 
2017-04-11 14:47:03,874 ERROR [Log] Error#: RateGain-1RG-66XpathSubmitIfValue  org.openqa.selenium.WebDriverException: unknown error: cannot focus element
  (Session info: chrome=57.0.2987.133)
  (Driver info: chromedriver=2.29.461591 (62ebf098771772160f391d75e589dc567915b233),platform=Windows NT 6.1.7601 SP1 x86_64) (WARNING: The server did not provide any stacktrace information)
Command duration or timeout: 32 milliseconds
Build info: version: '2.53.0', revision: '35ae25b', time: '2016-03-15 17:00:58'
System info: host: 'P-Lokesh-LP', ip: '192.168.2.147', os.name: 'Windows 7', os.arch: 'amd64', os.version: '6.1', java.version: '1.8.0_121'
Driver info: org.openqa.selenium.chrome.ChromeDriver
Capabilities [{applicationCacheEnabled=false, rotatable=false, mobileEmulationEnabled=false, networkConnectionEnabled=false, chrome={chromedriverVersion=2.29.461591 (62ebf098771772160f391d75e589dc567915b233), userDataDir=C:\Users\PD1BF~1.LOK\AppData\Local\Temp\scoped_dir5616_7461}, takesHeapSnapshot=true, pageLoadStrategy=normal, databaseEnabled=false, handlesAlerts=true, hasTouchScreen=false, version=57.0.2987.133, platform=XP, browserConnectionEnabled=false, nativeEvents=true, acceptSslCerts=true, locationContextEnabled=true, webStorageEnabled=true, browserName=chrome, takesScreenshot=true, javascriptEnabled=true, cssSelectorsEnabled=true, unexpectedAlertBehaviour=}]
Session ID: a60481788ae726e8c10f792b88f121ffnull:Exception is not handled 
2017-04-11 14:47:08,845 INFO  [Log] Quiting all instance of Browser(Firefox) 
2017-04-11 14:47:09,681 INFO  [Log] Quiting all instance of Browser(Chrome) 
2017-04-11 14:47:10,482 INFO  [Log] Quiting all instance of Browser(Internet explorer) 
2017-04-11 14:47:10,482 INFO  [Log] XXXXXXXXXXXXXXXXXXXXXXX             -E---N---D Test Case             XXXXXXXXXXXXXXXXXXXXXX 
2017-04-11 14:47:10,490 FATAL [Log] RateGain-1RG-66XpathSubmitIfValue  org.openqa.selenium.WebDriverException: unknown error: cannot focus element
  (Session info: chrome=57.0.2987.133)
  (Driver info: chromedriver=2.29.461591 (62ebf098771772160f391d75e589dc567915b233),platform=Windows NT 6.1.7601 SP1 x86_64) (WARNING: The server did not provide any stacktrace information)
Command duration or timeout: 32 milliseconds
Build info: version: '2.53.0', revision: '35ae25b', time: '2016-03-15 17:00:58'
System info: host: 'P-Lokesh-LP', ip: '192.168.2.147', os.name: 'Windows 7', os.arch: 'amd64', os.version: '6.1', java.version: '1.8.0_121'
Driver info: org.openqa.selenium.chrome.ChromeDriver
Capabilities [{applicationCacheEnabled=false, rotatable=false, mobileEmulationEnabled=false, networkConnectionEnabled=false, chrome={chromedriverVersion=2.29.461591 (62ebf098771772160f391d75e589dc567915b233), userDataDir=C:\Users\PD1BF~1.LOK\AppData\Local\Temp\scoped_dir5616_7461}, takesHeapSnapshot=true, pageLoadStrategy=normal, databaseEnabled=false, handlesAlerts=true, hasTouchScreen=false, version=57.0.2987.133, platform=XP, browserConnectionEnabled=false, nativeEvents=true, acceptSslCerts=true, locationContextEnabled=true, webStorageEnabled=true, browserName=chrome, takesScreenshot=true, javascriptEnabled=true, cssSelectorsEnabled=true, unexpectedAlertBehaviour=}]
Session ID: a60481788ae726e8c10f792b88f121ffnull:Exception is not handled 
2017-04-11 14:47:10,527 INFO  [Log] XXXXXXXXXXXXXXXXXXXXXXX             -E---N---D Test Case             XXXXXXXXXXXXXXXXXXXXXX 
2017-04-11 14:47:10,713 INFO  [Log] RateGain-5_RateGain -5 
2017-04-11 14:47:10,871 INFO  [Log] RateGain-6_RateGain -6 
2017-04-11 14:47:11,047 INFO  [Log] ####Closing Test Suite #### 
2017-04-11 14:47:11,048 INFO  [Log] XXXXXXXXXXXXXXXXXXXXXXX             -E---N---D Test Case             XXXXXXXXXXXXXXXXXXXXXX 
2017-04-11 14:47:11,048 INFO  [Log] Creating Logs backup and storing for further reference 
