2017-04-11 14:07:06,513 INFO  [Log] Test Scenario Configuration started 
2017-04-11 14:07:06,537 INFO  [Log] Initialing HTML reporting 
2017-04-11 14:07:07,544 INFO  [Log] Starting Test Suit Execution 
2017-04-11 14:07:07,544 INFO  [Log] Creating Test suit report 
2017-04-11 14:07:08,636 WARN  [Log] Browser instance value is null 
2017-04-11 14:07:09,759 INFO  [Log] Object repository is created successfully 
2017-04-11 14:07:10,022 INFO  [Log] RateGain-1_RateGain -1 
2017-04-11 14:07:10,437 INFO  [Log] RateGain-2_RateGain -2 
2017-04-11 14:07:10,678 INFO  [Log] RateGain-3_RateGain -3 
2017-04-11 14:07:10,868 INFO  [Log] **************************************************************************************** 
2017-04-11 14:07:10,868 INFO  [Log] $$$$$$$$$$$$$$$$$$$$$                 #### Executing Test case: RateGain-4; Description: RateGain -4 For Data: 1       $$$$$$$$$$$$$$$$$$$$$$$$$ 
2017-04-11 14:07:10,868 INFO  [Log] **************************************************************************************** 
2017-04-11 14:07:22,549 INFO  [Log] #### Executing Test case: RateGain-4; Description: RateGain -4 In Chrome Browser for TestData:1 
2017-04-11 14:07:24,327 INFO  [Log] RG-01: Open URL; Action: open URL 
2017-04-11 14:07:29,420 INFO  [Log] RG-02; Not Waited 5000: Milli seconds for Element; Manual Wait is disabled 
2017-04-11 14:07:29,669 INFO  [Log] RG-03: Username; Action: Submited Value 
2017-04-11 14:07:30,672 INFO  [Log] RG-04; Not Waited 1000: Milli seconds for Element; Manual Wait is disabled 
2017-04-11 14:07:30,896 INFO  [Log] RG-05: Password; Action: Submited Value 
2017-04-11 14:07:32,922 INFO  [Log] RG-06; Not Waited 2000: Milli seconds for Element; Manual Wait is disabled 
2017-04-11 14:07:33,397 INFO  [Log] RG-07: clkLogin: Action click 
2017-04-11 14:07:38,406 INFO  [Log] RG-08; Not Waited 5000: Milli seconds for Element; Manual Wait is disabled 
2017-04-11 14:07:41,571 INFO  [Log] RG-09: clkLogin: Action click If 
2017-04-11 14:07:46,583 INFO  [Log] RG-10; Not Waited 5000: Milli seconds for Element; Manual Wait is disabled 
2017-04-11 14:07:46,792 INFO  [Log] RG-11: Username: Action Submit If 
2017-04-11 14:07:47,791 INFO  [Log] RG-12; Not Waited 1000: Milli seconds for Element; Manual Wait is disabled 
2017-04-11 14:07:48,001 INFO  [Log] RG-13: Password: Action Submit If 
2017-04-11 14:07:50,028 INFO  [Log] RG-14; Not Waited 2000: Milli seconds for Element; Manual Wait is disabled 
2017-04-11 14:07:53,679 INFO  [Log] RG-15: clkLogin: Action click If 
2017-04-11 14:07:58,707 INFO  [Log] RG-16; Not Waited 5000: Milli seconds for Element; Manual Wait is disabled 
2017-04-11 14:07:59,280 INFO  [Log] RG-17: ClickAdd: Action click 
2017-04-11 14:08:04,305 INFO  [Log] RG-18; Not Waited 5000: Milli seconds for Element; Manual Wait is disabled 
2017-04-11 14:08:04,427 INFO  [Log] RG-19: SelectIT: Action click 
2017-04-11 14:08:09,418 INFO  [Log] RG-20; Not Waited 5000: Milli seconds for Element; Manual Wait is disabled 
2017-04-11 14:08:09,634 INFO  [Log] RG-21: DropDownSelectIT; Action: Drop Down Select 
2017-04-11 14:08:14,634 INFO  [Log] RG-22; Not Waited 5000: Milli seconds for Element; Manual Wait is disabled 
2017-04-11 14:08:14,892 INFO  [Log] RG-23: Clientcodekeys; Action: Submit Random Value: CBSVC; Index No is0 
2017-04-11 14:08:19,892 INFO  [Log] RG-24; Not Waited 5000: Milli seconds for Element; Manual Wait is disabled 
2017-04-11 14:08:20,110 INFO  [Log] RG-25: LastName; Action: Submited Value 
2017-04-11 14:08:25,110 INFO  [Log] RG-26; Not Waited 5000: Milli seconds for Element; Manual Wait is disabled 
2017-04-11 14:08:26,317 INFO  [Log] RG-27: ClkSave: Action click 
2017-04-11 14:08:31,316 INFO  [Log] RG-28; Not Waited 5000: Milli seconds for Element; Manual Wait is disabled 
2017-04-11 14:08:31,462 INFO  [Log] RG-29: ClickRStaus: Action click 
2017-04-11 14:08:36,471 INFO  [Log] RG-30; Not Waited 5000: Milli seconds for Element; Manual Wait is disabled 
2017-04-11 14:08:37,069 INFO  [Log] RG-31: ClkSave: Action click 
2017-04-11 14:08:42,094 INFO  [Log] RG-32; Not Waited 5000: Milli seconds for Element; Manual Wait is disabled 
2017-04-11 14:08:42,521 INFO  [Log] RG-33: ClickIncome: Action click 
2017-04-11 14:08:47,546 INFO  [Log] RG-34; Not Waited 5000: Milli seconds for Element; Manual Wait is disabled 
2017-04-11 14:08:47,728 INFO  [Log] RG-35: IncomeDrpdwn; Action: Drop Down Select 
2017-04-11 14:08:52,740 INFO  [Log] RG-36; Not Waited 5000: Milli seconds for Element; Manual Wait is disabled 
2017-04-11 14:08:52,960 INFO  [Log] RG-37: ClkSave: Action click 
2017-04-11 14:08:57,980 INFO  [Log] RG-38; Not Waited 5000: Milli seconds for Element; Manual Wait is disabled 
2017-04-11 14:08:58,780 INFO  [Log] RG-39: ClkSaveconfrm: Action click 
2017-04-11 14:09:03,803 INFO  [Log] RG-40; Not Waited 5000: Milli seconds for Element; Manual Wait is disabled 
2017-04-11 14:09:04,360 INFO  [Log] RG-41: ClkIncomeDetails: Action click 
2017-04-11 14:09:09,379 INFO  [Log] RG-42; Not Waited 5000: Milli seconds for Element; Manual Wait is disabled 
2017-04-11 14:09:09,494 INFO  [Log] RG-43: CSendSalDetails; Action: Submited Value 
2017-04-11 14:09:14,519 INFO  [Log] RG-44; Not Waited 5000: Milli seconds for Element; Manual Wait is disabled 
2017-04-11 14:09:14,790 INFO  [Log] RG-45: SendOtherSouurs; Action: Submited Value 
2017-04-11 14:09:19,791 INFO  [Log] RG-46; Not Waited 5000: Milli seconds for Element; Manual Wait is disabled 
2017-04-11 14:09:19,975 INFO  [Log] RG-47: ClkExcept; Action: Submited Value 
2017-04-11 14:09:24,988 INFO  [Log] RG-48; Not Waited 5000: Milli seconds for Element; Manual Wait is disabled 
2017-04-11 14:09:26,216 INFO  [Log] RG-49: ClkSave: Action click 
2017-04-11 14:09:31,217 INFO  [Log] RG-50; Not Waited 5000: Milli seconds for Element; Manual Wait is disabled 
2017-04-11 14:09:31,713 INFO  [Log] RG-51: ClkComputation: Action click 
2017-04-11 14:09:36,734 INFO  [Log] RG-52; Not Waited 5000: Milli seconds for Element; Manual Wait is disabled 
2017-04-11 14:09:36,946 INFO  [Log] RG-53: DateSelect: Action click 
2017-04-11 14:09:41,966 INFO  [Log] RG-54; Not Waited 5000: Milli seconds for Element; Manual Wait is disabled 
2017-04-11 14:09:42,289 INFO  [Log] Failed: RG-55: CmpreSalary; Value: 50000; is Not Present in Page values: ,  
2017-04-11 14:09:47,519 INFO  [Log] RG-56; Not Waited 5000: Milli seconds for Element; Manual Wait is disabled 
2017-04-11 14:09:47,730 INFO  [Log] Failed: RG-57: Cmpreothere; Value: 10000; is Not Present in Page values: ,  
2017-04-11 14:09:52,905 INFO  [Log] RG-58; Not Waited 5000: Milli seconds for Element; Manual Wait is disabled 
2017-04-11 14:09:53,037 INFO  [Log] RG-59: Dropdown click: Action click 
2017-04-11 14:09:58,056 INFO  [Log] RG-60; Not Waited 5000: Milli seconds for Element; Manual Wait is disabled 
2017-04-11 14:09:58,210 INFO  [Log] RG-61: ClkTax: Action click 
2017-04-11 14:10:03,236 INFO  [Log] RG-62; Not Waited 5000: Milli seconds for Element; Manual Wait is disabled 
2017-04-11 14:10:41,520 INFO  [Log] RG-63: ClkDouble; Action: Mouse Hover and Double Clicked 
2017-04-11 14:10:46,520 INFO  [Log] RG-64; Not Waited 5000: Milli seconds for Element; Manual Wait is disabled 
2017-04-11 14:10:46,669 ERROR [Log] Error#: RateGain-1RG-65XpathSubmitRandom  org.openqa.selenium.WebDriverException: unknown error: cannot focus element
  (Session info: chrome=57.0.2987.133)
  (Driver info: chromedriver=2.29.461591 (62ebf098771772160f391d75e589dc567915b233),platform=Windows NT 6.1.7601 SP1 x86_64) (WARNING: The server did not provide any stacktrace information)
Command duration or timeout: 44 milliseconds
Build info: version: '2.53.0', revision: '35ae25b', time: '2016-03-15 17:00:58'
System info: host: 'P-Lokesh-LP', ip: '192.168.2.147', os.name: 'Windows 7', os.arch: 'amd64', os.version: '6.1', java.version: '1.8.0_121'
Driver info: org.openqa.selenium.chrome.ChromeDriver
Capabilities [{applicationCacheEnabled=false, rotatable=false, mobileEmulationEnabled=false, networkConnectionEnabled=false, chrome={chromedriverVersion=2.29.461591 (62ebf098771772160f391d75e589dc567915b233), userDataDir=C:\Users\PD1BF~1.LOK\AppData\Local\Temp\scoped_dir11052_26042}, takesHeapSnapshot=true, pageLoadStrategy=normal, databaseEnabled=false, handlesAlerts=true, hasTouchScreen=false, version=57.0.2987.133, platform=XP, browserConnectionEnabled=false, nativeEvents=true, acceptSslCerts=true, locationContextEnabled=true, webStorageEnabled=true, browserName=chrome, takesScreenshot=true, javascriptEnabled=true, cssSelectorsEnabled=true, unexpectedAlertBehaviour=}]
Session ID: 6e73516e8ca012da05a4997c5103661anull:Exception is not handled 
2017-04-11 14:10:51,894 INFO  [Log] Quiting all instance of Browser(Firefox) 
2017-04-11 14:10:52,655 INFO  [Log] Quiting all instance of Browser(Chrome) 
2017-04-11 14:10:53,415 INFO  [Log] Quiting all instance of Browser(Internet explorer) 
2017-04-11 14:10:53,415 INFO  [Log] XXXXXXXXXXXXXXXXXXXXXXX             -E---N---D Test Case             XXXXXXXXXXXXXXXXXXXXXX 
2017-04-11 14:10:53,415 FATAL [Log] RateGain-1RG-65XpathSubmitRandom  org.openqa.selenium.WebDriverException: unknown error: cannot focus element
  (Session info: chrome=57.0.2987.133)
  (Driver info: chromedriver=2.29.461591 (62ebf098771772160f391d75e589dc567915b233),platform=Windows NT 6.1.7601 SP1 x86_64) (WARNING: The server did not provide any stacktrace information)
Command duration or timeout: 44 milliseconds
Build info: version: '2.53.0', revision: '35ae25b', time: '2016-03-15 17:00:58'
System info: host: 'P-Lokesh-LP', ip: '192.168.2.147', os.name: 'Windows 7', os.arch: 'amd64', os.version: '6.1', java.version: '1.8.0_121'
Driver info: org.openqa.selenium.chrome.ChromeDriver
Capabilities [{applicationCacheEnabled=false, rotatable=false, mobileEmulationEnabled=false, networkConnectionEnabled=false, chrome={chromedriverVersion=2.29.461591 (62ebf098771772160f391d75e589dc567915b233), userDataDir=C:\Users\PD1BF~1.LOK\AppData\Local\Temp\scoped_dir11052_26042}, takesHeapSnapshot=true, pageLoadStrategy=normal, databaseEnabled=false, handlesAlerts=true, hasTouchScreen=false, version=57.0.2987.133, platform=XP, browserConnectionEnabled=false, nativeEvents=true, acceptSslCerts=true, locationContextEnabled=true, webStorageEnabled=true, browserName=chrome, takesScreenshot=true, javascriptEnabled=true, cssSelectorsEnabled=true, unexpectedAlertBehaviour=}]
Session ID: 6e73516e8ca012da05a4997c5103661anull:Exception is not handled 
2017-04-11 14:10:53,425 INFO  [Log] XXXXXXXXXXXXXXXXXXXXXXX             -E---N---D Test Case             XXXXXXXXXXXXXXXXXXXXXX 
2017-04-11 14:10:53,583 INFO  [Log] RateGain-5_RateGain -5 
2017-04-11 14:10:53,739 INFO  [Log] RateGain-6_RateGain -6 
2017-04-11 14:10:53,890 INFO  [Log] ####Closing Test Suite #### 
2017-04-11 14:10:53,890 INFO  [Log] XXXXXXXXXXXXXXXXXXXXXXX             -E---N---D Test Case             XXXXXXXXXXXXXXXXXXXXXX 
2017-04-11 14:10:53,890 INFO  [Log] Creating Logs backup and storing for further reference 
