2017-04-11 14:20:43,482 INFO  [Log] Test Scenario Configuration started 
2017-04-11 14:20:43,496 INFO  [Log] Initialing HTML reporting 
2017-04-11 14:20:44,297 INFO  [Log] Starting Test Suit Execution 
2017-04-11 14:20:44,297 INFO  [Log] Creating Test suit report 
2017-04-11 14:20:45,084 WARN  [Log] Browser instance value is null 
2017-04-11 14:20:45,768 INFO  [Log] Object repository is created successfully 
2017-04-11 14:20:45,906 INFO  [Log] RateGain-1_RateGain -1 
2017-04-11 14:20:46,144 INFO  [Log] RateGain-2_RateGain -2 
2017-04-11 14:20:46,316 INFO  [Log] RateGain-3_RateGain -3 
2017-04-11 14:20:46,512 INFO  [Log] **************************************************************************************** 
2017-04-11 14:20:46,512 INFO  [Log] $$$$$$$$$$$$$$$$$$$$$                 #### Executing Test case: RateGain-4; Description: RateGain -4 For Data: 1       $$$$$$$$$$$$$$$$$$$$$$$$$ 
2017-04-11 14:20:46,512 INFO  [Log] **************************************************************************************** 
2017-04-11 14:20:56,217 INFO  [Log] #### Executing Test case: RateGain-4; Description: RateGain -4 In Chrome Browser for TestData:1 
2017-04-11 14:20:58,243 INFO  [Log] RG-01: Open URL; Action: open URL 
2017-04-11 14:21:03,271 INFO  [Log] RG-02; Not Waited 5000: Milli seconds for Element; Manual Wait is disabled 
2017-04-11 14:21:03,557 INFO  [Log] RG-03: Username; Action: Submited Value 
2017-04-11 14:21:04,558 INFO  [Log] RG-04; Not Waited 1000: Milli seconds for Element; Manual Wait is disabled 
2017-04-11 14:21:04,760 INFO  [Log] RG-05: Password; Action: Submited Value 
2017-04-11 14:21:06,761 INFO  [Log] RG-06; Not Waited 2000: Milli seconds for Element; Manual Wait is disabled 
2017-04-11 14:21:07,227 INFO  [Log] RG-07: clkLogin: Action click 
2017-04-11 14:21:12,229 INFO  [Log] RG-08; Not Waited 5000: Milli seconds for Element; Manual Wait is disabled 
2017-04-11 14:21:15,395 INFO  [Log] RG-09: clkLogin: Action click If 
2017-04-11 14:21:20,396 INFO  [Log] RG-10; Not Waited 5000: Milli seconds for Element; Manual Wait is disabled 
2017-04-11 14:21:20,673 INFO  [Log] RG-11: Username: Action Submit If 
2017-04-11 14:21:21,673 INFO  [Log] RG-12; Not Waited 1000: Milli seconds for Element; Manual Wait is disabled 
2017-04-11 14:21:21,882 INFO  [Log] RG-13: Password: Action Submit If 
2017-04-11 14:21:23,882 INFO  [Log] RG-14; Not Waited 2000: Milli seconds for Element; Manual Wait is disabled 
2017-04-11 14:21:27,579 INFO  [Log] RG-15: clkLogin: Action click If 
2017-04-11 14:21:32,579 INFO  [Log] RG-16; Not Waited 5000: Milli seconds for Element; Manual Wait is disabled 
2017-04-11 14:21:33,080 INFO  [Log] RG-17: ClickAdd: Action click 
2017-04-11 14:21:38,080 INFO  [Log] RG-18; Not Waited 5000: Milli seconds for Element; Manual Wait is disabled 
2017-04-11 14:21:38,247 INFO  [Log] RG-19: SelectIT: Action click 
2017-04-11 14:21:43,247 INFO  [Log] RG-20; Not Waited 5000: Milli seconds for Element; Manual Wait is disabled 
2017-04-11 14:21:43,460 INFO  [Log] RG-21: DropDownSelectIT; Action: Drop Down Select 
2017-04-11 14:21:48,461 INFO  [Log] RG-22; Not Waited 5000: Milli seconds for Element; Manual Wait is disabled 
2017-04-11 14:21:48,721 INFO  [Log] RG-23: Clientcodekeys; Action: Submit Random Value: GTWaa; Index No is0 
2017-04-11 14:21:53,721 INFO  [Log] RG-24; Not Waited 5000: Milli seconds for Element; Manual Wait is disabled 
2017-04-11 14:21:53,927 INFO  [Log] RG-25: LastName; Action: Submited Value 
2017-04-11 14:21:58,927 INFO  [Log] RG-26; Not Waited 5000: Milli seconds for Element; Manual Wait is disabled 
2017-04-11 14:21:59,718 INFO  [Log] RG-27: ClkSave: Action click 
2017-04-11 14:22:04,718 INFO  [Log] RG-28; Not Waited 5000: Milli seconds for Element; Manual Wait is disabled 
2017-04-11 14:22:04,872 INFO  [Log] RG-29: ClickRStaus: Action click 
2017-04-11 14:22:09,873 INFO  [Log] RG-30; Not Waited 5000: Milli seconds for Element; Manual Wait is disabled 
2017-04-11 14:22:10,424 INFO  [Log] RG-31: ClkSave: Action click 
2017-04-11 14:22:15,426 INFO  [Log] RG-32; Not Waited 5000: Milli seconds for Element; Manual Wait is disabled 
2017-04-11 14:22:15,891 INFO  [Log] RG-33: ClickIncome: Action click 
2017-04-11 14:22:20,891 INFO  [Log] RG-34; Not Waited 5000: Milli seconds for Element; Manual Wait is disabled 
2017-04-11 14:22:21,079 INFO  [Log] RG-35: IncomeDrpdwn; Action: Drop Down Select 
2017-04-11 14:22:26,079 INFO  [Log] RG-36; Not Waited 5000: Milli seconds for Element; Manual Wait is disabled 
2017-04-11 14:22:26,271 INFO  [Log] RG-37: ClkSave: Action click 
2017-04-11 14:22:31,271 INFO  [Log] RG-38; Not Waited 5000: Milli seconds for Element; Manual Wait is disabled 
2017-04-11 14:22:31,894 INFO  [Log] RG-39: ClkSaveconfrm: Action click 
2017-04-11 14:22:36,895 INFO  [Log] RG-40; Not Waited 5000: Milli seconds for Element; Manual Wait is disabled 
2017-04-11 14:22:37,500 INFO  [Log] RG-41: ClkIncomeDetails: Action click 
2017-04-11 14:22:42,501 INFO  [Log] RG-42; Not Waited 5000: Milli seconds for Element; Manual Wait is disabled 
2017-04-11 14:22:42,668 INFO  [Log] RG-43: CSendSalDetails; Action: Submited Value 
2017-04-11 14:22:47,668 INFO  [Log] RG-44; Not Waited 5000: Milli seconds for Element; Manual Wait is disabled 
2017-04-11 14:22:47,880 INFO  [Log] RG-45: SendOtherSouurs; Action: Submited Value 
2017-04-11 14:22:52,880 INFO  [Log] RG-46; Not Waited 5000: Milli seconds for Element; Manual Wait is disabled 
2017-04-11 14:22:53,052 INFO  [Log] RG-47: ClkExcept; Action: Submited Value 
2017-04-11 14:22:58,052 INFO  [Log] RG-48; Not Waited 5000: Milli seconds for Element; Manual Wait is disabled 
2017-04-11 14:22:59,137 INFO  [Log] RG-49: ClkSave: Action click 
2017-04-11 14:23:04,138 INFO  [Log] RG-50; Not Waited 5000: Milli seconds for Element; Manual Wait is disabled 
2017-04-11 14:23:04,827 INFO  [Log] RG-51: ClkComputation: Action click 
2017-04-11 14:23:09,828 INFO  [Log] RG-52; Not Waited 5000: Milli seconds for Element; Manual Wait is disabled 
2017-04-11 14:23:10,005 INFO  [Log] RG-53: DateSelect: Action click 
2017-04-11 14:23:15,006 INFO  [Log] RG-54; Not Waited 5000: Milli seconds for Element; Manual Wait is disabled 
2017-04-11 14:23:15,338 INFO  [Log] Failed: RG-55: CmpreSalary; Value: 50000; is Not Present in Page values: ,  
2017-04-11 14:23:20,639 INFO  [Log] RG-56; Not Waited 5000: Milli seconds for Element; Manual Wait is disabled 
2017-04-11 14:23:20,890 INFO  [Log] Failed: RG-57: Cmpreothere; Value: 10000; is Not Present in Page values: ,  
2017-04-11 14:23:26,067 INFO  [Log] RG-58; Not Waited 5000: Milli seconds for Element; Manual Wait is disabled 
2017-04-11 14:23:26,221 INFO  [Log] RG-59: Dropdown click: Action click 
2017-04-11 14:23:31,222 INFO  [Log] RG-60; Not Waited 5000: Milli seconds for Element; Manual Wait is disabled 
2017-04-11 14:23:32,373 INFO  [Log] RG-61: ClkTax: Action click 
2017-04-11 14:23:37,375 INFO  [Log] RG-62; Not Waited 5000: Milli seconds for Element; Manual Wait is disabled 
2017-04-11 14:23:37,544 INFO  [Log] RG-63: ClkDouble; Action: Mouse Hover and Double Clicked 
2017-04-11 14:23:42,546 INFO  [Log] RG-64; Not Waited 5000: Milli seconds for Element; Manual Wait is disabled 
2017-04-11 14:23:42,683 ERROR [Log] Error#: RateGain-1RG-65XpathSubmitValue  org.openqa.selenium.ElementNotVisibleException: element not visible
  (Session info: chrome=57.0.2987.133)
  (Driver info: chromedriver=2.29.461591 (62ebf098771772160f391d75e589dc567915b233),platform=Windows NT 6.1.7601 SP1 x86_64) (WARNING: The server did not provide any stacktrace information)
Command duration or timeout: 27 milliseconds
Build info: version: '2.53.0', revision: '35ae25b', time: '2016-03-15 17:00:58'
System info: host: 'P-Lokesh-LP', ip: '192.168.2.147', os.name: 'Windows 7', os.arch: 'amd64', os.version: '6.1', java.version: '1.8.0_121'
Driver info: org.openqa.selenium.chrome.ChromeDriver
Capabilities [{applicationCacheEnabled=false, rotatable=false, mobileEmulationEnabled=false, networkConnectionEnabled=false, chrome={chromedriverVersion=2.29.461591 (62ebf098771772160f391d75e589dc567915b233), userDataDir=C:\Users\PD1BF~1.LOK\AppData\Local\Temp\scoped_dir5192_14865}, takesHeapSnapshot=true, pageLoadStrategy=normal, databaseEnabled=false, handlesAlerts=true, hasTouchScreen=false, version=57.0.2987.133, platform=XP, browserConnectionEnabled=false, nativeEvents=true, acceptSslCerts=true, locationContextEnabled=true, webStorageEnabled=true, browserName=chrome, takesScreenshot=true, javascriptEnabled=true, cssSelectorsEnabled=true, unexpectedAlertBehaviour=}]
Session ID: a8784d0b5c06c4782ddb03745246f54anull:Exception is not handled 
2017-04-11 14:23:46,929 INFO  [Log] Quiting all instance of Browser(Firefox) 
2017-04-11 14:23:47,712 INFO  [Log] Quiting all instance of Browser(Chrome) 
2017-04-11 14:23:48,758 INFO  [Log] Quiting all instance of Browser(Internet explorer) 
2017-04-11 14:23:48,758 INFO  [Log] XXXXXXXXXXXXXXXXXXXXXXX             -E---N---D Test Case             XXXXXXXXXXXXXXXXXXXXXX 
2017-04-11 14:23:48,758 FATAL [Log] RateGain-1RG-65XpathSubmitValue  org.openqa.selenium.ElementNotVisibleException: element not visible
  (Session info: chrome=57.0.2987.133)
  (Driver info: chromedriver=2.29.461591 (62ebf098771772160f391d75e589dc567915b233),platform=Windows NT 6.1.7601 SP1 x86_64) (WARNING: The server did not provide any stacktrace information)
Command duration or timeout: 27 milliseconds
Build info: version: '2.53.0', revision: '35ae25b', time: '2016-03-15 17:00:58'
System info: host: 'P-Lokesh-LP', ip: '192.168.2.147', os.name: 'Windows 7', os.arch: 'amd64', os.version: '6.1', java.version: '1.8.0_121'
Driver info: org.openqa.selenium.chrome.ChromeDriver
Capabilities [{applicationCacheEnabled=false, rotatable=false, mobileEmulationEnabled=false, networkConnectionEnabled=false, chrome={chromedriverVersion=2.29.461591 (62ebf098771772160f391d75e589dc567915b233), userDataDir=C:\Users\PD1BF~1.LOK\AppData\Local\Temp\scoped_dir5192_14865}, takesHeapSnapshot=true, pageLoadStrategy=normal, databaseEnabled=false, handlesAlerts=true, hasTouchScreen=false, version=57.0.2987.133, platform=XP, browserConnectionEnabled=false, nativeEvents=true, acceptSslCerts=true, locationContextEnabled=true, webStorageEnabled=true, browserName=chrome, takesScreenshot=true, javascriptEnabled=true, cssSelectorsEnabled=true, unexpectedAlertBehaviour=}]
Session ID: a8784d0b5c06c4782ddb03745246f54anull:Exception is not handled 
2017-04-11 14:23:48,780 INFO  [Log] XXXXXXXXXXXXXXXXXXXXXXX             -E---N---D Test Case             XXXXXXXXXXXXXXXXXXXXXX 
2017-04-11 14:23:49,083 INFO  [Log] RateGain-5_RateGain -5 
2017-04-11 14:23:49,246 INFO  [Log] RateGain-6_RateGain -6 
2017-04-11 14:23:49,414 INFO  [Log] ####Closing Test Suite #### 
2017-04-11 14:23:49,414 INFO  [Log] XXXXXXXXXXXXXXXXXXXXXXX             -E---N---D Test Case             XXXXXXXXXXXXXXXXXXXXXX 
2017-04-11 14:23:49,414 INFO  [Log] Creating Logs backup and storing for further reference 
