2017-04-11 14:11:38,656 INFO  [Log] Test Scenario Configuration started 
2017-04-11 14:11:38,677 INFO  [Log] Initialing HTML reporting 
2017-04-11 14:11:39,307 INFO  [Log] Starting Test Suit Execution 
2017-04-11 14:11:39,307 INFO  [Log] Creating Test suit report 
2017-04-11 14:11:39,967 WARN  [Log] Browser instance value is null 
2017-04-11 14:11:40,560 INFO  [Log] Object repository is created successfully 
2017-04-11 14:11:40,737 INFO  [Log] RateGain-1_RateGain -1 
2017-04-11 14:11:41,006 INFO  [Log] RateGain-2_RateGain -2 
2017-04-11 14:11:41,191 INFO  [Log] RateGain-3_RateGain -3 
2017-04-11 14:11:41,340 INFO  [Log] **************************************************************************************** 
2017-04-11 14:11:41,340 INFO  [Log] $$$$$$$$$$$$$$$$$$$$$                 #### Executing Test case: RateGain-4; Description: RateGain -4 For Data: 1       $$$$$$$$$$$$$$$$$$$$$$$$$ 
2017-04-11 14:11:41,340 INFO  [Log] **************************************************************************************** 
2017-04-11 14:11:50,385 INFO  [Log] #### Executing Test case: RateGain-4; Description: RateGain -4 In Chrome Browser for TestData:1 
2017-04-11 14:11:52,429 INFO  [Log] RG-01: Open URL; Action: open URL 
2017-04-11 14:11:57,461 INFO  [Log] RG-02; Not Waited 5000: Milli seconds for Element; Manual Wait is disabled 
2017-04-11 14:11:57,808 INFO  [Log] RG-03: Username; Action: Submited Value 
2017-04-11 14:11:58,833 INFO  [Log] RG-04; Not Waited 1000: Milli seconds for Element; Manual Wait is disabled 
2017-04-11 14:11:59,022 INFO  [Log] RG-05: Password; Action: Submited Value 
2017-04-11 14:12:01,042 INFO  [Log] RG-06; Not Waited 2000: Milli seconds for Element; Manual Wait is disabled 
2017-04-11 14:12:01,477 INFO  [Log] RG-07: clkLogin: Action click 
2017-04-11 14:12:06,476 INFO  [Log] RG-08; Not Waited 5000: Milli seconds for Element; Manual Wait is disabled 
2017-04-11 14:12:09,668 INFO  [Log] RG-09: clkLogin: Action click If 
2017-04-11 14:12:14,681 INFO  [Log] RG-10; Not Waited 5000: Milli seconds for Element; Manual Wait is disabled 
2017-04-11 14:12:14,972 INFO  [Log] RG-11: Username: Action Submit If 
2017-04-11 14:12:15,992 INFO  [Log] RG-12; Not Waited 1000: Milli seconds for Element; Manual Wait is disabled 
2017-04-11 14:12:16,180 INFO  [Log] RG-13: Password: Action Submit If 
2017-04-11 14:12:18,207 INFO  [Log] RG-14; Not Waited 2000: Milli seconds for Element; Manual Wait is disabled 
2017-04-11 14:12:21,779 INFO  [Log] RG-15: clkLogin: Action click If 
2017-04-11 14:12:26,801 INFO  [Log] RG-16; Not Waited 5000: Milli seconds for Element; Manual Wait is disabled 
2017-04-11 14:12:27,410 INFO  [Log] RG-17: ClickAdd: Action click 
2017-04-11 14:12:32,433 INFO  [Log] RG-18; Not Waited 5000: Milli seconds for Element; Manual Wait is disabled 
2017-04-11 14:12:32,575 INFO  [Log] RG-19: SelectIT: Action click 
2017-04-11 14:12:37,576 INFO  [Log] RG-20; Not Waited 5000: Milli seconds for Element; Manual Wait is disabled 
2017-04-11 14:12:37,788 INFO  [Log] RG-21: DropDownSelectIT; Action: Drop Down Select 
2017-04-11 14:12:42,788 INFO  [Log] RG-22; Not Waited 5000: Milli seconds for Element; Manual Wait is disabled 
2017-04-11 14:12:43,042 INFO  [Log] RG-23: Clientcodekeys; Action: Submit Random Value: CVula; Index No is0 
2017-04-11 14:12:48,042 INFO  [Log] RG-24; Not Waited 5000: Milli seconds for Element; Manual Wait is disabled 
2017-04-11 14:12:48,251 INFO  [Log] RG-25: LastName; Action: Submited Value 
2017-04-11 14:12:53,252 INFO  [Log] RG-26; Not Waited 5000: Milli seconds for Element; Manual Wait is disabled 
2017-04-11 14:12:54,049 INFO  [Log] RG-27: ClkSave: Action click 
2017-04-11 14:12:59,049 INFO  [Log] RG-28; Not Waited 5000: Milli seconds for Element; Manual Wait is disabled 
2017-04-11 14:12:59,205 INFO  [Log] RG-29: ClickRStaus: Action click 
2017-04-11 14:13:04,220 INFO  [Log] RG-30; Not Waited 5000: Milli seconds for Element; Manual Wait is disabled 
2017-04-11 14:13:04,811 INFO  [Log] RG-31: ClkSave: Action click 
2017-04-11 14:13:09,831 INFO  [Log] RG-32; Not Waited 5000: Milli seconds for Element; Manual Wait is disabled 
2017-04-11 14:13:10,258 INFO  [Log] RG-33: ClickIncome: Action click 
2017-04-11 14:13:15,286 INFO  [Log] RG-34; Not Waited 5000: Milli seconds for Element; Manual Wait is disabled 
2017-04-11 14:13:15,448 INFO  [Log] RG-35: IncomeDrpdwn; Action: Drop Down Select 
2017-04-11 14:13:20,438 INFO  [Log] RG-36; Not Waited 5000: Milli seconds for Element; Manual Wait is disabled 
2017-04-11 14:13:20,619 INFO  [Log] RG-37: ClkSave: Action click 
2017-04-11 14:13:25,620 INFO  [Log] RG-38; Not Waited 5000: Milli seconds for Element; Manual Wait is disabled 
2017-04-11 14:13:26,256 INFO  [Log] RG-39: ClkSaveconfrm: Action click 
2017-04-11 14:13:31,279 INFO  [Log] RG-40; Not Waited 5000: Milli seconds for Element; Manual Wait is disabled 
2017-04-11 14:13:31,824 INFO  [Log] RG-41: ClkIncomeDetails: Action click 
2017-04-11 14:13:36,845 INFO  [Log] RG-42; Not Waited 5000: Milli seconds for Element; Manual Wait is disabled 
2017-04-11 14:13:36,984 INFO  [Log] RG-43: CSendSalDetails; Action: Submited Value 
2017-04-11 14:13:42,005 INFO  [Log] RG-44; Not Waited 5000: Milli seconds for Element; Manual Wait is disabled 
2017-04-11 14:13:42,247 INFO  [Log] RG-45: SendOtherSouurs; Action: Submited Value 
2017-04-11 14:13:47,268 INFO  [Log] RG-46; Not Waited 5000: Milli seconds for Element; Manual Wait is disabled 
2017-04-11 14:13:47,446 INFO  [Log] RG-47: ClkExcept; Action: Submited Value 
2017-04-11 14:13:52,447 INFO  [Log] RG-48; Not Waited 5000: Milli seconds for Element; Manual Wait is disabled 
2017-04-11 14:13:53,419 INFO  [Log] RG-49: ClkSave: Action click 
2017-04-11 14:13:58,419 INFO  [Log] RG-50; Not Waited 5000: Milli seconds for Element; Manual Wait is disabled 
2017-04-11 14:13:58,879 INFO  [Log] RG-51: ClkComputation: Action click 
2017-04-11 14:14:03,907 INFO  [Log] RG-52; Not Waited 5000: Milli seconds for Element; Manual Wait is disabled 
2017-04-11 14:14:04,064 INFO  [Log] RG-53: DateSelect: Action click 
2017-04-11 14:14:09,088 INFO  [Log] RG-54; Not Waited 5000: Milli seconds for Element; Manual Wait is disabled 
2017-04-11 14:14:09,484 INFO  [Log] Failed: RG-55: CmpreSalary; Value: 50000; is Not Present in Page values: ,  
2017-04-11 14:14:14,698 INFO  [Log] RG-56; Not Waited 5000: Milli seconds for Element; Manual Wait is disabled 
2017-04-11 14:14:14,939 INFO  [Log] Failed: RG-57: Cmpreothere; Value: 10000; is Not Present in Page values: ,  
2017-04-11 14:14:20,074 INFO  [Log] RG-58; Not Waited 5000: Milli seconds for Element; Manual Wait is disabled 
2017-04-11 14:14:20,207 INFO  [Log] RG-59: Dropdown click: Action click 
2017-04-11 14:14:25,234 INFO  [Log] RG-60; Not Waited 5000: Milli seconds for Element; Manual Wait is disabled 
2017-04-11 14:14:26,163 INFO  [Log] RG-61: ClkTax: Action click 
2017-04-11 14:14:31,164 INFO  [Log] RG-62; Not Waited 5000: Milli seconds for Element; Manual Wait is disabled 
2017-04-11 14:14:31,334 INFO  [Log] RG-63: ClkDouble; Action: Mouse Hover and Double Clicked 
2017-04-11 14:14:36,335 INFO  [Log] RG-64; Not Waited 5000: Milli seconds for Element; Manual Wait is disabled 
2017-04-11 14:14:36,458 ERROR [Log] Error#: RateGain-1RG-65XpathSubmitValue  org.openqa.selenium.WebDriverException: unknown error: cannot focus element
  (Session info: chrome=57.0.2987.133)
  (Driver info: chromedriver=2.29.461591 (62ebf098771772160f391d75e589dc567915b233),platform=Windows NT 6.1.7601 SP1 x86_64) (WARNING: The server did not provide any stacktrace information)
Command duration or timeout: 40 milliseconds
Build info: version: '2.53.0', revision: '35ae25b', time: '2016-03-15 17:00:58'
System info: host: 'P-Lokesh-LP', ip: '192.168.2.147', os.name: 'Windows 7', os.arch: 'amd64', os.version: '6.1', java.version: '1.8.0_121'
Driver info: org.openqa.selenium.chrome.ChromeDriver
Capabilities [{applicationCacheEnabled=false, rotatable=false, mobileEmulationEnabled=false, networkConnectionEnabled=false, chrome={chromedriverVersion=2.29.461591 (62ebf098771772160f391d75e589dc567915b233), userDataDir=C:\Users\PD1BF~1.LOK\AppData\Local\Temp\scoped_dir7800_29583}, takesHeapSnapshot=true, pageLoadStrategy=normal, databaseEnabled=false, handlesAlerts=true, hasTouchScreen=false, version=57.0.2987.133, platform=XP, browserConnectionEnabled=false, nativeEvents=true, acceptSslCerts=true, locationContextEnabled=true, webStorageEnabled=true, browserName=chrome, takesScreenshot=true, javascriptEnabled=true, cssSelectorsEnabled=true, unexpectedAlertBehaviour=}]
Session ID: 53507c670aba4d9c78818f5561115a5fnull:Exception is not handled 
2017-04-11 14:14:40,761 INFO  [Log] Quiting all instance of Browser(Firefox) 
2017-04-11 14:14:41,532 INFO  [Log] Quiting all instance of Browser(Chrome) 
2017-04-11 14:14:42,304 INFO  [Log] Quiting all instance of Browser(Internet explorer) 
2017-04-11 14:14:42,304 INFO  [Log] XXXXXXXXXXXXXXXXXXXXXXX             -E---N---D Test Case             XXXXXXXXXXXXXXXXXXXXXX 
2017-04-11 14:14:42,304 FATAL [Log] RateGain-1RG-65XpathSubmitValue  org.openqa.selenium.WebDriverException: unknown error: cannot focus element
  (Session info: chrome=57.0.2987.133)
  (Driver info: chromedriver=2.29.461591 (62ebf098771772160f391d75e589dc567915b233),platform=Windows NT 6.1.7601 SP1 x86_64) (WARNING: The server did not provide any stacktrace information)
Command duration or timeout: 40 milliseconds
Build info: version: '2.53.0', revision: '35ae25b', time: '2016-03-15 17:00:58'
System info: host: 'P-Lokesh-LP', ip: '192.168.2.147', os.name: 'Windows 7', os.arch: 'amd64', os.version: '6.1', java.version: '1.8.0_121'
Driver info: org.openqa.selenium.chrome.ChromeDriver
Capabilities [{applicationCacheEnabled=false, rotatable=false, mobileEmulationEnabled=false, networkConnectionEnabled=false, chrome={chromedriverVersion=2.29.461591 (62ebf098771772160f391d75e589dc567915b233), userDataDir=C:\Users\PD1BF~1.LOK\AppData\Local\Temp\scoped_dir7800_29583}, takesHeapSnapshot=true, pageLoadStrategy=normal, databaseEnabled=false, handlesAlerts=true, hasTouchScreen=false, version=57.0.2987.133, platform=XP, browserConnectionEnabled=false, nativeEvents=true, acceptSslCerts=true, locationContextEnabled=true, webStorageEnabled=true, browserName=chrome, takesScreenshot=true, javascriptEnabled=true, cssSelectorsEnabled=true, unexpectedAlertBehaviour=}]
Session ID: 53507c670aba4d9c78818f5561115a5fnull:Exception is not handled 
2017-04-11 14:14:42,325 INFO  [Log] XXXXXXXXXXXXXXXXXXXXXXX             -E---N---D Test Case             XXXXXXXXXXXXXXXXXXXXXX 
2017-04-11 14:14:42,505 INFO  [Log] RateGain-5_RateGain -5 
2017-04-11 14:14:42,646 INFO  [Log] RateGain-6_RateGain -6 
2017-04-11 14:14:42,817 INFO  [Log] ####Closing Test Suite #### 
2017-04-11 14:14:42,817 INFO  [Log] XXXXXXXXXXXXXXXXXXXXXXX             -E---N---D Test Case             XXXXXXXXXXXXXXXXXXXXXX 
2017-04-11 14:14:42,817 INFO  [Log] Creating Logs backup and storing for further reference 
