2017-04-11 14:38:41,405 INFO  [Log] Test Scenario Configuration started 
2017-04-11 14:38:41,421 INFO  [Log] Initialing HTML reporting 
2017-04-11 14:38:42,069 INFO  [Log] Starting Test Suit Execution 
2017-04-11 14:38:42,069 INFO  [Log] Creating Test suit report 
2017-04-11 14:38:42,722 WARN  [Log] Browser instance value is null 
2017-04-11 14:38:43,301 INFO  [Log] Object repository is created successfully 
2017-04-11 14:38:43,466 INFO  [Log] RateGain-1_RateGain -1 
2017-04-11 14:38:43,698 INFO  [Log] RateGain-2_RateGain -2 
2017-04-11 14:38:43,893 INFO  [Log] RateGain-3_RateGain -3 
2017-04-11 14:38:44,070 INFO  [Log] **************************************************************************************** 
2017-04-11 14:38:44,070 INFO  [Log] $$$$$$$$$$$$$$$$$$$$$                 #### Executing Test case: RateGain-4; Description: RateGain -4 For Data: 1       $$$$$$$$$$$$$$$$$$$$$$$$$ 
2017-04-11 14:38:44,070 INFO  [Log] **************************************************************************************** 
2017-04-11 14:38:53,204 INFO  [Log] #### Executing Test case: RateGain-4; Description: RateGain -4 In Chrome Browser for TestData:1 
2017-04-11 14:38:55,109 INFO  [Log] RG-01: Open URL; Action: open URL 
2017-04-11 14:39:00,135 INFO  [Log] RG-02; Not Waited 5000: Milli seconds for Element; Manual Wait is disabled 
2017-04-11 14:39:00,437 INFO  [Log] RG-03: Username; Action: Submited Value 
2017-04-11 14:39:01,437 INFO  [Log] RG-04; Not Waited 1000: Milli seconds for Element; Manual Wait is disabled 
2017-04-11 14:39:01,649 INFO  [Log] RG-05: Password; Action: Submited Value 
2017-04-11 14:39:03,650 INFO  [Log] RG-06; Not Waited 2000: Milli seconds for Element; Manual Wait is disabled 
2017-04-11 14:39:04,120 INFO  [Log] RG-07: clkLogin: Action click 
2017-04-11 14:39:09,121 INFO  [Log] RG-08; Not Waited 5000: Milli seconds for Element; Manual Wait is disabled 
2017-04-11 14:39:12,342 INFO  [Log] RG-09: clkLogin: Action click If 
2017-04-11 14:39:17,344 INFO  [Log] RG-10; Not Waited 5000: Milli seconds for Element; Manual Wait is disabled 
2017-04-11 14:39:17,600 INFO  [Log] RG-11: Username: Action Submit If 
2017-04-11 14:39:18,600 INFO  [Log] RG-12; Not Waited 1000: Milli seconds for Element; Manual Wait is disabled 
2017-04-11 14:39:18,809 INFO  [Log] RG-13: Password: Action Submit If 
2017-04-11 14:39:20,809 INFO  [Log] RG-14; Not Waited 2000: Milli seconds for Element; Manual Wait is disabled 
2017-04-11 14:39:24,600 INFO  [Log] RG-15: clkLogin: Action click If 
2017-04-11 14:39:29,601 INFO  [Log] RG-16; Not Waited 5000: Milli seconds for Element; Manual Wait is disabled 
2017-04-11 14:39:30,291 INFO  [Log] RG-17: ClickAdd: Action click 
2017-04-11 14:39:35,292 INFO  [Log] RG-18; Not Waited 5000: Milli seconds for Element; Manual Wait is disabled 
2017-04-11 14:39:35,460 INFO  [Log] RG-19: SelectIT: Action click 
2017-04-11 14:39:40,461 INFO  [Log] RG-20; Not Waited 5000: Milli seconds for Element; Manual Wait is disabled 
2017-04-11 14:39:40,684 INFO  [Log] RG-21: DropDownSelectIT; Action: Drop Down Select 
2017-04-11 14:39:45,685 INFO  [Log] RG-22; Not Waited 5000: Milli seconds for Element; Manual Wait is disabled 
2017-04-11 14:39:45,937 INFO  [Log] RG-23: Clientcodekeys; Action: Submit Random Value: zFQXf; Index No is0 
2017-04-11 14:39:50,938 INFO  [Log] RG-24; Not Waited 5000: Milli seconds for Element; Manual Wait is disabled 
2017-04-11 14:39:51,172 INFO  [Log] RG-25: LastName; Action: Submited Value 
2017-04-11 14:39:56,174 INFO  [Log] RG-26; Not Waited 5000: Milli seconds for Element; Manual Wait is disabled 
2017-04-11 14:39:57,215 INFO  [Log] RG-27: ClkSave: Action click 
2017-04-11 14:40:02,215 INFO  [Log] RG-28; Not Waited 5000: Milli seconds for Element; Manual Wait is disabled 
2017-04-11 14:40:02,358 INFO  [Log] RG-29: ClickRStaus: Action click 
2017-04-11 14:40:07,359 INFO  [Log] RG-30; Not Waited 5000: Milli seconds for Element; Manual Wait is disabled 
2017-04-11 14:40:08,041 INFO  [Log] RG-31: ClkSave: Action click 
2017-04-11 14:40:13,043 INFO  [Log] RG-32; Not Waited 5000: Milli seconds for Element; Manual Wait is disabled 
2017-04-11 14:40:13,186 INFO  [Log] RG-33: ClickIncome: Action click 
2017-04-11 14:40:18,186 INFO  [Log] RG-34; Not Waited 5000: Milli seconds for Element; Manual Wait is disabled 
2017-04-11 14:40:18,383 INFO  [Log] RG-35: IncomeDrpdwn; Action: Drop Down Select 
2017-04-11 14:40:23,384 INFO  [Log] RG-36; Not Waited 5000: Milli seconds for Element; Manual Wait is disabled 
2017-04-11 14:40:23,588 INFO  [Log] RG-37: ClkSave: Action click 
2017-04-11 14:40:28,589 INFO  [Log] RG-38; Not Waited 5000: Milli seconds for Element; Manual Wait is disabled 
2017-04-11 14:40:31,020 INFO  [Log] RG-39: ClkSaveconfrm: Action click 
2017-04-11 14:40:36,021 INFO  [Log] RG-40; Not Waited 5000: Milli seconds for Element; Manual Wait is disabled 
2017-04-11 14:40:37,022 INFO  [Log] RG-41: ClkIncomeDetails: Action click 
2017-04-11 14:40:42,022 INFO  [Log] RG-42; Not Waited 5000: Milli seconds for Element; Manual Wait is disabled 
2017-04-11 14:40:42,194 INFO  [Log] RG-43: CSendSalDetails; Action: Submited Value 
2017-04-11 14:40:47,196 INFO  [Log] RG-44; Not Waited 5000: Milli seconds for Element; Manual Wait is disabled 
2017-04-11 14:40:47,400 INFO  [Log] RG-45: SendOtherSouurs; Action: Submited Value 
2017-04-11 14:40:52,402 INFO  [Log] RG-46; Not Waited 5000: Milli seconds for Element; Manual Wait is disabled 
2017-04-11 14:40:52,610 INFO  [Log] RG-47: ClkExcept; Action: Submited Value 
2017-04-11 14:40:57,614 INFO  [Log] RG-48; Not Waited 5000: Milli seconds for Element; Manual Wait is disabled 
2017-04-11 14:40:58,989 INFO  [Log] RG-49: ClkSave: Action click 
2017-04-11 14:41:03,991 INFO  [Log] RG-50; Not Waited 5000: Milli seconds for Element; Manual Wait is disabled 
2017-04-11 14:41:04,455 INFO  [Log] RG-51: ClkComputation: Action click 
2017-04-11 14:41:09,455 INFO  [Log] RG-52; Not Waited 5000: Milli seconds for Element; Manual Wait is disabled 
2017-04-11 14:41:09,643 INFO  [Log] RG-53: DateSelect: Action click 
2017-04-11 14:41:14,644 INFO  [Log] RG-54; Not Waited 5000: Milli seconds for Element; Manual Wait is disabled 
2017-04-11 14:41:14,981 INFO  [Log] Failed: RG-55: CmpreSalary; Value: 50000; is Not Present in Page values: ,  
2017-04-11 14:41:20,178 INFO  [Log] RG-56; Not Waited 5000: Milli seconds for Element; Manual Wait is disabled 
2017-04-11 14:41:20,410 INFO  [Log] Failed: RG-57: Cmpreothere; Value: 10000; is Not Present in Page values: ,  
2017-04-11 14:41:25,551 INFO  [Log] RG-58; Not Waited 5000: Milli seconds for Element; Manual Wait is disabled 
2017-04-11 14:41:25,728 INFO  [Log] RG-59: Dropdown click: Action click 
2017-04-11 14:41:30,728 INFO  [Log] RG-60; Not Waited 5000: Milli seconds for Element; Manual Wait is disabled 
2017-04-11 14:41:30,898 INFO  [Log] RG-61: ClkTax: Action click 
2017-04-11 14:41:35,900 INFO  [Log] RG-62; Not Waited 5000: Milli seconds for Element; Manual Wait is disabled 
2017-04-11 14:41:36,075 INFO  [Log] RG-63: ClkDouble: Action click 
2017-04-11 14:41:36,150 INFO  [Log] RG-64: ClkDouble: Action click 
2017-04-11 14:41:41,151 INFO  [Log] RG-65; Not Waited 5000: Milli seconds for Element; Manual Wait is disabled 
2017-04-11 14:41:41,310 ERROR [Log] Error#: RateGain-1RG-66XpathSubmitValue  org.openqa.selenium.WebDriverException: unknown error: cannot focus element
  (Session info: chrome=57.0.2987.133)
  (Driver info: chromedriver=2.29.461591 (62ebf098771772160f391d75e589dc567915b233),platform=Windows NT 6.1.7601 SP1 x86_64) (WARNING: The server did not provide any stacktrace information)
Command duration or timeout: 54 milliseconds
Build info: version: '2.53.0', revision: '35ae25b', time: '2016-03-15 17:00:58'
System info: host: 'P-Lokesh-LP', ip: '192.168.2.147', os.name: 'Windows 7', os.arch: 'amd64', os.version: '6.1', java.version: '1.8.0_121'
Driver info: org.openqa.selenium.chrome.ChromeDriver
Capabilities [{applicationCacheEnabled=false, rotatable=false, mobileEmulationEnabled=false, networkConnectionEnabled=false, chrome={chromedriverVersion=2.29.461591 (62ebf098771772160f391d75e589dc567915b233), userDataDir=C:\Users\PD1BF~1.LOK\AppData\Local\Temp\scoped_dir10428_6478}, takesHeapSnapshot=true, pageLoadStrategy=normal, databaseEnabled=false, handlesAlerts=true, hasTouchScreen=false, version=57.0.2987.133, platform=XP, browserConnectionEnabled=false, nativeEvents=true, acceptSslCerts=true, locationContextEnabled=true, webStorageEnabled=true, browserName=chrome, takesScreenshot=true, javascriptEnabled=true, cssSelectorsEnabled=true, unexpectedAlertBehaviour=}]
Session ID: faedd64620bf7df1d2547dd3180958acnull:Exception is not handled 
2017-04-11 14:41:45,753 INFO  [Log] Quiting all instance of Browser(Firefox) 
2017-04-11 14:41:46,564 INFO  [Log] Quiting all instance of Browser(Chrome) 
2017-04-11 14:41:47,367 INFO  [Log] Quiting all instance of Browser(Internet explorer) 
2017-04-11 14:41:47,368 INFO  [Log] XXXXXXXXXXXXXXXXXXXXXXX             -E---N---D Test Case             XXXXXXXXXXXXXXXXXXXXXX 
2017-04-11 14:41:47,368 FATAL [Log] RateGain-1RG-66XpathSubmitValue  org.openqa.selenium.WebDriverException: unknown error: cannot focus element
  (Session info: chrome=57.0.2987.133)
  (Driver info: chromedriver=2.29.461591 (62ebf098771772160f391d75e589dc567915b233),platform=Windows NT 6.1.7601 SP1 x86_64) (WARNING: The server did not provide any stacktrace information)
Command duration or timeout: 54 milliseconds
Build info: version: '2.53.0', revision: '35ae25b', time: '2016-03-15 17:00:58'
System info: host: 'P-Lokesh-LP', ip: '192.168.2.147', os.name: 'Windows 7', os.arch: 'amd64', os.version: '6.1', java.version: '1.8.0_121'
Driver info: org.openqa.selenium.chrome.ChromeDriver
Capabilities [{applicationCacheEnabled=false, rotatable=false, mobileEmulationEnabled=false, networkConnectionEnabled=false, chrome={chromedriverVersion=2.29.461591 (62ebf098771772160f391d75e589dc567915b233), userDataDir=C:\Users\PD1BF~1.LOK\AppData\Local\Temp\scoped_dir10428_6478}, takesHeapSnapshot=true, pageLoadStrategy=normal, databaseEnabled=false, handlesAlerts=true, hasTouchScreen=false, version=57.0.2987.133, platform=XP, browserConnectionEnabled=false, nativeEvents=true, acceptSslCerts=true, locationContextEnabled=true, webStorageEnabled=true, browserName=chrome, takesScreenshot=true, javascriptEnabled=true, cssSelectorsEnabled=true, unexpectedAlertBehaviour=}]
Session ID: faedd64620bf7df1d2547dd3180958acnull:Exception is not handled 
2017-04-11 14:41:47,382 INFO  [Log] XXXXXXXXXXXXXXXXXXXXXXX             -E---N---D Test Case             XXXXXXXXXXXXXXXXXXXXXX 
2017-04-11 14:41:47,619 INFO  [Log] RateGain-5_RateGain -5 
2017-04-11 14:41:47,768 INFO  [Log] RateGain-6_RateGain -6 
2017-04-11 14:41:47,920 INFO  [Log] ####Closing Test Suite #### 
2017-04-11 14:41:47,920 INFO  [Log] XXXXXXXXXXXXXXXXXXXXXXX             -E---N---D Test Case             XXXXXXXXXXXXXXXXXXXXXX 
2017-04-11 14:41:47,920 INFO  [Log] Creating Logs backup and storing for further reference 
