2017-04-12 17:29:34,652 INFO  [Log] Test Scenario Configuration started 
2017-04-12 17:29:34,667 INFO  [Log] Initialing HTML reporting 
2017-04-12 17:29:35,057 INFO  [Log] Starting Test Suit Execution 
2017-04-12 17:29:35,057 INFO  [Log] Creating Test suit report 
2017-04-12 17:29:35,683 WARN  [Log] Browser instance value is null 
2017-04-12 17:29:36,269 INFO  [Log] Object repository is created successfully 
2017-04-12 17:29:36,433 INFO  [Log] RateGain-1_RateGain -1 
2017-04-12 17:29:36,652 INFO  [Log] RateGain-2_RateGain -2 
2017-04-12 17:29:36,854 INFO  [Log] RateGain-3_RateGain -3 
2017-04-12 17:29:37,026 INFO  [Log] RateGain-4_RateGain -4 
2017-04-12 17:29:37,166 INFO  [Log] **************************************************************************************** 
2017-04-12 17:29:37,166 INFO  [Log] $$$$$$$$$$$$$$$$$$$$$                 #### Executing Test case: RateGain-5; Description: RateGain -5 For Data: 1       $$$$$$$$$$$$$$$$$$$$$$$$$ 
2017-04-12 17:29:37,166 INFO  [Log] **************************************************************************************** 
2017-04-12 17:29:49,062 INFO  [Log] #### Executing Test case: RateGain-5; Description: RateGain -5 In Chrome Browser for TestData:1 
2017-04-12 17:29:50,218 INFO  [Log] RG-01: Open URL; Action: open URL 
2017-04-12 17:29:55,285 INFO  [Log] RG-02; Not Waited 5000: Milli seconds for Element; Manual Wait is disabled 
2017-04-12 17:29:55,562 INFO  [Log] RG-03: Username; Action: Submited Value 
2017-04-12 17:29:56,593 INFO  [Log] RG-04; Not Waited 1000: Milli seconds for Element; Manual Wait is disabled 
2017-04-12 17:29:56,768 INFO  [Log] RG-05: Password; Action: Submited Value 
2017-04-12 17:29:58,807 INFO  [Log] RG-06; Not Waited 2000: Milli seconds for Element; Manual Wait is disabled 
2017-04-12 17:29:59,395 INFO  [Log] RG-07: clkLogin: Action click 
2017-04-12 17:30:00,404 INFO  [Log] RG-08; Not Waited 1000: Milli seconds for Element; Manual Wait is disabled 
2017-04-12 17:30:03,591 INFO  [Log] RG-09: clkLogin: Action click If 
2017-04-12 17:30:04,613 INFO  [Log] RG-10; Not Waited 1000: Milli seconds for Element; Manual Wait is disabled 
2017-04-12 17:30:04,842 INFO  [Log] RG-11: Username: Action Submit If 
2017-04-12 17:30:05,872 INFO  [Log] RG-12; Not Waited 1000: Milli seconds for Element; Manual Wait is disabled 
2017-04-12 17:30:06,054 INFO  [Log] RG-13: Password: Action Submit If 
2017-04-12 17:30:12,091 INFO  [Log] RG-14; Not Waited 6000: Milli seconds for Element; Manual Wait is disabled 
2017-04-12 17:30:15,761 INFO  [Log] RG-15: clkLogin: Action click If 
2017-04-12 17:30:18,799 INFO  [Log] RG-16; Not Waited 3000: Milli seconds for Element; Manual Wait is disabled 
2017-04-12 17:30:19,339 INFO  [Log] RG-17: ClickAdd: Action click 
2017-04-12 17:30:22,375 INFO  [Log] RG-18; Not Waited 3000: Milli seconds for Element; Manual Wait is disabled 
2017-04-12 17:30:22,527 INFO  [Log] RG-19: SelectIT: Action click 
2017-04-12 17:30:27,513 INFO  [Log] RG-20; Not Waited 5000: Milli seconds for Element; Manual Wait is disabled 
2017-04-12 17:30:27,711 INFO  [Log] RG-21: DropDownSelectIT; Action: Drop Down Select 
2017-04-12 17:30:32,713 INFO  [Log] RG-22; Not Waited 5000: Milli seconds for Element; Manual Wait is disabled 
2017-04-12 17:30:32,954 INFO  [Log] RG-23: Clientcodekeys; Action: Submit Random Value: 33704; Index No is0 
2017-04-12 17:30:37,954 INFO  [Log] RG-24; Not Waited 5000: Milli seconds for Element; Manual Wait is disabled 
2017-04-12 17:30:38,180 INFO  [Log] RG-25: LastName; Action: Submited Value 
2017-04-12 17:30:41,184 INFO  [Log] RG-26; Not Waited 3000: Milli seconds for Element; Manual Wait is disabled 
2017-04-12 17:30:42,476 INFO  [Log] RG-27: ClkSave: Action click 
2017-04-12 17:30:45,517 INFO  [Log] RG-28; Not Waited 3000: Milli seconds for Element; Manual Wait is disabled 
2017-04-12 17:30:45,658 INFO  [Log] RG-29: ClickRStaus: Action click 
2017-04-12 17:30:48,665 INFO  [Log] RG-30; Not Waited 3000: Milli seconds for Element; Manual Wait is disabled 
2017-04-12 17:30:49,212 INFO  [Log] RG-31: ClkSave: Action click 
2017-04-12 17:30:52,249 INFO  [Log] RG-32; Not Waited 3000: Milli seconds for Element; Manual Wait is disabled 
2017-04-12 17:30:52,665 INFO  [Log] RG-33: ClickIncome: Action click 
2017-04-12 17:30:55,702 INFO  [Log] RG-34; Not Waited 3000: Milli seconds for Element; Manual Wait is disabled 
2017-04-12 17:30:55,891 INFO  [Log] RG-35: IncomeDrpdwn; Action: Drop Down Select 
2017-04-12 17:31:00,877 INFO  [Log] RG-36; Not Waited 5000: Milli seconds for Element; Manual Wait is disabled 
2017-04-12 17:31:01,057 INFO  [Log] RG-37: ClkSave: Action click 
2017-04-12 17:31:06,065 INFO  [Log] RG-38; Not Waited 5000: Milli seconds for Element; Manual Wait is disabled 
2017-04-12 17:31:08,241 INFO  [Log] RG-39: ClkSaveconfrm: Action click 
2017-04-12 17:31:13,274 INFO  [Log] RG-40; Not Waited 5000: Milli seconds for Element; Manual Wait is disabled 
2017-04-12 17:31:14,139 INFO  [Log] RG-41: ClkIncomeDetails: Action click 
2017-04-12 17:31:16,173 INFO  [Log] RG-42; Not Waited 2000: Milli seconds for Element; Manual Wait is disabled 
2017-04-12 17:31:16,316 INFO  [Log] RG-43: CSendSalDetails; Action: Submited Value 
2017-04-12 17:31:18,344 INFO  [Log] RG-44; Not Waited 2000: Milli seconds for Element; Manual Wait is disabled 
2017-04-12 17:31:18,502 INFO  [Log] RG-45: SendOtherSouurs; Action: Submited Value 
2017-04-12 17:31:20,533 INFO  [Log] RG-46; Not Waited 2000: Milli seconds for Element; Manual Wait is disabled 
2017-04-12 17:31:20,669 INFO  [Log] RG-47: ClkExcept; Action: Submited Value 
2017-04-12 17:31:22,670 INFO  [Log] RG-48; Not Waited 2000: Milli seconds for Element; Manual Wait is disabled 
2017-04-12 17:31:23,762 INFO  [Log] RG-49: ClkSave: Action click 
2017-04-12 17:31:28,763 INFO  [Log] RG-50; Not Waited 5000: Milli seconds for Element; Manual Wait is disabled 
2017-04-12 17:31:28,915 INFO  [Log] RG-51: ClkComputation: Action click 
2017-04-12 17:31:33,952 INFO  [Log] RG-52; Not Waited 5000: Milli seconds for Element; Manual Wait is disabled 
2017-04-12 17:31:34,111 INFO  [Log] RG-53: DateSelect: Action click 
2017-04-12 17:31:36,145 INFO  [Log] RG-54; Not Waited 2000: Milli seconds for Element; Manual Wait is disabled 
2017-04-12 17:31:36,664 INFO  [Log] Failed: RG-55: CmpreSalary; Value: 50000; is Not Present in Page values: ,  
2017-04-12 17:31:38,902 INFO  [Log] RG-56; Not Waited 2000: Milli seconds for Element; Manual Wait is disabled 
2017-04-12 17:31:39,153 INFO  [Log] Failed: RG-57: Cmpreothere; Value: 10000; is Not Present in Page values: ,  
2017-04-12 17:31:44,286 INFO  [Log] RG-58; Not Waited 5000: Milli seconds for Element; Manual Wait is disabled 
2017-04-12 17:31:44,499 INFO  [Log] Failed: RG-59: CmpTotal; Value: 60000; is Not Present in Page values: ,  
2017-04-12 17:31:49,655 INFO  [Log] RG-60; Not Waited 5000: Milli seconds for Element; Manual Wait is disabled 
2017-04-12 17:31:49,883 INFO  [Log] Failed: RG-61: CmpGrandTotal; Value: 60000; is Not Present in Page values: ,  
2017-04-12 17:31:55,031 INFO  [Log] RG-62; Not Waited 5000: Milli seconds for Element; Manual Wait is disabled 
2017-04-12 17:31:55,177 INFO  [Log] RG-63: Dropdown click: Action click 
2017-04-12 17:32:00,190 INFO  [Log] RG-64; Not Waited 5000: Milli seconds for Element; Manual Wait is disabled 
2017-04-12 17:32:00,363 ERROR [Log] Error#: RateGain-1RG-65XpathClick  org.openqa.selenium.ElementNotVisibleException: element not visible
  (Session info: chrome=57.0.2987.133)
  (Driver info: chromedriver=2.29.461591 (62ebf098771772160f391d75e589dc567915b233),platform=Windows NT 6.1.7601 SP1 x86_64) (WARNING: The server did not provide any stacktrace information)
Command duration or timeout: 16 milliseconds
Build info: version: '2.53.0', revision: '35ae25b', time: '2016-03-15 17:00:58'
System info: host: 'P-Lokesh-LP', ip: '192.168.2.147', os.name: 'Windows 7', os.arch: 'amd64', os.version: '6.1', java.version: '1.8.0_121'
Driver info: org.openqa.selenium.chrome.ChromeDriver
Capabilities [{applicationCacheEnabled=false, rotatable=false, mobileEmulationEnabled=false, networkConnectionEnabled=false, chrome={chromedriverVersion=2.29.461591 (62ebf098771772160f391d75e589dc567915b233), userDataDir=C:\Users\PD1BF~1.LOK\AppData\Local\Temp\scoped_dir7964_10834}, takesHeapSnapshot=true, pageLoadStrategy=normal, databaseEnabled=false, handlesAlerts=true, hasTouchScreen=false, version=57.0.2987.133, platform=XP, browserConnectionEnabled=false, nativeEvents=true, acceptSslCerts=true, locationContextEnabled=true, webStorageEnabled=true, browserName=chrome, takesScreenshot=true, javascriptEnabled=true, cssSelectorsEnabled=true, unexpectedAlertBehaviour=}]
Session ID: bd008b3ebd4cc3452c0ab7cfe92805benull:Exception is not handled 
2017-04-12 17:32:02,047 INFO  [Log] Quiting all instance of Browser(Firefox) 
2017-04-12 17:32:02,158 INFO  [Log] Quiting all instance of Browser(Chrome) 
2017-04-12 17:32:02,269 INFO  [Log] Quiting all instance of Browser(Internet explorer) 
2017-04-12 17:32:02,269 INFO  [Log] XXXXXXXXXXXXXXXXXXXXXXX             -E---N---D Test Case             XXXXXXXXXXXXXXXXXXXXXX 
2017-04-12 17:32:02,269 FATAL [Log] RateGain-1RG-65XpathClick  org.openqa.selenium.ElementNotVisibleException: element not visible
  (Session info: chrome=57.0.2987.133)
  (Driver info: chromedriver=2.29.461591 (62ebf098771772160f391d75e589dc567915b233),platform=Windows NT 6.1.7601 SP1 x86_64) (WARNING: The server did not provide any stacktrace information)
Command duration or timeout: 16 milliseconds
Build info: version: '2.53.0', revision: '35ae25b', time: '2016-03-15 17:00:58'
System info: host: 'P-Lokesh-LP', ip: '192.168.2.147', os.name: 'Windows 7', os.arch: 'amd64', os.version: '6.1', java.version: '1.8.0_121'
Driver info: org.openqa.selenium.chrome.ChromeDriver
Capabilities [{applicationCacheEnabled=false, rotatable=false, mobileEmulationEnabled=false, networkConnectionEnabled=false, chrome={chromedriverVersion=2.29.461591 (62ebf098771772160f391d75e589dc567915b233), userDataDir=C:\Users\PD1BF~1.LOK\AppData\Local\Temp\scoped_dir7964_10834}, takesHeapSnapshot=true, pageLoadStrategy=normal, databaseEnabled=false, handlesAlerts=true, hasTouchScreen=false, version=57.0.2987.133, platform=XP, browserConnectionEnabled=false, nativeEvents=true, acceptSslCerts=true, locationContextEnabled=true, webStorageEnabled=true, browserName=chrome, takesScreenshot=true, javascriptEnabled=true, cssSelectorsEnabled=true, unexpectedAlertBehaviour=}]
Session ID: bd008b3ebd4cc3452c0ab7cfe92805benull:Exception is not handled 
2017-04-12 17:32:02,284 INFO  [Log] XXXXXXXXXXXXXXXXXXXXXXX             -E---N---D Test Case             XXXXXXXXXXXXXXXXXXXXXX 
2017-04-12 17:32:02,482 INFO  [Log] RateGain-6_RateGain -6 
2017-04-12 17:32:02,622 INFO  [Log] ####Closing Test Suite #### 
2017-04-12 17:32:02,638 INFO  [Log] XXXXXXXXXXXXXXXXXXXXXXX             -E---N---D Test Case             XXXXXXXXXXXXXXXXXXXXXX 
2017-04-12 17:32:02,638 INFO  [Log] Creating Logs backup and storing for further reference 
