2017-04-13 12:00:49,363 INFO  [Log] Test Scenario Configuration started 
2017-04-13 12:00:49,383 INFO  [Log] Initialing HTML reporting 
2017-04-13 12:00:50,074 INFO  [Log] Starting Test Suit Execution 
2017-04-13 12:00:50,074 INFO  [Log] Creating Test suit report 
2017-04-13 12:00:50,854 WARN  [Log] Browser instance value is null 
2017-04-13 12:00:51,520 INFO  [Log] Object repository is created successfully 
2017-04-13 12:00:51,672 INFO  [Log] RateGain-1_RateGain -1 
2017-04-13 12:00:51,914 INFO  [Log] RateGain-2_RateGain -2 
2017-04-13 12:00:52,098 INFO  [Log] RateGain-3_RateGain -3 
2017-04-13 12:00:52,268 INFO  [Log] RateGain-4_RateGain -4 
2017-04-13 12:00:52,449 INFO  [Log] **************************************************************************************** 
2017-04-13 12:00:52,449 INFO  [Log] $$$$$$$$$$$$$$$$$$$$$                 #### Executing Test case: RateGain-5; Description: RateGain -5 For Data: 1       $$$$$$$$$$$$$$$$$$$$$$$$$ 
2017-04-13 12:00:52,449 INFO  [Log] **************************************************************************************** 
2017-04-13 12:01:01,448 INFO  [Log] #### Executing Test case: RateGain-5; Description: RateGain -5 In Chrome Browser for TestData:1 
2017-04-13 12:01:03,582 INFO  [Log] RG-01: Open URL; Action: open URL 
2017-04-13 12:01:08,627 INFO  [Log] RG-02; Not Waited 5000: Milli seconds for Element; Manual Wait is disabled 
2017-04-13 12:01:08,909 INFO  [Log] RG-03: Username; Action: Submited Value 
2017-04-13 12:01:09,909 INFO  [Log] RG-04; Not Waited 1000: Milli seconds for Element; Manual Wait is disabled 
2017-04-13 12:01:10,109 INFO  [Log] RG-05: Password; Action: Submited Value 
2017-04-13 12:01:12,129 INFO  [Log] RG-06; Not Waited 2000: Milli seconds for Element; Manual Wait is disabled 
2017-04-13 12:01:12,572 INFO  [Log] RG-07: clkLogin: Action click 
2017-04-13 12:01:13,576 INFO  [Log] RG-08; Not Waited 1000: Milli seconds for Element; Manual Wait is disabled 
2017-04-13 12:01:16,772 INFO  [Log] RG-09: clkLogin: Action click If 
2017-04-13 12:01:17,795 INFO  [Log] RG-10; Not Waited 1000: Milli seconds for Element; Manual Wait is disabled 
2017-04-13 12:01:17,992 INFO  [Log] RG-11: Username: Action Submit If 
2017-04-13 12:01:18,998 INFO  [Log] RG-12; Not Waited 1000: Milli seconds for Element; Manual Wait is disabled 
2017-04-13 12:01:19,234 INFO  [Log] RG-13: Password: Action Submit If 
2017-04-13 12:01:25,255 INFO  [Log] RG-14; Not Waited 6000: Milli seconds for Element; Manual Wait is disabled 
2017-04-13 12:01:28,940 INFO  [Log] RG-15: clkLogin: Action click If 
2017-04-13 12:01:31,963 INFO  [Log] RG-16; Not Waited 3000: Milli seconds for Element; Manual Wait is disabled 
2017-04-13 12:01:32,601 INFO  [Log] RG-17: ClickAdd: Action click 
2017-04-13 12:01:35,628 INFO  [Log] RG-18; Not Waited 3000: Milli seconds for Element; Manual Wait is disabled 
2017-04-13 12:01:35,760 INFO  [Log] RG-19: SelectIT: Action click 
2017-04-13 12:01:40,751 INFO  [Log] RG-20; Not Waited 5000: Milli seconds for Element; Manual Wait is disabled 
2017-04-13 12:01:41,071 INFO  [Log] RG-21: DropDownSelectIT; Action: Drop Down Select 
2017-04-13 12:01:46,072 INFO  [Log] RG-22; Not Waited 5000: Milli seconds for Element; Manual Wait is disabled 
2017-04-13 12:01:46,334 INFO  [Log] RG-23: Clientcodekeys; Action: Submit Random Value: 42048; Index No is0 
2017-04-13 12:01:51,334 INFO  [Log] RG-24; Not Waited 5000: Milli seconds for Element; Manual Wait is disabled 
2017-04-13 12:01:51,568 INFO  [Log] RG-25: LastName; Action: Submited Value 
2017-04-13 12:01:54,569 INFO  [Log] RG-26; Not Waited 3000: Milli seconds for Element; Manual Wait is disabled 
2017-04-13 12:01:55,364 INFO  [Log] RG-27: ClkSave: Action click 
2017-04-13 12:01:58,390 INFO  [Log] RG-28; Not Waited 3000: Milli seconds for Element; Manual Wait is disabled 
2017-04-13 12:01:58,532 INFO  [Log] RG-29: ClickRStaus: Action click 
2017-04-13 12:02:01,543 INFO  [Log] RG-30; Not Waited 3000: Milli seconds for Element; Manual Wait is disabled 
2017-04-13 12:02:02,030 INFO  [Log] RG-31: ClkSave: Action click 
2017-04-13 12:02:05,051 INFO  [Log] RG-32; Not Waited 3000: Milli seconds for Element; Manual Wait is disabled 
2017-04-13 12:02:05,529 INFO  [Log] RG-33: ClickIncome: Action click 
2017-04-13 12:02:08,552 INFO  [Log] RG-34; Not Waited 3000: Milli seconds for Element; Manual Wait is disabled 
2017-04-13 12:02:08,714 INFO  [Log] RG-35: IncomeDrpdwn; Action: Drop Down Select 
2017-04-13 12:02:13,705 INFO  [Log] RG-36; Not Waited 5000: Milli seconds for Element; Manual Wait is disabled 
2017-04-13 12:02:13,856 INFO  [Log] RG-37: ClkSave: Action click 
2017-04-13 12:02:18,881 INFO  [Log] RG-38; Not Waited 5000: Milli seconds for Element; Manual Wait is disabled 
2017-04-13 12:02:19,450 INFO  [Log] RG-39: ClkSaveconfrm: Action click 
2017-04-13 12:02:24,476 INFO  [Log] RG-40; Not Waited 5000: Milli seconds for Element; Manual Wait is disabled 
2017-04-13 12:02:25,035 INFO  [Log] RG-41: ClkIncomeDetails: Action click 
2017-04-13 12:02:27,061 INFO  [Log] RG-42; Not Waited 2000: Milli seconds for Element; Manual Wait is disabled 
2017-04-13 12:02:27,193 INFO  [Log] RG-43: CSendSalDetails; Action: Submited Value 
2017-04-13 12:02:29,218 INFO  [Log] RG-44; Not Waited 2000: Milli seconds for Element; Manual Wait is disabled 
2017-04-13 12:02:29,408 INFO  [Log] RG-45: SendOtherSouurs; Action: Submited Value 
2017-04-13 12:02:31,409 INFO  [Log] RG-46; Not Waited 2000: Milli seconds for Element; Manual Wait is disabled 
2017-04-13 12:02:31,574 INFO  [Log] RG-47: ClkExcept; Action: Submited Value 
2017-04-13 12:02:33,592 INFO  [Log] RG-48; Not Waited 2000: Milli seconds for Element; Manual Wait is disabled 
2017-04-13 12:02:34,583 INFO  [Log] RG-49: ClkSave: Action click 
2017-04-13 12:02:39,585 INFO  [Log] RG-50; Not Waited 5000: Milli seconds for Element; Manual Wait is disabled 
2017-04-13 12:02:40,133 INFO  [Log] RG-51: ClkComputation: Action click 
2017-04-13 12:02:45,160 INFO  [Log] RG-52; Not Waited 5000: Milli seconds for Element; Manual Wait is disabled 
2017-04-13 12:02:45,309 INFO  [Log] RG-53: DateSelect: Action click 
2017-04-13 12:02:47,329 INFO  [Log] RG-54; Not Waited 2000: Milli seconds for Element; Manual Wait is disabled 
2017-04-13 12:02:47,657 INFO  [Log] Failed: RG-55: CmpreSalary; Value: 50000; is Not Present in Page values: ,  
2017-04-13 12:02:49,926 INFO  [Log] RG-56; Not Waited 2000: Milli seconds for Element; Manual Wait is disabled 
2017-04-13 12:02:50,178 INFO  [Log] Failed: RG-57: Cmpreothere; Value: 10000; is Not Present in Page values: ,  
2017-04-13 12:02:55,349 INFO  [Log] RG-58; Not Waited 5000: Milli seconds for Element; Manual Wait is disabled 
2017-04-13 12:02:55,559 INFO  [Log] Failed: RG-59: CmpTotal; Value: 60000; is Not Present in Page values: ,  
2017-04-13 12:03:00,717 INFO  [Log] RG-60; Not Waited 5000: Milli seconds for Element; Manual Wait is disabled 
2017-04-13 12:03:00,942 INFO  [Log] Failed: RG-61: CmpGrandTotal; Value: 60000; is Not Present in Page values: ,  
2017-04-13 12:03:06,151 INFO  [Log] RG-62; Not Waited 5000: Milli seconds for Element; Manual Wait is disabled 
2017-04-13 12:03:06,320 INFO  [Log] RG-63: Dropdown click: Action click 
2017-04-13 12:03:11,338 INFO  [Log] RG-64; Not Waited 5000: Milli seconds for Element; Manual Wait is disabled 
2017-04-13 12:03:12,483 INFO  [Log] RG-65: ClkTax: Action click 
2017-04-13 12:03:17,483 INFO  [Log] RG-66; Not Waited 5000: Milli seconds for Element; Manual Wait is disabled 
2017-04-13 12:03:17,681 INFO  [Log] RG-67: Clkdate: Action click 
2017-04-13 12:03:22,681 INFO  [Log] RG-68; Not Waited 5000: Milli seconds for Element; Manual Wait is disabled 
2017-04-13 12:03:22,883 INFO  [Log] RG-69: choosedate: Action click 
2017-04-13 12:03:27,883 INFO  [Log] RG-70; Not Waited 5000: Milli seconds for Element; Manual Wait is disabled 
2017-04-13 12:03:28,039 ERROR [Log] Error#: RateGain-1RG-71XpathMouseDoubleClick  org.openqa.selenium.WebDriverException: unknown error: cannot focus element
  (Session info: chrome=57.0.2987.133)
  (Driver info: chromedriver=2.29.461591 (62ebf098771772160f391d75e589dc567915b233),platform=Windows NT 6.1.7601 SP1 x86_64) (WARNING: The server did not provide any stacktrace information)
Command duration or timeout: 48 milliseconds
Build info: version: '2.53.0', revision: '35ae25b', time: '2016-03-15 17:00:58'
System info: host: 'P-Lokesh-LP', ip: '192.168.2.147', os.name: 'Windows 7', os.arch: 'amd64', os.version: '6.1', java.version: '1.8.0_121'
Driver info: org.openqa.selenium.chrome.ChromeDriver
Capabilities [{applicationCacheEnabled=false, rotatable=false, mobileEmulationEnabled=false, networkConnectionEnabled=false, chrome={chromedriverVersion=2.29.461591 (62ebf098771772160f391d75e589dc567915b233), userDataDir=C:\Users\PD1BF~1.LOK\AppData\Local\Temp\scoped_dir2400_9570}, takesHeapSnapshot=true, pageLoadStrategy=normal, databaseEnabled=false, handlesAlerts=true, hasTouchScreen=false, version=57.0.2987.133, platform=XP, browserConnectionEnabled=false, nativeEvents=true, acceptSslCerts=true, locationContextEnabled=true, webStorageEnabled=true, browserName=chrome, takesScreenshot=true, javascriptEnabled=true, cssSelectorsEnabled=true, unexpectedAlertBehaviour=}]
Session ID: 3450d32d2ecb549935b52cc5f4c92f03null:Exception is not handled 
2017-04-13 12:03:32,571 INFO  [Log] Quiting all instance of Browser(Firefox) 
2017-04-13 12:03:33,416 INFO  [Log] Quiting all instance of Browser(Chrome) 
2017-04-13 12:03:34,336 INFO  [Log] Quiting all instance of Browser(Internet explorer) 
2017-04-13 12:03:34,336 INFO  [Log] XXXXXXXXXXXXXXXXXXXXXXX             -E---N---D Test Case             XXXXXXXXXXXXXXXXXXXXXX 
2017-04-13 12:03:34,336 FATAL [Log] RateGain-1RG-71XpathMouseDoubleClick  org.openqa.selenium.WebDriverException: unknown error: cannot focus element
  (Session info: chrome=57.0.2987.133)
  (Driver info: chromedriver=2.29.461591 (62ebf098771772160f391d75e589dc567915b233),platform=Windows NT 6.1.7601 SP1 x86_64) (WARNING: The server did not provide any stacktrace information)
Command duration or timeout: 48 milliseconds
Build info: version: '2.53.0', revision: '35ae25b', time: '2016-03-15 17:00:58'
System info: host: 'P-Lokesh-LP', ip: '192.168.2.147', os.name: 'Windows 7', os.arch: 'amd64', os.version: '6.1', java.version: '1.8.0_121'
Driver info: org.openqa.selenium.chrome.ChromeDriver
Capabilities [{applicationCacheEnabled=false, rotatable=false, mobileEmulationEnabled=false, networkConnectionEnabled=false, chrome={chromedriverVersion=2.29.461591 (62ebf098771772160f391d75e589dc567915b233), userDataDir=C:\Users\PD1BF~1.LOK\AppData\Local\Temp\scoped_dir2400_9570}, takesHeapSnapshot=true, pageLoadStrategy=normal, databaseEnabled=false, handlesAlerts=true, hasTouchScreen=false, version=57.0.2987.133, platform=XP, browserConnectionEnabled=false, nativeEvents=true, acceptSslCerts=true, locationContextEnabled=true, webStorageEnabled=true, browserName=chrome, takesScreenshot=true, javascriptEnabled=true, cssSelectorsEnabled=true, unexpectedAlertBehaviour=}]
Session ID: 3450d32d2ecb549935b52cc5f4c92f03null:Exception is not handled 
2017-04-13 12:03:34,347 INFO  [Log] XXXXXXXXXXXXXXXXXXXXXXX             -E---N---D Test Case             XXXXXXXXXXXXXXXXXXXXXX 
2017-04-13 12:03:34,534 INFO  [Log] RateGain-6_RateGain -6 
2017-04-13 12:03:34,684 INFO  [Log] ####Closing Test Suite #### 
2017-04-13 12:03:34,684 INFO  [Log] XXXXXXXXXXXXXXXXXXXXXXX             -E---N---D Test Case             XXXXXXXXXXXXXXXXXXXXXX 
2017-04-13 12:03:34,684 INFO  [Log] Creating Logs backup and storing for further reference 
