2017-04-13 12:19:55,736 INFO  [Log] Test Scenario Configuration started 
2017-04-13 12:19:55,751 INFO  [Log] Initialing HTML reporting 
2017-04-13 12:19:56,581 INFO  [Log] Starting Test Suit Execution 
2017-04-13 12:19:56,582 INFO  [Log] Creating Test suit report 
2017-04-13 12:19:57,706 WARN  [Log] Browser instance value is null 
2017-04-13 12:19:58,597 INFO  [Log] Object repository is created successfully 
2017-04-13 12:19:58,791 INFO  [Log] RateGain-1_RateGain -1 
2017-04-13 12:19:59,060 INFO  [Log] RateGain-2_RateGain -2 
2017-04-13 12:19:59,327 INFO  [Log] RateGain-3_RateGain -3 
2017-04-13 12:19:59,526 INFO  [Log] RateGain-4_RateGain -4 
2017-04-13 12:19:59,716 INFO  [Log] **************************************************************************************** 
2017-04-13 12:19:59,717 INFO  [Log] $$$$$$$$$$$$$$$$$$$$$                 #### Executing Test case: RateGain-5; Description: RateGain -5 For Data: 1       $$$$$$$$$$$$$$$$$$$$$$$$$ 
2017-04-13 12:19:59,717 INFO  [Log] **************************************************************************************** 
2017-04-13 12:20:16,680 INFO  [Log] #### Executing Test case: RateGain-5; Description: RateGain -5 In Chrome Browser for TestData:1 
2017-04-13 12:20:21,521 INFO  [Log] RG-01: Open URL; Action: open URL 
2017-04-13 12:20:26,548 INFO  [Log] RG-02; Not Waited 5000: Milli seconds for Element; Manual Wait is disabled 
2017-04-13 12:20:26,851 INFO  [Log] RG-03: Username; Action: Submited Value 
2017-04-13 12:20:27,857 INFO  [Log] RG-04; Not Waited 1000: Milli seconds for Element; Manual Wait is disabled 
2017-04-13 12:20:28,187 INFO  [Log] RG-05: Password; Action: Submited Value 
2017-04-13 12:20:30,212 INFO  [Log] RG-06; Not Waited 2000: Milli seconds for Element; Manual Wait is disabled 
2017-04-13 12:20:30,625 INFO  [Log] RG-07: clkLogin: Action click 
2017-04-13 12:20:31,640 INFO  [Log] RG-08; Not Waited 1000: Milli seconds for Element; Manual Wait is disabled 
2017-04-13 12:20:34,837 INFO  [Log] RG-09: clkLogin: Action click If 
2017-04-13 12:20:35,846 INFO  [Log] RG-10; Not Waited 1000: Milli seconds for Element; Manual Wait is disabled 
2017-04-13 12:20:36,108 INFO  [Log] RG-11: Username: Action Submit If 
2017-04-13 12:20:37,115 INFO  [Log] RG-12; Not Waited 1000: Milli seconds for Element; Manual Wait is disabled 
2017-04-13 12:20:37,340 INFO  [Log] RG-13: Password: Action Submit If 
2017-04-13 12:20:43,340 INFO  [Log] RG-14; Not Waited 6000: Milli seconds for Element; Manual Wait is disabled 
2017-04-13 12:20:47,115 INFO  [Log] RG-15: clkLogin: Action click If 
2017-04-13 12:20:50,115 INFO  [Log] RG-16; Not Waited 3000: Milli seconds for Element; Manual Wait is disabled 
2017-04-13 12:20:50,741 INFO  [Log] RG-17: ClickAdd: Action click 
2017-04-13 12:20:53,743 INFO  [Log] RG-18; Not Waited 3000: Milli seconds for Element; Manual Wait is disabled 
2017-04-13 12:20:53,952 INFO  [Log] RG-19: SelectIT: Action click 
2017-04-13 12:20:58,953 INFO  [Log] RG-20; Not Waited 5000: Milli seconds for Element; Manual Wait is disabled 
2017-04-13 12:20:59,274 INFO  [Log] RG-21: DropDownSelectIT; Action: Drop Down Select 
2017-04-13 12:21:04,275 INFO  [Log] RG-22; Not Waited 5000: Milli seconds for Element; Manual Wait is disabled 
2017-04-13 12:21:04,582 INFO  [Log] RG-23: Clientcodekeys; Action: Submit Random Value: 19962; Index No is0 
2017-04-13 12:21:09,582 INFO  [Log] RG-24; Not Waited 5000: Milli seconds for Element; Manual Wait is disabled 
2017-04-13 12:21:09,827 INFO  [Log] RG-25: LastName; Action: Submited Value 
2017-04-13 12:21:12,828 INFO  [Log] RG-26; Not Waited 3000: Milli seconds for Element; Manual Wait is disabled 
2017-04-13 12:21:13,843 INFO  [Log] RG-27: ClkSave: Action click 
2017-04-13 12:21:16,846 INFO  [Log] RG-28; Not Waited 3000: Milli seconds for Element; Manual Wait is disabled 
2017-04-13 12:21:17,071 INFO  [Log] RG-29: ClickRStaus: Action click 
2017-04-13 12:21:20,090 INFO  [Log] RG-30; Not Waited 3000: Milli seconds for Element; Manual Wait is disabled 
2017-04-13 12:21:20,708 INFO  [Log] RG-31: ClkSave: Action click 
2017-04-13 12:21:23,727 INFO  [Log] RG-32; Not Waited 3000: Milli seconds for Element; Manual Wait is disabled 
2017-04-13 12:21:24,287 INFO  [Log] RG-33: ClickIncome: Action click 
2017-04-13 12:21:27,289 INFO  [Log] RG-34; Not Waited 3000: Milli seconds for Element; Manual Wait is disabled 
2017-04-13 12:21:27,480 INFO  [Log] RG-35: IncomeDrpdwn; Action: Drop Down Select 
2017-04-13 12:21:32,480 INFO  [Log] RG-36; Not Waited 5000: Milli seconds for Element; Manual Wait is disabled 
2017-04-13 12:21:32,800 INFO  [Log] RG-37: ClkSave: Action click 
2017-04-13 12:21:37,801 INFO  [Log] RG-38; Not Waited 5000: Milli seconds for Element; Manual Wait is disabled 
2017-04-13 12:21:47,225 INFO  [Log] RG-39: ClkSaveconfrm: Action click 
2017-04-13 12:21:52,247 INFO  [Log] RG-40; Not Waited 5000: Milli seconds for Element; Manual Wait is disabled 
2017-04-13 12:21:53,309 INFO  [Log] RG-41: ClkIncomeDetails: Action click 
2017-04-13 12:21:55,335 INFO  [Log] RG-42; Not Waited 2000: Milli seconds for Element; Manual Wait is disabled 
2017-04-13 12:21:55,455 INFO  [Log] RG-43: CSendSalDetails; Action: Submited Value 
2017-04-13 12:21:57,478 INFO  [Log] RG-44; Not Waited 2000: Milli seconds for Element; Manual Wait is disabled 
2017-04-13 12:21:57,738 INFO  [Log] RG-45: SendOtherSouurs; Action: Submited Value 
2017-04-13 12:21:59,761 INFO  [Log] RG-46; Not Waited 2000: Milli seconds for Element; Manual Wait is disabled 
2017-04-13 12:21:59,935 INFO  [Log] RG-47: ClkExcept; Action: Submited Value 
2017-04-13 12:22:01,936 INFO  [Log] RG-48; Not Waited 2000: Milli seconds for Element; Manual Wait is disabled 
2017-04-13 12:22:04,240 INFO  [Log] RG-49: ClkSave: Action click 
2017-04-13 12:22:09,242 INFO  [Log] RG-50; Not Waited 5000: Milli seconds for Element; Manual Wait is disabled 
2017-04-13 12:22:09,760 INFO  [Log] RG-51: ClkComputation: Action click 
2017-04-13 12:22:14,788 INFO  [Log] RG-52; Not Waited 5000: Milli seconds for Element; Manual Wait is disabled 
2017-04-13 12:22:14,983 INFO  [Log] RG-53: DateSelect: Action click 
2017-04-13 12:22:17,004 INFO  [Log] RG-54; Not Waited 2000: Milli seconds for Element; Manual Wait is disabled 
2017-04-13 12:22:17,332 INFO  [Log] Failed: RG-55: CmpreSalary; Value: 50000; is Not Present in Page values: ,  
2017-04-13 12:22:19,624 INFO  [Log] RG-56; Not Waited 2000: Milli seconds for Element; Manual Wait is disabled 
2017-04-13 12:22:19,863 INFO  [Log] Failed: RG-57: Cmpreothere; Value: 10000; is Not Present in Page values: ,  
2017-04-13 12:22:24,999 INFO  [Log] RG-58; Not Waited 5000: Milli seconds for Element; Manual Wait is disabled 
2017-04-13 12:22:25,212 INFO  [Log] Failed: RG-59: CmpTotal; Value: 60000; is Not Present in Page values: ,  
2017-04-13 12:22:30,355 INFO  [Log] RG-60; Not Waited 5000: Milli seconds for Element; Manual Wait is disabled 
2017-04-13 12:22:30,628 INFO  [Log] Failed: RG-61: CmpGrandTotal; Value: 60000; is Not Present in Page values: ,  
2017-04-13 12:22:35,790 INFO  [Log] RG-62; Not Waited 5000: Milli seconds for Element; Manual Wait is disabled 
2017-04-13 12:22:35,934 INFO  [Log] RG-63: Dropdown click: Action click 
2017-04-13 12:22:40,961 INFO  [Log] RG-64; Not Waited 5000: Milli seconds for Element; Manual Wait is disabled 
2017-04-13 12:22:41,092 ERROR [Log] Error#: RateGain-1RG-65XpathClick  org.openqa.selenium.ElementNotVisibleException: element not visible
  (Session info: chrome=57.0.2987.133)
  (Driver info: chromedriver=2.29.461591 (62ebf098771772160f391d75e589dc567915b233),platform=Windows NT 6.1.7601 SP1 x86_64) (WARNING: The server did not provide any stacktrace information)
Command duration or timeout: 20 milliseconds
Build info: version: '2.53.0', revision: '35ae25b', time: '2016-03-15 17:00:58'
System info: host: 'P-Lokesh-LP', ip: '192.168.2.147', os.name: 'Windows 7', os.arch: 'amd64', os.version: '6.1', java.version: '1.8.0_121'
Driver info: org.openqa.selenium.chrome.ChromeDriver
Capabilities [{applicationCacheEnabled=false, rotatable=false, mobileEmulationEnabled=false, networkConnectionEnabled=false, chrome={chromedriverVersion=2.29.461591 (62ebf098771772160f391d75e589dc567915b233), userDataDir=C:\Users\PD1BF~1.LOK\AppData\Local\Temp\scoped_dir8764_31672}, takesHeapSnapshot=true, pageLoadStrategy=normal, databaseEnabled=false, handlesAlerts=true, hasTouchScreen=false, version=57.0.2987.133, platform=XP, browserConnectionEnabled=false, nativeEvents=true, acceptSslCerts=true, locationContextEnabled=true, webStorageEnabled=true, browserName=chrome, takesScreenshot=true, javascriptEnabled=true, cssSelectorsEnabled=true, unexpectedAlertBehaviour=}]
Session ID: ba4d0282091be33fdddec37abacf0c86null:Exception is not handled 
2017-04-13 12:22:45,909 INFO  [Log] Quiting all instance of Browser(Firefox) 
2017-04-13 12:22:46,720 INFO  [Log] Quiting all instance of Browser(Chrome) 
2017-04-13 12:22:47,540 INFO  [Log] Quiting all instance of Browser(Internet explorer) 
2017-04-13 12:22:47,540 INFO  [Log] XXXXXXXXXXXXXXXXXXXXXXX             -E---N---D Test Case             XXXXXXXXXXXXXXXXXXXXXX 
2017-04-13 12:22:47,540 FATAL [Log] RateGain-1RG-65XpathClick  org.openqa.selenium.ElementNotVisibleException: element not visible
  (Session info: chrome=57.0.2987.133)
  (Driver info: chromedriver=2.29.461591 (62ebf098771772160f391d75e589dc567915b233),platform=Windows NT 6.1.7601 SP1 x86_64) (WARNING: The server did not provide any stacktrace information)
Command duration or timeout: 20 milliseconds
Build info: version: '2.53.0', revision: '35ae25b', time: '2016-03-15 17:00:58'
System info: host: 'P-Lokesh-LP', ip: '192.168.2.147', os.name: 'Windows 7', os.arch: 'amd64', os.version: '6.1', java.version: '1.8.0_121'
Driver info: org.openqa.selenium.chrome.ChromeDriver
Capabilities [{applicationCacheEnabled=false, rotatable=false, mobileEmulationEnabled=false, networkConnectionEnabled=false, chrome={chromedriverVersion=2.29.461591 (62ebf098771772160f391d75e589dc567915b233), userDataDir=C:\Users\PD1BF~1.LOK\AppData\Local\Temp\scoped_dir8764_31672}, takesHeapSnapshot=true, pageLoadStrategy=normal, databaseEnabled=false, handlesAlerts=true, hasTouchScreen=false, version=57.0.2987.133, platform=XP, browserConnectionEnabled=false, nativeEvents=true, acceptSslCerts=true, locationContextEnabled=true, webStorageEnabled=true, browserName=chrome, takesScreenshot=true, javascriptEnabled=true, cssSelectorsEnabled=true, unexpectedAlertBehaviour=}]
Session ID: ba4d0282091be33fdddec37abacf0c86null:Exception is not handled 
2017-04-13 12:22:47,560 INFO  [Log] XXXXXXXXXXXXXXXXXXXXXXX             -E---N---D Test Case             XXXXXXXXXXXXXXXXXXXXXX 
2017-04-13 12:22:47,737 INFO  [Log] RateGain-6_RateGain -6 
2017-04-13 12:22:47,890 INFO  [Log] ####Closing Test Suite #### 
2017-04-13 12:22:47,890 INFO  [Log] XXXXXXXXXXXXXXXXXXXXXXX             -E---N---D Test Case             XXXXXXXXXXXXXXXXXXXXXX 
2017-04-13 12:22:47,890 INFO  [Log] Creating Logs backup and storing for further reference 
