2017-04-13 12:34:55,802 INFO  [Log] Test Scenario Configuration started 
2017-04-13 12:34:55,823 INFO  [Log] Initialing HTML reporting 
2017-04-13 12:34:56,453 INFO  [Log] Starting Test Suit Execution 
2017-04-13 12:34:56,453 INFO  [Log] Creating Test suit report 
2017-04-13 12:34:57,127 WARN  [Log] Browser instance value is null 
2017-04-13 12:34:57,865 INFO  [Log] Object repository is created successfully 
2017-04-13 12:34:58,024 INFO  [Log] RateGain-1_RateGain -1 
2017-04-13 12:34:58,262 INFO  [Log] RateGain-2_RateGain -2 
2017-04-13 12:34:58,453 INFO  [Log] RateGain-3_RateGain -3 
2017-04-13 12:34:58,623 INFO  [Log] RateGain-4_RateGain -4 
2017-04-13 12:34:58,795 INFO  [Log] **************************************************************************************** 
2017-04-13 12:34:58,795 INFO  [Log] $$$$$$$$$$$$$$$$$$$$$                 #### Executing Test case: RateGain-5; Description: RateGain -5 For Data: 1       $$$$$$$$$$$$$$$$$$$$$$$$$ 
2017-04-13 12:34:58,795 INFO  [Log] **************************************************************************************** 
2017-04-13 12:35:08,080 INFO  [Log] #### Executing Test case: RateGain-5; Description: RateGain -5 In Chrome Browser for TestData:1 
2017-04-13 12:35:09,854 INFO  [Log] RG-01: Open URL; Action: open URL 
2017-04-13 12:35:14,896 INFO  [Log] RG-02; Not Waited 5000: Milli seconds for Element; Manual Wait is disabled 
2017-04-13 12:35:15,152 INFO  [Log] RG-03: Username; Action: Submited Value 
2017-04-13 12:35:16,178 INFO  [Log] RG-04; Not Waited 1000: Milli seconds for Element; Manual Wait is disabled 
2017-04-13 12:35:16,381 INFO  [Log] RG-05: Password; Action: Submited Value 
2017-04-13 12:35:18,402 INFO  [Log] RG-06; Not Waited 2000: Milli seconds for Element; Manual Wait is disabled 
2017-04-13 12:35:18,852 INFO  [Log] RG-07: clkLogin: Action click 
2017-04-13 12:35:19,877 INFO  [Log] RG-08; Not Waited 1000: Milli seconds for Element; Manual Wait is disabled 
2017-04-13 12:35:23,063 INFO  [Log] RG-09: clkLogin: Action click If 
2017-04-13 12:35:24,072 INFO  [Log] RG-10; Not Waited 1000: Milli seconds for Element; Manual Wait is disabled 
2017-04-13 12:35:24,286 INFO  [Log] RG-11: Username: Action Submit If 
2017-04-13 12:35:25,309 INFO  [Log] RG-12; Not Waited 1000: Milli seconds for Element; Manual Wait is disabled 
2017-04-13 12:35:25,488 INFO  [Log] RG-13: Password: Action Submit If 
2017-04-13 12:35:31,508 INFO  [Log] RG-14; Not Waited 6000: Milli seconds for Element; Manual Wait is disabled 
2017-04-13 12:35:35,178 INFO  [Log] RG-15: clkLogin: Action click If 
2017-04-13 12:35:38,201 INFO  [Log] RG-16; Not Waited 3000: Milli seconds for Element; Manual Wait is disabled 
2017-04-13 12:35:38,682 INFO  [Log] RG-17: ClickAdd: Action click 
2017-04-13 12:35:41,709 INFO  [Log] RG-18; Not Waited 3000: Milli seconds for Element; Manual Wait is disabled 
2017-04-13 12:35:41,847 INFO  [Log] RG-19: SelectIT: Action click 
2017-04-13 12:35:46,849 INFO  [Log] RG-20; Not Waited 5000: Milli seconds for Element; Manual Wait is disabled 
2017-04-13 12:35:47,112 INFO  [Log] RG-21: DropDownSelectIT; Action: Drop Down Select 
2017-04-13 12:35:52,113 INFO  [Log] RG-22; Not Waited 5000: Milli seconds for Element; Manual Wait is disabled 
2017-04-13 12:35:52,403 INFO  [Log] RG-23: Clientcodekeys; Action: Submit Random Value: 52873; Index No is0 
2017-04-13 12:35:57,405 INFO  [Log] RG-24; Not Waited 5000: Milli seconds for Element; Manual Wait is disabled 
2017-04-13 12:35:57,648 INFO  [Log] RG-25: LastName; Action: Submited Value 
2017-04-13 12:36:00,650 INFO  [Log] RG-26; Not Waited 3000: Milli seconds for Element; Manual Wait is disabled 
2017-04-13 12:36:01,568 INFO  [Log] RG-27: ClkSave: Action click 
2017-04-13 12:36:04,590 INFO  [Log] RG-28; Not Waited 3000: Milli seconds for Element; Manual Wait is disabled 
2017-04-13 12:36:04,751 INFO  [Log] RG-29: ClickRStaus: Action click 
2017-04-13 12:36:07,757 INFO  [Log] RG-30; Not Waited 3000: Milli seconds for Element; Manual Wait is disabled 
2017-04-13 12:36:08,255 INFO  [Log] RG-31: ClkSave: Action click 
2017-04-13 12:36:11,276 INFO  [Log] RG-32; Not Waited 3000: Milli seconds for Element; Manual Wait is disabled 
2017-04-13 12:36:11,705 INFO  [Log] RG-33: ClickIncome: Action click 
2017-04-13 12:36:14,725 INFO  [Log] RG-34; Not Waited 3000: Milli seconds for Element; Manual Wait is disabled 
2017-04-13 12:36:14,887 INFO  [Log] RG-35: IncomeDrpdwn; Action: Drop Down Select 
2017-04-13 12:36:19,877 INFO  [Log] RG-36; Not Waited 5000: Milli seconds for Element; Manual Wait is disabled 
2017-04-13 12:36:20,037 INFO  [Log] RG-37: ClkSave: Action click 
2017-04-13 12:36:25,055 INFO  [Log] RG-38; Not Waited 5000: Milli seconds for Element; Manual Wait is disabled 
2017-04-13 12:36:25,625 INFO  [Log] RG-39: ClkSaveconfrm: Action click 
2017-04-13 12:36:30,651 INFO  [Log] RG-40; Not Waited 5000: Milli seconds for Element; Manual Wait is disabled 
2017-04-13 12:36:31,199 INFO  [Log] RG-41: ClkIncomeDetails: Action click 
2017-04-13 12:36:33,221 INFO  [Log] RG-42; Not Waited 2000: Milli seconds for Element; Manual Wait is disabled 
2017-04-13 12:36:33,336 INFO  [Log] RG-43: CSendSalDetails; Action: Submited Value 
2017-04-13 12:36:35,361 INFO  [Log] RG-44; Not Waited 2000: Milli seconds for Element; Manual Wait is disabled 
2017-04-13 12:36:35,555 INFO  [Log] RG-45: SendOtherSouurs; Action: Submited Value 
2017-04-13 12:36:37,575 INFO  [Log] RG-46; Not Waited 2000: Milli seconds for Element; Manual Wait is disabled 
2017-04-13 12:36:37,716 INFO  [Log] RG-47: ClkExcept; Action: Submited Value 
2017-04-13 12:36:39,735 INFO  [Log] RG-48; Not Waited 2000: Milli seconds for Element; Manual Wait is disabled 
2017-04-13 12:36:40,678 INFO  [Log] RG-49: ClkSave: Action click 
2017-04-13 12:36:45,680 INFO  [Log] RG-50; Not Waited 5000: Milli seconds for Element; Manual Wait is disabled 
2017-04-13 12:36:46,148 INFO  [Log] RG-51: ClkComputation: Action click 
2017-04-13 12:36:51,171 INFO  [Log] RG-52; Not Waited 5000: Milli seconds for Element; Manual Wait is disabled 
2017-04-13 12:36:51,334 INFO  [Log] RG-53: DateSelect: Action click 
2017-04-13 12:36:53,356 INFO  [Log] RG-54; Not Waited 2000: Milli seconds for Element; Manual Wait is disabled 
2017-04-13 12:36:53,699 INFO  [Log] Failed: RG-55: CmpreSalary; Value: 50000; is Not Present in Page values: ,  
2017-04-13 12:36:55,900 INFO  [Log] RG-56; Not Waited 2000: Milli seconds for Element; Manual Wait is disabled 
2017-04-13 12:36:56,144 INFO  [Log] Failed: RG-57: Cmpreothere; Value: 10000; is Not Present in Page values: ,  
2017-04-13 12:37:01,295 INFO  [Log] RG-58; Not Waited 5000: Milli seconds for Element; Manual Wait is disabled 
2017-04-13 12:37:01,525 INFO  [Log] Failed: RG-59: CmpTotal; Value: 60000; is Not Present in Page values: ,  
2017-04-13 12:37:06,683 INFO  [Log] RG-60; Not Waited 5000: Milli seconds for Element; Manual Wait is disabled 
2017-04-13 12:37:06,910 INFO  [Log] Failed: RG-61: CmpGrandTotal; Value: 60000; is Not Present in Page values: ,  
2017-04-13 12:37:12,069 INFO  [Log] RG-62; Not Waited 5000: Milli seconds for Element; Manual Wait is disabled 
2017-04-13 12:37:12,221 INFO  [Log] RG-63: Dropdown click: Action click 
2017-04-13 12:37:17,237 INFO  [Log] RG-64; Not Waited 5000: Milli seconds for Element; Manual Wait is disabled 
2017-04-13 12:37:18,357 INFO  [Log] RG-65: ClkTax: Action click 
2017-04-13 12:37:23,358 INFO  [Log] RG-66; Not Waited 5000: Milli seconds for Element; Manual Wait is disabled 
2017-04-13 12:37:23,574 INFO  [Log] RG-67: Clkdate: Action click 
2017-04-13 12:37:28,575 INFO  [Log] RG-68; Not Waited 5000: Milli seconds for Element; Manual Wait is disabled 
2017-04-13 12:37:28,722 INFO  [Log] RG-69: choosedate: Action click 
2017-04-13 12:37:33,723 INFO  [Log] RG-70; Not Waited 5000: Milli seconds for Element; Manual Wait is disabled 
2017-04-13 12:37:33,914 INFO  [Log] RG-71: ClkDouble: Action click 
2017-04-13 12:37:34,014 INFO  [Log] RG-72: ClkDouble: Action click 
2017-04-13 12:37:39,015 INFO  [Log] RG-73; Not Waited 5000: Milli seconds for Element; Manual Wait is disabled 
2017-04-13 12:37:39,146 ERROR [Log] Error#: RateGain-1RG-74XpathSubmitIfValue  org.openqa.selenium.ElementNotVisibleException: element not visible
  (Session info: chrome=57.0.2987.133)
  (Driver info: chromedriver=2.29.461591 (62ebf098771772160f391d75e589dc567915b233),platform=Windows NT 6.1.7601 SP1 x86_64) (WARNING: The server did not provide any stacktrace information)
Command duration or timeout: 30 milliseconds
Build info: version: '2.53.0', revision: '35ae25b', time: '2016-03-15 17:00:58'
System info: host: 'P-Lokesh-LP', ip: '192.168.2.147', os.name: 'Windows 7', os.arch: 'amd64', os.version: '6.1', java.version: '1.8.0_121'
Driver info: org.openqa.selenium.chrome.ChromeDriver
Capabilities [{applicationCacheEnabled=false, rotatable=false, mobileEmulationEnabled=false, networkConnectionEnabled=false, chrome={chromedriverVersion=2.29.461591 (62ebf098771772160f391d75e589dc567915b233), userDataDir=C:\Users\PD1BF~1.LOK\AppData\Local\Temp\scoped_dir2620_27432}, takesHeapSnapshot=true, pageLoadStrategy=normal, databaseEnabled=false, handlesAlerts=true, hasTouchScreen=false, version=57.0.2987.133, platform=XP, browserConnectionEnabled=false, nativeEvents=true, acceptSslCerts=true, locationContextEnabled=true, webStorageEnabled=true, browserName=chrome, takesScreenshot=true, javascriptEnabled=true, cssSelectorsEnabled=true, unexpectedAlertBehaviour=}]
Session ID: 5f8eeb08d440c41f6c1669f192860742null:Exception is not handled 
2017-04-13 12:37:43,598 INFO  [Log] Quiting all instance of Browser(Firefox) 
2017-04-13 12:37:44,439 INFO  [Log] Quiting all instance of Browser(Chrome) 
2017-04-13 12:37:45,259 INFO  [Log] Quiting all instance of Browser(Internet explorer) 
2017-04-13 12:37:45,259 INFO  [Log] XXXXXXXXXXXXXXXXXXXXXXX             -E---N---D Test Case             XXXXXXXXXXXXXXXXXXXXXX 
2017-04-13 12:37:45,259 FATAL [Log] RateGain-1RG-74XpathSubmitIfValue  org.openqa.selenium.ElementNotVisibleException: element not visible
  (Session info: chrome=57.0.2987.133)
  (Driver info: chromedriver=2.29.461591 (62ebf098771772160f391d75e589dc567915b233),platform=Windows NT 6.1.7601 SP1 x86_64) (WARNING: The server did not provide any stacktrace information)
Command duration or timeout: 30 milliseconds
Build info: version: '2.53.0', revision: '35ae25b', time: '2016-03-15 17:00:58'
System info: host: 'P-Lokesh-LP', ip: '192.168.2.147', os.name: 'Windows 7', os.arch: 'amd64', os.version: '6.1', java.version: '1.8.0_121'
Driver info: org.openqa.selenium.chrome.ChromeDriver
Capabilities [{applicationCacheEnabled=false, rotatable=false, mobileEmulationEnabled=false, networkConnectionEnabled=false, chrome={chromedriverVersion=2.29.461591 (62ebf098771772160f391d75e589dc567915b233), userDataDir=C:\Users\PD1BF~1.LOK\AppData\Local\Temp\scoped_dir2620_27432}, takesHeapSnapshot=true, pageLoadStrategy=normal, databaseEnabled=false, handlesAlerts=true, hasTouchScreen=false, version=57.0.2987.133, platform=XP, browserConnectionEnabled=false, nativeEvents=true, acceptSslCerts=true, locationContextEnabled=true, webStorageEnabled=true, browserName=chrome, takesScreenshot=true, javascriptEnabled=true, cssSelectorsEnabled=true, unexpectedAlertBehaviour=}]
Session ID: 5f8eeb08d440c41f6c1669f192860742null:Exception is not handled 
2017-04-13 12:37:45,269 INFO  [Log] XXXXXXXXXXXXXXXXXXXXXXX             -E---N---D Test Case             XXXXXXXXXXXXXXXXXXXXXX 
2017-04-13 12:37:45,411 INFO  [Log] RateGain-6_RateGain -6 
2017-04-13 12:37:45,559 INFO  [Log] ####Closing Test Suite #### 
2017-04-13 12:37:45,559 INFO  [Log] XXXXXXXXXXXXXXXXXXXXXXX             -E---N---D Test Case             XXXXXXXXXXXXXXXXXXXXXX 
2017-04-13 12:37:45,559 INFO  [Log] Creating Logs backup and storing for further reference 
