2017-04-13 12:38:55,420 INFO  [Log] Test Scenario Configuration started 
2017-04-13 12:38:55,430 INFO  [Log] Initialing HTML reporting 
2017-04-13 12:38:56,091 INFO  [Log] Starting Test Suit Execution 
2017-04-13 12:38:56,091 INFO  [Log] Creating Test suit report 
2017-04-13 12:38:56,744 WARN  [Log] Browser instance value is null 
2017-04-13 12:38:57,387 INFO  [Log] Object repository is created successfully 
2017-04-13 12:38:57,541 INFO  [Log] RateGain-1_RateGain -1 
2017-04-13 12:38:57,785 INFO  [Log] RateGain-2_RateGain -2 
2017-04-13 12:38:58,074 INFO  [Log] RateGain-3_RateGain -3 
2017-04-13 12:38:58,256 INFO  [Log] RateGain-4_RateGain -4 
2017-04-13 12:38:58,499 INFO  [Log] **************************************************************************************** 
2017-04-13 12:38:58,499 INFO  [Log] $$$$$$$$$$$$$$$$$$$$$                 #### Executing Test case: RateGain-5; Description: RateGain -5 For Data: 1       $$$$$$$$$$$$$$$$$$$$$$$$$ 
2017-04-13 12:38:58,499 INFO  [Log] **************************************************************************************** 
2017-04-13 12:39:07,537 INFO  [Log] #### Executing Test case: RateGain-5; Description: RateGain -5 In Chrome Browser for TestData:1 
2017-04-13 12:39:09,421 INFO  [Log] RG-01: Open URL; Action: open URL 
2017-04-13 12:39:14,475 INFO  [Log] RG-02; Not Waited 5000: Milli seconds for Element; Manual Wait is disabled 
2017-04-13 12:39:14,745 INFO  [Log] RG-03: Username; Action: Submited Value 
2017-04-13 12:39:15,745 INFO  [Log] RG-04; Not Waited 1000: Milli seconds for Element; Manual Wait is disabled 
2017-04-13 12:39:15,963 INFO  [Log] RG-05: Password; Action: Submited Value 
2017-04-13 12:39:17,989 INFO  [Log] RG-06; Not Waited 2000: Milli seconds for Element; Manual Wait is disabled 
2017-04-13 12:39:18,410 INFO  [Log] RG-07: clkLogin: Action click 
2017-04-13 12:39:19,438 INFO  [Log] RG-08; Not Waited 1000: Milli seconds for Element; Manual Wait is disabled 
2017-04-13 12:39:22,639 INFO  [Log] RG-09: clkLogin: Action click If 
2017-04-13 12:39:23,656 INFO  [Log] RG-10; Not Waited 1000: Milli seconds for Element; Manual Wait is disabled 
2017-04-13 12:39:23,843 INFO  [Log] RG-11: Username: Action Submit If 
2017-04-13 12:39:24,857 INFO  [Log] RG-12; Not Waited 1000: Milli seconds for Element; Manual Wait is disabled 
2017-04-13 12:39:25,053 INFO  [Log] RG-13: Password: Action Submit If 
2017-04-13 12:39:31,072 INFO  [Log] RG-14; Not Waited 6000: Milli seconds for Element; Manual Wait is disabled 
2017-04-13 12:39:34,723 INFO  [Log] RG-15: clkLogin: Action click If 
2017-04-13 12:39:37,744 INFO  [Log] RG-16; Not Waited 3000: Milli seconds for Element; Manual Wait is disabled 
2017-04-13 12:39:38,234 INFO  [Log] RG-17: ClickAdd: Action click 
2017-04-13 12:39:41,256 INFO  [Log] RG-18; Not Waited 3000: Milli seconds for Element; Manual Wait is disabled 
2017-04-13 12:39:41,410 INFO  [Log] RG-19: SelectIT: Action click 
2017-04-13 12:39:46,411 INFO  [Log] RG-20; Not Waited 5000: Milli seconds for Element; Manual Wait is disabled 
2017-04-13 12:39:46,617 INFO  [Log] RG-21: DropDownSelectIT; Action: Drop Down Select 
2017-04-13 12:39:51,618 INFO  [Log] RG-22; Not Waited 5000: Milli seconds for Element; Manual Wait is disabled 
2017-04-13 12:39:51,894 INFO  [Log] RG-23: Clientcodekeys; Action: Submit Random Value: 45687; Index No is0 
2017-04-13 12:39:56,894 INFO  [Log] RG-24; Not Waited 5000: Milli seconds for Element; Manual Wait is disabled 
2017-04-13 12:39:57,109 INFO  [Log] RG-25: LastName; Action: Submited Value 
2017-04-13 12:40:00,110 INFO  [Log] RG-26; Not Waited 3000: Milli seconds for Element; Manual Wait is disabled 
2017-04-13 12:40:00,880 INFO  [Log] RG-27: ClkSave: Action click 
2017-04-13 12:40:03,902 INFO  [Log] RG-28; Not Waited 3000: Milli seconds for Element; Manual Wait is disabled 
2017-04-13 12:40:04,082 INFO  [Log] RG-29: ClickRStaus: Action click 
2017-04-13 12:40:07,094 INFO  [Log] RG-30; Not Waited 3000: Milli seconds for Element; Manual Wait is disabled 
2017-04-13 12:40:07,584 INFO  [Log] RG-31: ClkSave: Action click 
2017-04-13 12:40:10,608 INFO  [Log] RG-32; Not Waited 3000: Milli seconds for Element; Manual Wait is disabled 
2017-04-13 12:40:11,053 INFO  [Log] RG-33: ClickIncome: Action click 
2017-04-13 12:40:14,074 INFO  [Log] RG-34; Not Waited 3000: Milli seconds for Element; Manual Wait is disabled 
2017-04-13 12:40:14,246 INFO  [Log] RG-35: IncomeDrpdwn; Action: Drop Down Select 
2017-04-13 12:40:19,237 INFO  [Log] RG-36; Not Waited 5000: Milli seconds for Element; Manual Wait is disabled 
2017-04-13 12:40:19,435 INFO  [Log] RG-37: ClkSave: Action click 
2017-04-13 12:40:24,444 INFO  [Log] RG-38; Not Waited 5000: Milli seconds for Element; Manual Wait is disabled 
2017-04-13 12:40:25,017 INFO  [Log] RG-39: ClkSaveconfrm: Action click 
2017-04-13 12:40:30,039 INFO  [Log] RG-40; Not Waited 5000: Milli seconds for Element; Manual Wait is disabled 
2017-04-13 12:40:30,681 INFO  [Log] RG-41: ClkIncomeDetails: Action click 
2017-04-13 12:40:32,694 INFO  [Log] RG-42; Not Waited 2000: Milli seconds for Element; Manual Wait is disabled 
2017-04-13 12:40:32,819 INFO  [Log] RG-43: CSendSalDetails; Action: Submited Value 
2017-04-13 12:40:34,846 INFO  [Log] RG-44; Not Waited 2000: Milli seconds for Element; Manual Wait is disabled 
2017-04-13 12:40:35,042 INFO  [Log] RG-45: SendOtherSouurs; Action: Submited Value 
2017-04-13 12:40:37,051 INFO  [Log] RG-46; Not Waited 2000: Milli seconds for Element; Manual Wait is disabled 
2017-04-13 12:40:37,234 INFO  [Log] RG-47: ClkExcept; Action: Submited Value 
2017-04-13 12:40:39,234 INFO  [Log] RG-48; Not Waited 2000: Milli seconds for Element; Manual Wait is disabled 
2017-04-13 12:40:40,147 INFO  [Log] RG-49: ClkSave: Action click 
2017-04-13 12:40:45,147 INFO  [Log] RG-50; Not Waited 5000: Milli seconds for Element; Manual Wait is disabled 
2017-04-13 12:40:45,673 INFO  [Log] RG-51: ClkComputation: Action click 
2017-04-13 12:40:50,699 INFO  [Log] RG-52; Not Waited 5000: Milli seconds for Element; Manual Wait is disabled 
2017-04-13 12:40:50,889 INFO  [Log] RG-53: DateSelect: Action click 
2017-04-13 12:40:52,909 INFO  [Log] RG-54; Not Waited 2000: Milli seconds for Element; Manual Wait is disabled 
2017-04-13 12:40:53,210 INFO  [Log] Failed: RG-55: CmpreSalary; Value: 50000; is Not Present in Page values: ,  
2017-04-13 12:40:55,433 INFO  [Log] RG-56; Not Waited 2000: Milli seconds for Element; Manual Wait is disabled 
2017-04-13 12:40:55,673 INFO  [Log] Failed: RG-57: Cmpreothere; Value: 10000; is Not Present in Page values: ,  
2017-04-13 12:41:00,829 INFO  [Log] RG-58; Not Waited 5000: Milli seconds for Element; Manual Wait is disabled 
2017-04-13 12:41:01,040 INFO  [Log] Failed: RG-59: CmpTotal; Value: 60000; is Not Present in Page values: ,  
2017-04-13 12:41:06,208 INFO  [Log] RG-60; Not Waited 5000: Milli seconds for Element; Manual Wait is disabled 
2017-04-13 12:41:06,440 INFO  [Log] Failed: RG-61: CmpGrandTotal; Value: 60000; is Not Present in Page values: ,  
2017-04-13 12:41:11,613 INFO  [Log] RG-62; Not Waited 5000: Milli seconds for Element; Manual Wait is disabled 
2017-04-13 12:41:11,765 INFO  [Log] RG-63: Dropdown click: Action click 
2017-04-13 12:41:16,775 INFO  [Log] RG-64; Not Waited 5000: Milli seconds for Element; Manual Wait is disabled 
2017-04-13 12:41:17,754 INFO  [Log] RG-65: ClkTax: Action click 
2017-04-13 12:41:22,754 INFO  [Log] RG-66; Not Waited 5000: Milli seconds for Element; Manual Wait is disabled 
2017-04-13 12:41:22,954 INFO  [Log] RG-67: Clkdate: Action click 
2017-04-13 12:41:27,955 INFO  [Log] RG-68; Not Waited 5000: Milli seconds for Element; Manual Wait is disabled 
2017-04-13 12:41:28,122 INFO  [Log] RG-69: choosedate: Action click 
2017-04-13 12:41:33,123 INFO  [Log] RG-70; Not Waited 5000: Milli seconds for Element; Manual Wait is disabled 
2017-04-13 12:41:33,290 INFO  [Log] RG-71: ClkDouble: Action click 
2017-04-13 12:41:33,386 INFO  [Log] RG-72: ClkDouble: Action click 
2017-04-13 12:41:38,386 INFO  [Log] RG-73; Not Waited 5000: Milli seconds for Element; Manual Wait is disabled 
2017-04-13 12:41:38,549 ERROR [Log] Error#: RateGain-1RG-74XpathSubmitIfValue  org.openqa.selenium.ElementNotVisibleException: element not visible
  (Session info: chrome=57.0.2987.133)
  (Driver info: chromedriver=2.29.461591 (62ebf098771772160f391d75e589dc567915b233),platform=Windows NT 6.1.7601 SP1 x86_64) (WARNING: The server did not provide any stacktrace information)
Command duration or timeout: 29 milliseconds
Build info: version: '2.53.0', revision: '35ae25b', time: '2016-03-15 17:00:58'
System info: host: 'P-Lokesh-LP', ip: '192.168.2.147', os.name: 'Windows 7', os.arch: 'amd64', os.version: '6.1', java.version: '1.8.0_121'
Driver info: org.openqa.selenium.chrome.ChromeDriver
Capabilities [{applicationCacheEnabled=false, rotatable=false, mobileEmulationEnabled=false, networkConnectionEnabled=false, chrome={chromedriverVersion=2.29.461591 (62ebf098771772160f391d75e589dc567915b233), userDataDir=C:\Users\PD1BF~1.LOK\AppData\Local\Temp\scoped_dir2080_114}, takesHeapSnapshot=true, pageLoadStrategy=normal, databaseEnabled=false, handlesAlerts=true, hasTouchScreen=false, version=57.0.2987.133, platform=XP, browserConnectionEnabled=false, nativeEvents=true, acceptSslCerts=true, locationContextEnabled=true, webStorageEnabled=true, browserName=chrome, takesScreenshot=true, javascriptEnabled=true, cssSelectorsEnabled=true, unexpectedAlertBehaviour=}]
Session ID: 1ca8f730824019aa0e1c8f73cedbf585null:Exception is not handled 
2017-04-13 12:41:43,102 INFO  [Log] Quiting all instance of Browser(Firefox) 
2017-04-13 12:41:43,993 INFO  [Log] Quiting all instance of Browser(Chrome) 
2017-04-13 12:41:45,023 INFO  [Log] Quiting all instance of Browser(Internet explorer) 
2017-04-13 12:41:45,023 INFO  [Log] XXXXXXXXXXXXXXXXXXXXXXX             -E---N---D Test Case             XXXXXXXXXXXXXXXXXXXXXX 
2017-04-13 12:41:45,023 FATAL [Log] RateGain-1RG-74XpathSubmitIfValue  org.openqa.selenium.ElementNotVisibleException: element not visible
  (Session info: chrome=57.0.2987.133)
  (Driver info: chromedriver=2.29.461591 (62ebf098771772160f391d75e589dc567915b233),platform=Windows NT 6.1.7601 SP1 x86_64) (WARNING: The server did not provide any stacktrace information)
Command duration or timeout: 29 milliseconds
Build info: version: '2.53.0', revision: '35ae25b', time: '2016-03-15 17:00:58'
System info: host: 'P-Lokesh-LP', ip: '192.168.2.147', os.name: 'Windows 7', os.arch: 'amd64', os.version: '6.1', java.version: '1.8.0_121'
Driver info: org.openqa.selenium.chrome.ChromeDriver
Capabilities [{applicationCacheEnabled=false, rotatable=false, mobileEmulationEnabled=false, networkConnectionEnabled=false, chrome={chromedriverVersion=2.29.461591 (62ebf098771772160f391d75e589dc567915b233), userDataDir=C:\Users\PD1BF~1.LOK\AppData\Local\Temp\scoped_dir2080_114}, takesHeapSnapshot=true, pageLoadStrategy=normal, databaseEnabled=false, handlesAlerts=true, hasTouchScreen=false, version=57.0.2987.133, platform=XP, browserConnectionEnabled=false, nativeEvents=true, acceptSslCerts=true, locationContextEnabled=true, webStorageEnabled=true, browserName=chrome, takesScreenshot=true, javascriptEnabled=true, cssSelectorsEnabled=true, unexpectedAlertBehaviour=}]
Session ID: 1ca8f730824019aa0e1c8f73cedbf585null:Exception is not handled 
2017-04-13 12:41:45,044 INFO  [Log] XXXXXXXXXXXXXXXXXXXXXXX             -E---N---D Test Case             XXXXXXXXXXXXXXXXXXXXXX 
2017-04-13 12:41:45,175 INFO  [Log] RateGain-6_RateGain -6 
2017-04-13 12:41:45,331 INFO  [Log] ####Closing Test Suite #### 
2017-04-13 12:41:45,331 INFO  [Log] XXXXXXXXXXXXXXXXXXXXXXX             -E---N---D Test Case             XXXXXXXXXXXXXXXXXXXXXX 
2017-04-13 12:41:45,331 INFO  [Log] Creating Logs backup and storing for further reference 
