2017-04-13 14:03:29,526 INFO  [Log] Test Scenario Configuration started 
2017-04-13 14:03:29,544 INFO  [Log] Initialing HTML reporting 
2017-04-13 14:03:32,593 INFO  [Log] Starting Test Suit Execution 
2017-04-13 14:03:32,593 INFO  [Log] Creating Test suit report 
2017-04-13 14:03:33,517 WARN  [Log] Browser instance value is null 
2017-04-13 14:03:34,196 INFO  [Log] Object repository is created successfully 
2017-04-13 14:03:34,392 INFO  [Log] RateGain-1_RateGain -1 
2017-04-13 14:03:34,688 INFO  [Log] RateGain-2_RateGain -2 
2017-04-13 14:03:34,919 INFO  [Log] RateGain-3_RateGain -3 
2017-04-13 14:03:35,105 INFO  [Log] RateGain-4_RateGain -4 
2017-04-13 14:03:35,306 INFO  [Log] **************************************************************************************** 
2017-04-13 14:03:35,306 INFO  [Log] $$$$$$$$$$$$$$$$$$$$$                 #### Executing Test case: RateGain-5; Description: RateGain -5 For Data: 1       $$$$$$$$$$$$$$$$$$$$$$$$$ 
2017-04-13 14:03:35,306 INFO  [Log] **************************************************************************************** 
2017-04-13 14:03:49,824 INFO  [Log] #### Executing Test case: RateGain-5; Description: RateGain -5 In Chrome Browser for TestData:1 
2017-04-13 14:03:51,983 INFO  [Log] RG-01: Open URL; Action: open URL 
2017-04-13 14:03:57,010 INFO  [Log] RG-02; Not Waited 5000: Milli seconds for Element; Manual Wait is disabled 
2017-04-13 14:03:57,340 INFO  [Log] RG-03: Username; Action: Submited Value 
2017-04-13 14:03:58,340 INFO  [Log] RG-04; Not Waited 1000: Milli seconds for Element; Manual Wait is disabled 
2017-04-13 14:03:58,574 INFO  [Log] RG-05: Password; Action: Submited Value 
2017-04-13 14:04:00,574 INFO  [Log] RG-06; Not Waited 2000: Milli seconds for Element; Manual Wait is disabled 
2017-04-13 14:04:01,090 INFO  [Log] RG-07: clkLogin: Action click 
2017-04-13 14:04:02,090 INFO  [Log] RG-08; Not Waited 1000: Milli seconds for Element; Manual Wait is disabled 
2017-04-13 14:04:05,257 INFO  [Log] RG-09: clkLogin: Action click If 
2017-04-13 14:04:06,257 INFO  [Log] RG-10; Not Waited 1000: Milli seconds for Element; Manual Wait is disabled 
2017-04-13 14:04:06,540 INFO  [Log] RG-11: Username: Action Submit If 
2017-04-13 14:04:07,541 INFO  [Log] RG-12; Not Waited 1000: Milli seconds for Element; Manual Wait is disabled 
2017-04-13 14:04:07,754 INFO  [Log] RG-13: Password: Action Submit If 
2017-04-13 14:04:13,755 INFO  [Log] RG-14; Not Waited 6000: Milli seconds for Element; Manual Wait is disabled 
2017-04-13 14:04:17,440 INFO  [Log] RG-15: clkLogin: Action click If 
2017-04-13 14:04:20,440 INFO  [Log] RG-16; Not Waited 3000: Milli seconds for Element; Manual Wait is disabled 
2017-04-13 14:04:21,076 INFO  [Log] RG-17: ClickAdd: Action click 
2017-04-13 14:04:24,076 INFO  [Log] RG-18; Not Waited 3000: Milli seconds for Element; Manual Wait is disabled 
2017-04-13 14:04:24,213 INFO  [Log] RG-19: SelectIT: Action click 
2017-04-13 14:04:29,213 INFO  [Log] RG-20; Not Waited 5000: Milli seconds for Element; Manual Wait is disabled 
2017-04-13 14:04:29,518 INFO  [Log] RG-21: DropDownSelectIT; Action: Drop Down Select 
2017-04-13 14:04:34,517 INFO  [Log] RG-22; Not Waited 5000: Milli seconds for Element; Manual Wait is disabled 
2017-04-13 14:04:34,800 INFO  [Log] RG-23: Clientcodekeys; Action: Submit Random Value: 88346; Index No is0 
2017-04-13 14:04:39,800 INFO  [Log] RG-24; Not Waited 5000: Milli seconds for Element; Manual Wait is disabled 
2017-04-13 14:04:40,039 INFO  [Log] RG-25: LastName; Action: Submited Value 
2017-04-13 14:04:43,041 INFO  [Log] RG-26; Not Waited 3000: Milli seconds for Element; Manual Wait is disabled 
2017-04-13 14:04:43,981 INFO  [Log] RG-27: ClkSave: Action click 
2017-04-13 14:04:46,981 INFO  [Log] RG-28; Not Waited 3000: Milli seconds for Element; Manual Wait is disabled 
2017-04-13 14:04:47,117 INFO  [Log] RG-29: ClickRStaus: Action click 
2017-04-13 14:04:50,118 INFO  [Log] RG-30; Not Waited 3000: Milli seconds for Element; Manual Wait is disabled 
2017-04-13 14:04:50,669 INFO  [Log] RG-31: ClkSave: Action click 
2017-04-13 14:04:53,670 INFO  [Log] RG-32; Not Waited 3000: Milli seconds for Element; Manual Wait is disabled 
2017-04-13 14:04:54,138 INFO  [Log] RG-33: ClickIncome: Action click 
2017-04-13 14:04:57,138 INFO  [Log] RG-34; Not Waited 3000: Milli seconds for Element; Manual Wait is disabled 
2017-04-13 14:04:57,318 INFO  [Log] RG-35: IncomeDrpdwn; Action: Drop Down Select 
2017-04-13 14:05:02,319 INFO  [Log] RG-36; Not Waited 5000: Milli seconds for Element; Manual Wait is disabled 
2017-04-13 14:05:02,499 INFO  [Log] RG-37: ClkSave: Action click 
2017-04-13 14:05:07,499 INFO  [Log] RG-38; Not Waited 5000: Milli seconds for Element; Manual Wait is disabled 
2017-04-13 14:05:09,835 INFO  [Log] RG-39: ClkSaveconfrm: Action click 
2017-04-13 14:05:14,834 INFO  [Log] RG-40; Not Waited 5000: Milli seconds for Element; Manual Wait is disabled 
2017-04-13 14:05:15,821 INFO  [Log] RG-41: ClkIncomeDetails: Action click 
2017-04-13 14:05:17,821 INFO  [Log] RG-42; Not Waited 2000: Milli seconds for Element; Manual Wait is disabled 
2017-04-13 14:05:17,967 INFO  [Log] RG-43: CSendSalDetails; Action: Submited Value 
2017-04-13 14:05:19,967 INFO  [Log] RG-44; Not Waited 2000: Milli seconds for Element; Manual Wait is disabled 
2017-04-13 14:05:20,164 INFO  [Log] RG-45: SendOtherSouurs; Action: Submited Value 
2017-04-13 14:05:22,164 INFO  [Log] RG-46; Not Waited 2000: Milli seconds for Element; Manual Wait is disabled 
2017-04-13 14:05:22,395 INFO  [Log] RG-47: ClkExcept; Action: Submited Value 
2017-04-13 14:05:24,394 INFO  [Log] RG-48; Not Waited 2000: Milli seconds for Element; Manual Wait is disabled 
2017-04-13 14:05:25,573 INFO  [Log] RG-49: ClkSave: Action click 
2017-04-13 14:05:30,574 INFO  [Log] RG-50; Not Waited 5000: Milli seconds for Element; Manual Wait is disabled 
2017-04-13 14:05:31,076 INFO  [Log] RG-51: ClkComputation: Action click 
2017-04-13 14:05:36,076 INFO  [Log] RG-52; Not Waited 5000: Milli seconds for Element; Manual Wait is disabled 
2017-04-13 14:05:36,269 INFO  [Log] RG-53: DateSelect: Action click 
2017-04-13 14:05:38,269 INFO  [Log] RG-54; Not Waited 2000: Milli seconds for Element; Manual Wait is disabled 
2017-04-13 14:05:38,658 INFO  [Log] Failed: RG-55: CmpreSalary; Value: 50000; is Not Present in Page values: ,  
2017-04-13 14:05:40,898 INFO  [Log] RG-56; Not Waited 2000: Milli seconds for Element; Manual Wait is disabled 
2017-04-13 14:05:41,159 INFO  [Log] Failed: RG-57: Cmpreothere; Value: 10000; is Not Present in Page values: ,  
2017-04-13 14:05:46,350 INFO  [Log] RG-58; Not Waited 5000: Milli seconds for Element; Manual Wait is disabled 
2017-04-13 14:05:46,602 INFO  [Log] Failed: RG-59: CmpTotal; Value: 60000; is Not Present in Page values: ,  
2017-04-13 14:05:51,747 INFO  [Log] RG-60; Not Waited 5000: Milli seconds for Element; Manual Wait is disabled 
2017-04-13 14:05:51,998 INFO  [Log] Failed: RG-61: CmpGrandTotal; Value: 60000; is Not Present in Page values: ,  
2017-04-13 14:05:57,139 INFO  [Log] RG-62; Not Waited 5000: Milli seconds for Element; Manual Wait is disabled 
2017-04-13 14:05:57,310 INFO  [Log] RG-63: Dropdown click: Action click 
2017-04-13 14:06:02,310 INFO  [Log] RG-64; Not Waited 5000: Milli seconds for Element; Manual Wait is disabled 
2017-04-13 14:06:02,608 ERROR [Log] Error#: RateGain-1RG-65XpathClick  org.openqa.selenium.ElementNotVisibleException: element not visible
  (Session info: chrome=57.0.2987.133)
  (Driver info: chromedriver=2.29.461591 (62ebf098771772160f391d75e589dc567915b233),platform=Windows NT 6.1.7601 SP1 x86_64) (WARNING: The server did not provide any stacktrace information)
Command duration or timeout: 21 milliseconds
Build info: version: '2.53.0', revision: '35ae25b', time: '2016-03-15 17:00:58'
System info: host: 'P-Lokesh-LP', ip: '192.168.2.147', os.name: 'Windows 7', os.arch: 'amd64', os.version: '6.1', java.version: '1.8.0_121'
Driver info: org.openqa.selenium.chrome.ChromeDriver
Capabilities [{applicationCacheEnabled=false, rotatable=false, mobileEmulationEnabled=false, networkConnectionEnabled=false, chrome={chromedriverVersion=2.29.461591 (62ebf098771772160f391d75e589dc567915b233), userDataDir=C:\Users\PD1BF~1.LOK\AppData\Local\Temp\scoped_dir2796_5417}, takesHeapSnapshot=true, pageLoadStrategy=normal, databaseEnabled=false, handlesAlerts=true, hasTouchScreen=false, version=57.0.2987.133, platform=XP, browserConnectionEnabled=false, nativeEvents=true, acceptSslCerts=true, locationContextEnabled=true, webStorageEnabled=true, browserName=chrome, takesScreenshot=true, javascriptEnabled=true, cssSelectorsEnabled=true, unexpectedAlertBehaviour=}]
Session ID: 298c000baf45908ec777dcecdb74ce29null:Exception is not handled 
2017-04-13 14:06:07,998 INFO  [Log] Quiting all instance of Browser(Firefox) 
2017-04-13 14:06:09,068 INFO  [Log] Quiting all instance of Browser(Chrome) 
2017-04-13 14:06:09,995 INFO  [Log] Quiting all instance of Browser(Internet explorer) 
2017-04-13 14:06:09,995 INFO  [Log] XXXXXXXXXXXXXXXXXXXXXXX             -E---N---D Test Case             XXXXXXXXXXXXXXXXXXXXXX 
2017-04-13 14:06:09,995 FATAL [Log] RateGain-1RG-65XpathClick  org.openqa.selenium.ElementNotVisibleException: element not visible
  (Session info: chrome=57.0.2987.133)
  (Driver info: chromedriver=2.29.461591 (62ebf098771772160f391d75e589dc567915b233),platform=Windows NT 6.1.7601 SP1 x86_64) (WARNING: The server did not provide any stacktrace information)
Command duration or timeout: 21 milliseconds
Build info: version: '2.53.0', revision: '35ae25b', time: '2016-03-15 17:00:58'
System info: host: 'P-Lokesh-LP', ip: '192.168.2.147', os.name: 'Windows 7', os.arch: 'amd64', os.version: '6.1', java.version: '1.8.0_121'
Driver info: org.openqa.selenium.chrome.ChromeDriver
Capabilities [{applicationCacheEnabled=false, rotatable=false, mobileEmulationEnabled=false, networkConnectionEnabled=false, chrome={chromedriverVersion=2.29.461591 (62ebf098771772160f391d75e589dc567915b233), userDataDir=C:\Users\PD1BF~1.LOK\AppData\Local\Temp\scoped_dir2796_5417}, takesHeapSnapshot=true, pageLoadStrategy=normal, databaseEnabled=false, handlesAlerts=true, hasTouchScreen=false, version=57.0.2987.133, platform=XP, browserConnectionEnabled=false, nativeEvents=true, acceptSslCerts=true, locationContextEnabled=true, webStorageEnabled=true, browserName=chrome, takesScreenshot=true, javascriptEnabled=true, cssSelectorsEnabled=true, unexpectedAlertBehaviour=}]
Session ID: 298c000baf45908ec777dcecdb74ce29null:Exception is not handled 
2017-04-13 14:06:10,030 INFO  [Log] XXXXXXXXXXXXXXXXXXXXXXX             -E---N---D Test Case             XXXXXXXXXXXXXXXXXXXXXX 
2017-04-13 14:06:10,281 INFO  [Log] RateGain-6_RateGain -6 
2017-04-13 14:06:10,619 INFO  [Log] ####Closing Test Suite #### 
2017-04-13 14:06:10,619 INFO  [Log] XXXXXXXXXXXXXXXXXXXXXXX             -E---N---D Test Case             XXXXXXXXXXXXXXXXXXXXXX 
2017-04-13 14:06:10,619 INFO  [Log] Creating Logs backup and storing for further reference 
