2017-04-13 12:27:28,988 INFO  [Log] Test Scenario Configuration started 
2017-04-13 12:27:29,009 INFO  [Log] Initialing HTML reporting 
2017-04-13 12:27:29,639 INFO  [Log] Starting Test Suit Execution 
2017-04-13 12:27:29,639 INFO  [Log] Creating Test suit report 
2017-04-13 12:27:30,289 WARN  [Log] Browser instance value is null 
2017-04-13 12:27:30,923 INFO  [Log] Object repository is created successfully 
2017-04-13 12:27:31,103 INFO  [Log] RateGain-1_RateGain -1 
2017-04-13 12:27:31,325 INFO  [Log] RateGain-2_RateGain -2 
2017-04-13 12:27:31,538 INFO  [Log] RateGain-3_RateGain -3 
2017-04-13 12:27:31,717 INFO  [Log] RateGain-4_RateGain -4 
2017-04-13 12:27:31,894 INFO  [Log] **************************************************************************************** 
2017-04-13 12:27:31,894 INFO  [Log] $$$$$$$$$$$$$$$$$$$$$                 #### Executing Test case: RateGain-5; Description: RateGain -5 For Data: 1       $$$$$$$$$$$$$$$$$$$$$$$$$ 
2017-04-13 12:27:31,894 INFO  [Log] **************************************************************************************** 
2017-04-13 12:27:41,646 INFO  [Log] #### Executing Test case: RateGain-5; Description: RateGain -5 In Chrome Browser for TestData:1 
2017-04-13 12:27:43,589 INFO  [Log] RG-01: Open URL; Action: open URL 
2017-04-13 12:27:48,644 INFO  [Log] RG-02; Not Waited 5000: Milli seconds for Element; Manual Wait is disabled 
2017-04-13 12:27:48,913 INFO  [Log] RG-03: Username; Action: Submited Value 
2017-04-13 12:27:49,935 INFO  [Log] RG-04; Not Waited 1000: Milli seconds for Element; Manual Wait is disabled 
2017-04-13 12:27:50,126 INFO  [Log] RG-05: Password; Action: Submited Value 
2017-04-13 12:27:52,150 INFO  [Log] RG-06; Not Waited 2000: Milli seconds for Element; Manual Wait is disabled 
2017-04-13 12:27:52,699 INFO  [Log] RG-07: clkLogin: Action click 
2017-04-13 12:27:53,718 INFO  [Log] RG-08; Not Waited 1000: Milli seconds for Element; Manual Wait is disabled 
2017-04-13 12:27:56,919 INFO  [Log] RG-09: clkLogin: Action click If 
2017-04-13 12:27:57,929 INFO  [Log] RG-10; Not Waited 1000: Milli seconds for Element; Manual Wait is disabled 
2017-04-13 12:27:58,140 INFO  [Log] RG-11: Username: Action Submit If 
2017-04-13 12:27:59,159 INFO  [Log] RG-12; Not Waited 1000: Milli seconds for Element; Manual Wait is disabled 
2017-04-13 12:27:59,338 INFO  [Log] RG-13: Password: Action Submit If 
2017-04-13 12:28:05,358 INFO  [Log] RG-14; Not Waited 6000: Milli seconds for Element; Manual Wait is disabled 
2017-04-13 12:28:08,950 INFO  [Log] RG-15: clkLogin: Action click If 
2017-04-13 12:28:11,970 INFO  [Log] RG-16; Not Waited 3000: Milli seconds for Element; Manual Wait is disabled 
2017-04-13 12:28:12,778 INFO  [Log] RG-17: ClickAdd: Action click 
2017-04-13 12:28:15,800 INFO  [Log] RG-18; Not Waited 3000: Milli seconds for Element; Manual Wait is disabled 
2017-04-13 12:28:15,932 INFO  [Log] RG-19: SelectIT: Action click 
2017-04-13 12:28:20,923 INFO  [Log] RG-20; Not Waited 5000: Milli seconds for Element; Manual Wait is disabled 
2017-04-13 12:28:21,143 INFO  [Log] RG-21: DropDownSelectIT; Action: Drop Down Select 
2017-04-13 12:28:26,144 INFO  [Log] RG-22; Not Waited 5000: Milli seconds for Element; Manual Wait is disabled 
2017-04-13 12:28:26,413 INFO  [Log] RG-23: Clientcodekeys; Action: Submit Random Value: 72739; Index No is0 
2017-04-13 12:28:31,414 INFO  [Log] RG-24; Not Waited 5000: Milli seconds for Element; Manual Wait is disabled 
2017-04-13 12:28:31,660 INFO  [Log] RG-25: LastName; Action: Submited Value 
2017-04-13 12:28:34,663 INFO  [Log] RG-26; Not Waited 3000: Milli seconds for Element; Manual Wait is disabled 
2017-04-13 12:28:35,565 INFO  [Log] RG-27: ClkSave: Action click 
2017-04-13 12:28:38,614 INFO  [Log] RG-28; Not Waited 3000: Milli seconds for Element; Manual Wait is disabled 
2017-04-13 12:28:38,766 INFO  [Log] RG-29: ClickRStaus: Action click 
2017-04-13 12:28:41,761 INFO  [Log] RG-30; Not Waited 3000: Milli seconds for Element; Manual Wait is disabled 
2017-04-13 12:28:42,337 INFO  [Log] RG-31: ClkSave: Action click 
2017-04-13 12:28:45,356 INFO  [Log] RG-32; Not Waited 3000: Milli seconds for Element; Manual Wait is disabled 
2017-04-13 12:28:45,741 INFO  [Log] RG-33: ClickIncome: Action click 
2017-04-13 12:28:48,763 INFO  [Log] RG-34; Not Waited 3000: Milli seconds for Element; Manual Wait is disabled 
2017-04-13 12:28:48,895 INFO  [Log] RG-35: IncomeDrpdwn; Action: Drop Down Select 
2017-04-13 12:28:53,886 INFO  [Log] RG-36; Not Waited 5000: Milli seconds for Element; Manual Wait is disabled 
2017-04-13 12:28:54,080 INFO  [Log] RG-37: ClkSave: Action click 
2017-04-13 12:28:59,081 INFO  [Log] RG-38; Not Waited 5000: Milli seconds for Element; Manual Wait is disabled 
2017-04-13 12:29:01,218 INFO  [Log] RG-39: ClkSaveconfrm: Action click 
2017-04-13 12:29:06,237 INFO  [Log] RG-40; Not Waited 5000: Milli seconds for Element; Manual Wait is disabled 
2017-04-13 12:29:07,691 INFO  [Log] RG-41: ClkIncomeDetails: Action click 
2017-04-13 12:29:09,714 INFO  [Log] RG-42; Not Waited 2000: Milli seconds for Element; Manual Wait is disabled 
2017-04-13 12:29:09,843 INFO  [Log] RG-43: CSendSalDetails; Action: Submited Value 
2017-04-13 12:29:11,866 INFO  [Log] RG-44; Not Waited 2000: Milli seconds for Element; Manual Wait is disabled 
2017-04-13 12:29:12,048 INFO  [Log] RG-45: SendOtherSouurs; Action: Submited Value 
2017-04-13 12:29:14,067 INFO  [Log] RG-46; Not Waited 2000: Milli seconds for Element; Manual Wait is disabled 
2017-04-13 12:29:14,232 INFO  [Log] RG-47: ClkExcept; Action: Submited Value 
2017-04-13 12:29:16,255 INFO  [Log] RG-48; Not Waited 2000: Milli seconds for Element; Manual Wait is disabled 
2017-04-13 12:29:17,364 INFO  [Log] RG-49: ClkSave: Action click 
2017-04-13 12:29:22,365 INFO  [Log] RG-50; Not Waited 5000: Milli seconds for Element; Manual Wait is disabled 
2017-04-13 12:29:22,917 INFO  [Log] RG-51: ClkComputation: Action click 
2017-04-13 12:29:27,941 INFO  [Log] RG-52; Not Waited 5000: Milli seconds for Element; Manual Wait is disabled 
2017-04-13 12:29:28,084 INFO  [Log] RG-53: DateSelect: Action click 
2017-04-13 12:29:30,100 INFO  [Log] RG-54; Not Waited 2000: Milli seconds for Element; Manual Wait is disabled 
2017-04-13 12:29:30,475 INFO  [Log] Failed: RG-55: CmpreSalary; Value: 50000; is Not Present in Page values: ,  
2017-04-13 12:29:32,825 INFO  [Log] RG-56; Not Waited 2000: Milli seconds for Element; Manual Wait is disabled 
2017-04-13 12:29:33,072 INFO  [Log] Failed: RG-57: Cmpreothere; Value: 10000; is Not Present in Page values: ,  
2017-04-13 12:29:38,242 INFO  [Log] RG-58; Not Waited 5000: Milli seconds for Element; Manual Wait is disabled 
2017-04-13 12:29:38,496 INFO  [Log] Failed: RG-59: CmpTotal; Value: 60000; is Not Present in Page values: ,  
2017-04-13 12:29:43,697 INFO  [Log] RG-60; Not Waited 5000: Milli seconds for Element; Manual Wait is disabled 
2017-04-13 12:29:43,919 INFO  [Log] Failed: RG-61: CmpGrandTotal; Value: 60000; is Not Present in Page values: ,  
2017-04-13 12:29:49,118 INFO  [Log] RG-62; Not Waited 5000: Milli seconds for Element; Manual Wait is disabled 
2017-04-13 12:29:49,227 INFO  [Log] RG-63: Dropdown click: Action click 
2017-04-13 12:29:54,247 INFO  [Log] RG-64; Not Waited 5000: Milli seconds for Element; Manual Wait is disabled 
2017-04-13 12:29:54,359 ERROR [Log] Error#: RateGain-1RG-65XpathClick  org.openqa.selenium.ElementNotVisibleException: element not visible
  (Session info: chrome=57.0.2987.133)
  (Driver info: chromedriver=2.29.461591 (62ebf098771772160f391d75e589dc567915b233),platform=Windows NT 6.1.7601 SP1 x86_64) (WARNING: The server did not provide any stacktrace information)
Command duration or timeout: 20 milliseconds
Build info: version: '2.53.0', revision: '35ae25b', time: '2016-03-15 17:00:58'
System info: host: 'P-Lokesh-LP', ip: '192.168.2.147', os.name: 'Windows 7', os.arch: 'amd64', os.version: '6.1', java.version: '1.8.0_121'
Driver info: org.openqa.selenium.chrome.ChromeDriver
Capabilities [{applicationCacheEnabled=false, rotatable=false, mobileEmulationEnabled=false, networkConnectionEnabled=false, chrome={chromedriverVersion=2.29.461591 (62ebf098771772160f391d75e589dc567915b233), userDataDir=C:\Users\PD1BF~1.LOK\AppData\Local\Temp\scoped_dir6328_25134}, takesHeapSnapshot=true, pageLoadStrategy=normal, databaseEnabled=false, handlesAlerts=true, hasTouchScreen=false, version=57.0.2987.133, platform=XP, browserConnectionEnabled=false, nativeEvents=true, acceptSslCerts=true, locationContextEnabled=true, webStorageEnabled=true, browserName=chrome, takesScreenshot=true, javascriptEnabled=true, cssSelectorsEnabled=true, unexpectedAlertBehaviour=}]
Session ID: 0903f85022caf50738b8042cd19d8a08null:Exception is not handled 
2017-04-13 12:29:59,043 INFO  [Log] Quiting all instance of Browser(Firefox) 
2017-04-13 12:29:59,854 INFO  [Log] Quiting all instance of Browser(Chrome) 
2017-04-13 12:30:00,724 INFO  [Log] Quiting all instance of Browser(Internet explorer) 
2017-04-13 12:30:00,724 INFO  [Log] XXXXXXXXXXXXXXXXXXXXXXX             -E---N---D Test Case             XXXXXXXXXXXXXXXXXXXXXX 
2017-04-13 12:30:00,724 FATAL [Log] RateGain-1RG-65XpathClick  org.openqa.selenium.ElementNotVisibleException: element not visible
  (Session info: chrome=57.0.2987.133)
  (Driver info: chromedriver=2.29.461591 (62ebf098771772160f391d75e589dc567915b233),platform=Windows NT 6.1.7601 SP1 x86_64) (WARNING: The server did not provide any stacktrace information)
Command duration or timeout: 20 milliseconds
Build info: version: '2.53.0', revision: '35ae25b', time: '2016-03-15 17:00:58'
System info: host: 'P-Lokesh-LP', ip: '192.168.2.147', os.name: 'Windows 7', os.arch: 'amd64', os.version: '6.1', java.version: '1.8.0_121'
Driver info: org.openqa.selenium.chrome.ChromeDriver
Capabilities [{applicationCacheEnabled=false, rotatable=false, mobileEmulationEnabled=false, networkConnectionEnabled=false, chrome={chromedriverVersion=2.29.461591 (62ebf098771772160f391d75e589dc567915b233), userDataDir=C:\Users\PD1BF~1.LOK\AppData\Local\Temp\scoped_dir6328_25134}, takesHeapSnapshot=true, pageLoadStrategy=normal, databaseEnabled=false, handlesAlerts=true, hasTouchScreen=false, version=57.0.2987.133, platform=XP, browserConnectionEnabled=false, nativeEvents=true, acceptSslCerts=true, locationContextEnabled=true, webStorageEnabled=true, browserName=chrome, takesScreenshot=true, javascriptEnabled=true, cssSelectorsEnabled=true, unexpectedAlertBehaviour=}]
Session ID: 0903f85022caf50738b8042cd19d8a08null:Exception is not handled 
2017-04-13 12:30:00,761 INFO  [Log] XXXXXXXXXXXXXXXXXXXXXXX             -E---N---D Test Case             XXXXXXXXXXXXXXXXXXXXXX 
2017-04-13 12:30:01,001 INFO  [Log] RateGain-6_RateGain -6 
2017-04-13 12:30:01,165 INFO  [Log] ####Closing Test Suite #### 
2017-04-13 12:30:01,165 INFO  [Log] XXXXXXXXXXXXXXXXXXXXXXX             -E---N---D Test Case             XXXXXXXXXXXXXXXXXXXXXX 
2017-04-13 12:30:01,165 INFO  [Log] Creating Logs backup and storing for further reference 
