2017-04-13 11:56:53,702 INFO  [Log] Test Scenario Configuration started 
2017-04-13 11:56:53,718 INFO  [Log] Initialing HTML reporting 
2017-04-13 11:56:54,425 INFO  [Log] Starting Test Suit Execution 
2017-04-13 11:56:54,425 INFO  [Log] Creating Test suit report 
2017-04-13 11:56:55,219 WARN  [Log] Browser instance value is null 
2017-04-13 11:56:55,947 INFO  [Log] Object repository is created successfully 
2017-04-13 11:56:56,103 INFO  [Log] RateGain-1_RateGain -1 
2017-04-13 11:56:56,374 INFO  [Log] RateGain-2_RateGain -2 
2017-04-13 11:56:56,588 INFO  [Log] RateGain-3_RateGain -3 
2017-04-13 11:56:56,882 INFO  [Log] RateGain-4_RateGain -4 
2017-04-13 11:56:57,189 INFO  [Log] **************************************************************************************** 
2017-04-13 11:56:57,189 INFO  [Log] $$$$$$$$$$$$$$$$$$$$$                 #### Executing Test case: RateGain-5; Description: RateGain -5 For Data: 1       $$$$$$$$$$$$$$$$$$$$$$$$$ 
2017-04-13 11:56:57,189 INFO  [Log] **************************************************************************************** 
2017-04-13 11:57:10,690 INFO  [Log] #### Executing Test case: RateGain-5; Description: RateGain -5 In Chrome Browser for TestData:1 
2017-04-13 11:57:12,706 INFO  [Log] RG-01: Open URL; Action: open URL 
2017-04-13 11:57:17,765 INFO  [Log] RG-02; Not Waited 5000: Milli seconds for Element; Manual Wait is disabled 
2017-04-13 11:57:18,183 INFO  [Log] RG-03: Username; Action: Submited Value 
2017-04-13 11:57:19,211 INFO  [Log] RG-04; Not Waited 1000: Milli seconds for Element; Manual Wait is disabled 
2017-04-13 11:57:19,439 INFO  [Log] RG-05: Password; Action: Submited Value 
2017-04-13 11:57:21,466 INFO  [Log] RG-06; Not Waited 2000: Milli seconds for Element; Manual Wait is disabled 
2017-04-13 11:57:21,908 INFO  [Log] RG-07: clkLogin: Action click 
2017-04-13 11:57:22,926 INFO  [Log] RG-08; Not Waited 1000: Milli seconds for Element; Manual Wait is disabled 
2017-04-13 11:57:26,113 INFO  [Log] RG-09: clkLogin: Action click If 
2017-04-13 11:57:27,129 INFO  [Log] RG-10; Not Waited 1000: Milli seconds for Element; Manual Wait is disabled 
2017-04-13 11:57:27,341 INFO  [Log] RG-11: Username: Action Submit If 
2017-04-13 11:57:28,366 INFO  [Log] RG-12; Not Waited 1000: Milli seconds for Element; Manual Wait is disabled 
2017-04-13 11:57:28,554 INFO  [Log] RG-13: Password: Action Submit If 
2017-04-13 11:57:34,575 INFO  [Log] RG-14; Not Waited 6000: Milli seconds for Element; Manual Wait is disabled 
2017-04-13 11:57:38,137 INFO  [Log] RG-15: clkLogin: Action click If 
2017-04-13 11:57:41,158 INFO  [Log] RG-16; Not Waited 3000: Milli seconds for Element; Manual Wait is disabled 
2017-04-13 11:57:41,682 INFO  [Log] RG-17: ClickAdd: Action click 
2017-04-13 11:57:44,700 INFO  [Log] RG-18; Not Waited 3000: Milli seconds for Element; Manual Wait is disabled 
2017-04-13 11:57:44,882 INFO  [Log] RG-19: SelectIT: Action click 
2017-04-13 11:57:49,873 INFO  [Log] RG-20; Not Waited 5000: Milli seconds for Element; Manual Wait is disabled 
2017-04-13 11:57:50,102 INFO  [Log] RG-21: DropDownSelectIT; Action: Drop Down Select 
2017-04-13 11:57:55,103 INFO  [Log] RG-22; Not Waited 5000: Milli seconds for Element; Manual Wait is disabled 
2017-04-13 11:57:55,383 INFO  [Log] RG-23: Clientcodekeys; Action: Submit Random Value: 30587; Index No is0 
2017-04-13 11:58:00,384 INFO  [Log] RG-24; Not Waited 5000: Milli seconds for Element; Manual Wait is disabled 
2017-04-13 11:58:00,614 INFO  [Log] RG-25: LastName; Action: Submited Value 
2017-04-13 11:58:03,615 INFO  [Log] RG-26; Not Waited 3000: Milli seconds for Element; Manual Wait is disabled 
2017-04-13 11:58:04,515 INFO  [Log] RG-27: ClkSave: Action click 
2017-04-13 11:58:07,522 INFO  [Log] RG-28; Not Waited 3000: Milli seconds for Element; Manual Wait is disabled 
2017-04-13 11:58:07,700 INFO  [Log] RG-29: ClickRStaus: Action click 
2017-04-13 11:58:10,709 INFO  [Log] RG-30; Not Waited 3000: Milli seconds for Element; Manual Wait is disabled 
2017-04-13 11:58:11,252 INFO  [Log] RG-31: ClkSave: Action click 
2017-04-13 11:58:14,271 INFO  [Log] RG-32; Not Waited 3000: Milli seconds for Element; Manual Wait is disabled 
2017-04-13 11:58:14,735 INFO  [Log] RG-33: ClickIncome: Action click 
2017-04-13 11:58:17,754 INFO  [Log] RG-34; Not Waited 3000: Milli seconds for Element; Manual Wait is disabled 
2017-04-13 11:58:17,946 INFO  [Log] RG-35: IncomeDrpdwn; Action: Drop Down Select 
2017-04-13 11:58:22,937 INFO  [Log] RG-36; Not Waited 5000: Milli seconds for Element; Manual Wait is disabled 
2017-04-13 11:58:23,083 INFO  [Log] RG-37: ClkSave: Action click 
2017-04-13 11:58:28,109 INFO  [Log] RG-38; Not Waited 5000: Milli seconds for Element; Manual Wait is disabled 
2017-04-13 11:58:30,288 INFO  [Log] RG-39: ClkSaveconfrm: Action click 
2017-04-13 11:58:35,312 INFO  [Log] RG-40; Not Waited 5000: Milli seconds for Element; Manual Wait is disabled 
2017-04-13 11:58:36,077 INFO  [Log] RG-41: ClkIncomeDetails: Action click 
2017-04-13 11:58:38,102 INFO  [Log] RG-42; Not Waited 2000: Milli seconds for Element; Manual Wait is disabled 
2017-04-13 11:58:38,215 INFO  [Log] RG-43: CSendSalDetails; Action: Submited Value 
2017-04-13 11:58:40,235 INFO  [Log] RG-44; Not Waited 2000: Milli seconds for Element; Manual Wait is disabled 
2017-04-13 11:58:40,438 INFO  [Log] RG-45: SendOtherSouurs; Action: Submited Value 
2017-04-13 11:58:42,438 INFO  [Log] RG-46; Not Waited 2000: Milli seconds for Element; Manual Wait is disabled 
2017-04-13 11:58:42,634 INFO  [Log] RG-47: ClkExcept; Action: Submited Value 
2017-04-13 11:58:44,635 INFO  [Log] RG-48; Not Waited 2000: Milli seconds for Element; Manual Wait is disabled 
2017-04-13 11:58:45,699 INFO  [Log] RG-49: ClkSave: Action click 
2017-04-13 11:58:50,700 INFO  [Log] RG-50; Not Waited 5000: Milli seconds for Element; Manual Wait is disabled 
2017-04-13 11:58:51,174 INFO  [Log] RG-51: ClkComputation: Action click 
2017-04-13 11:58:56,197 INFO  [Log] RG-52; Not Waited 5000: Milli seconds for Element; Manual Wait is disabled 
2017-04-13 11:58:56,365 INFO  [Log] RG-53: DateSelect: Action click 
2017-04-13 11:58:58,386 INFO  [Log] RG-54; Not Waited 2000: Milli seconds for Element; Manual Wait is disabled 
2017-04-13 11:58:58,742 INFO  [Log] Failed: RG-55: CmpreSalary; Value: 50000; is Not Present in Page values: ,  
2017-04-13 11:59:00,971 INFO  [Log] RG-56; Not Waited 2000: Milli seconds for Element; Manual Wait is disabled 
2017-04-13 11:59:01,160 INFO  [Log] Failed: RG-57: Cmpreothere; Value: 10000; is Not Present in Page values: ,  
2017-04-13 11:59:06,338 INFO  [Log] RG-58; Not Waited 5000: Milli seconds for Element; Manual Wait is disabled 
2017-04-13 11:59:06,595 INFO  [Log] Failed: RG-59: CmpTotal; Value: 60000; is Not Present in Page values: ,  
2017-04-13 11:59:11,729 INFO  [Log] RG-60; Not Waited 5000: Milli seconds for Element; Manual Wait is disabled 
2017-04-13 11:59:12,017 INFO  [Log] Failed: RG-61: CmpGrandTotal; Value: 60000; is Not Present in Page values: ,  
2017-04-13 11:59:17,186 INFO  [Log] RG-62; Not Waited 5000: Milli seconds for Element; Manual Wait is disabled 
2017-04-13 11:59:17,320 INFO  [Log] RG-63: Dropdown click: Action click 
2017-04-13 11:59:22,338 INFO  [Log] RG-64; Not Waited 5000: Milli seconds for Element; Manual Wait is disabled 
2017-04-13 11:59:23,954 INFO  [Log] RG-65: ClkTax: Action click 
2017-04-13 11:59:28,955 INFO  [Log] RG-66; Not Waited 5000: Milli seconds for Element; Manual Wait is disabled 
2017-04-13 11:59:29,215 INFO  [Log] RG-67: Clkdate: Action click 
2017-04-13 11:59:34,215 INFO  [Log] RG-68; Not Waited 5000: Milli seconds for Element; Manual Wait is disabled 
2017-04-13 11:59:34,410 INFO  [Log] RG-69: choosedate: Action click 
2017-04-13 11:59:39,410 INFO  [Log] RG-70; Not Waited 5000: Milli seconds for Element; Manual Wait is disabled 
2017-04-13 11:59:39,570 ERROR [Log] Error#: RateGain-1RG-71XpathMouseDoubleClick  org.openqa.selenium.WebDriverException: unknown error: cannot focus element
  (Session info: chrome=57.0.2987.133)
  (Driver info: chromedriver=2.29.461591 (62ebf098771772160f391d75e589dc567915b233),platform=Windows NT 6.1.7601 SP1 x86_64) (WARNING: The server did not provide any stacktrace information)
Command duration or timeout: 51 milliseconds
Build info: version: '2.53.0', revision: '35ae25b', time: '2016-03-15 17:00:58'
System info: host: 'P-Lokesh-LP', ip: '192.168.2.147', os.name: 'Windows 7', os.arch: 'amd64', os.version: '6.1', java.version: '1.8.0_121'
Driver info: org.openqa.selenium.chrome.ChromeDriver
Capabilities [{applicationCacheEnabled=false, rotatable=false, mobileEmulationEnabled=false, networkConnectionEnabled=false, chrome={chromedriverVersion=2.29.461591 (62ebf098771772160f391d75e589dc567915b233), userDataDir=C:\Users\PD1BF~1.LOK\AppData\Local\Temp\scoped_dir9064_27626}, takesHeapSnapshot=true, pageLoadStrategy=normal, databaseEnabled=false, handlesAlerts=true, hasTouchScreen=false, version=57.0.2987.133, platform=XP, browserConnectionEnabled=false, nativeEvents=true, acceptSslCerts=true, locationContextEnabled=true, webStorageEnabled=true, browserName=chrome, takesScreenshot=true, javascriptEnabled=true, cssSelectorsEnabled=true, unexpectedAlertBehaviour=}]
Session ID: c97dde7f5687a57500aa5ef95e7be022null:Exception is not handled 
2017-04-13 11:59:44,126 INFO  [Log] Quiting all instance of Browser(Firefox) 
2017-04-13 11:59:44,917 INFO  [Log] Quiting all instance of Browser(Chrome) 
2017-04-13 11:59:45,768 INFO  [Log] Quiting all instance of Browser(Internet explorer) 
2017-04-13 11:59:45,768 INFO  [Log] XXXXXXXXXXXXXXXXXXXXXXX             -E---N---D Test Case             XXXXXXXXXXXXXXXXXXXXXX 
2017-04-13 11:59:45,768 FATAL [Log] RateGain-1RG-71XpathMouseDoubleClick  org.openqa.selenium.WebDriverException: unknown error: cannot focus element
  (Session info: chrome=57.0.2987.133)
  (Driver info: chromedriver=2.29.461591 (62ebf098771772160f391d75e589dc567915b233),platform=Windows NT 6.1.7601 SP1 x86_64) (WARNING: The server did not provide any stacktrace information)
Command duration or timeout: 51 milliseconds
Build info: version: '2.53.0', revision: '35ae25b', time: '2016-03-15 17:00:58'
System info: host: 'P-Lokesh-LP', ip: '192.168.2.147', os.name: 'Windows 7', os.arch: 'amd64', os.version: '6.1', java.version: '1.8.0_121'
Driver info: org.openqa.selenium.chrome.ChromeDriver
Capabilities [{applicationCacheEnabled=false, rotatable=false, mobileEmulationEnabled=false, networkConnectionEnabled=false, chrome={chromedriverVersion=2.29.461591 (62ebf098771772160f391d75e589dc567915b233), userDataDir=C:\Users\PD1BF~1.LOK\AppData\Local\Temp\scoped_dir9064_27626}, takesHeapSnapshot=true, pageLoadStrategy=normal, databaseEnabled=false, handlesAlerts=true, hasTouchScreen=false, version=57.0.2987.133, platform=XP, browserConnectionEnabled=false, nativeEvents=true, acceptSslCerts=true, locationContextEnabled=true, webStorageEnabled=true, browserName=chrome, takesScreenshot=true, javascriptEnabled=true, cssSelectorsEnabled=true, unexpectedAlertBehaviour=}]
Session ID: c97dde7f5687a57500aa5ef95e7be022null:Exception is not handled 
2017-04-13 11:59:45,789 INFO  [Log] XXXXXXXXXXXXXXXXXXXXXXX             -E---N---D Test Case             XXXXXXXXXXXXXXXXXXXXXX 
2017-04-13 11:59:46,031 INFO  [Log] RateGain-6_RateGain -6 
2017-04-13 11:59:46,181 INFO  [Log] ####Closing Test Suite #### 
2017-04-13 11:59:46,181 INFO  [Log] XXXXXXXXXXXXXXXXXXXXXXX             -E---N---D Test Case             XXXXXXXXXXXXXXXXXXXXXX 
2017-04-13 11:59:46,181 INFO  [Log] Creating Logs backup and storing for further reference 
