2017-04-13 13:52:43,350 INFO  [Log] Test Scenario Configuration started 
2017-04-13 13:52:43,404 INFO  [Log] Initialing HTML reporting 
2017-04-13 13:52:45,713 INFO  [Log] Starting Test Suit Execution 
2017-04-13 13:52:45,713 INFO  [Log] Creating Test suit report 
2017-04-13 13:52:47,053 WARN  [Log] Browser instance value is null 
2017-04-13 13:52:47,788 INFO  [Log] Object repository is created successfully 
2017-04-13 13:52:47,968 INFO  [Log] RateGain-1_RateGain -1 
2017-04-13 13:52:48,172 INFO  [Log] RateGain-2_RateGain -2 
2017-04-13 13:52:48,416 INFO  [Log] RateGain-3_RateGain -3 
2017-04-13 13:52:48,632 INFO  [Log] RateGain-4_RateGain -4 
2017-04-13 13:52:48,814 INFO  [Log] **************************************************************************************** 
2017-04-13 13:52:48,814 INFO  [Log] $$$$$$$$$$$$$$$$$$$$$                 #### Executing Test case: RateGain-5; Description: RateGain -5 For Data: 1       $$$$$$$$$$$$$$$$$$$$$$$$$ 
2017-04-13 13:52:48,814 INFO  [Log] **************************************************************************************** 
2017-04-13 13:53:03,393 INFO  [Log] #### Executing Test case: RateGain-5; Description: RateGain -5 In Chrome Browser for TestData:1 
2017-04-13 13:53:06,185 INFO  [Log] RG-01: Open URL; Action: open URL 
2017-04-13 13:53:11,248 INFO  [Log] RG-02; Not Waited 5000: Milli seconds for Element; Manual Wait is disabled 
2017-04-13 13:53:11,640 INFO  [Log] RG-03: Username; Action: Submited Value 
2017-04-13 13:53:12,658 INFO  [Log] RG-04; Not Waited 1000: Milli seconds for Element; Manual Wait is disabled 
2017-04-13 13:53:12,837 INFO  [Log] RG-05: Password; Action: Submited Value 
2017-04-13 13:53:14,856 INFO  [Log] RG-06; Not Waited 2000: Milli seconds for Element; Manual Wait is disabled 
2017-04-13 13:53:15,680 INFO  [Log] RG-07: clkLogin: Action click 
2017-04-13 13:53:16,694 INFO  [Log] RG-08; Not Waited 1000: Milli seconds for Element; Manual Wait is disabled 
2017-04-13 13:53:19,833 INFO  [Log] RG-09: clkLogin: Action click If 
2017-04-13 13:53:20,824 INFO  [Log] RG-10; Not Waited 1000: Milli seconds for Element; Manual Wait is disabled 
2017-04-13 13:53:21,111 INFO  [Log] RG-11: Username: Action Submit If 
2017-04-13 13:53:22,129 INFO  [Log] RG-12; Not Waited 1000: Milli seconds for Element; Manual Wait is disabled 
2017-04-13 13:53:22,320 INFO  [Log] RG-13: Password: Action Submit If 
2017-04-13 13:53:28,343 INFO  [Log] RG-14; Not Waited 6000: Milli seconds for Element; Manual Wait is disabled 
2017-04-13 13:53:32,174 INFO  [Log] RG-15: clkLogin: Action click If 
2017-04-13 13:53:35,198 INFO  [Log] RG-16; Not Waited 3000: Milli seconds for Element; Manual Wait is disabled 
2017-04-13 13:53:36,559 INFO  [Log] RG-17: ClickAdd: Action click 
2017-04-13 13:53:39,583 INFO  [Log] RG-18; Not Waited 3000: Milli seconds for Element; Manual Wait is disabled 
2017-04-13 13:53:39,767 INFO  [Log] RG-19: SelectIT: Action click 
2017-04-13 13:53:44,765 INFO  [Log] RG-20; Not Waited 5000: Milli seconds for Element; Manual Wait is disabled 
2017-04-13 13:53:44,999 INFO  [Log] RG-21: DropDownSelectIT; Action: Drop Down Select 
2017-04-13 13:53:49,997 INFO  [Log] RG-22; Not Waited 5000: Milli seconds for Element; Manual Wait is disabled 
2017-04-13 13:53:50,372 INFO  [Log] RG-23: Clientcodekeys; Action: Submit Random Value: 36348; Index No is0 
2017-04-13 13:53:55,371 INFO  [Log] RG-24; Not Waited 5000: Milli seconds for Element; Manual Wait is disabled 
2017-04-13 13:53:55,695 INFO  [Log] RG-25: LastName; Action: Submited Value 
2017-04-13 13:53:58,696 INFO  [Log] RG-26; Not Waited 3000: Milli seconds for Element; Manual Wait is disabled 
2017-04-13 13:53:58,882 INFO  [Log] RG-27: ClkSave: Action click 
2017-04-13 13:54:01,907 INFO  [Log] RG-28; Not Waited 3000: Milli seconds for Element; Manual Wait is disabled 
2017-04-13 13:54:02,044 INFO  [Log] RG-29: ClickRStaus: Action click 
2017-04-13 13:54:05,056 INFO  [Log] RG-30; Not Waited 3000: Milli seconds for Element; Manual Wait is disabled 
2017-04-13 13:54:08,103 INFO  [Log] RG-31: ClkSave: Action click 
2017-04-13 13:54:11,125 INFO  [Log] RG-32; Not Waited 3000: Milli seconds for Element; Manual Wait is disabled 
2017-04-13 13:54:11,626 INFO  [Log] RG-33: ClickIncome: Action click 
2017-04-13 13:54:14,650 INFO  [Log] RG-34; Not Waited 3000: Milli seconds for Element; Manual Wait is disabled 
2017-04-13 13:54:14,812 INFO  [Log] RG-35: IncomeDrpdwn; Action: Drop Down Select 
2017-04-13 13:54:19,801 INFO  [Log] RG-36; Not Waited 5000: Milli seconds for Element; Manual Wait is disabled 
2017-04-13 13:54:19,960 INFO  [Log] RG-37: ClkSave: Action click 
2017-04-13 13:54:24,977 INFO  [Log] RG-38; Not Waited 5000: Milli seconds for Element; Manual Wait is disabled 
2017-04-13 13:54:28,483 INFO  [Log] RG-39: ClkSaveconfrm: Action click 
2017-04-13 13:54:33,503 INFO  [Log] RG-40; Not Waited 5000: Milli seconds for Element; Manual Wait is disabled 
2017-04-13 13:54:35,386 INFO  [Log] RG-41: ClkIncomeDetails: Action click 
2017-04-13 13:54:37,404 INFO  [Log] RG-42; Not Waited 2000: Milli seconds for Element; Manual Wait is disabled 
2017-04-13 13:54:37,533 INFO  [Log] RG-43: CSendSalDetails; Action: Submited Value 
2017-04-13 13:54:39,556 INFO  [Log] RG-44; Not Waited 2000: Milli seconds for Element; Manual Wait is disabled 
2017-04-13 13:54:39,726 INFO  [Log] RG-45: SendOtherSouurs; Action: Submited Value 
2017-04-13 13:54:41,749 INFO  [Log] RG-46; Not Waited 2000: Milli seconds for Element; Manual Wait is disabled 
2017-04-13 13:54:41,911 INFO  [Log] RG-47: ClkExcept; Action: Submited Value 
2017-04-13 13:54:43,938 INFO  [Log] RG-48; Not Waited 2000: Milli seconds for Element; Manual Wait is disabled 
2017-04-13 13:54:45,271 INFO  [Log] RG-49: ClkSave: Action click 
2017-04-13 13:54:50,269 INFO  [Log] RG-50; Not Waited 5000: Milli seconds for Element; Manual Wait is disabled 
2017-04-13 13:54:50,935 INFO  [Log] RG-51: ClkComputation: Action click 
2017-04-13 13:54:55,952 INFO  [Log] RG-52; Not Waited 5000: Milli seconds for Element; Manual Wait is disabled 
2017-04-13 13:54:56,079 INFO  [Log] RG-53: DateSelect: Action click 
2017-04-13 13:54:58,098 INFO  [Log] RG-54; Not Waited 2000: Milli seconds for Element; Manual Wait is disabled 
2017-04-13 13:54:58,608 INFO  [Log] Failed: RG-55: CmpreSalary; Value: 50000; is Not Present in Page values: ,  
2017-04-13 13:55:00,982 INFO  [Log] RG-56; Not Waited 2000: Milli seconds for Element; Manual Wait is disabled 
2017-04-13 13:55:01,250 INFO  [Log] Failed: RG-57: Cmpreothere; Value: 10000; is Not Present in Page values: ,  
2017-04-13 13:55:06,439 INFO  [Log] RG-58; Not Waited 5000: Milli seconds for Element; Manual Wait is disabled 
2017-04-13 13:55:06,754 INFO  [Log] Failed: RG-59: CmpTotal; Value: 60000; is Not Present in Page values: ,  
2017-04-13 13:55:11,885 INFO  [Log] RG-60; Not Waited 5000: Milli seconds for Element; Manual Wait is disabled 
2017-04-13 13:55:12,081 INFO  [Log] Failed: RG-61: CmpGrandTotal; Value: 60000; is Not Present in Page values: ,  
2017-04-13 13:55:17,212 INFO  [Log] RG-62; Not Waited 5000: Milli seconds for Element; Manual Wait is disabled 
2017-04-13 13:55:17,361 INFO  [Log] RG-63: Dropdown click: Action click 
2017-04-13 13:55:22,383 INFO  [Log] RG-64; Not Waited 5000: Milli seconds for Element; Manual Wait is disabled 
2017-04-13 13:55:23,514 INFO  [Log] RG-65: ClkTax: Action click 
2017-04-13 13:55:28,512 INFO  [Log] RG-66; Not Waited 5000: Milli seconds for Element; Manual Wait is disabled 
2017-04-13 13:55:28,749 INFO  [Log] RG-67: Clkdate: Action click 
2017-04-13 13:55:33,747 INFO  [Log] RG-68; Not Waited 5000: Milli seconds for Element; Manual Wait is disabled 
2017-04-13 13:55:33,916 INFO  [Log] RG-69: choosedate: Action click 
2017-04-13 13:55:38,915 INFO  [Log] RG-70; Not Waited 5000: Milli seconds for Element; Manual Wait is disabled 
2017-04-13 13:55:39,079 INFO  [Log] RG-71: ClkDouble: Action click 
2017-04-13 13:55:39,166 INFO  [Log] RG-72: ClkDouble: Action click 
2017-04-13 13:55:44,164 INFO  [Log] RG-73; Not Waited 5000: Milli seconds for Element; Manual Wait is disabled 
2017-04-13 13:55:44,375 ERROR [Log] Error#: RateGain-1RG-74XpathSubmitIfValue  org.openqa.selenium.ElementNotVisibleException: element not visible
  (Session info: chrome=57.0.2987.133)
  (Driver info: chromedriver=2.29.461591 (62ebf098771772160f391d75e589dc567915b233),platform=Windows NT 6.1.7601 SP1 x86_64) (WARNING: The server did not provide any stacktrace information)
Command duration or timeout: 41 milliseconds
Build info: version: '2.53.0', revision: '35ae25b', time: '2016-03-15 17:00:58'
System info: host: 'P-Lokesh-LP', ip: '192.168.2.147', os.name: 'Windows 7', os.arch: 'amd64', os.version: '6.1', java.version: '1.8.0_121'
Driver info: org.openqa.selenium.chrome.ChromeDriver
Capabilities [{applicationCacheEnabled=false, rotatable=false, mobileEmulationEnabled=false, networkConnectionEnabled=false, chrome={chromedriverVersion=2.29.461591 (62ebf098771772160f391d75e589dc567915b233), userDataDir=C:\Users\PD1BF~1.LOK\AppData\Local\Temp\scoped_dir9292_23555}, takesHeapSnapshot=true, pageLoadStrategy=normal, databaseEnabled=false, handlesAlerts=true, hasTouchScreen=false, version=57.0.2987.133, platform=XP, browserConnectionEnabled=false, nativeEvents=true, acceptSslCerts=true, locationContextEnabled=true, webStorageEnabled=true, browserName=chrome, takesScreenshot=true, javascriptEnabled=true, cssSelectorsEnabled=true, unexpectedAlertBehaviour=}]
Session ID: aba98aa67f734413c2f2f277b8a37eaanull:Exception is not handled 
2017-04-13 13:55:52,823 INFO  [Log] Quiting all instance of Browser(Firefox) 
2017-04-13 13:55:54,407 INFO  [Log] Quiting all instance of Browser(Chrome) 
2017-04-13 13:55:55,854 INFO  [Log] Quiting all instance of Browser(Internet explorer) 
2017-04-13 13:55:55,854 INFO  [Log] XXXXXXXXXXXXXXXXXXXXXXX             -E---N---D Test Case             XXXXXXXXXXXXXXXXXXXXXX 
2017-04-13 13:55:55,855 FATAL [Log] RateGain-1RG-74XpathSubmitIfValue  org.openqa.selenium.ElementNotVisibleException: element not visible
  (Session info: chrome=57.0.2987.133)
  (Driver info: chromedriver=2.29.461591 (62ebf098771772160f391d75e589dc567915b233),platform=Windows NT 6.1.7601 SP1 x86_64) (WARNING: The server did not provide any stacktrace information)
Command duration or timeout: 41 milliseconds
Build info: version: '2.53.0', revision: '35ae25b', time: '2016-03-15 17:00:58'
System info: host: 'P-Lokesh-LP', ip: '192.168.2.147', os.name: 'Windows 7', os.arch: 'amd64', os.version: '6.1', java.version: '1.8.0_121'
Driver info: org.openqa.selenium.chrome.ChromeDriver
Capabilities [{applicationCacheEnabled=false, rotatable=false, mobileEmulationEnabled=false, networkConnectionEnabled=false, chrome={chromedriverVersion=2.29.461591 (62ebf098771772160f391d75e589dc567915b233), userDataDir=C:\Users\PD1BF~1.LOK\AppData\Local\Temp\scoped_dir9292_23555}, takesHeapSnapshot=true, pageLoadStrategy=normal, databaseEnabled=false, handlesAlerts=true, hasTouchScreen=false, version=57.0.2987.133, platform=XP, browserConnectionEnabled=false, nativeEvents=true, acceptSslCerts=true, locationContextEnabled=true, webStorageEnabled=true, browserName=chrome, takesScreenshot=true, javascriptEnabled=true, cssSelectorsEnabled=true, unexpectedAlertBehaviour=}]
Session ID: aba98aa67f734413c2f2f277b8a37eaanull:Exception is not handled 
2017-04-13 13:55:55,896 INFO  [Log] XXXXXXXXXXXXXXXXXXXXXXX             -E---N---D Test Case             XXXXXXXXXXXXXXXXXXXXXX 
2017-04-13 13:55:56,234 INFO  [Log] RateGain-6_RateGain -6 
2017-04-13 13:55:56,584 INFO  [Log] ####Closing Test Suite #### 
2017-04-13 13:55:56,584 INFO  [Log] XXXXXXXXXXXXXXXXXXXXXXX             -E---N---D Test Case             XXXXXXXXXXXXXXXXXXXXXX 
2017-04-13 13:55:56,585 INFO  [Log] Creating Logs backup and storing for further reference 
