2017-03-16 15:01:17,257 INFO  [Log] Test Scenario Configuration started 
2017-03-16 15:01:17,269 INFO  [Log] Initialing HTML reporting 
2017-03-16 15:01:17,673 INFO  [Log] Starting Test Suit Execution 
2017-03-16 15:01:17,673 INFO  [Log] Creating Test suit report 
2017-03-16 15:01:18,444 WARN  [Log] Browser instance value is null 
2017-03-16 15:01:19,315 INFO  [Log] Object repository is created successfully 
2017-03-16 15:01:19,491 INFO  [Log] RateGain-1_Sample-1 
2017-03-16 15:01:19,766 INFO  [Log] RateGain-2_RateGain -2 
2017-03-16 15:01:19,973 INFO  [Log] RateGain-3_RateGain -3 
2017-03-16 15:01:20,194 INFO  [Log] **************************************************************************************** 
2017-03-16 15:01:20,194 INFO  [Log] $$$$$$$$$$$$$$$$$$$$$                 #### Executing Test case: RateGain-4; Description: RateGain -4 For Data: 1       $$$$$$$$$$$$$$$$$$$$$$$$$ 
2017-03-16 15:01:20,194 INFO  [Log] **************************************************************************************** 
2017-03-16 15:01:33,811 INFO  [Log] #### Executing Test case: RateGain-4; Description: RateGain -4 In Chrome Browser for TestData:1 
2017-03-16 15:02:14,036 INFO  [Log] RG-01: Open URL; Action: open URL 
2017-03-16 15:02:19,057 INFO  [Log] RG-02; Not Waited 5000: Milli seconds for Element; Manual Wait is disabled 
2017-03-16 15:02:19,393 INFO  [Log] RG-03: Click: Action click 
2017-03-16 15:02:20,393 INFO  [Log] RG-04; Not Waited 1000: Milli seconds for Element; Manual Wait is disabled 
2017-03-16 15:02:20,532 INFO  [Log] RG-05: Enter Text: Action Submit If 
2017-03-16 15:02:22,534 INFO  [Log] RG-06; Not Waited 2000: Milli seconds for Element; Manual Wait is disabled 
2017-03-16 15:02:22,643 ERROR [Log] Error#: RateGain-1RG-07XpathClick  org.openqa.selenium.ElementNotVisibleException: element not visible
  (Session info: chrome=56.0.2924.87)
  (Driver info: chromedriver=2.25.426923 (0390b88869384d6eb0d5d09729679f934aab9eed),platform=Windows NT 6.1.7601 SP1 x86_64) (WARNING: The server did not provide any stacktrace information)
Command duration or timeout: 14 milliseconds
Build info: version: '2.48.0', revision: 'b7b081a', time: '2015-10-07 15:45:39'
System info: host: 'P-Lokesh-LP', ip: '192.168.3.24', os.name: 'Windows 7', os.arch: 'amd64', os.version: '6.1', java.version: '1.8.0_121'
Driver info: org.openqa.selenium.chrome.ChromeDriver
Capabilities [{applicationCacheEnabled=false, rotatable=false, mobileEmulationEnabled=false, networkConnectionEnabled=false, chrome={chromedriverVersion=2.25.426923 (0390b88869384d6eb0d5d09729679f934aab9eed), userDataDir=C:\Users\PD1BF~1.LOK\AppData\Local\Temp\scoped_dir3236_12317}, takesHeapSnapshot=true, pageLoadStrategy=normal, databaseEnabled=false, handlesAlerts=true, hasTouchScreen=false, version=56.0.2924.87, platform=XP, browserConnectionEnabled=false, nativeEvents=true, acceptSslCerts=true, locationContextEnabled=true, webStorageEnabled=true, browserName=chrome, takesScreenshot=true, javascriptEnabled=true, cssSelectorsEnabled=true}]
Session ID: 5a2390eeaf4c568e6bb40cb456c5a122null:Exception is not handled 
2017-03-16 15:02:28,768 INFO  [Log] Quiting all instance of Browser(Firefox) 
2017-03-16 15:02:29,035 INFO  [Log] Quiting all instance of Browser(Chrome) 
2017-03-16 15:02:29,399 INFO  [Log] Quiting all instance of Browser(Internet explorer) 
2017-03-16 15:02:29,399 INFO  [Log] XXXXXXXXXXXXXXXXXXXXXXX             -E---N---D Test Case             XXXXXXXXXXXXXXXXXXXXXX 
2017-03-16 15:02:29,399 FATAL [Log] RateGain-1RG-07XpathClick  org.openqa.selenium.ElementNotVisibleException: element not visible
  (Session info: chrome=56.0.2924.87)
  (Driver info: chromedriver=2.25.426923 (0390b88869384d6eb0d5d09729679f934aab9eed),platform=Windows NT 6.1.7601 SP1 x86_64) (WARNING: The server did not provide any stacktrace information)
Command duration or timeout: 14 milliseconds
Build info: version: '2.48.0', revision: 'b7b081a', time: '2015-10-07 15:45:39'
System info: host: 'P-Lokesh-LP', ip: '192.168.3.24', os.name: 'Windows 7', os.arch: 'amd64', os.version: '6.1', java.version: '1.8.0_121'
Driver info: org.openqa.selenium.chrome.ChromeDriver
Capabilities [{applicationCacheEnabled=false, rotatable=false, mobileEmulationEnabled=false, networkConnectionEnabled=false, chrome={chromedriverVersion=2.25.426923 (0390b88869384d6eb0d5d09729679f934aab9eed), userDataDir=C:\Users\PD1BF~1.LOK\AppData\Local\Temp\scoped_dir3236_12317}, takesHeapSnapshot=true, pageLoadStrategy=normal, databaseEnabled=false, handlesAlerts=true, hasTouchScreen=false, version=56.0.2924.87, platform=XP, browserConnectionEnabled=false, nativeEvents=true, acceptSslCerts=true, locationContextEnabled=true, webStorageEnabled=true, browserName=chrome, takesScreenshot=true, javascriptEnabled=true, cssSelectorsEnabled=true}]
Session ID: 5a2390eeaf4c568e6bb40cb456c5a122null:Exception is not handled 
2017-03-16 15:02:29,488 INFO  [Log] XXXXXXXXXXXXXXXXXXXXXXX             -E---N---D Test Case             XXXXXXXXXXXXXXXXXXXXXX 
2017-03-16 15:02:29,802 INFO  [Log] RateGain-5_RateGain -5 
2017-03-16 15:02:29,997 INFO  [Log] ####Closing Test Suite #### 
2017-03-16 15:02:29,997 INFO  [Log] XXXXXXXXXXXXXXXXXXXXXXX             -E---N---D Test Case             XXXXXXXXXXXXXXXXXXXXXX 
2017-03-16 15:02:29,997 INFO  [Log] Creating Logs backup and storing for further reference 
