2017-03-16 18:46:29,069 INFO  [Log] Test Scenario Configuration started 
2017-03-16 18:46:29,093 INFO  [Log] Initialing HTML reporting 
2017-03-16 18:46:29,830 INFO  [Log] Starting Test Suit Execution 
2017-03-16 18:46:29,830 INFO  [Log] Creating Test suit report 
2017-03-16 18:46:30,858 WARN  [Log] Browser instance value is null 
2017-03-16 18:46:31,913 INFO  [Log] Object repository is created successfully 
2017-03-16 18:46:32,124 INFO  [Log] **************************************************************************************** 
2017-03-16 18:46:32,124 INFO  [Log] $$$$$$$$$$$$$$$$$$$$$                 #### Executing Test case: RateGain-1; Description: Sample-1 For Data: 1       $$$$$$$$$$$$$$$$$$$$$$$$$ 
2017-03-16 18:46:32,124 INFO  [Log] **************************************************************************************** 
2017-03-16 18:46:39,594 INFO  [Log] #### Executing Test case: RateGain-1; Description: Sample-1 In Chrome Browser for TestData:1 
2017-03-16 18:46:47,263 INFO  [Log] RG-01: Open URL; Action: open URL 
2017-03-16 18:46:57,311 INFO  [Log] RG-02; Not Waited 10000: Milli seconds for Element; Manual Wait is disabled 
2017-03-16 18:46:57,564 INFO  [Log] RG-03: Enter User ID: Action Submit If 
2017-03-16 18:46:57,748 INFO  [Log] RG-04: Enter Password: Action Submit If 
2017-03-16 18:46:57,956 INFO  [Log] RG-05: Click on Login: Action click 
2017-03-16 18:47:07,957 INFO  [Log] RG-06; Not Waited 10000: Milli seconds for Element; Manual Wait is disabled 
2017-03-16 18:47:09,127 INFO  [Log] RG-07; Passed; Verify Button; Value: enterprise view; Present in Page values: ENTERPRISE VIEW,  
2017-03-16 18:47:09,274 INFO  [Log] RG-08; Passed; Verify Button; Value: property view; Present in Page values: PROPERTY VIEW,  
2017-03-16 18:47:09,442 INFO  [Log] RG-09: Clickon left header: Action click 
2017-03-16 18:47:19,463 INFO  [Log] RG-10; Not Waited 10000: Milli seconds for Element; Manual Wait is disabled 
2017-03-16 18:47:19,586 INFO  [Log] RG-11: Clickon Logout: Action click 
2017-03-16 18:47:29,605 INFO  [Log] RG-12; Not Waited 10000: Milli seconds for Element; Manual Wait is disabled 
2017-03-16 18:47:29,716 ERROR [Log] Error#: RateGain-1RG-13XpathClick  org.openqa.selenium.ElementNotVisibleException: element not visible
  (Session info: chrome=56.0.2924.87)
  (Driver info: chromedriver=2.25.426923 (0390b88869384d6eb0d5d09729679f934aab9eed),platform=Windows NT 6.1.7601 SP1 x86_64) (WARNING: The server did not provide any stacktrace information)
Command duration or timeout: 20 milliseconds
Build info: version: '2.48.0', revision: 'b7b081a', time: '2015-10-07 15:45:39'
System info: host: 'P-Lokesh-LP', ip: '192.168.3.24', os.name: 'Windows 7', os.arch: 'amd64', os.version: '6.1', java.version: '1.8.0_121'
Driver info: org.openqa.selenium.chrome.ChromeDriver
Capabilities [{applicationCacheEnabled=false, rotatable=false, mobileEmulationEnabled=false, networkConnectionEnabled=false, chrome={chromedriverVersion=2.25.426923 (0390b88869384d6eb0d5d09729679f934aab9eed), userDataDir=C:\Users\PD1BF~1.LOK\AppData\Local\Temp\scoped_dir7152_16514}, takesHeapSnapshot=true, pageLoadStrategy=normal, databaseEnabled=false, handlesAlerts=true, hasTouchScreen=false, version=56.0.2924.87, platform=XP, browserConnectionEnabled=false, nativeEvents=true, acceptSslCerts=true, locationContextEnabled=true, webStorageEnabled=true, browserName=chrome, takesScreenshot=true, javascriptEnabled=true, cssSelectorsEnabled=true}]
Session ID: 7ed9fcfd48d9b8e4f9924caefa9196fenull:Exception is not handled 
2017-03-16 18:47:32,342 INFO  [Log] Quiting all instance of Browser(Firefox) 
2017-03-16 18:47:32,583 INFO  [Log] Quiting all instance of Browser(Chrome) 
2017-03-16 18:47:32,823 INFO  [Log] Quiting all instance of Browser(Internet explorer) 
2017-03-16 18:47:32,823 INFO  [Log] XXXXXXXXXXXXXXXXXXXXXXX             -E---N---D Test Case             XXXXXXXXXXXXXXXXXXXXXX 
2017-03-16 18:47:32,823 FATAL [Log] RateGain-1RG-13XpathClick  org.openqa.selenium.ElementNotVisibleException: element not visible
  (Session info: chrome=56.0.2924.87)
  (Driver info: chromedriver=2.25.426923 (0390b88869384d6eb0d5d09729679f934aab9eed),platform=Windows NT 6.1.7601 SP1 x86_64) (WARNING: The server did not provide any stacktrace information)
Command duration or timeout: 20 milliseconds
Build info: version: '2.48.0', revision: 'b7b081a', time: '2015-10-07 15:45:39'
System info: host: 'P-Lokesh-LP', ip: '192.168.3.24', os.name: 'Windows 7', os.arch: 'amd64', os.version: '6.1', java.version: '1.8.0_121'
Driver info: org.openqa.selenium.chrome.ChromeDriver
Capabilities [{applicationCacheEnabled=false, rotatable=false, mobileEmulationEnabled=false, networkConnectionEnabled=false, chrome={chromedriverVersion=2.25.426923 (0390b88869384d6eb0d5d09729679f934aab9eed), userDataDir=C:\Users\PD1BF~1.LOK\AppData\Local\Temp\scoped_dir7152_16514}, takesHeapSnapshot=true, pageLoadStrategy=normal, databaseEnabled=false, handlesAlerts=true, hasTouchScreen=false, version=56.0.2924.87, platform=XP, browserConnectionEnabled=false, nativeEvents=true, acceptSslCerts=true, locationContextEnabled=true, webStorageEnabled=true, browserName=chrome, takesScreenshot=true, javascriptEnabled=true, cssSelectorsEnabled=true}]
Session ID: 7ed9fcfd48d9b8e4f9924caefa9196fenull:Exception is not handled 
2017-03-16 18:47:32,873 INFO  [Log] XXXXXXXXXXXXXXXXXXXXXXX             -E---N---D Test Case             XXXXXXXXXXXXXXXXXXXXXX 
2017-03-16 18:47:33,073 INFO  [Log] RateGain-2_RateGain -2 
2017-03-16 18:47:33,344 INFO  [Log] RateGain-3_RateGain -3 
2017-03-16 18:47:33,565 INFO  [Log] RateGain-4_RateGain -4 
2017-03-16 18:47:33,755 INFO  [Log] RateGain-5_RateGain -5 
2017-03-16 18:47:33,926 INFO  [Log] ####Closing Test Suite #### 
2017-03-16 18:47:33,926 INFO  [Log] XXXXXXXXXXXXXXXXXXXXXXX             -E---N---D Test Case             XXXXXXXXXXXXXXXXXXXXXX 
2017-03-16 18:47:33,926 INFO  [Log] Creating Logs backup and storing for further reference 
