2017-04-17 11:31:17,391 INFO  [Log] Test Scenario Configuration started 
2017-04-17 11:31:17,412 INFO  [Log] Initialing HTML reporting 
2017-04-17 11:31:19,242 INFO  [Log] Starting Test Suit Execution 
2017-04-17 11:31:19,242 INFO  [Log] Creating Test suit report 
2017-04-17 11:31:20,485 WARN  [Log] Browser instance value is null 
2017-04-17 11:31:21,438 INFO  [Log] Object repository is created successfully 
2017-04-17 11:31:21,879 INFO  [Log] RateGain-1_RateGain -1 
2017-04-17 11:31:22,309 INFO  [Log] RateGain-2_RateGain -2 
2017-04-17 11:31:22,543 INFO  [Log] RateGain-3_RateGain -3 
2017-04-17 11:31:22,745 INFO  [Log] RateGain-4_RateGain -4 
2017-04-17 11:31:22,959 INFO  [Log] **************************************************************************************** 
2017-04-17 11:31:22,959 INFO  [Log] $$$$$$$$$$$$$$$$$$$$$                 #### Executing Test case: RateGain-5; Description: RateGain -5 For Data: 1       $$$$$$$$$$$$$$$$$$$$$$$$$ 
2017-04-17 11:31:22,959 INFO  [Log] **************************************************************************************** 
2017-04-17 11:31:54,493 INFO  [Log] #### Executing Test case: RateGain-5; Description: RateGain -5 In Chrome Browser for TestData:1 
2017-04-17 11:32:02,915 INFO  [Log] RG-01: Open URL; Action: open URL 
2017-04-17 11:32:07,979 INFO  [Log] RG-02; Not Waited 5000: Milli seconds for Element; Manual Wait is disabled 
2017-04-17 11:32:09,214 INFO  [Log] RG-03: Username; Action: Submited Value 
2017-04-17 11:32:10,215 INFO  [Log] RG-04; Not Waited 1000: Milli seconds for Element; Manual Wait is disabled 
2017-04-17 11:32:10,705 INFO  [Log] RG-05: Password; Action: Submited Value 
2017-04-17 11:32:12,732 INFO  [Log] RG-06; Not Waited 2000: Milli seconds for Element; Manual Wait is disabled 
2017-04-17 11:32:14,526 INFO  [Log] RG-07: clkLogin: Action click 
2017-04-17 11:32:15,536 INFO  [Log] RG-08; Not Waited 1000: Milli seconds for Element; Manual Wait is disabled 
2017-04-17 11:32:18,976 INFO  [Log] RG-09: clkLogin: Action click If 
2017-04-17 11:32:20,002 INFO  [Log] RG-10; Not Waited 1000: Milli seconds for Element; Manual Wait is disabled 
2017-04-17 11:32:20,890 INFO  [Log] RG-11: Username: Action Submit If 
2017-04-17 11:32:21,890 INFO  [Log] RG-12; Not Waited 1000: Milli seconds for Element; Manual Wait is disabled 
2017-04-17 11:32:22,373 INFO  [Log] RG-13: Password: Action Submit If 
2017-04-17 11:32:28,374 INFO  [Log] RG-14; Not Waited 6000: Milli seconds for Element; Manual Wait is disabled 
2017-04-17 11:32:34,660 INFO  [Log] RG-15: clkLogin: Action click If 
2017-04-17 11:32:37,684 INFO  [Log] RG-16; Not Waited 3000: Milli seconds for Element; Manual Wait is disabled 
2017-04-17 11:32:39,577 INFO  [Log] RG-17: ClickAdd: Action click 
2017-04-17 11:32:42,604 INFO  [Log] RG-18; Not Waited 3000: Milli seconds for Element; Manual Wait is disabled 
2017-04-17 11:32:42,947 INFO  [Log] RG-19: SelectIT: Action click 
2017-04-17 11:32:47,951 INFO  [Log] RG-20; Not Waited 5000: Milli seconds for Element; Manual Wait is disabled 
2017-04-17 11:32:48,461 INFO  [Log] RG-21: DropDownSelectIT; Action: Drop Down Select 
2017-04-17 11:32:53,462 INFO  [Log] RG-22; Not Waited 5000: Milli seconds for Element; Manual Wait is disabled 
2017-04-17 11:32:53,982 INFO  [Log] RG-23: ClkGroup; Action: Submited Value 
2017-04-17 11:32:58,984 INFO  [Log] RG-24; Not Waited 5000: Milli seconds for Element; Manual Wait is disabled 
2017-04-17 11:33:07,545 INFO  [Log] RG-25: ClkGroupCnfrm: Action Element is not present moving to next step 
2017-04-17 11:33:12,546 INFO  [Log] RG-26; Not Waited 5000: Milli seconds for Element; Manual Wait is disabled 
2017-04-17 11:33:12,983 INFO  [Log] RG-27: ClkDatePicker: Action click 
2017-04-17 11:33:17,983 INFO  [Log] RG-28; Not Waited 5000: Milli seconds for Element; Manual Wait is disabled 
2017-04-17 11:33:25,869 INFO  [Log] RG-30; Not Waited 5000: Milli seconds for Element; Manual Wait is disabled 
2017-04-17 11:33:26,281 INFO  [Log] RG-31: Clientcodekeys; Action: Submit Random Value: 60209; Index No is0 
2017-04-17 11:33:31,283 INFO  [Log] RG-32; Not Waited 5000: Milli seconds for Element; Manual Wait is disabled 
2017-04-17 11:33:31,725 INFO  [Log] RG-33: LastName; Action: Submited Value 
2017-04-17 11:33:34,725 INFO  [Log] RG-34; Not Waited 3000: Milli seconds for Element; Manual Wait is disabled 
2017-04-17 11:35:35,095 ERROR [Log] Error#: RateGain-1RG-35XpathClick  org.openqa.selenium.TimeoutException: timeout
  (Session info: chrome=57.0.2987.133)
  (Driver info: chromedriver=2.29.461591 (62ebf098771772160f391d75e589dc567915b233),platform=Windows NT 6.1.7601 SP1 x86_64) (WARNING: The server did not provide any stacktrace information)
Command duration or timeout: 120.19 seconds
Build info: version: '2.53.0', revision: '35ae25b', time: '2016-03-15 17:00:58'
System info: host: 'P-Lokesh-LP', ip: '192.168.2.166', os.name: 'Windows 7', os.arch: 'amd64', os.version: '6.1', java.version: '1.8.0_121'
Driver info: org.openqa.selenium.chrome.ChromeDriver
Capabilities [{applicationCacheEnabled=false, rotatable=false, mobileEmulationEnabled=false, networkConnectionEnabled=false, chrome={chromedriverVersion=2.29.461591 (62ebf098771772160f391d75e589dc567915b233), userDataDir=C:\Users\PD1BF~1.LOK\AppData\Local\Temp\scoped_dir1816_31572}, takesHeapSnapshot=true, pageLoadStrategy=normal, databaseEnabled=false, handlesAlerts=true, hasTouchScreen=false, version=57.0.2987.133, platform=XP, browserConnectionEnabled=false, nativeEvents=true, acceptSslCerts=true, locationContextEnabled=true, webStorageEnabled=true, browserName=chrome, takesScreenshot=true, javascriptEnabled=true, cssSelectorsEnabled=true, unexpectedAlertBehaviour=}]
Session ID: 8ccefc12edbe79c9d425f88727b34ecenull:Exception is not handled 
2017-04-17 11:35:48,277 INFO  [Log] Quiting all instance of Browser(Firefox) 
2017-04-17 11:35:49,600 INFO  [Log] Quiting all instance of Browser(Chrome) 
2017-04-17 11:35:50,957 INFO  [Log] Quiting all instance of Browser(Internet explorer) 
2017-04-17 11:35:50,958 INFO  [Log] XXXXXXXXXXXXXXXXXXXXXXX             -E---N---D Test Case             XXXXXXXXXXXXXXXXXXXXXX 
2017-04-17 11:35:50,958 FATAL [Log] RateGain-1RG-35XpathClick  org.openqa.selenium.TimeoutException: timeout
  (Session info: chrome=57.0.2987.133)
  (Driver info: chromedriver=2.29.461591 (62ebf098771772160f391d75e589dc567915b233),platform=Windows NT 6.1.7601 SP1 x86_64) (WARNING: The server did not provide any stacktrace information)
Command duration or timeout: 120.19 seconds
Build info: version: '2.53.0', revision: '35ae25b', time: '2016-03-15 17:00:58'
System info: host: 'P-Lokesh-LP', ip: '192.168.2.166', os.name: 'Windows 7', os.arch: 'amd64', os.version: '6.1', java.version: '1.8.0_121'
Driver info: org.openqa.selenium.chrome.ChromeDriver
Capabilities [{applicationCacheEnabled=false, rotatable=false, mobileEmulationEnabled=false, networkConnectionEnabled=false, chrome={chromedriverVersion=2.29.461591 (62ebf098771772160f391d75e589dc567915b233), userDataDir=C:\Users\PD1BF~1.LOK\AppData\Local\Temp\scoped_dir1816_31572}, takesHeapSnapshot=true, pageLoadStrategy=normal, databaseEnabled=false, handlesAlerts=true, hasTouchScreen=false, version=57.0.2987.133, platform=XP, browserConnectionEnabled=false, nativeEvents=true, acceptSslCerts=true, locationContextEnabled=true, webStorageEnabled=true, browserName=chrome, takesScreenshot=true, javascriptEnabled=true, cssSelectorsEnabled=true, unexpectedAlertBehaviour=}]
Session ID: 8ccefc12edbe79c9d425f88727b34ecenull:Exception is not handled 
2017-04-17 11:35:51,014 INFO  [Log] XXXXXXXXXXXXXXXXXXXXXXX             -E---N---D Test Case             XXXXXXXXXXXXXXXXXXXXXX 
2017-04-17 11:35:51,823 INFO  [Log] RateGain-6_RateGain -6 
2017-04-17 11:35:52,081 INFO  [Log] ####Closing Test Suite #### 
2017-04-17 11:35:52,081 INFO  [Log] XXXXXXXXXXXXXXXXXXXXXXX             -E---N---D Test Case             XXXXXXXXXXXXXXXXXXXXXX 
2017-04-17 11:35:52,081 INFO  [Log] Creating Logs backup and storing for further reference 
