2017-03-20 15:47:12,799 INFO  [Log] Test Scenario Configuration started 
2017-03-20 15:47:12,811 INFO  [Log] Initialing HTML reporting 
2017-03-20 15:47:13,222 INFO  [Log] Starting Test Suit Execution 
2017-03-20 15:47:13,222 INFO  [Log] Creating Test suit report 
2017-03-20 15:47:13,808 WARN  [Log] Browser instance value is null 
2017-03-20 15:47:14,496 INFO  [Log] Object repository is created successfully 
2017-03-20 15:47:14,615 INFO  [Log] **************************************************************************************** 
2017-03-20 15:47:14,615 INFO  [Log] $$$$$$$$$$$$$$$$$$$$$                 #### Executing Test case: RateGain-1; Description: Sample-1 For Data: 1       $$$$$$$$$$$$$$$$$$$$$$$$$ 
2017-03-20 15:47:14,615 INFO  [Log] **************************************************************************************** 
2017-03-20 15:47:21,376 INFO  [Log] #### Executing Test case: RateGain-1; Description: Sample-1 In Chrome Browser for TestData:1 
2017-03-20 15:47:24,770 INFO  [Log] RG-01: Open URL; Action: open URL 
2017-03-20 15:47:34,787 INFO  [Log] RG-02; Not Waited 10000: Milli seconds for Element; Manual Wait is disabled 
2017-03-20 15:47:35,172 INFO  [Log] RG-03: Enter User ID: Action Submit If 
2017-03-20 15:47:35,291 INFO  [Log] RG-04: Enter Password: Action Submit If 
2017-03-20 15:47:41,550 INFO  [Log] RG-05: Click on Login: Action click 
2017-03-20 15:47:51,553 INFO  [Log] RG-06; Not Waited 10000: Milli seconds for Element; Manual Wait is disabled 
2017-03-20 15:47:51,785 INFO  [Log] RG-07: EnterPriceClick: Action click 
2017-03-20 15:48:01,787 INFO  [Log] RG-08; Not Waited 10000: Milli seconds for Element; Manual Wait is disabled 
2017-03-20 15:48:23,047 ERROR [Log] Error#: RateGain-1RG-09XpathToolTipCapture  org.openqa.selenium.StaleElementReferenceException: stale element reference: element is not attached to the page document
  (Session info: chrome=56.0.2924.87)
  (Driver info: chromedriver=2.25.426923 (0390b88869384d6eb0d5d09729679f934aab9eed),platform=Windows NT 6.1.7601 SP1 x86_64) (WARNING: The server did not provide any stacktrace information)
Command duration or timeout: 85 milliseconds
For documentation on this error, please visit: http://seleniumhq.org/exceptions/stale_element_reference.html
Build info: version: '2.48.0', revision: 'b7b081a', time: '2015-10-07 15:45:39'
System info: host: 'P-Lokesh-LP', ip: '192.168.2.195', os.name: 'Windows 7', os.arch: 'amd64', os.version: '6.1', java.version: '1.8.0_121'
Driver info: org.openqa.selenium.chrome.ChromeDriver
Capabilities [{applicationCacheEnabled=false, rotatable=false, mobileEmulationEnabled=false, networkConnectionEnabled=false, chrome={chromedriverVersion=2.25.426923 (0390b88869384d6eb0d5d09729679f934aab9eed), userDataDir=C:\Users\PD1BF~1.LOK\AppData\Local\Temp\scoped_dir8000_23383}, takesHeapSnapshot=true, pageLoadStrategy=normal, databaseEnabled=false, handlesAlerts=true, hasTouchScreen=false, version=56.0.2924.87, platform=XP, browserConnectionEnabled=false, nativeEvents=true, acceptSslCerts=true, locationContextEnabled=true, webStorageEnabled=true, browserName=chrome, takesScreenshot=true, javascriptEnabled=true, cssSelectorsEnabled=true}]
Session ID: c8ad6b8654aca866defd17d4e01bfd60null:Exception is not handled 
2017-03-20 15:48:26,048 INFO  [Log] Quiting all instance of Browser(Firefox) 
2017-03-20 15:48:26,294 INFO  [Log] Quiting all instance of Browser(Chrome) 
2017-03-20 15:48:26,558 INFO  [Log] Quiting all instance of Browser(Internet explorer) 
2017-03-20 15:48:26,558 INFO  [Log] XXXXXXXXXXXXXXXXXXXXXXX             -E---N---D Test Case             XXXXXXXXXXXXXXXXXXXXXX 
2017-03-20 15:48:26,558 FATAL [Log] RateGain-1RG-09XpathToolTipCapture  org.openqa.selenium.StaleElementReferenceException: stale element reference: element is not attached to the page document
  (Session info: chrome=56.0.2924.87)
  (Driver info: chromedriver=2.25.426923 (0390b88869384d6eb0d5d09729679f934aab9eed),platform=Windows NT 6.1.7601 SP1 x86_64) (WARNING: The server did not provide any stacktrace information)
Command duration or timeout: 85 milliseconds
For documentation on this error, please visit: http://seleniumhq.org/exceptions/stale_element_reference.html
Build info: version: '2.48.0', revision: 'b7b081a', time: '2015-10-07 15:45:39'
System info: host: 'P-Lokesh-LP', ip: '192.168.2.195', os.name: 'Windows 7', os.arch: 'amd64', os.version: '6.1', java.version: '1.8.0_121'
Driver info: org.openqa.selenium.chrome.ChromeDriver
Capabilities [{applicationCacheEnabled=false, rotatable=false, mobileEmulationEnabled=false, networkConnectionEnabled=false, chrome={chromedriverVersion=2.25.426923 (0390b88869384d6eb0d5d09729679f934aab9eed), userDataDir=C:\Users\PD1BF~1.LOK\AppData\Local\Temp\scoped_dir8000_23383}, takesHeapSnapshot=true, pageLoadStrategy=normal, databaseEnabled=false, handlesAlerts=true, hasTouchScreen=false, version=56.0.2924.87, platform=XP, browserConnectionEnabled=false, nativeEvents=true, acceptSslCerts=true, locationContextEnabled=true, webStorageEnabled=true, browserName=chrome, takesScreenshot=true, javascriptEnabled=true, cssSelectorsEnabled=true}]
Session ID: c8ad6b8654aca866defd17d4e01bfd60null:Exception is not handled 
2017-03-20 15:48:26,597 INFO  [Log] XXXXXXXXXXXXXXXXXXXXXXX             -E---N---D Test Case             XXXXXXXXXXXXXXXXXXXXXX 
2017-03-20 15:48:26,803 INFO  [Log] RateGain-2_RateGain -2 
2017-03-20 15:48:27,009 INFO  [Log] RateGain-3_RateGain -3 
2017-03-20 15:48:27,201 INFO  [Log] RateGain-4_RateGain -4 
2017-03-20 15:48:27,390 INFO  [Log] RateGain-5_RateGain -5 
2017-03-20 15:48:27,559 INFO  [Log] ####Closing Test Suite #### 
2017-03-20 15:48:27,560 INFO  [Log] XXXXXXXXXXXXXXXXXXXXXXX             -E---N---D Test Case             XXXXXXXXXXXXXXXXXXXXXX 
2017-03-20 15:48:27,560 INFO  [Log] Creating Logs backup and storing for further reference 
