2017-02-21 17:00:19,979 INFO  [Log] Test Scenario Configuration started 
2017-02-21 17:00:20,020 INFO  [Log] Initialing HTML reporting 
2017-02-21 17:00:21,474 INFO  [Log] Starting Test Suit Execution 
2017-02-21 17:00:21,474 INFO  [Log] Creating Test suit report 
2017-02-21 17:00:23,139 WARN  [Log] Browser instance value is null 
2017-02-21 17:00:24,523 INFO  [Log] Object repository is created successfully 
2017-02-21 17:00:24,792 INFO  [Log] RateGain-1_RateGain -1 
2017-02-21 17:00:25,166 INFO  [Log] RateGain-2_RateGain -2 
2017-02-21 17:00:25,421 INFO  [Log] **************************************************************************************** 
2017-02-21 17:00:25,421 INFO  [Log] $$$$$$$$$$$$$$$$$$$$$                 #### Executing Test case: RateGain-3; Description: RateGain-3 For Data: 1       $$$$$$$$$$$$$$$$$$$$$$$$$ 
2017-02-21 17:00:25,421 INFO  [Log] **************************************************************************************** 
2017-02-21 17:00:38,946 INFO  [Log] #### Executing Test case: RateGain-3; Description: RateGain-3 In Chrome Browser for TestData:1 
2017-02-21 17:00:44,486 INFO  [Log] RG-01: Open URL; Action: open URL 
2017-02-21 17:00:49,549 INFO  [Log] RG-02; Not Waited 5000: Milli seconds for Element; Manual Wait is disabled 
2017-02-21 17:00:50,243 INFO  [Log] RG-03: Enter User ID: Action Submit If 
2017-02-21 17:00:50,549 INFO  [Log] RG-04: Enter Password: Action Submit If 
2017-02-21 17:00:54,726 INFO  [Log] RG-05: Click on Login: Action click 
2017-02-21 17:00:59,753 INFO  [Log] RG-06; Not Waited 5000: Milli seconds for Element; Manual Wait is disabled 
2017-02-21 17:01:00,092 INFO  [Log] RG-07: Click Button: Action click 
2017-02-21 17:01:05,094 INFO  [Log] RG-08; Not Waited 5000: Milli seconds for Element; Manual Wait is disabled 
2017-02-21 17:01:09,016 INFO  [Log] RG-09; Passed; Verify Meter Header; Value: key stats; Present in Page values: Key Stats,  
2017-02-21 17:01:10,345 INFO  [Log] RG-10; Passed; Verify Key Stats Item 1; Value: total reviews; Present in Page values: Total Reviews,  
2017-02-21 17:01:12,130 INFO  [Log] RG-11; Passed; Verify Key Stats Item 2; Value: positive reviews; Present in Page values: Positive Reviews,  
2017-02-21 17:01:12,501 INFO  [Log] RG-12; Passed; Verify Key Stats Item 3; Value: negative reviews; Present in Page values: Negative Reviews,  
2017-02-21 17:01:12,743 INFO  [Log] RG-13; Passed; Verify Key Stats Item 4; Value: neutral reviews; Present in Page values: Neutral Reviews,  
2017-02-21 17:01:15,751 INFO  [Log] RG-14; Not Waited 3000: Milli seconds for Element; Manual Wait is disabled 
2017-02-21 17:01:16,294 INFO  [Log] Closing instance of Browser: Chrome 
2017-02-21 17:01:16,452 INFO  [Log] ### Test case: RateGain-3; Description: RateGain-3; status Executed 
2017-02-21 17:01:21,119 INFO  [Log] Quiting all instance of Browser(Firefox) 
2017-02-21 17:01:21,857 INFO  [Log] Quiting all instance of Browser(Chrome) 
2017-02-21 17:01:22,477 INFO  [Log] Quiting all instance of Browser(Internet explorer) 
2017-02-21 17:01:22,477 INFO  [Log] XXXXXXXXXXXXXXXXXXXXXXX             -E---N---D Test Case             XXXXXXXXXXXXXXXXXXXXXX 
2017-02-21 17:02:11,508 ERROR [Log] Error#: RateGain-3; Error in communicating with Browserorg.openqa.selenium.WebDriverException: Failed to connect to binary FirefoxBinary(C:\Program Files (x86)\Mozilla Firefox\firefox.exe) on port 7055; process output follows: 

Build info: version: '2.48.0', revision: 'b7b081a', time: '2015-10-07 15:45:39'
System info: host: 'ajay-chaddha-LP', ip: '192.168.2.218', os.name: 'Windows 7', os.arch: 'amd64', os.version: '6.1', java.version: '1.8.0_112'
Driver info: driver.version: FirefoxDriver 
2017-02-21 17:02:11,609 INFO  [Log] #### Executing Test case: RateGain-3; Description: RateGain-3 In Firefox Browser for TestData:1 
2017-02-21 17:02:11,659 ERROR [Log] Error#: RateGain-1RG-01URLOpenURL  org.openqa.selenium.remote.SessionNotFoundException: Session ID is null. Using WebDriver after calling quit()?
Build info: version: '2.48.0', revision: 'b7b081a', time: '2015-10-07 15:45:39'
System info: host: 'ajay-chaddha-LP', ip: '192.168.2.218', os.name: 'Windows 7', os.arch: 'amd64', os.version: '6.1', java.version: '1.8.0_112'
Driver info: driver.version: RemoteWebDrivernull:Exception is not handled 
2017-02-21 17:02:15,481 INFO  [Log] Quiting all instance of Browser(Firefox) 
2017-02-21 17:02:16,102 INFO  [Log] Quiting all instance of Browser(Chrome) 
2017-02-21 17:02:16,632 INFO  [Log] Quiting all instance of Browser(Internet explorer) 
2017-02-21 17:02:16,632 INFO  [Log] XXXXXXXXXXXXXXXXXXXXXXX             -E---N---D Test Case             XXXXXXXXXXXXXXXXXXXXXX 
2017-02-21 17:02:16,632 FATAL [Log] RateGain-1RG-01URLOpenURL  org.openqa.selenium.remote.SessionNotFoundException: Session ID is null. Using WebDriver after calling quit()?
Build info: version: '2.48.0', revision: 'b7b081a', time: '2015-10-07 15:45:39'
System info: host: 'ajay-chaddha-LP', ip: '192.168.2.218', os.name: 'Windows 7', os.arch: 'amd64', os.version: '6.1', java.version: '1.8.0_112'
Driver info: driver.version: RemoteWebDrivernull:Exception is not handled 
2017-02-21 17:02:16,753 INFO  [Log] XXXXXXXXXXXXXXXXXXXXXXX             -E---N---D Test Case             XXXXXXXXXXXXXXXXXXXXXX 
2017-02-21 17:02:17,457 INFO  [Log] ####Closing Test Suite #### 
2017-02-21 17:02:17,457 INFO  [Log] XXXXXXXXXXXXXXXXXXXXXXX             -E---N---D Test Case             XXXXXXXXXXXXXXXXXXXXXX 
2017-02-21 17:02:17,457 INFO  [Log] Creating Logs backup and storing for further reference 
