2017-02-21 21:44:04,432 INFO  [Log] Test Scenario Configuration started 
2017-02-21 21:44:04,463 INFO  [Log] Initialing HTML reporting 
2017-02-21 21:44:05,703 INFO  [Log] Starting Test Suit Execution 
2017-02-21 21:44:05,703 INFO  [Log] Creating Test suit report 
2017-02-21 21:44:07,241 WARN  [Log] Browser instance value is null 
2017-02-21 21:44:08,440 INFO  [Log] Object repository is created successfully 
2017-02-21 21:44:08,602 INFO  [Log] **************************************************************************************** 
2017-02-21 21:44:08,602 INFO  [Log] $$$$$$$$$$$$$$$$$$$$$                 #### Executing Test case: RateGain-1; Description: RateGain -1 For Data: 1       $$$$$$$$$$$$$$$$$$$$$$$$$ 
2017-02-21 21:44:08,602 INFO  [Log] **************************************************************************************** 
2017-02-21 21:44:17,931 INFO  [Log] #### Executing Test case: RateGain-1; Description: RateGain -1 In Chrome Browser for TestData:1 
2017-02-21 21:44:31,430 INFO  [Log] RG-01: Open URL; Action: open URL 
2017-02-21 21:44:33,576 INFO  [Log] RG-02; Not Waited 2000: Milli seconds for Element; Manual Wait is disabled 
2017-02-21 21:44:41,683 INFO  [Log] RG-03: Click on Exams: Action click 
2017-02-21 21:44:42,687 INFO  [Log] RG-04; Not Waited 1000: Milli seconds for Element; Manual Wait is disabled 
2017-02-21 21:45:10,425 INFO  [Log] RG-05: Select Exams: Action click 
2017-02-21 21:45:12,427 INFO  [Log] RG-06; Not Waited 2000: Milli seconds for Element; Manual Wait is disabled 
2017-02-21 21:45:32,878 ERROR [Log] Error#: RateGain-1RG-07XpathClick  org.openqa.selenium.ElementNotVisibleException: element not visible
  (Session info: chrome=56.0.2924.87)
  (Driver info: chromedriver=2.25.426923 (0390b88869384d6eb0d5d09729679f934aab9eed),platform=Windows NT 6.1.7601 SP1 x86_64) (WARNING: The server did not provide any stacktrace information)
Command duration or timeout: 95 milliseconds
Build info: version: '2.48.0', revision: 'b7b081a', time: '2015-10-07 15:45:39'
System info: host: 'ajay-chaddha-LP', ip: '27.56.21.228', os.name: 'Windows 7', os.arch: 'amd64', os.version: '6.1', java.version: '1.8.0_112'
Driver info: org.openqa.selenium.chrome.ChromeDriver
Capabilities [{applicationCacheEnabled=false, rotatable=false, mobileEmulationEnabled=false, networkConnectionEnabled=false, chrome={chromedriverVersion=2.25.426923 (0390b88869384d6eb0d5d09729679f934aab9eed), userDataDir=C:\Users\ajaycha\AppData\Local\Temp\scoped_dir10300_25430}, takesHeapSnapshot=true, pageLoadStrategy=normal, databaseEnabled=false, handlesAlerts=true, hasTouchScreen=false, version=56.0.2924.87, platform=XP, browserConnectionEnabled=false, nativeEvents=true, acceptSslCerts=true, locationContextEnabled=true, webStorageEnabled=true, browserName=chrome, takesScreenshot=true, javascriptEnabled=true, cssSelectorsEnabled=true}]
Session ID: faed853584e65764532d50bb8e10e4ccnull:Exception is not handled 
2017-02-21 21:45:39,753 INFO  [Log] Quiting all instance of Browser(Firefox) 
2017-02-21 21:45:40,335 INFO  [Log] Quiting all instance of Browser(Chrome) 
2017-02-21 21:45:40,905 INFO  [Log] Quiting all instance of Browser(Internet explorer) 
2017-02-21 21:45:40,905 INFO  [Log] XXXXXXXXXXXXXXXXXXXXXXX             -E---N---D Test Case             XXXXXXXXXXXXXXXXXXXXXX 
2017-02-21 21:45:40,905 FATAL [Log] RateGain-1RG-07XpathClick  org.openqa.selenium.ElementNotVisibleException: element not visible
  (Session info: chrome=56.0.2924.87)
  (Driver info: chromedriver=2.25.426923 (0390b88869384d6eb0d5d09729679f934aab9eed),platform=Windows NT 6.1.7601 SP1 x86_64) (WARNING: The server did not provide any stacktrace information)
Command duration or timeout: 95 milliseconds
Build info: version: '2.48.0', revision: 'b7b081a', time: '2015-10-07 15:45:39'
System info: host: 'ajay-chaddha-LP', ip: '27.56.21.228', os.name: 'Windows 7', os.arch: 'amd64', os.version: '6.1', java.version: '1.8.0_112'
Driver info: org.openqa.selenium.chrome.ChromeDriver
Capabilities [{applicationCacheEnabled=false, rotatable=false, mobileEmulationEnabled=false, networkConnectionEnabled=false, chrome={chromedriverVersion=2.25.426923 (0390b88869384d6eb0d5d09729679f934aab9eed), userDataDir=C:\Users\ajaycha\AppData\Local\Temp\scoped_dir10300_25430}, takesHeapSnapshot=true, pageLoadStrategy=normal, databaseEnabled=false, handlesAlerts=true, hasTouchScreen=false, version=56.0.2924.87, platform=XP, browserConnectionEnabled=false, nativeEvents=true, acceptSslCerts=true, locationContextEnabled=true, webStorageEnabled=true, browserName=chrome, takesScreenshot=true, javascriptEnabled=true, cssSelectorsEnabled=true}]
Session ID: faed853584e65764532d50bb8e10e4ccnull:Exception is not handled 
2017-02-21 21:45:41,005 INFO  [Log] XXXXXXXXXXXXXXXXXXXXXXX             -E---N---D Test Case             XXXXXXXXXXXXXXXXXXXXXX 
2017-02-21 21:45:41,575 INFO  [Log] RateGain-2_RateGain -2 
2017-02-21 21:45:41,991 INFO  [Log] RateGain-3_RateGain-3 
2017-02-21 21:45:42,346 INFO  [Log] ####Closing Test Suite #### 
2017-02-21 21:45:42,347 INFO  [Log] XXXXXXXXXXXXXXXXXXXXXXX             -E---N---D Test Case             XXXXXXXXXXXXXXXXXXXXXX 
2017-02-21 21:45:42,347 INFO  [Log] Creating Logs backup and storing for further reference 
