2017-02-21 18:48:44,025 INFO  [Log] Test Scenario Configuration started 
2017-02-21 18:48:44,075 INFO  [Log] Initialing HTML reporting 
2017-02-21 18:48:45,476 INFO  [Log] Starting Test Suit Execution 
2017-02-21 18:48:45,476 INFO  [Log] Creating Test suit report 
2017-02-21 18:48:47,216 WARN  [Log] Browser instance value is null 
2017-02-21 18:48:48,643 INFO  [Log] Object repository is created successfully 
2017-02-21 18:48:48,827 INFO  [Log] **************************************************************************************** 
2017-02-21 18:48:48,827 INFO  [Log] $$$$$$$$$$$$$$$$$$$$$                 #### Executing Test case: RateGain-1; Description: RateGain -1 For Data: 1       $$$$$$$$$$$$$$$$$$$$$$$$$ 
2017-02-21 18:48:48,827 INFO  [Log] **************************************************************************************** 
2017-02-21 18:48:56,923 INFO  [Log] #### Executing Test case: RateGain-1; Description: RateGain -1 In Chrome Browser for TestData:1 
2017-02-21 18:49:08,267 INFO  [Log] RG-01: Open URL; Action: open URL 
2017-02-21 18:49:13,310 INFO  [Log] RG-02; Not Waited 5000: Milli seconds for Element; Manual Wait is disabled 
2017-02-21 18:49:13,701 INFO  [Log] RG-03: Click: Action click 
2017-02-21 18:49:14,701 INFO  [Log] RG-04; Not Waited 1000: Milli seconds for Element; Manual Wait is disabled 
2017-02-21 18:49:18,794 INFO  [Log] RG-05: Select Hotel: Action click 
2017-02-21 18:49:20,820 INFO  [Log] RG-06; Not Waited 2000: Milli seconds for Element; Manual Wait is disabled 
2017-02-21 18:49:21,113 INFO  [Log] RG-07: Select Area: Action click 
2017-02-21 18:49:24,123 INFO  [Log] RG-08; Not Waited 3000: Milli seconds for Element; Manual Wait is disabled 
2017-02-21 18:49:25,017 INFO  [Log] Failed: RG-09: Verify Filter Applied; Value: connaught place, central delhi; is Not Present in Page values: Connaught Place, Central Delhi, Central Delhi,  
2017-02-21 18:49:26,954 ERROR [Log] Error#: RateGain-1RG-10Xpath; Browser Window is Closed: org.openqa.selenium.NoSuchWindowException: no such window: target window already closed
from unknown error: web view not found
  (Session info: chrome=56.0.2924.87)
  (Driver info: chromedriver=2.25.426923 (0390b88869384d6eb0d5d09729679f934aab9eed),platform=Windows NT 6.1.7601 SP1 x86_64) (WARNING: The server did not provide any stacktrace information)
Command duration or timeout: 24 milliseconds
Build info: version: '2.48.0', revision: 'b7b081a', time: '2015-10-07 15:45:39'
System info: host: 'ajay-chaddha-LP', ip: '192.168.2.218', os.name: 'Windows 7', os.arch: 'amd64', os.version: '6.1', java.version: '1.8.0_112'
Driver info: org.openqa.selenium.chrome.ChromeDriver
Capabilities [{applicationCacheEnabled=false, rotatable=false, mobileEmulationEnabled=false, networkConnectionEnabled=false, chrome={chromedriverVersion=2.25.426923 (0390b88869384d6eb0d5d09729679f934aab9eed), userDataDir=C:\Users\ajaycha\AppData\Local\Temp\scoped_dir9328_9448}, takesHeapSnapshot=true, pageLoadStrategy=normal, databaseEnabled=false, handlesAlerts=true, hasTouchScreen=false, version=56.0.2924.87, platform=XP, browserConnectionEnabled=false, nativeEvents=true, acceptSslCerts=true, locationContextEnabled=true, webStorageEnabled=true, browserName=chrome, takesScreenshot=true, javascriptEnabled=true, cssSelectorsEnabled=true}]
Session ID: 42535733be7a09dbe275ac64e3e1c1ac 
2017-02-21 18:49:33,112 INFO  [Log] Quiting all instance of Browser(Firefox) 
2017-02-21 18:49:33,940 INFO  [Log] Quiting all instance of Browser(Chrome) 
2017-02-21 18:49:34,715 INFO  [Log] Quiting all instance of Browser(Internet explorer) 
2017-02-21 18:49:34,715 INFO  [Log] XXXXXXXXXXXXXXXXXXXXXXX             -E---N---D Test Case             XXXXXXXXXXXXXXXXXXXXXX 
2017-02-21 18:49:34,715 FATAL [Log] RateGain-1RG-10Xpath; Browser Window is Closed: org.openqa.selenium.NoSuchWindowException: no such window: target window already closed
from unknown error: web view not found
  (Session info: chrome=56.0.2924.87)
  (Driver info: chromedriver=2.25.426923 (0390b88869384d6eb0d5d09729679f934aab9eed),platform=Windows NT 6.1.7601 SP1 x86_64) (WARNING: The server did not provide any stacktrace information)
Command duration or timeout: 24 milliseconds
Build info: version: '2.48.0', revision: 'b7b081a', time: '2015-10-07 15:45:39'
System info: host: 'ajay-chaddha-LP', ip: '192.168.2.218', os.name: 'Windows 7', os.arch: 'amd64', os.version: '6.1', java.version: '1.8.0_112'
Driver info: org.openqa.selenium.chrome.ChromeDriver
Capabilities [{applicationCacheEnabled=false, rotatable=false, mobileEmulationEnabled=false, networkConnectionEnabled=false, chrome={chromedriverVersion=2.25.426923 (0390b88869384d6eb0d5d09729679f934aab9eed), userDataDir=C:\Users\ajaycha\AppData\Local\Temp\scoped_dir9328_9448}, takesHeapSnapshot=true, pageLoadStrategy=normal, databaseEnabled=false, handlesAlerts=true, hasTouchScreen=false, version=56.0.2924.87, platform=XP, browserConnectionEnabled=false, nativeEvents=true, acceptSslCerts=true, locationContextEnabled=true, webStorageEnabled=true, browserName=chrome, takesScreenshot=true, javascriptEnabled=true, cssSelectorsEnabled=true}]
Session ID: 42535733be7a09dbe275ac64e3e1c1ac 
2017-02-21 18:49:34,764 INFO  [Log] XXXXXXXXXXXXXXXXXXXXXXX             -E---N---D Test Case             XXXXXXXXXXXXXXXXXXXXXX 
2017-02-21 18:49:35,342 INFO  [Log] **************************************************************************************** 
2017-02-21 18:49:35,342 INFO  [Log] $$$$$$$$$$$$$$$$$$$$$                 #### Executing Test case: RateGain-2; Description: RateGain -2 For Data: 1       $$$$$$$$$$$$$$$$$$$$$$$$$ 
2017-02-21 18:49:35,342 INFO  [Log] **************************************************************************************** 
2017-02-21 18:49:43,309 INFO  [Log] #### Executing Test case: RateGain-2; Description: RateGain -2 In Chrome Browser for TestData:1 
2017-02-21 18:49:47,363 INFO  [Log] RG-01: Open URL; Action: open URL 
2017-02-21 18:49:52,437 INFO  [Log] RG-02; Not Waited 5000: Milli seconds for Element; Manual Wait is disabled 
2017-02-21 18:49:53,256 INFO  [Log] RG-03: Enter User ID: Action Submit If 
2017-02-21 18:49:53,649 INFO  [Log] RG-04: Enter Password: Action Submit If 
2017-02-21 18:49:59,557 INFO  [Log] RG-05: Click on Login: Action click 
2017-02-21 18:50:04,557 INFO  [Log] RG-06; Not Waited 5000: Milli seconds for Element; Manual Wait is disabled 
2017-02-21 18:50:06,120 INFO  [Log] RG-07: Click Button: Action click 
2017-02-21 18:50:11,123 INFO  [Log] RG-08; Not Waited 5000: Milli seconds for Element; Manual Wait is disabled 
2017-02-21 18:50:17,476 INFO  [Log] RG-09; Passed; Verify Meter Footer; Value: social sites; Present in Page values: Social Sites,  
2017-02-21 18:50:20,665 INFO  [Log] RG-10; Passed; Verify Meter Header; Value: guest satisfaction meter; Present in Page values: Guest Satisfaction Meter,  
2017-02-21 18:50:22,085 INFO  [Log] RG-11; Passed; Verify Meter label 1; Value: 0; Present in Page values: 0,  
2017-02-21 18:50:22,269 INFO  [Log] RG-12; Passed; Verify Meter label 2; Value: 3; Present in Page values: 3,  
2017-02-21 18:50:22,454 INFO  [Log] RG-13; Passed; Verify Meter label 3; Value: 7; Present in Page values: 7,  
2017-02-21 18:50:22,599 INFO  [Log] RG-14; Passed; Verify Meter label 4; Value: 10; Present in Page values: 10,  
2017-02-21 18:50:22,749 INFO  [Log] RG-15; Passed; Verify Meter label 5; Value: 7.63; Present in Page values: 7.63,  
2017-02-21 18:50:27,751 INFO  [Log] RG-16; Not Waited 5000: Milli seconds for Element; Manual Wait is disabled 
2017-02-21 18:50:30,065 INFO  [Log] Closing instance of Browser: Chrome 
2017-02-21 18:50:30,193 INFO  [Log] ### Test case: RateGain-2; Description: RateGain -2; status Executed 
2017-02-21 18:50:35,079 INFO  [Log] Quiting all instance of Browser(Firefox) 
2017-02-21 18:50:36,049 INFO  [Log] Quiting all instance of Browser(Chrome) 
2017-02-21 18:50:36,851 INFO  [Log] Quiting all instance of Browser(Internet explorer) 
2017-02-21 18:50:36,851 INFO  [Log] XXXXXXXXXXXXXXXXXXXXXXX             -E---N---D Test Case             XXXXXXXXXXXXXXXXXXXXXX 
2017-02-21 18:50:36,851 INFO  [Log] XXXXXXXXXXXXXXXXXXXXXXX             -E---N---D Test Case             XXXXXXXXXXXXXXXXXXXXXX 
2017-02-21 18:50:37,284 INFO  [Log] **************************************************************************************** 
2017-02-21 18:50:37,284 INFO  [Log] $$$$$$$$$$$$$$$$$$$$$                 #### Executing Test case: RateGain-3; Description: RateGain-3 For Data: 1       $$$$$$$$$$$$$$$$$$$$$$$$$ 
2017-02-21 18:50:37,284 INFO  [Log] **************************************************************************************** 
2017-02-21 18:50:44,731 INFO  [Log] #### Executing Test case: RateGain-3; Description: RateGain-3 In Chrome Browser for TestData:1 
2017-02-21 18:50:49,602 INFO  [Log] RG-01: Open URL; Action: open URL 
2017-02-21 18:50:54,673 INFO  [Log] RG-02; Not Waited 5000: Milli seconds for Element; Manual Wait is disabled 
2017-02-21 18:50:55,329 INFO  [Log] RG-03: Enter User ID: Action Submit If 
2017-02-21 18:50:55,829 INFO  [Log] RG-04: Enter Password: Action Submit If 
2017-02-21 18:51:01,388 INFO  [Log] RG-05: Click on Login: Action click 
2017-02-21 18:51:06,393 INFO  [Log] RG-06; Not Waited 5000: Milli seconds for Element; Manual Wait is disabled 
2017-02-21 18:51:06,977 INFO  [Log] RG-07: Click Button: Action click 
2017-02-21 18:51:11,979 INFO  [Log] RG-08; Not Waited 5000: Milli seconds for Element; Manual Wait is disabled 
2017-02-21 18:51:15,520 INFO  [Log] RG-09; Passed; Verify Meter Header; Value: key stats; Present in Page values: Key Stats,  
2017-02-21 18:51:19,704 INFO  [Log] RG-10; Passed; Verify Key Stats Item 1; Value: total reviews; Present in Page values: Total Reviews,  
2017-02-21 18:51:20,038 INFO  [Log] RG-11; Passed; Verify Key Stats Item 2; Value: positive reviews; Present in Page values: Positive Reviews,  
2017-02-21 18:51:20,281 INFO  [Log] RG-12; Passed; Verify Key Stats Item 3; Value: negative reviews; Present in Page values: Negative Reviews,  
2017-02-21 18:51:20,488 INFO  [Log] RG-13; Passed; Verify Key Stats Item 4; Value: neutral reviews; Present in Page values: Neutral Reviews,  
2017-02-21 18:51:23,489 INFO  [Log] RG-14; Not Waited 3000: Milli seconds for Element; Manual Wait is disabled 
2017-02-21 18:51:23,932 INFO  [Log] Closing instance of Browser: Chrome 
2017-02-21 18:51:24,141 INFO  [Log] ### Test case: RateGain-3; Description: RateGain-3; status Executed 
2017-02-21 18:51:28,674 INFO  [Log] Quiting all instance of Browser(Firefox) 
2017-02-21 18:51:29,530 INFO  [Log] Quiting all instance of Browser(Chrome) 
2017-02-21 18:51:30,594 INFO  [Log] Quiting all instance of Browser(Internet explorer) 
2017-02-21 18:51:30,594 INFO  [Log] XXXXXXXXXXXXXXXXXXXXXXX             -E---N---D Test Case             XXXXXXXXXXXXXXXXXXXXXX 
2017-02-21 18:51:30,594 INFO  [Log] XXXXXXXXXXXXXXXXXXXXXXX             -E---N---D Test Case             XXXXXXXXXXXXXXXXXXXXXX 
2017-02-21 18:51:30,941 INFO  [Log] ####Closing Test Suite #### 
2017-02-21 18:51:30,941 INFO  [Log] XXXXXXXXXXXXXXXXXXXXXXX             -E---N---D Test Case             XXXXXXXXXXXXXXXXXXXXXX 
2017-02-21 18:51:30,941 INFO  [Log] Creating Logs backup and storing for further reference 
