2017-02-22 12:18:23,685 INFO  [Log] Test Scenario Configuration started 
2017-02-22 12:18:23,716 INFO  [Log] Initialing HTML reporting 
2017-02-22 12:18:25,438 INFO  [Log] Starting Test Suit Execution 
2017-02-22 12:18:25,438 INFO  [Log] Creating Test suit report 
2017-02-22 12:18:27,494 WARN  [Log] Browser instance value is null 
2017-02-22 12:18:29,283 INFO  [Log] Object repository is created successfully 
2017-02-22 12:18:29,531 INFO  [Log] **************************************************************************************** 
2017-02-22 12:18:29,531 INFO  [Log] $$$$$$$$$$$$$$$$$$$$$                 #### Executing Test case: RateGain-1; Description: RateGain -1 For Data: 1       $$$$$$$$$$$$$$$$$$$$$$$$$ 
2017-02-22 12:18:29,531 INFO  [Log] **************************************************************************************** 
2017-02-22 12:18:36,499 ERROR [Log] Error#: RateGain-1; Error in communicating with Browserorg.openqa.selenium.remote.UnreachableBrowserException: Could not start a new session. Possible causes are invalid address of the remote server or browser start-up failure.
Build info: version: '2.48.0', revision: 'b7b081a', time: '2015-10-07 15:45:39'
System info: host: 'ajay-chaddha-LP', ip: '106.211.107.121', os.name: 'Windows 7', os.arch: 'amd64', os.version: '6.1', java.version: '1.8.0_112'
Driver info: driver.version: ChromeDriver 
2017-02-22 12:18:36,680 INFO  [Log] #### Executing Test case: RateGain-1; Description: RateGain -1 In Chrome Browser for TestData:1 
2017-02-22 12:18:36,810 ERROR [Log] Error#: RateGain-1RG-01URLOpenURL  java.lang.NullPointerExceptionnull:Exception is not handled 
2017-02-22 12:18:38,283 WARN  [Log] Browser instance value is null 
2017-02-22 12:18:38,283 INFO  [Log] XXXXXXXXXXXXXXXXXXXXXXX             -E---N---D Test Case             XXXXXXXXXXXXXXXXXXXXXX 
2017-02-22 12:18:38,283 FATAL [Log] RateGain-1RG-01URLOpenURL  java.lang.NullPointerExceptionnull:Exception is not handled 
2017-02-22 12:18:38,438 INFO  [Log] XXXXXXXXXXXXXXXXXXXXXXX             -E---N---D Test Case             XXXXXXXXXXXXXXXXXXXXXX 
2017-02-22 12:18:38,925 INFO  [Log] **************************************************************************************** 
2017-02-22 12:18:38,925 INFO  [Log] $$$$$$$$$$$$$$$$$$$$$                 #### Executing Test case: RateGain-2; Description: RateGain -2 For Data: 1       $$$$$$$$$$$$$$$$$$$$$$$$$ 
2017-02-22 12:18:38,925 INFO  [Log] **************************************************************************************** 
2017-02-22 12:18:54,335 INFO  [Log] #### Executing Test case: RateGain-2; Description: RateGain -2 In Chrome Browser for TestData:1 
2017-02-22 12:19:01,367 INFO  [Log] RG-01: Open URL; Action: open URL 
2017-02-22 12:19:06,413 INFO  [Log] RG-02; Not Waited 5000: Milli seconds for Element; Manual Wait is disabled 
2017-02-22 12:19:07,059 INFO  [Log] RG-03: Enter User ID: Action Submit If 
2017-02-22 12:19:07,404 INFO  [Log] RG-04: Enter Password: Action Submit If 
2017-02-22 12:19:13,079 INFO  [Log] RG-05: Click on Login: Action click 
2017-02-22 12:19:18,082 INFO  [Log] RG-06; Not Waited 5000: Milli seconds for Element; Manual Wait is disabled 
2017-02-22 12:19:18,504 INFO  [Log] RG-07: Click Button: Action click 
2017-02-22 12:19:23,506 INFO  [Log] RG-08; Not Waited 5000: Milli seconds for Element; Manual Wait is disabled 
2017-02-22 12:19:33,985 INFO  [Log] RG-09; Passed; Verify Meter Footer; Value: social sites; Present in Page values: Social Sites,  
2017-02-22 12:19:36,245 INFO  [Log] RG-10; Passed; Verify Meter Header; Value: guest satisfaction meter; Present in Page values: Guest Satisfaction Meter,  
2017-02-22 12:19:36,583 INFO  [Log] RG-11; Passed; Verify Meter label 1; Value: 0; Present in Page values: 0,  
2017-02-22 12:19:36,844 INFO  [Log] RG-12; Passed; Verify Meter label 2; Value: 3; Present in Page values: 3,  
2017-02-22 12:19:37,129 INFO  [Log] RG-13; Passed; Verify Meter label 3; Value: 7; Present in Page values: 7,  
2017-02-22 12:19:37,399 INFO  [Log] RG-14; Passed; Verify Meter label 4; Value: 10; Present in Page values: 10,  
2017-02-22 12:20:27,833 ERROR [Log] Error#: RateGain-1RG-15XpathVerifyText: Not able to search the Element on Active window java.util.NoSuchElementException 
2017-02-22 12:20:33,341 INFO  [Log] Quiting all instance of Browser(Firefox) 
2017-02-22 12:20:33,992 INFO  [Log] Quiting all instance of Browser(Chrome) 
2017-02-22 12:20:34,682 INFO  [Log] Quiting all instance of Browser(Internet explorer) 
2017-02-22 12:20:34,682 INFO  [Log] XXXXXXXXXXXXXXXXXXXXXXX             -E---N---D Test Case             XXXXXXXXXXXXXXXXXXXXXX 
2017-02-22 12:20:34,682 FATAL [Log] RateGain-1RG-15XpathVerifyText: Not able to search the Element on Active window java.util.NoSuchElementException 
2017-02-22 12:20:34,767 INFO  [Log] XXXXXXXXXXXXXXXXXXXXXXX             -E---N---D Test Case             XXXXXXXXXXXXXXXXXXXXXX 
2017-02-22 12:20:35,381 INFO  [Log] **************************************************************************************** 
2017-02-22 12:20:35,381 INFO  [Log] $$$$$$$$$$$$$$$$$$$$$                 #### Executing Test case: RateGain-3; Description: RateGain -3 For Data: 1       $$$$$$$$$$$$$$$$$$$$$$$$$ 
2017-02-22 12:20:35,381 INFO  [Log] **************************************************************************************** 
2017-02-22 12:20:42,926 INFO  [Log] #### Executing Test case: RateGain-3; Description: RateGain -3 In Chrome Browser for TestData:1 
2017-02-22 12:20:48,330 INFO  [Log] RG-01: Open URL; Action: open URL 
2017-02-22 12:20:53,372 INFO  [Log] RG-02; Not Waited 5000: Milli seconds for Element; Manual Wait is disabled 
2017-02-22 12:20:53,906 INFO  [Log] RG-03: Enter User ID: Action Submit If 
2017-02-22 12:20:54,271 INFO  [Log] RG-04: Enter Password: Action Submit If 
2017-02-22 12:20:59,574 INFO  [Log] RG-05: Click on Login: Action click 
2017-02-22 12:21:04,582 INFO  [Log] RG-06; Not Waited 5000: Milli seconds for Element; Manual Wait is disabled 
2017-02-22 12:21:04,983 INFO  [Log] RG-07: Click Button: Action click 
2017-02-22 12:21:09,985 INFO  [Log] RG-08; Not Waited 5000: Milli seconds for Element; Manual Wait is disabled 
2017-02-22 12:21:14,586 INFO  [Log] RG-09; Passed; Verify Meter Header; Value: key stats; Present in Page values: Key Stats,  
2017-02-22 12:21:15,950 INFO  [Log] RG-10; Passed; Verify Key Stats Item 1; Value: total reviews; Present in Page values: Total Reviews,  
2017-02-22 12:21:17,199 INFO  [Log] RG-11; Passed; Verify Key Stats Item 2; Value: positive reviews; Present in Page values: Positive Reviews,  
2017-02-22 12:21:17,330 INFO  [Log] RG-12; Passed; Verify Key Stats Item 3; Value: negative reviews; Present in Page values: Negative Reviews,  
2017-02-22 12:21:17,481 INFO  [Log] RG-13; Passed; Verify Key Stats Item 4; Value: neutral reviews; Present in Page values: Neutral Reviews,  
2017-02-22 12:21:20,486 INFO  [Log] RG-14; Not Waited 3000: Milli seconds for Element; Manual Wait is disabled 
2017-02-22 12:21:22,740 INFO  [Log] Closing instance of Browser: Chrome 
2017-02-22 12:21:22,840 INFO  [Log] ### Test case: RateGain-3; Description: RateGain -3; status Executed 
2017-02-22 12:21:27,216 INFO  [Log] Quiting all instance of Browser(Firefox) 
2017-02-22 12:21:27,888 INFO  [Log] Quiting all instance of Browser(Chrome) 
2017-02-22 12:21:28,558 INFO  [Log] Quiting all instance of Browser(Internet explorer) 
2017-02-22 12:21:28,558 INFO  [Log] XXXXXXXXXXXXXXXXXXXXXXX             -E---N---D Test Case             XXXXXXXXXXXXXXXXXXXXXX 
2017-02-22 12:21:28,558 INFO  [Log] XXXXXXXXXXXXXXXXXXXXXXX             -E---N---D Test Case             XXXXXXXXXXXXXXXXXXXXXX 
2017-02-22 12:21:28,794 INFO  [Log] **************************************************************************************** 
2017-02-22 12:21:28,794 INFO  [Log] $$$$$$$$$$$$$$$$$$$$$                 #### Executing Test case: RateGain-4; Description: RateGain -4 For Data: 1       $$$$$$$$$$$$$$$$$$$$$$$$$ 
2017-02-22 12:21:28,794 INFO  [Log] **************************************************************************************** 
2017-02-22 12:21:37,074 INFO  [Log] #### Executing Test case: RateGain-4; Description: RateGain -4 In Chrome Browser for TestData:1 
2017-02-22 12:21:44,923 INFO  [Log] RG-01: Open URL; Action: open URL 
2017-02-22 12:21:49,974 INFO  [Log] RG-02; Not Waited 5000: Milli seconds for Element; Manual Wait is disabled 
2017-02-22 12:21:50,450 INFO  [Log] RG-03: Click: Action click 
2017-02-22 12:21:51,461 INFO  [Log] RG-04; Not Waited 1000: Milli seconds for Element; Manual Wait is disabled 
2017-02-22 12:21:51,837 INFO  [Log] RG-05: Enter Text: Action Submit If 
2017-02-22 12:21:53,839 INFO  [Log] RG-06; Not Waited 2000: Milli seconds for Element; Manual Wait is disabled 
2017-02-22 12:22:06,042 INFO  [Log] RG-07: Select Hotel: Action click 
2017-02-22 12:22:11,059 INFO  [Log] RG-08; Not Waited 5000: Milli seconds for Element; Manual Wait is disabled 
2017-02-22 12:22:11,852 INFO  [Log] RG-09: Click on Reserve: Action click 
2017-02-22 12:22:12,856 INFO  [Log] RG-11: Click on date; Action: Mouse Hover and Clicked 
2017-02-22 12:22:14,253 INFO  [Log] RG-12: Click on done: Action click 
2017-02-22 12:22:19,255 INFO  [Log] Blank; Not Waited 5000: Milli seconds for Element; Manual Wait is disabled 
2017-02-22 12:22:21,608 INFO  [Log] Closing instance of Browser: Chrome 
2017-02-22 12:22:21,698 INFO  [Log] ### Test case: RateGain-4; Description: RateGain -4; status Executed 
2017-02-22 12:22:27,568 INFO  [Log] Quiting all instance of Browser(Firefox) 
2017-02-22 12:22:28,042 INFO  [Log] Quiting all instance of Browser(Chrome) 
2017-02-22 12:22:28,664 INFO  [Log] Quiting all instance of Browser(Internet explorer) 
2017-02-22 12:22:28,664 INFO  [Log] XXXXXXXXXXXXXXXXXXXXXXX             -E---N---D Test Case             XXXXXXXXXXXXXXXXXXXXXX 
2017-02-22 12:22:28,664 INFO  [Log] XXXXXXXXXXXXXXXXXXXXXXX             -E---N---D Test Case             XXXXXXXXXXXXXXXXXXXXXX 
2017-02-22 12:22:29,270 INFO  [Log] **************************************************************************************** 
2017-02-22 12:22:29,271 INFO  [Log] $$$$$$$$$$$$$$$$$$$$$                 #### Executing Test case: RateGain-5; Description: RateGain -5 For Data: 1       $$$$$$$$$$$$$$$$$$$$$$$$$ 
2017-02-22 12:22:29,271 INFO  [Log] **************************************************************************************** 
2017-02-22 12:22:33,510 ERROR [Log] Error#: RateGain-5; Error in communicating with Browserorg.openqa.selenium.remote.UnreachableBrowserException: Could not start a new session. Possible causes are invalid address of the remote server or browser start-up failure.
Build info: version: '2.48.0', revision: 'b7b081a', time: '2015-10-07 15:45:39'
System info: host: 'ajay-chaddha-LP', ip: '106.211.107.121', os.name: 'Windows 7', os.arch: 'amd64', os.version: '6.1', java.version: '1.8.0_112'
Driver info: driver.version: ChromeDriver 
2017-02-22 12:22:33,631 INFO  [Log] #### Executing Test case: RateGain-5; Description: RateGain -5 In Chrome Browser for TestData:1 
2017-02-22 12:22:33,691 ERROR [Log] Error#: RateGain-1RG-01URLOpenURL  org.openqa.selenium.remote.SessionNotFoundException: Session ID is null. Using WebDriver after calling quit()?
Build info: version: '2.48.0', revision: 'b7b081a', time: '2015-10-07 15:45:39'
System info: host: 'ajay-chaddha-LP', ip: '106.211.107.121', os.name: 'Windows 7', os.arch: 'amd64', os.version: '6.1', java.version: '1.8.0_112'
Driver info: driver.version: RemoteWebDrivernull:Exception is not handled 
2017-02-22 12:22:35,908 INFO  [Log] Quiting all instance of Browser(Firefox) 
2017-02-22 12:22:36,446 INFO  [Log] Quiting all instance of Browser(Chrome) 
2017-02-22 12:22:37,039 INFO  [Log] Quiting all instance of Browser(Internet explorer) 
2017-02-22 12:22:37,041 INFO  [Log] XXXXXXXXXXXXXXXXXXXXXXX             -E---N---D Test Case             XXXXXXXXXXXXXXXXXXXXXX 
2017-02-22 12:22:37,041 FATAL [Log] RateGain-1RG-01URLOpenURL  org.openqa.selenium.remote.SessionNotFoundException: Session ID is null. Using WebDriver after calling quit()?
Build info: version: '2.48.0', revision: 'b7b081a', time: '2015-10-07 15:45:39'
System info: host: 'ajay-chaddha-LP', ip: '106.211.107.121', os.name: 'Windows 7', os.arch: 'amd64', os.version: '6.1', java.version: '1.8.0_112'
Driver info: driver.version: RemoteWebDrivernull:Exception is not handled 
2017-02-22 12:22:37,097 INFO  [Log] XXXXXXXXXXXXXXXXXXXXXXX             -E---N---D Test Case             XXXXXXXXXXXXXXXXXXXXXX 
2017-02-22 12:22:37,344 INFO  [Log] ####Closing Test Suite #### 
2017-02-22 12:22:37,344 INFO  [Log] XXXXXXXXXXXXXXXXXXXXXXX             -E---N---D Test Case             XXXXXXXXXXXXXXXXXXXXXX 
2017-02-22 12:22:37,344 INFO  [Log] Creating Logs backup and storing for further reference 
