2017-03-27 17:41:57,497 INFO  [Log] Test Scenario Configuration started 
2017-03-27 17:41:57,510 INFO  [Log] Initialing HTML reporting 
2017-03-27 17:41:57,939 INFO  [Log] Starting Test Suit Execution 
2017-03-27 17:41:57,939 INFO  [Log] Creating Test suit report 
2017-03-27 17:41:58,635 WARN  [Log] Browser instance value is null 
2017-03-27 17:41:59,336 INFO  [Log] Object repository is created successfully 
2017-03-27 17:41:59,488 INFO  [Log] RateGain-1_RateGain -1 
2017-03-27 17:41:59,731 INFO  [Log] RateGain-2_RateGain -2 
2017-03-27 17:41:59,958 INFO  [Log] RateGain-3_RateGain -3 
2017-03-27 17:42:00,182 INFO  [Log] **************************************************************************************** 
2017-03-27 17:42:00,182 INFO  [Log] $$$$$$$$$$$$$$$$$$$$$                 #### Executing Test case: RateGain-4; Description: RateGain -4 For Data: 1       $$$$$$$$$$$$$$$$$$$$$$$$$ 
2017-03-27 17:42:00,182 INFO  [Log] **************************************************************************************** 
2017-03-27 17:42:06,941 INFO  [Log] #### Executing Test case: RateGain-4; Description: RateGain -4 In Chrome Browser for TestData:1 
2017-03-27 17:42:10,858 INFO  [Log] RG-01: Open URL; Action: open URL 
2017-03-27 17:42:15,900 INFO  [Log] RG-02; Not Waited 5000: Milli seconds for Element; Manual Wait is disabled 
2017-03-27 17:42:16,098 INFO  [Log] RG-03: Click: Action click 
2017-03-27 17:42:17,117 INFO  [Log] RG-04; Not Waited 1000: Milli seconds for Element; Manual Wait is disabled 
2017-03-27 17:42:17,233 INFO  [Log] RG-05: Enter Text: Action Submit If 
2017-03-27 17:42:19,259 INFO  [Log] RG-06; Not Waited 2000: Milli seconds for Element; Manual Wait is disabled 
2017-03-27 17:42:22,584 INFO  [Log] RG-07: Select Hotel: Action click 
2017-03-27 17:42:27,603 INFO  [Log] RG-08; Not Waited 5000: Milli seconds for Element; Manual Wait is disabled 
2017-03-27 17:42:27,827 INFO  [Log] RG-09: Click on Reserve: Action click 
2017-03-27 17:42:27,995 INFO  [Log] RG-11: Click on date; Action: Mouse Hover and Clicked 
2017-03-27 17:42:28,100 ERROR [Log] Error#: RateGain-1RG-12XpathClick  org.openqa.selenium.ElementNotVisibleException: element not visible
  (Session info: chrome=56.0.2924.87)
  (Driver info: chromedriver=2.25.426923 (0390b88869384d6eb0d5d09729679f934aab9eed),platform=Windows NT 6.1.7601 SP1 x86_64) (WARNING: The server did not provide any stacktrace information)
Command duration or timeout: 10 milliseconds
Build info: version: '2.48.0', revision: 'b7b081a', time: '2015-10-07 15:45:39'
System info: host: 'P-Lokesh-LP', ip: '192.168.2.177', os.name: 'Windows 7', os.arch: 'amd64', os.version: '6.1', java.version: '1.8.0_121'
Driver info: org.openqa.selenium.chrome.ChromeDriver
Capabilities [{applicationCacheEnabled=false, rotatable=false, mobileEmulationEnabled=false, networkConnectionEnabled=false, chrome={chromedriverVersion=2.25.426923 (0390b88869384d6eb0d5d09729679f934aab9eed), userDataDir=C:\Users\PD1BF~1.LOK\AppData\Local\Temp\scoped_dir6736_15992}, takesHeapSnapshot=true, pageLoadStrategy=normal, databaseEnabled=false, handlesAlerts=true, hasTouchScreen=false, version=56.0.2924.87, platform=XP, browserConnectionEnabled=false, nativeEvents=true, acceptSslCerts=true, locationContextEnabled=true, webStorageEnabled=true, browserName=chrome, takesScreenshot=true, javascriptEnabled=true, cssSelectorsEnabled=true}]
Session ID: 0fd5d8981bcbcad7743884ea822b3cb3null:Exception is not handled 
2017-03-27 17:42:31,237 INFO  [Log] Quiting all instance of Browser(Firefox) 
2017-03-27 17:42:31,479 INFO  [Log] Quiting all instance of Browser(Chrome) 
2017-03-27 17:42:31,699 INFO  [Log] Quiting all instance of Browser(Internet explorer) 
2017-03-27 17:42:31,699 INFO  [Log] XXXXXXXXXXXXXXXXXXXXXXX             -E---N---D Test Case             XXXXXXXXXXXXXXXXXXXXXX 
2017-03-27 17:42:31,699 FATAL [Log] RateGain-1RG-12XpathClick  org.openqa.selenium.ElementNotVisibleException: element not visible
  (Session info: chrome=56.0.2924.87)
  (Driver info: chromedriver=2.25.426923 (0390b88869384d6eb0d5d09729679f934aab9eed),platform=Windows NT 6.1.7601 SP1 x86_64) (WARNING: The server did not provide any stacktrace information)
Command duration or timeout: 10 milliseconds
Build info: version: '2.48.0', revision: 'b7b081a', time: '2015-10-07 15:45:39'
System info: host: 'P-Lokesh-LP', ip: '192.168.2.177', os.name: 'Windows 7', os.arch: 'amd64', os.version: '6.1', java.version: '1.8.0_121'
Driver info: org.openqa.selenium.chrome.ChromeDriver
Capabilities [{applicationCacheEnabled=false, rotatable=false, mobileEmulationEnabled=false, networkConnectionEnabled=false, chrome={chromedriverVersion=2.25.426923 (0390b88869384d6eb0d5d09729679f934aab9eed), userDataDir=C:\Users\PD1BF~1.LOK\AppData\Local\Temp\scoped_dir6736_15992}, takesHeapSnapshot=true, pageLoadStrategy=normal, databaseEnabled=false, handlesAlerts=true, hasTouchScreen=false, version=56.0.2924.87, platform=XP, browserConnectionEnabled=false, nativeEvents=true, acceptSslCerts=true, locationContextEnabled=true, webStorageEnabled=true, browserName=chrome, takesScreenshot=true, javascriptEnabled=true, cssSelectorsEnabled=true}]
Session ID: 0fd5d8981bcbcad7743884ea822b3cb3null:Exception is not handled 
2017-03-27 17:42:31,749 INFO  [Log] XXXXXXXXXXXXXXXXXXXXXXX             -E---N---D Test Case             XXXXXXXXXXXXXXXXXXXXXX 
2017-03-27 17:42:31,941 INFO  [Log] RateGain-5_RateGain -5 
2017-03-27 17:42:32,125 INFO  [Log] ####Closing Test Suite #### 
2017-03-27 17:42:32,125 INFO  [Log] XXXXXXXXXXXXXXXXXXXXXXX             -E---N---D Test Case             XXXXXXXXXXXXXXXXXXXXXX 
2017-03-27 17:42:32,125 INFO  [Log] Creating Logs backup and storing for further reference 
