2017-03-27 17:22:56,987 INFO  [Log] Test Scenario Configuration started 
2017-03-27 17:22:56,997 INFO  [Log] Initialing HTML reporting 
2017-03-27 17:22:57,407 INFO  [Log] Starting Test Suit Execution 
2017-03-27 17:22:57,407 INFO  [Log] Creating Test suit report 
2017-03-27 17:22:58,030 WARN  [Log] Browser instance value is null 
2017-03-27 17:22:58,664 INFO  [Log] Object repository is created successfully 
2017-03-27 17:22:58,794 INFO  [Log] **************************************************************************************** 
2017-03-27 17:22:58,794 INFO  [Log] $$$$$$$$$$$$$$$$$$$$$                 #### Executing Test case: RateGain-1; Description: RateGain -1 For Data: 1       $$$$$$$$$$$$$$$$$$$$$$$$$ 
2017-03-27 17:22:58,794 INFO  [Log] **************************************************************************************** 
2017-03-27 17:23:05,131 INFO  [Log] #### Executing Test case: RateGain-1; Description: RateGain -1 In Chrome Browser for TestData:1 
2017-03-27 17:23:09,446 INFO  [Log] RG-01: Open URL; Action: open URL 
2017-03-27 17:23:19,486 INFO  [Log] RG-02; Not Waited 10000: Milli seconds for Element; Manual Wait is disabled 
2017-03-27 17:23:19,708 INFO  [Log] RG-03: Enter User ID; Action: Submited Value 
2017-03-27 17:23:19,806 INFO  [Log] RG-04: Enter Password; Action: Submited Value 
2017-03-27 17:23:25,182 INFO  [Log] RG-05: Click on Login: Action click 
2017-03-27 17:23:35,207 INFO  [Log] RG-06; Not Waited 10000: Milli seconds for Element; Manual Wait is disabled 
2017-03-27 17:23:35,348 INFO  [Log] RG-07; Passed; Verify Button; Value: enterprise view; Present in Page values: ENTERPRISE VIEW,  
2017-03-27 17:23:35,438 INFO  [Log] RG-08; Passed; Verify Button; Value: property view; Present in Page values: PROPERTY VIEW,  
2017-03-27 17:23:35,539 INFO  [Log] RG-09: Clickon left header: Action click 
2017-03-27 17:23:45,554 INFO  [Log] RG-10; Not Waited 10000: Milli seconds for Element; Manual Wait is disabled 
2017-03-27 17:23:45,655 INFO  [Log] RG-11: Clickon Logout: Action click 
2017-03-27 17:23:55,675 INFO  [Log] RG-12; Not Waited 10000: Milli seconds for Element; Manual Wait is disabled 
2017-03-27 17:23:55,850 INFO  [Log] RG-13: Click logout: Action click 
2017-03-27 17:23:56,095 INFO  [Log] Closing instance of Browser: Chrome 
2017-03-27 17:23:56,171 INFO  [Log] ### Test case: RateGain-1; Description: RateGain -1; status Executed 
2017-03-27 17:23:58,910 INFO  [Log] Quiting all instance of Browser(Firefox) 
2017-03-27 17:23:59,271 INFO  [Log] Quiting all instance of Browser(Chrome) 
2017-03-27 17:23:59,577 INFO  [Log] Quiting all instance of Browser(Internet explorer) 
2017-03-27 17:23:59,577 INFO  [Log] XXXXXXXXXXXXXXXXXXXXXXX             -E---N---D Test Case             XXXXXXXXXXXXXXXXXXXXXX 
2017-03-27 17:23:59,577 INFO  [Log] XXXXXXXXXXXXXXXXXXXXXXX             -E---N---D Test Case             XXXXXXXXXXXXXXXXXXXXXX 
2017-03-27 17:23:59,743 INFO  [Log] **************************************************************************************** 
2017-03-27 17:23:59,743 INFO  [Log] $$$$$$$$$$$$$$$$$$$$$                 #### Executing Test case: RateGain-2; Description: RateGain -2 For Data: 1       $$$$$$$$$$$$$$$$$$$$$$$$$ 
2017-03-27 17:23:59,743 INFO  [Log] **************************************************************************************** 
2017-03-27 17:24:05,516 INFO  [Log] #### Executing Test case: RateGain-2; Description: RateGain -2 In Chrome Browser for TestData:1 
2017-03-27 17:24:11,837 INFO  [Log] RG-01: Open URL; Action: open URL 
2017-03-27 17:24:16,887 INFO  [Log] RG-02; Not Waited 5000: Milli seconds for Element; Manual Wait is disabled 
2017-03-27 17:24:17,080 INFO  [Log] RG-03: Enter User ID: Action Submit If 
2017-03-27 17:24:17,189 INFO  [Log] RG-04: Enter Password: Action Submit If 
2017-03-27 17:24:23,241 INFO  [Log] RG-05: Click on Login: Action click 
2017-03-27 17:24:28,268 INFO  [Log] RG-06; Not Waited 5000: Milli seconds for Element; Manual Wait is disabled 
2017-03-27 17:24:29,444 INFO  [Log] RG-07: Click Button: Action click 
2017-03-27 17:24:34,446 INFO  [Log] RG-08; Not Waited 5000: Milli seconds for Element; Manual Wait is disabled 
2017-03-27 17:24:41,639 INFO  [Log] RG-09; Passed; Verify Meter Footer; Value: social sites; Present in Page values: Social Sites,  
2017-03-27 17:24:41,766 INFO  [Log] RG-10; Passed; Verify Meter Header; Value: guest satisfaction meter; Present in Page values: Guest Satisfaction Meter,  
2017-03-27 17:24:41,856 INFO  [Log] RG-11; Passed; Verify Meter label 1; Value: 0; Present in Page values: 0,  
2017-03-27 17:24:41,939 INFO  [Log] RG-12; Passed; Verify Meter label 2; Value: 3; Present in Page values: 3,  
2017-03-27 17:24:42,027 INFO  [Log] RG-13; Passed; Verify Meter label 3; Value: 7; Present in Page values: 7,  
2017-03-27 17:24:42,117 INFO  [Log] RG-14; Passed; Verify Meter label 4; Value: 10; Present in Page values: 10,  
2017-03-27 17:24:42,213 INFO  [Log] RG-15; Passed; Verify Meter label 5; Value: 7.63; Present in Page values: 7.63,  
2017-03-27 17:24:47,221 INFO  [Log] RG-16; Not Waited 5000: Milli seconds for Element; Manual Wait is disabled 
2017-03-27 17:24:49,625 INFO  [Log] Closing instance of Browser: Chrome 
2017-03-27 17:24:49,704 INFO  [Log] ### Test case: RateGain-2; Description: RateGain -2; status Executed 
2017-03-27 17:24:51,886 INFO  [Log] Quiting all instance of Browser(Firefox) 
2017-03-27 17:24:52,107 INFO  [Log] Quiting all instance of Browser(Chrome) 
2017-03-27 17:24:52,327 INFO  [Log] Quiting all instance of Browser(Internet explorer) 
2017-03-27 17:24:52,327 INFO  [Log] XXXXXXXXXXXXXXXXXXXXXXX             -E---N---D Test Case             XXXXXXXXXXXXXXXXXXXXXX 
2017-03-27 17:24:52,327 INFO  [Log] XXXXXXXXXXXXXXXXXXXXXXX             -E---N---D Test Case             XXXXXXXXXXXXXXXXXXXXXX 
2017-03-27 17:24:52,457 INFO  [Log] **************************************************************************************** 
2017-03-27 17:24:52,457 INFO  [Log] $$$$$$$$$$$$$$$$$$$$$                 #### Executing Test case: RateGain-3; Description: RateGain -3 For Data: 1       $$$$$$$$$$$$$$$$$$$$$$$$$ 
2017-03-27 17:24:52,457 INFO  [Log] **************************************************************************************** 
2017-03-27 17:24:57,895 INFO  [Log] #### Executing Test case: RateGain-3; Description: RateGain -3 In Chrome Browser for TestData:1 
2017-03-27 17:25:01,149 INFO  [Log] RG-01: Open URL; Action: open URL 
2017-03-27 17:25:06,194 INFO  [Log] RG-02; Not Waited 5000: Milli seconds for Element; Manual Wait is disabled 
2017-03-27 17:25:06,373 INFO  [Log] RG-03: Enter User ID: Action Submit If 
2017-03-27 17:25:06,473 INFO  [Log] RG-04: Enter Password: Action Submit If 
2017-03-27 17:25:11,014 INFO  [Log] RG-05: Click on Login: Action click 
2017-03-27 17:25:16,037 INFO  [Log] RG-06; Not Waited 5000: Milli seconds for Element; Manual Wait is disabled 
2017-03-27 17:25:16,135 INFO  [Log] RG-07: Click Button: Action click 
2017-03-27 17:25:21,135 INFO  [Log] RG-08; Not Waited 5000: Milli seconds for Element; Manual Wait is disabled 
2017-03-27 17:25:26,153 INFO  [Log] RG-09; Passed; Verify Meter Header; Value: key stats; Present in Page values: Key Stats,  
2017-03-27 17:25:26,294 INFO  [Log] RG-10; Passed; Verify Key Stats Item 1; Value: total reviews; Present in Page values: Total Reviews,  
2017-03-27 17:25:26,374 INFO  [Log] RG-11; Passed; Verify Key Stats Item 2; Value: positive reviews; Present in Page values: Positive Reviews,  
2017-03-27 17:25:26,464 INFO  [Log] RG-12; Passed; Verify Key Stats Item 3; Value: negative reviews; Present in Page values: Negative Reviews,  
2017-03-27 17:25:26,554 INFO  [Log] RG-13; Passed; Verify Key Stats Item 4; Value: neutral reviews; Present in Page values: Neutral Reviews,  
2017-03-27 17:25:29,557 INFO  [Log] RG-14; Not Waited 3000: Milli seconds for Element; Manual Wait is disabled 
2017-03-27 17:25:31,975 INFO  [Log] Closing instance of Browser: Chrome 
2017-03-27 17:25:32,017 INFO  [Log] ### Test case: RateGain-3; Description: RateGain -3; status Executed 
2017-03-27 17:25:34,092 INFO  [Log] Quiting all instance of Browser(Firefox) 
2017-03-27 17:25:34,313 INFO  [Log] Quiting all instance of Browser(Chrome) 
2017-03-27 17:25:34,533 INFO  [Log] Quiting all instance of Browser(Internet explorer) 
2017-03-27 17:25:34,533 INFO  [Log] XXXXXXXXXXXXXXXXXXXXXXX             -E---N---D Test Case             XXXXXXXXXXXXXXXXXXXXXX 
2017-03-27 17:25:34,533 INFO  [Log] XXXXXXXXXXXXXXXXXXXXXXX             -E---N---D Test Case             XXXXXXXXXXXXXXXXXXXXXX 
2017-03-27 17:25:34,603 INFO  [Log] **************************************************************************************** 
2017-03-27 17:25:34,603 INFO  [Log] $$$$$$$$$$$$$$$$$$$$$                 #### Executing Test case: RateGain-4; Description: RateGain -4 For Data: 1       $$$$$$$$$$$$$$$$$$$$$$$$$ 
2017-03-27 17:25:34,603 INFO  [Log] **************************************************************************************** 
2017-03-27 17:25:40,095 INFO  [Log] #### Executing Test case: RateGain-4; Description: RateGain -4 In Chrome Browser for TestData:1 
2017-03-27 17:25:48,676 INFO  [Log] RG-01: Open URL; Action: open URL 
2017-03-27 17:25:53,726 INFO  [Log] RG-02; Not Waited 5000: Milli seconds for Element; Manual Wait is disabled 
2017-03-27 17:25:53,848 INFO  [Log] RG-03: Click: Action click 
2017-03-27 17:25:54,866 INFO  [Log] RG-04; Not Waited 1000: Milli seconds for Element; Manual Wait is disabled 
2017-03-27 17:25:54,964 INFO  [Log] RG-05: Enter Text: Action Submit If 
2017-03-27 17:25:56,985 INFO  [Log] RG-06; Not Waited 2000: Milli seconds for Element; Manual Wait is disabled 
2017-03-27 17:26:03,718 INFO  [Log] RG-07: Select Hotel: Action click 
2017-03-27 17:26:08,742 INFO  [Log] RG-08; Not Waited 5000: Milli seconds for Element; Manual Wait is disabled 
2017-03-27 17:26:08,971 INFO  [Log] RG-09: Click on Reserve: Action click 
2017-03-27 17:26:09,147 INFO  [Log] RG-11: Click on date; Action: Mouse Hover and Clicked 
2017-03-27 17:26:09,266 ERROR [Log] Error#: RateGain-1RG-12XpathClick  org.openqa.selenium.ElementNotVisibleException: element not visible
  (Session info: chrome=56.0.2924.87)
  (Driver info: chromedriver=2.25.426923 (0390b88869384d6eb0d5d09729679f934aab9eed),platform=Windows NT 6.1.7601 SP1 x86_64) (WARNING: The server did not provide any stacktrace information)
Command duration or timeout: 26 milliseconds
Build info: version: '2.48.0', revision: 'b7b081a', time: '2015-10-07 15:45:39'
System info: host: 'P-Lokesh-LP', ip: '192.168.2.177', os.name: 'Windows 7', os.arch: 'amd64', os.version: '6.1', java.version: '1.8.0_121'
Driver info: org.openqa.selenium.chrome.ChromeDriver
Capabilities [{applicationCacheEnabled=false, rotatable=false, mobileEmulationEnabled=false, networkConnectionEnabled=false, chrome={chromedriverVersion=2.25.426923 (0390b88869384d6eb0d5d09729679f934aab9eed), userDataDir=C:\Users\PD1BF~1.LOK\AppData\Local\Temp\scoped_dir8712_22222}, takesHeapSnapshot=true, pageLoadStrategy=normal, databaseEnabled=false, handlesAlerts=true, hasTouchScreen=false, version=56.0.2924.87, platform=XP, browserConnectionEnabled=false, nativeEvents=true, acceptSslCerts=true, locationContextEnabled=true, webStorageEnabled=true, browserName=chrome, takesScreenshot=true, javascriptEnabled=true, cssSelectorsEnabled=true}]
Session ID: bed06edd4a122a4d9936e76e13549160null:Exception is not handled 
2017-03-27 17:26:12,090 INFO  [Log] Quiting all instance of Browser(Firefox) 
2017-03-27 17:26:12,291 INFO  [Log] Quiting all instance of Browser(Chrome) 
2017-03-27 17:26:12,547 INFO  [Log] Quiting all instance of Browser(Internet explorer) 
2017-03-27 17:26:12,547 INFO  [Log] XXXXXXXXXXXXXXXXXXXXXXX             -E---N---D Test Case             XXXXXXXXXXXXXXXXXXXXXX 
2017-03-27 17:26:12,547 FATAL [Log] RateGain-1RG-12XpathClick  org.openqa.selenium.ElementNotVisibleException: element not visible
  (Session info: chrome=56.0.2924.87)
  (Driver info: chromedriver=2.25.426923 (0390b88869384d6eb0d5d09729679f934aab9eed),platform=Windows NT 6.1.7601 SP1 x86_64) (WARNING: The server did not provide any stacktrace information)
Command duration or timeout: 26 milliseconds
Build info: version: '2.48.0', revision: 'b7b081a', time: '2015-10-07 15:45:39'
System info: host: 'P-Lokesh-LP', ip: '192.168.2.177', os.name: 'Windows 7', os.arch: 'amd64', os.version: '6.1', java.version: '1.8.0_121'
Driver info: org.openqa.selenium.chrome.ChromeDriver
Capabilities [{applicationCacheEnabled=false, rotatable=false, mobileEmulationEnabled=false, networkConnectionEnabled=false, chrome={chromedriverVersion=2.25.426923 (0390b88869384d6eb0d5d09729679f934aab9eed), userDataDir=C:\Users\PD1BF~1.LOK\AppData\Local\Temp\scoped_dir8712_22222}, takesHeapSnapshot=true, pageLoadStrategy=normal, databaseEnabled=false, handlesAlerts=true, hasTouchScreen=false, version=56.0.2924.87, platform=XP, browserConnectionEnabled=false, nativeEvents=true, acceptSslCerts=true, locationContextEnabled=true, webStorageEnabled=true, browserName=chrome, takesScreenshot=true, javascriptEnabled=true, cssSelectorsEnabled=true}]
Session ID: bed06edd4a122a4d9936e76e13549160null:Exception is not handled 
2017-03-27 17:26:12,597 INFO  [Log] XXXXXXXXXXXXXXXXXXXXXXX             -E---N---D Test Case             XXXXXXXXXXXXXXXXXXXXXX 
2017-03-27 17:26:12,739 INFO  [Log] RateGain-5_RateGain -5 
2017-03-27 17:26:12,915 INFO  [Log] ####Closing Test Suite #### 
2017-03-27 17:26:12,915 INFO  [Log] XXXXXXXXXXXXXXXXXXXXXXX             -E---N---D Test Case             XXXXXXXXXXXXXXXXXXXXXX 
2017-03-27 17:26:12,915 INFO  [Log] Creating Logs backup and storing for further reference 
