2017-03-27 17:31:48,799 INFO  [Log] Test Scenario Configuration started 
2017-03-27 17:31:48,809 INFO  [Log] Initialing HTML reporting 
2017-03-27 17:31:49,203 INFO  [Log] Starting Test Suit Execution 
2017-03-27 17:31:49,203 INFO  [Log] Creating Test suit report 
2017-03-27 17:31:49,826 WARN  [Log] Browser instance value is null 
2017-03-27 17:31:50,643 INFO  [Log] Object repository is created successfully 
2017-03-27 17:31:50,796 INFO  [Log] RateGain-1_RateGain -1 
2017-03-27 17:31:51,020 INFO  [Log] RateGain-2_RateGain -2 
2017-03-27 17:31:51,232 INFO  [Log] RateGain-3_RateGain -3 
2017-03-27 17:31:51,441 INFO  [Log] **************************************************************************************** 
2017-03-27 17:31:51,441 INFO  [Log] $$$$$$$$$$$$$$$$$$$$$                 #### Executing Test case: RateGain-4; Description: RateGain -4 For Data: 1       $$$$$$$$$$$$$$$$$$$$$$$$$ 
2017-03-27 17:31:51,441 INFO  [Log] **************************************************************************************** 
2017-03-27 17:31:57,845 INFO  [Log] #### Executing Test case: RateGain-4; Description: RateGain -4 In Chrome Browser for TestData:1 
2017-03-27 17:32:05,298 INFO  [Log] RG-01: Open URL; Action: open URL 
2017-03-27 17:32:10,334 INFO  [Log] RG-02; Not Waited 5000: Milli seconds for Element; Manual Wait is disabled 
2017-03-27 17:32:10,516 INFO  [Log] RG-03: Click: Action click 
2017-03-27 17:32:11,528 INFO  [Log] RG-04; Not Waited 1000: Milli seconds for Element; Manual Wait is disabled 
2017-03-27 17:32:11,636 INFO  [Log] RG-05: Enter Text: Action Submit If 
2017-03-27 17:32:13,660 INFO  [Log] RG-06; Not Waited 2000: Milli seconds for Element; Manual Wait is disabled 
2017-03-27 17:32:18,333 INFO  [Log] RG-07: Select Hotel: Action click 
2017-03-27 17:32:23,358 INFO  [Log] RG-08; Not Waited 5000: Milli seconds for Element; Manual Wait is disabled 
2017-03-27 17:32:23,561 INFO  [Log] RG-09: Click on Reserve: Action click 
2017-03-27 17:32:23,725 INFO  [Log] RG-11: Click on date; Action: Mouse Hover and Clicked 
2017-03-27 17:32:23,837 ERROR [Log] Error#: RateGain-1RG-12XpathClick  org.openqa.selenium.ElementNotVisibleException: element not visible
  (Session info: chrome=56.0.2924.87)
  (Driver info: chromedriver=2.25.426923 (0390b88869384d6eb0d5d09729679f934aab9eed),platform=Windows NT 6.1.7601 SP1 x86_64) (WARNING: The server did not provide any stacktrace information)
Command duration or timeout: 24 milliseconds
Build info: version: '2.48.0', revision: 'b7b081a', time: '2015-10-07 15:45:39'
System info: host: 'P-Lokesh-LP', ip: '192.168.2.177', os.name: 'Windows 7', os.arch: 'amd64', os.version: '6.1', java.version: '1.8.0_121'
Driver info: org.openqa.selenium.chrome.ChromeDriver
Capabilities [{applicationCacheEnabled=false, rotatable=false, mobileEmulationEnabled=false, networkConnectionEnabled=false, chrome={chromedriverVersion=2.25.426923 (0390b88869384d6eb0d5d09729679f934aab9eed), userDataDir=C:\Users\PD1BF~1.LOK\AppData\Local\Temp\scoped_dir7620_26821}, takesHeapSnapshot=true, pageLoadStrategy=normal, databaseEnabled=false, handlesAlerts=true, hasTouchScreen=false, version=56.0.2924.87, platform=XP, browserConnectionEnabled=false, nativeEvents=true, acceptSslCerts=true, locationContextEnabled=true, webStorageEnabled=true, browserName=chrome, takesScreenshot=true, javascriptEnabled=true, cssSelectorsEnabled=true}]
Session ID: fdd6e35d7d1e062af92ea4d432d926adnull:Exception is not handled 
2017-03-27 17:32:27,085 INFO  [Log] Quiting all instance of Browser(Firefox) 
2017-03-27 17:32:27,306 INFO  [Log] Quiting all instance of Browser(Chrome) 
2017-03-27 17:32:27,532 INFO  [Log] Quiting all instance of Browser(Internet explorer) 
2017-03-27 17:32:27,532 INFO  [Log] XXXXXXXXXXXXXXXXXXXXXXX             -E---N---D Test Case             XXXXXXXXXXXXXXXXXXXXXX 
2017-03-27 17:32:27,532 FATAL [Log] RateGain-1RG-12XpathClick  org.openqa.selenium.ElementNotVisibleException: element not visible
  (Session info: chrome=56.0.2924.87)
  (Driver info: chromedriver=2.25.426923 (0390b88869384d6eb0d5d09729679f934aab9eed),platform=Windows NT 6.1.7601 SP1 x86_64) (WARNING: The server did not provide any stacktrace information)
Command duration or timeout: 24 milliseconds
Build info: version: '2.48.0', revision: 'b7b081a', time: '2015-10-07 15:45:39'
System info: host: 'P-Lokesh-LP', ip: '192.168.2.177', os.name: 'Windows 7', os.arch: 'amd64', os.version: '6.1', java.version: '1.8.0_121'
Driver info: org.openqa.selenium.chrome.ChromeDriver
Capabilities [{applicationCacheEnabled=false, rotatable=false, mobileEmulationEnabled=false, networkConnectionEnabled=false, chrome={chromedriverVersion=2.25.426923 (0390b88869384d6eb0d5d09729679f934aab9eed), userDataDir=C:\Users\PD1BF~1.LOK\AppData\Local\Temp\scoped_dir7620_26821}, takesHeapSnapshot=true, pageLoadStrategy=normal, databaseEnabled=false, handlesAlerts=true, hasTouchScreen=false, version=56.0.2924.87, platform=XP, browserConnectionEnabled=false, nativeEvents=true, acceptSslCerts=true, locationContextEnabled=true, webStorageEnabled=true, browserName=chrome, takesScreenshot=true, javascriptEnabled=true, cssSelectorsEnabled=true}]
Session ID: fdd6e35d7d1e062af92ea4d432d926adnull:Exception is not handled 
2017-03-27 17:32:27,592 INFO  [Log] XXXXXXXXXXXXXXXXXXXXXXX             -E---N---D Test Case             XXXXXXXXXXXXXXXXXXXXXX 
2017-03-27 17:32:27,794 INFO  [Log] RateGain-5_RateGain -5 
2017-03-27 17:32:27,976 INFO  [Log] ####Closing Test Suite #### 
2017-03-27 17:32:27,976 INFO  [Log] XXXXXXXXXXXXXXXXXXXXXXX             -E---N---D Test Case             XXXXXXXXXXXXXXXXXXXXXX 
2017-03-27 17:32:27,976 INFO  [Log] Creating Logs backup and storing for further reference 
