2017-03-29 19:27:14,894 INFO  [Log] Test Scenario Configuration started 
2017-03-29 19:27:14,941 INFO  [Log] Initialing HTML reporting 
2017-03-29 19:27:15,409 INFO  [Log] Starting Test Suit Execution 
2017-03-29 19:27:15,409 INFO  [Log] Creating Test suit report 
2017-03-29 19:27:16,034 WARN  [Log] Browser instance value is null 
2017-03-29 19:27:16,892 INFO  [Log] Object repository is created successfully 
2017-03-29 19:27:17,070 INFO  [Log] RateGain-1_RateGain -1 
2017-03-29 19:27:17,304 INFO  [Log] RateGain-2_RateGain -2 
2017-03-29 19:27:17,522 INFO  [Log] RateGain-3_RateGain -3 
2017-03-29 19:27:17,787 INFO  [Log] **************************************************************************************** 
2017-03-29 19:27:17,787 INFO  [Log] $$$$$$$$$$$$$$$$$$$$$                 #### Executing Test case: RateGain-4; Description: RateGain -4 For Data: 1       $$$$$$$$$$$$$$$$$$$$$$$$$ 
2017-03-29 19:27:17,787 INFO  [Log] **************************************************************************************** 
2017-03-29 19:27:27,468 INFO  [Log] #### Executing Test case: RateGain-4; Description: RateGain -4 In Chrome Browser for TestData:1 
2017-03-29 19:27:32,867 INFO  [Log] RG-01: Open URL; Action: open URL 
2017-03-29 19:27:37,916 INFO  [Log] RG-02; Not Waited 5000: Milli seconds for Element; Manual Wait is disabled 
2017-03-29 19:27:38,864 INFO  [Log] RG-03: Click; Action: Submited Value 
2017-03-29 19:27:39,905 INFO  [Log] RG-04; Not Waited 1000: Milli seconds for Element; Manual Wait is disabled 
2017-03-29 19:27:40,125 INFO  [Log] RG-05: Enter Text; Action: Submited Value 
2017-03-29 19:27:42,166 INFO  [Log] RG-06; Not Waited 2000: Milli seconds for Element; Manual Wait is disabled 
2017-03-29 19:28:00,869 INFO  [Log] RG-07: Select Hotel: Action click 
2017-03-29 19:28:05,871 INFO  [Log] RG-08; Not Waited 5000: Milli seconds for Element; Manual Wait is disabled 
2017-03-29 19:28:10,842 INFO  [Log] RG-09: Click on Reserve: ToolTipNavigation 
2017-03-29 19:28:15,843 INFO  [Log] RG-10; Not Waited 5000: Milli seconds for Element; Manual Wait is disabled 
2017-03-29 19:28:20,209 ERROR [Log] Error#: RateGain-1RG-11XpathClick  org.openqa.selenium.ElementNotVisibleException: element not visible
  (Session info: chrome=56.0.2924.87)
  (Driver info: chromedriver=2.25.426923 (0390b88869384d6eb0d5d09729679f934aab9eed),platform=Windows NT 6.1.7601 SP1 x86_64) (WARNING: The server did not provide any stacktrace information)
Command duration or timeout: 133 milliseconds
Build info: version: '2.48.0', revision: 'b7b081a', time: '2015-10-07 15:45:39'
System info: host: 'P-Lokesh-LP', ip: '192.168.2.177', os.name: 'Windows 7', os.arch: 'amd64', os.version: '6.1', java.version: '1.8.0_121'
Driver info: org.openqa.selenium.chrome.ChromeDriver
Capabilities [{applicationCacheEnabled=false, rotatable=false, mobileEmulationEnabled=false, networkConnectionEnabled=false, chrome={chromedriverVersion=2.25.426923 (0390b88869384d6eb0d5d09729679f934aab9eed), userDataDir=C:\Users\PD1BF~1.LOK\AppData\Local\Temp\scoped_dir3796_13524}, takesHeapSnapshot=true, pageLoadStrategy=normal, databaseEnabled=false, handlesAlerts=true, hasTouchScreen=false, version=56.0.2924.87, platform=XP, browserConnectionEnabled=false, nativeEvents=true, acceptSslCerts=true, locationContextEnabled=true, webStorageEnabled=true, browserName=chrome, takesScreenshot=true, javascriptEnabled=true, cssSelectorsEnabled=true}]
Session ID: 53f6eef39932075a906b95f3080ee338null:Exception is not handled 
2017-03-29 19:28:25,650 INFO  [Log] Quiting all instance of Browser(Firefox) 
2017-03-29 19:28:25,995 INFO  [Log] Quiting all instance of Browser(Chrome) 
2017-03-29 19:28:26,307 INFO  [Log] Quiting all instance of Browser(Internet explorer) 
2017-03-29 19:28:26,307 INFO  [Log] XXXXXXXXXXXXXXXXXXXXXXX             -E---N---D Test Case             XXXXXXXXXXXXXXXXXXXXXX 
2017-03-29 19:28:26,307 FATAL [Log] RateGain-1RG-11XpathClick  org.openqa.selenium.ElementNotVisibleException: element not visible
  (Session info: chrome=56.0.2924.87)
  (Driver info: chromedriver=2.25.426923 (0390b88869384d6eb0d5d09729679f934aab9eed),platform=Windows NT 6.1.7601 SP1 x86_64) (WARNING: The server did not provide any stacktrace information)
Command duration or timeout: 133 milliseconds
Build info: version: '2.48.0', revision: 'b7b081a', time: '2015-10-07 15:45:39'
System info: host: 'P-Lokesh-LP', ip: '192.168.2.177', os.name: 'Windows 7', os.arch: 'amd64', os.version: '6.1', java.version: '1.8.0_121'
Driver info: org.openqa.selenium.chrome.ChromeDriver
Capabilities [{applicationCacheEnabled=false, rotatable=false, mobileEmulationEnabled=false, networkConnectionEnabled=false, chrome={chromedriverVersion=2.25.426923 (0390b88869384d6eb0d5d09729679f934aab9eed), userDataDir=C:\Users\PD1BF~1.LOK\AppData\Local\Temp\scoped_dir3796_13524}, takesHeapSnapshot=true, pageLoadStrategy=normal, databaseEnabled=false, handlesAlerts=true, hasTouchScreen=false, version=56.0.2924.87, platform=XP, browserConnectionEnabled=false, nativeEvents=true, acceptSslCerts=true, locationContextEnabled=true, webStorageEnabled=true, browserName=chrome, takesScreenshot=true, javascriptEnabled=true, cssSelectorsEnabled=true}]
Session ID: 53f6eef39932075a906b95f3080ee338null:Exception is not handled 
2017-03-29 19:28:26,353 INFO  [Log] XXXXXXXXXXXXXXXXXXXXXXX             -E---N---D Test Case             XXXXXXXXXXXXXXXXXXXXXX 
2017-03-29 19:28:26,806 INFO  [Log] RateGain-5_RateGain -5 
2017-03-29 19:28:26,985 INFO  [Log] ####Closing Test Suite #### 
2017-03-29 19:28:26,985 INFO  [Log] XXXXXXXXXXXXXXXXXXXXXXX             -E---N---D Test Case             XXXXXXXXXXXXXXXXXXXXXX 
2017-03-29 19:28:26,985 INFO  [Log] Creating Logs backup and storing for further reference 
